#
# There is insufficient memory for the Java Runtime Environment to continue.
# Native memory allocation (malloc) failed to allocate 107216 bytes for Chunk::new
# Possible reasons:
#   The system is out of physical RAM or swap space
#   The process is running with CompressedOops enabled, and the Java Heap may be blocking the growth of the native heap
# Possible solutions:
#   Reduce memory load on the system
#   Increase physical memory or swap space
#   Check if swap backing store is full
#   Decrease Java heap size (-Xmx/-Xms)
#   Decrease number of Java threads
#   Decrease Java thread stack sizes (-Xss)
#   Set larger code cache with -XX:ReservedCodeCacheSize=
#   JVM is running with Unscaled Compressed Oops mode in which the Java heap is
#     placed in the first 4GB address space. The Java Heap base address is the
#     maximum limit for the native heap growth. Please use -XX:HeapBaseMinAddress
#     to set the Java Heap base and to place the Java Heap above 4GB virtual address.
# This output file may be truncated or incomplete.
#
#  Out of Memory Error (arena.cpp:189), pid=8028, tid=18184
#
# JRE version: OpenJDK Runtime Environment Corretto-17.0.4.9.1 (17.0.4.1+9) (build 17.0.4.1+9-LTS)
# Java VM: OpenJDK 64-Bit Server VM Corretto-17.0.4.9.1 (17.0.4.1+9-LTS, mixed mode, sharing, tiered, compressed oops, compressed class ptrs, g1 gc, windows-amd64)
# No core dump will be written. Minidumps are not enabled by default on client versions of Windows
#

---------------  S U M M A R Y ------------

Command Line: --add-opens=java.base/java.util=ALL-UNNAMED --add-opens=java.base/java.lang=ALL-UNNAMED --add-opens=java.base/java.lang.invoke=ALL-UNNAMED --add-opens=java.base/java.util=ALL-UNNAMED --add-opens=java.prefs/java.util.prefs=ALL-UNNAMED --add-opens=java.prefs/java.util.prefs=ALL-UNNAMED --add-opens=java.base/java.nio.charset=ALL-UNNAMED --add-opens=java.base/java.net=ALL-UNNAMED --add-opens=java.base/java.util.concurrent.atomic=ALL-UNNAMED -XX:MaxMetaspaceSize=256m -XX:+HeapDumpOnOutOfMemoryError -Xms256m -Xmx512m -Dfile.encoding=windows-1251 -Duser.country=RU -Duser.language=ru -Duser.variant org.gradle.launcher.daemon.bootstrap.GradleDaemon 7.5.1

Host: Intel(R) Core(TM) i7-6700HQ CPU @ 2.60GHz, 8 cores, 11G,  Windows 10 , 64 bit Build 19041 (10.0.19041.1889)
Time: Tue Oct 25 23:00:41 2022 RTZ 2 (s 10 , 64 bit Build 19041 (10.0.19041.1889) elapsed time: 1844.016872 seconds (0d 0h 30m 44s)

---------------  T H R E A D  ---------------

Current thread (0x000001f502194ae0):  JavaThread "C2 CompilerThread0" daemon [_thread_in_native, id=18184, stack(0x00000095f5400000,0x00000095f5500000)]


Current CompileTask:
C2:1844016 6104       4       org.gradle.internal.snapshot.VfsRelativePath::isPrefix (110 bytes)

Stack: [0x00000095f5400000,0x00000095f5500000]
Native frames: (J=compiled Java code, j=interpreted, Vv=VM code, C=native code)
V  [jvm.dll+0x64724a]
V  [jvm.dll+0x7f87a4]
V  [jvm.dll+0x7f9f5e]
V  [jvm.dll+0x7fa5b3]
V  [jvm.dll+0x234ed8]
V  [jvm.dll+0xbce1b]
V  [jvm.dll+0xbd3ac]
V  [jvm.dll+0x34dbb2]
V  [jvm.dll+0x1affa2]
V  [jvm.dll+0x20966f]
V  [jvm.dll+0x208b17]
V  [jvm.dll+0x198ded]
V  [jvm.dll+0x217eb9]
V  [jvm.dll+0x216104]
V  [jvm.dll+0x7b0d5b]
V  [jvm.dll+0x7ab31a]
V  [jvm.dll+0x6460f5]
C  [ucrtbase.dll+0x21bb2]
C  [KERNEL32.DLL+0x17034]
C  [ntdll.dll+0x526a1]


---------------  P R O C E S S  ---------------

Threads class SMR info:
_java_thread_list=0x000001f50bd23eb0, length=61, elements={
0x000001f566cf81a0, 0x000001f502170c90, 0x000001f502171a10, 0x000001f50218bae0,
0x000001f50218e3b0, 0x000001f50218ec70, 0x000001f502190940, 0x000001f502194ae0,
0x000001f50219d4a0, 0x000001f50219fdb0, 0x000001f502cd6b40, 0x000001f502cdb250,
0x000001f50c9dece0, 0x000001f50cc1f6e0, 0x000001f50bcf3d30, 0x000001f50ca9e4d0,
0x000001f50c013720, 0x000001f50bbf59c0, 0x000001f50c1fbc90, 0x000001f50c4b3270,
0x000001f50c4b45b0, 0x000001f50c4b4f50, 0x000001f50c4b3740, 0x000001f50c4b2da0,
0x000001f50c4b3c10, 0x000001f50c4b4a80, 0x000001f50c4b5420, 0x000001f50c4b28d0,
0x000001f50c4b58f0, 0x000001f50c4b1f30, 0x000001f50c4b2400, 0x000001f50c4b40e0,
0x000001f50f301560, 0x000001f50f3023d0, 0x000001f50f3028a0, 0x000001f50f302d70,
0x000001f50f3053f0, 0x000001f50f306c00, 0x000001f50f303be0, 0x000001f50f301090,
0x000001f50f300220, 0x000001f50f305d90, 0x000001f50e1640b0, 0x000001f50e164f20,
0x000001f50e164580, 0x000001f503455bc0, 0x000001f50cbb36c0, 0x000001f50e1653f0,
0x000001f50e164a50, 0x000001f50f202c60, 0x000001f50cbf1360, 0x000001f50cbf26a0,
0x000001f50cbf2b70, 0x000001f50cbf04f0, 0x000001f50e160f00, 0x000001f50e160090,
0x000001f50e160560, 0x000001f50cbf09c0, 0x000001f50cbb3b90, 0x000001f50cbb4060,
0x000001f50f203600
}

Java Threads: ( => current thread )
  0x000001f566cf81a0 JavaThread "main" [_thread_blocked, id=12444, stack(0x00000095f4700000,0x00000095f4800000)]
  0x000001f502170c90 JavaThread "Reference Handler" daemon [_thread_blocked, id=13048, stack(0x00000095f4e00000,0x00000095f4f00000)]
  0x000001f502171a10 JavaThread "Finalizer" daemon [_thread_blocked, id=17724, stack(0x00000095f4f00000,0x00000095f5000000)]
  0x000001f50218bae0 JavaThread "Signal Dispatcher" daemon [_thread_blocked, id=14220, stack(0x00000095f5000000,0x00000095f5100000)]
  0x000001f50218e3b0 JavaThread "Attach Listener" daemon [_thread_blocked, id=7056, stack(0x00000095f5100000,0x00000095f5200000)]
  0x000001f50218ec70 JavaThread "Service Thread" daemon [_thread_blocked, id=10568, stack(0x00000095f5200000,0x00000095f5300000)]
  0x000001f502190940 JavaThread "Monitor Deflation Thread" daemon [_thread_blocked, id=1816, stack(0x00000095f5300000,0x00000095f5400000)]
=>0x000001f502194ae0 JavaThread "C2 CompilerThread0" daemon [_thread_in_native, id=18184, stack(0x00000095f5400000,0x00000095f5500000)]
  0x000001f50219d4a0 JavaThread "C1 CompilerThread0" daemon [_thread_blocked, id=17052, stack(0x00000095f5500000,0x00000095f5600000)]
  0x000001f50219fdb0 JavaThread "Sweeper thread" daemon [_thread_blocked, id=10144, stack(0x00000095f5600000,0x00000095f5700000)]
  0x000001f502cd6b40 JavaThread "Common-Cleaner" daemon [_thread_blocked, id=1216, stack(0x00000095f5700000,0x00000095f5800000)]
  0x000001f502cdb250 JavaThread "Notification Thread" daemon [_thread_blocked, id=10164, stack(0x00000095f5800000,0x00000095f5900000)]
  0x000001f50c9dece0 JavaThread "Daemon health stats" [_thread_blocked, id=6832, stack(0x00000095f6100000,0x00000095f6200000)]
  0x000001f50cc1f6e0 JavaThread "Incoming local TCP Connector on port 63346" [_thread_in_native, id=12372, stack(0x00000095f6200000,0x00000095f6300000)]
  0x000001f50bcf3d30 JavaThread "Daemon periodic checks" [_thread_blocked, id=10860, stack(0x00000095f6300000,0x00000095f6400000)]
  0x000001f50ca9e4d0 JavaThread "Daemon" [_thread_blocked, id=11180, stack(0x00000095f6400000,0x00000095f6500000)]
  0x000001f50c013720 JavaThread "Handler for socket connection from /127.0.0.1:63346 to /127.0.0.1:63347" [_thread_in_native, id=4752, stack(0x00000095f6500000,0x00000095f6600000)]
  0x000001f50bbf59c0 JavaThread "Cancel handler" [_thread_blocked, id=2288, stack(0x00000095f6600000,0x00000095f6700000)]
  0x000001f50c1fbc90 JavaThread "Daemon worker" [_thread_blocked, id=15388, stack(0x00000095f6700000,0x00000095f6800000)]
  0x000001f50c4b3270 JavaThread "Asynchronous log dispatcher for DefaultDaemonConnection: socket connection from /127.0.0.1:63346 to /127.0.0.1:63347" [_thread_blocked, id=7744, stack(0x00000095f6800000,0x00000095f6900000)]
  0x000001f50c4b45b0 JavaThread "Stdin handler" [_thread_blocked, id=17124, stack(0x00000095f6900000,0x00000095f6a00000)]
  0x000001f50c4b4f50 JavaThread "Daemon client event forwarder" [_thread_blocked, id=14708, stack(0x00000095f6a00000,0x00000095f6b00000)]
  0x000001f50c4b3740 JavaThread "Cache worker for journal cache (C:\Users\Роман\.gradle\caches\journal-1)" [_thread_blocked, id=8128, stack(0x00000095f6b00000,0x00000095f6c00000)]
  0x000001f50c4b2da0 JavaThread "File lock request listener" [_thread_in_native, id=16452, stack(0x00000095f6c00000,0x00000095f6d00000)]
  0x000001f50c4b3c10 JavaThread "Cache worker for file hash cache (C:\Users\Роман\.gradle\caches\7.5.1\fileHashes)" [_thread_blocked, id=11876, stack(0x00000095f6d00000,0x00000095f6e00000)]
  0x000001f50c4b4a80 JavaThread "File watcher server" daemon [_thread_in_native, id=9604, stack(0x00000095f6e00000,0x00000095f6f00000)]
  0x000001f50c4b5420 JavaThread "File watcher consumer" daemon [_thread_blocked, id=17256, stack(0x00000095f6f00000,0x00000095f7000000)]
  0x000001f50c4b28d0 JavaThread "Cache worker for checksums cache (C:\Users\Роман\IdeaProjects\patterns-RomanShcherbatiuk\.gradle\7.5.1\checksums)" [_thread_blocked, id=12084, stack(0x00000095f7000000,0x00000095f7100000)]
  0x000001f50c4b58f0 JavaThread "Cache worker for cache directory md-rule (C:\Users\Роман\.gradle\caches\7.5.1\md-rule)" [_thread_blocked, id=2464, stack(0x00000095f7100000,0x00000095f7200000)]
  0x000001f50c4b1f30 JavaThread "Cache worker for file content cache (C:\Users\Роман\.gradle\caches\7.5.1\fileContent)" [_thread_blocked, id=5392, stack(0x00000095f7200000,0x00000095f7300000)]
  0x000001f50c4b2400 JavaThread "Cache worker for file hash cache (C:\Users\Роман\IdeaProjects\patterns-RomanShcherbatiuk\.gradle\7.5.1\fileHashes)" [_thread_blocked, id=7228, stack(0x00000095f7300000,0x00000095f7400000)]
  0x000001f50c4b40e0 JavaThread "Cache worker for cache directory md-supplier (C:\Users\Роман\.gradle\caches\7.5.1\md-supplier)" [_thread_blocked, id=8044, stack(0x00000095f7400000,0x00000095f7500000)]
  0x000001f50f301560 JavaThread "Cache worker for execution history cache (C:\Users\Роман\.gradle\caches\7.5.1\executionHistory)" [_thread_blocked, id=17532, stack(0x00000095f7800000,0x00000095f7900000)]
  0x000001f50f3023d0 JavaThread "jar transforms" [_thread_blocked, id=13376, stack(0x00000095f5a00000,0x00000095f5b00000)]
  0x000001f50f3028a0 JavaThread "jar transforms Thread 2" [_thread_blocked, id=17884, stack(0x00000095f7900000,0x00000095f7a00000)]
  0x000001f50f302d70 JavaThread "jar transforms Thread 3" [_thread_blocked, id=16884, stack(0x00000095f7b00000,0x00000095f7c00000)]
  0x000001f50f3053f0 JavaThread "jar transforms Thread 4" [_thread_blocked, id=4760, stack(0x00000095f7c00000,0x00000095f7d00000)]
  0x000001f50f306c00 JavaThread "jar transforms Thread 5" [_thread_blocked, id=11900, stack(0x00000095f7d00000,0x00000095f7e00000)]
  0x000001f50f303be0 JavaThread "jar transforms Thread 6" [_thread_blocked, id=11232, stack(0x00000095f7e00000,0x00000095f7f00000)]
  0x000001f50f301090 JavaThread "jar transforms Thread 7" [_thread_blocked, id=2712, stack(0x00000095f7f00000,0x00000095f8000000)]
  0x000001f50f300220 JavaThread "jar transforms Thread 8" [_thread_blocked, id=13068, stack(0x00000095f8000000,0x00000095f8100000)]
  0x000001f50f305d90 JavaThread "Cache worker for dependencies-accessors (C:\Users\Роман\IdeaProjects\patterns-RomanShcherbatiuk\.gradle\7.5.1\dependencies-accessors)" [_thread_blocked, id=10476, stack(0x00000095f8100000,0x00000095f8200000)]
  0x000001f50e1640b0 JavaThread "Cache worker for Build Output Cleanup Cache (C:\Users\Роман\IdeaProjects\patterns-RomanShcherbatiuk\.gradle\buildOutputCleanup)" [_thread_blocked, id=18360, stack(0x00000095f8200000,0x00000095f8300000)]
  0x000001f50e164f20 JavaThread "Unconstrained build operations" [_thread_blocked, id=16800, stack(0x00000095f8300000,0x00000095f8400000)]
  0x000001f50e164580 JavaThread "Unconstrained build operations Thread 2" [_thread_blocked, id=3556, stack(0x00000095f8400000,0x00000095f8500000)]
  0x000001f503455bc0 JavaThread "Memory manager" [_thread_blocked, id=17544, stack(0x00000095f8500000,0x00000095f8600000)]
  0x000001f50cbb36c0 JavaThread "Exec process" [_thread_in_native, id=2604, stack(0x00000095f8d00000,0x00000095f8e00000)]
  0x000001f50e1653f0 JavaThread "Exec process Thread 2" [_thread_blocked, id=17984, stack(0x00000095f8e00000,0x00000095f8f00000)]
  0x000001f50e164a50 JavaThread "Exec process Thread 3" [_thread_in_native, id=13516, stack(0x00000095f8f00000,0x00000095f9000000)]
  0x000001f50f202c60 JavaThread "included builds" [_thread_blocked, id=7768, stack(0x00000095f9000000,0x00000095f9100000)]
  0x000001f50cbf1360 JavaThread "Execution worker" [_thread_blocked, id=8484, stack(0x00000095f9100000,0x00000095f9200000)]
  0x000001f50cbf26a0 JavaThread "Execution worker Thread 2" [_thread_blocked, id=7488, stack(0x00000095f9200000,0x00000095f9300000)]
  0x000001f50cbf2b70 JavaThread "Execution worker Thread 3" [_thread_blocked, id=7604, stack(0x00000095f9300000,0x00000095f9400000)]
  0x000001f50cbf04f0 JavaThread "Execution worker Thread 4" [_thread_blocked, id=16824, stack(0x00000095f9400000,0x00000095f9500000)]
  0x000001f50e160f00 JavaThread "Execution worker Thread 5" [_thread_blocked, id=17944, stack(0x00000095f9500000,0x00000095f9600000)]
  0x000001f50e160090 JavaThread "Execution worker Thread 6" [_thread_blocked, id=14868, stack(0x00000095f9600000,0x00000095f9700000)]
  0x000001f50e160560 JavaThread "Execution worker Thread 7" [_thread_blocked, id=7736, stack(0x00000095f9700000,0x00000095f9800000)]
  0x000001f50cbf09c0 JavaThread "Cache worker for execution history cache (C:\Users\Роман\IdeaProjects\patterns-RomanShcherbatiuk\.gradle\7.5.1\executionHistory)" [_thread_blocked, id=7248, stack(0x00000095f9800000,0x00000095f9900000)]
  0x000001f50cbb3b90 JavaThread "DisconnectableInputStream source reader" daemon [_thread_blocked, id=18136, stack(0x00000095f9900000,0x00000095f9a00000)]
  0x000001f50cbb4060 JavaThread "Exec process Thread 4" [_thread_in_native, id=14664, stack(0x00000095f9a00000,0x00000095f9b00000)]
  0x000001f50f203600 JavaThread "Daemon Thread 4" [_thread_blocked, id=18032, stack(0x00000095f4400000,0x00000095f4500000)]

Other Threads:
  0x000001f50216c8d0 VMThread "VM Thread" [stack: 0x00000095f4d00000,0x00000095f4e00000] [id=9660]
  0x000001f566d35c00 WatcherThread [stack: 0x00000095f5900000,0x00000095f5a00000] [id=9092]
  0x000001f566d28e50 GCTaskThread "GC Thread#0" [stack: 0x00000095f4800000,0x00000095f4900000] [id=15088]
  0x000001f50b3d5420 GCTaskThread "GC Thread#1" [stack: 0x00000095f5c00000,0x00000095f5d00000] [id=17176]
  0x000001f50b549d30 GCTaskThread "GC Thread#2" [stack: 0x00000095f5d00000,0x00000095f5e00000] [id=13460]
  0x000001f50b549fe0 GCTaskThread "GC Thread#3" [stack: 0x00000095f5e00000,0x00000095f5f00000] [id=6648]
  0x000001f5033bb420 GCTaskThread "GC Thread#4" [stack: 0x00000095f5f00000,0x00000095f6000000] [id=11668]
  0x000001f5033bbe70 GCTaskThread "GC Thread#5" [stack: 0x00000095f6000000,0x00000095f6100000] [id=17392]
  0x000001f50c0712b0 GCTaskThread "GC Thread#6" [stack: 0x00000095f7500000,0x00000095f7600000] [id=16868]
  0x000001f50c071560 GCTaskThread "GC Thread#7" [stack: 0x00000095f7600000,0x00000095f7700000] [id=8808]
  0x000001f566d2dca0 ConcurrentGCThread "G1 Main Marker" [stack: 0x00000095f4900000,0x00000095f4a00000] [id=15892]
  0x000001f566d2ee00 ConcurrentGCThread "G1 Conc#0" [stack: 0x00000095f4a00000,0x00000095f4b00000] [id=6604]
  0x000001f50f9cff40 ConcurrentGCThread "G1 Conc#1" [stack: 0x00000095f7700000,0x00000095f7800000] [id=4692]
  0x000001f5020324c0 ConcurrentGCThread "G1 Refine#0" [stack: 0x00000095f4b00000,0x00000095f4c00000] [id=6352]
  0x000001f502032df0 ConcurrentGCThread "G1 Service" [stack: 0x00000095f4c00000,0x00000095f4d00000] [id=16812]

Threads with active compile tasks:
C2 CompilerThread0  1844049 6104       4       org.gradle.internal.snapshot.VfsRelativePath::isPrefix (110 bytes)

VM state: not at safepoint (normal execution)

VM Mutex/Monitor currently owned by a thread: None

Heap address: 0x00000000e0000000, size: 512 MB, Compressed Oops mode: 32-bit

CDS archive(s) mapped at: [0x0000000800000000-0x0000000800bc0000-0x0000000800bc0000), size 12320768, SharedBaseAddress: 0x0000000800000000, ArchiveRelocationMode: 0.
Compressed class space mapped at: 0x0000000800c00000-0x000000080dc00000, reserved size: 218103808
Narrow klass base: 0x0000000800000000, Narrow klass shift: 0, Narrow klass range: 0x100000000

GC Precious Log:
 CPUs: 8 total, 8 available
 Memory: 12186M
 Large Page Support: Disabled
 NUMA Support: Disabled
 Compressed Oops: Enabled (32-bit)
 Heap Region Size: 1M
 Heap Min Capacity: 256M
 Heap Initial Capacity: 256M
 Heap Max Capacity: 512M
 Pre-touch: Disabled
 Parallel Workers: 8
 Concurrent Workers: 2
 Concurrent Refinement Workers: 8
 Periodic GC: Disabled

Heap:
 garbage-first heap   total 262144K, used 58592K [0x00000000e0000000, 0x0000000100000000)
  region size 1024K, 38 young (38912K), 19 survivors (19456K)
 Metaspace       used 47816K, committed 48448K, reserved 262144K
  class space    used 6855K, committed 7168K, reserved 212992K

Heap Regions: E=young(eden), S=young(survivor), O=old, HS=humongous(starts), HC=humongous(continues), CS=collection set, F=free, OA=open archive, CA=closed archive, TAMS=top-at-mark-start (previous, next)
|   0|0x00000000e0000000, 0x00000000e0100000, 0x00000000e0100000|100%| O|  |TAMS 0x00000000e0100000, 0x00000000e0000000| Untracked 
|   1|0x00000000e0100000, 0x00000000e0200000, 0x00000000e0200000|100%| O|  |TAMS 0x00000000e01d1a00, 0x00000000e0100000| Untracked 
|   2|0x00000000e0200000, 0x00000000e0200000, 0x00000000e0300000|  0%| F|  |TAMS 0x00000000e0200000, 0x00000000e0200000| Untracked 
|   3|0x00000000e0300000, 0x00000000e0400000, 0x00000000e0400000|100%|HS|  |TAMS 0x00000000e0400000, 0x00000000e0300000| Complete 
|   4|0x00000000e0400000, 0x00000000e0500000, 0x00000000e0500000|100%|HC|  |TAMS 0x00000000e0500000, 0x00000000e0400000| Complete 
|   5|0x00000000e0500000, 0x00000000e0600000, 0x00000000e0600000|100%|HC|  |TAMS 0x00000000e0600000, 0x00000000e0500000| Complete 
|   6|0x00000000e0600000, 0x00000000e0700000, 0x00000000e0700000|100%| O|  |TAMS 0x00000000e0700000, 0x00000000e0600000| Untracked 
|   7|0x00000000e0700000, 0x00000000e0800000, 0x00000000e0800000|100%| O|  |TAMS 0x00000000e0800000, 0x00000000e0700000| Untracked 
|   8|0x00000000e0800000, 0x00000000e0900000, 0x00000000e0900000|100%| O|  |TAMS 0x00000000e0900000, 0x00000000e0800000| Untracked 
|   9|0x00000000e0900000, 0x00000000e0a00000, 0x00000000e0a00000|100%| O|  |TAMS 0x00000000e0a00000, 0x00000000e0900000| Untracked 
|  10|0x00000000e0a00000, 0x00000000e0a00000, 0x00000000e0b00000|  0%| F|  |TAMS 0x00000000e0a00000, 0x00000000e0a00000| Untracked 
|  11|0x00000000e0b00000, 0x00000000e0b00000, 0x00000000e0c00000|  0%| F|  |TAMS 0x00000000e0b00000, 0x00000000e0b00000| Untracked 
|  12|0x00000000e0c00000, 0x00000000e0c00000, 0x00000000e0d00000|  0%| F|  |TAMS 0x00000000e0c00000, 0x00000000e0c00000| Untracked 
|  13|0x00000000e0d00000, 0x00000000e0e00000, 0x00000000e0e00000|100%| O|  |TAMS 0x00000000e0d00000, 0x00000000e0d00000| Untracked 
|  14|0x00000000e0e00000, 0x00000000e0f00000, 0x00000000e0f00000|100%| O|  |TAMS 0x00000000e0e00000, 0x00000000e0e00000| Untracked 
|  15|0x00000000e0f00000, 0x00000000e1000000, 0x00000000e1000000|100%| O|  |TAMS 0x00000000e0f00000, 0x00000000e0f00000| Untracked 
|  16|0x00000000e1000000, 0x00000000e1100000, 0x00000000e1100000|100%| O|  |TAMS 0x00000000e1000000, 0x00000000e1000000| Untracked 
|  17|0x00000000e1100000, 0x00000000e1200000, 0x00000000e1200000|100%| O|  |TAMS 0x00000000e1100000, 0x00000000e1100000| Untracked 
|  18|0x00000000e1200000, 0x00000000e1300000, 0x00000000e1300000|100%| O|  |TAMS 0x00000000e1200000, 0x00000000e1200000| Untracked 
|  19|0x00000000e1300000, 0x00000000e1400000, 0x00000000e1400000|100%| O|  |TAMS 0x00000000e1300000, 0x00000000e1300000| Untracked 
|  20|0x00000000e1400000, 0x00000000e1500000, 0x00000000e1500000|100%| O|  |TAMS 0x00000000e1400000, 0x00000000e1400000| Untracked 
|  21|0x00000000e1500000, 0x00000000e1600000, 0x00000000e1600000|100%| O|  |TAMS 0x00000000e1500000, 0x00000000e1500000| Untracked 
|  22|0x00000000e1600000, 0x00000000e1700000, 0x00000000e1700000|100%| O|  |TAMS 0x00000000e1600000, 0x00000000e1600000| Untracked 
|  23|0x00000000e1700000, 0x00000000e1800000, 0x00000000e1800000|100%| O|  |TAMS 0x00000000e1700000, 0x00000000e1700000| Untracked 
|  24|0x00000000e1800000, 0x00000000e183dc00, 0x00000000e1900000| 24%| O|  |TAMS 0x00000000e1800000, 0x00000000e1800000| Untracked 
|  25|0x00000000e1900000, 0x00000000e1900000, 0x00000000e1a00000|  0%| F|  |TAMS 0x00000000e1900000, 0x00000000e1900000| Untracked 
|  26|0x00000000e1a00000, 0x00000000e1a00000, 0x00000000e1b00000|  0%| F|  |TAMS 0x00000000e1a00000, 0x00000000e1a00000| Untracked 
|  27|0x00000000e1b00000, 0x00000000e1b00000, 0x00000000e1c00000|  0%| F|  |TAMS 0x00000000e1b00000, 0x00000000e1b00000| Untracked 
|  28|0x00000000e1c00000, 0x00000000e1c00000, 0x00000000e1d00000|  0%| F|  |TAMS 0x00000000e1c00000, 0x00000000e1c00000| Untracked 
|  29|0x00000000e1d00000, 0x00000000e1d00000, 0x00000000e1e00000|  0%| F|  |TAMS 0x00000000e1d00000, 0x00000000e1d00000| Untracked 
|  30|0x00000000e1e00000, 0x00000000e1e00000, 0x00000000e1f00000|  0%| F|  |TAMS 0x00000000e1e00000, 0x00000000e1e00000| Untracked 
|  31|0x00000000e1f00000, 0x00000000e1f00000, 0x00000000e2000000|  0%| F|  |TAMS 0x00000000e1f00000, 0x00000000e1f00000| Untracked 
|  32|0x00000000e2000000, 0x00000000e2000000, 0x00000000e2100000|  0%| F|  |TAMS 0x00000000e2000000, 0x00000000e2000000| Untracked 
|  33|0x00000000e2100000, 0x00000000e2100000, 0x00000000e2200000|  0%| F|  |TAMS 0x00000000e2100000, 0x00000000e2100000| Untracked 
|  34|0x00000000e2200000, 0x00000000e2200000, 0x00000000e2300000|  0%| F|  |TAMS 0x00000000e2200000, 0x00000000e2200000| Untracked 
|  35|0x00000000e2300000, 0x00000000e2300000, 0x00000000e2400000|  0%| F|  |TAMS 0x00000000e2300000, 0x00000000e2300000| Untracked 
|  36|0x00000000e2400000, 0x00000000e2400000, 0x00000000e2500000|  0%| F|  |TAMS 0x00000000e2400000, 0x00000000e2400000| Untracked 
|  37|0x00000000e2500000, 0x00000000e2500000, 0x00000000e2600000|  0%| F|  |TAMS 0x00000000e2500000, 0x00000000e2500000| Untracked 
|  38|0x00000000e2600000, 0x00000000e2600000, 0x00000000e2700000|  0%| F|  |TAMS 0x00000000e2600000, 0x00000000e2600000| Untracked 
|  39|0x00000000e2700000, 0x00000000e2700000, 0x00000000e2800000|  0%| F|  |TAMS 0x00000000e2700000, 0x00000000e2700000| Untracked 
|  40|0x00000000e2800000, 0x00000000e2800000, 0x00000000e2900000|  0%| F|  |TAMS 0x00000000e2800000, 0x00000000e2800000| Untracked 
|  41|0x00000000e2900000, 0x00000000e2900000, 0x00000000e2a00000|  0%| F|  |TAMS 0x00000000e2900000, 0x00000000e2900000| Untracked 
|  42|0x00000000e2a00000, 0x00000000e2a00000, 0x00000000e2b00000|  0%| F|  |TAMS 0x00000000e2a00000, 0x00000000e2a00000| Untracked 
|  43|0x00000000e2b00000, 0x00000000e2b00000, 0x00000000e2c00000|  0%| F|  |TAMS 0x00000000e2b00000, 0x00000000e2b00000| Untracked 
|  44|0x00000000e2c00000, 0x00000000e2c00000, 0x00000000e2d00000|  0%| F|  |TAMS 0x00000000e2c00000, 0x00000000e2c00000| Untracked 
|  45|0x00000000e2d00000, 0x00000000e2d00000, 0x00000000e2e00000|  0%| F|  |TAMS 0x00000000e2d00000, 0x00000000e2d00000| Untracked 
|  46|0x00000000e2e00000, 0x00000000e2e00000, 0x00000000e2f00000|  0%| F|  |TAMS 0x00000000e2e00000, 0x00000000e2e00000| Untracked 
|  47|0x00000000e2f00000, 0x00000000e2f00000, 0x00000000e3000000|  0%| F|  |TAMS 0x00000000e2f00000, 0x00000000e2f00000| Untracked 
|  48|0x00000000e3000000, 0x00000000e3000000, 0x00000000e3100000|  0%| F|  |TAMS 0x00000000e3000000, 0x00000000e3000000| Untracked 
|  49|0x00000000e3100000, 0x00000000e3100000, 0x00000000e3200000|  0%| F|  |TAMS 0x00000000e3100000, 0x00000000e3100000| Untracked 
|  50|0x00000000e3200000, 0x00000000e3200000, 0x00000000e3300000|  0%| F|  |TAMS 0x00000000e3200000, 0x00000000e3200000| Untracked 
|  51|0x00000000e3300000, 0x00000000e3300000, 0x00000000e3400000|  0%| F|  |TAMS 0x00000000e3300000, 0x00000000e3300000| Untracked 
|  52|0x00000000e3400000, 0x00000000e3400000, 0x00000000e3500000|  0%| F|  |TAMS 0x00000000e3400000, 0x00000000e3400000| Untracked 
|  53|0x00000000e3500000, 0x00000000e3500000, 0x00000000e3600000|  0%| F|  |TAMS 0x00000000e3500000, 0x00000000e3500000| Untracked 
|  54|0x00000000e3600000, 0x00000000e3600000, 0x00000000e3700000|  0%| F|  |TAMS 0x00000000e3600000, 0x00000000e3600000| Untracked 
|  55|0x00000000e3700000, 0x00000000e3700000, 0x00000000e3800000|  0%| F|  |TAMS 0x00000000e3700000, 0x00000000e3700000| Untracked 
|  56|0x00000000e3800000, 0x00000000e3800000, 0x00000000e3900000|  0%| F|  |TAMS 0x00000000e3800000, 0x00000000e3800000| Untracked 
|  57|0x00000000e3900000, 0x00000000e3900000, 0x00000000e3a00000|  0%| F|  |TAMS 0x00000000e3900000, 0x00000000e3900000| Untracked 
|  58|0x00000000e3a00000, 0x00000000e3a00000, 0x00000000e3b00000|  0%| F|  |TAMS 0x00000000e3a00000, 0x00000000e3a00000| Untracked 
|  59|0x00000000e3b00000, 0x00000000e3b00000, 0x00000000e3c00000|  0%| F|  |TAMS 0x00000000e3b00000, 0x00000000e3b00000| Untracked 
|  60|0x00000000e3c00000, 0x00000000e3c00000, 0x00000000e3d00000|  0%| F|  |TAMS 0x00000000e3c00000, 0x00000000e3c00000| Untracked 
|  61|0x00000000e3d00000, 0x00000000e3d00000, 0x00000000e3e00000|  0%| F|  |TAMS 0x00000000e3d00000, 0x00000000e3d00000| Untracked 
|  62|0x00000000e3e00000, 0x00000000e3e00000, 0x00000000e3f00000|  0%| F|  |TAMS 0x00000000e3e00000, 0x00000000e3e00000| Untracked 
|  63|0x00000000e3f00000, 0x00000000e3f00000, 0x00000000e4000000|  0%| F|  |TAMS 0x00000000e3f00000, 0x00000000e3f00000| Untracked 
|  64|0x00000000e4000000, 0x00000000e4000000, 0x00000000e4100000|  0%| F|  |TAMS 0x00000000e4000000, 0x00000000e4000000| Untracked 
|  65|0x00000000e4100000, 0x00000000e4100000, 0x00000000e4200000|  0%| F|  |TAMS 0x00000000e4100000, 0x00000000e4100000| Untracked 
|  66|0x00000000e4200000, 0x00000000e4200000, 0x00000000e4300000|  0%| F|  |TAMS 0x00000000e4200000, 0x00000000e4200000| Untracked 
|  67|0x00000000e4300000, 0x00000000e4300000, 0x00000000e4400000|  0%| F|  |TAMS 0x00000000e4300000, 0x00000000e4300000| Untracked 
|  68|0x00000000e4400000, 0x00000000e4400000, 0x00000000e4500000|  0%| F|  |TAMS 0x00000000e4400000, 0x00000000e4400000| Untracked 
|  69|0x00000000e4500000, 0x00000000e4500000, 0x00000000e4600000|  0%| F|  |TAMS 0x00000000e4500000, 0x00000000e4500000| Untracked 
|  70|0x00000000e4600000, 0x00000000e4600000, 0x00000000e4700000|  0%| F|  |TAMS 0x00000000e4600000, 0x00000000e4600000| Untracked 
|  71|0x00000000e4700000, 0x00000000e4700000, 0x00000000e4800000|  0%| F|  |TAMS 0x00000000e4700000, 0x00000000e4700000| Untracked 
|  72|0x00000000e4800000, 0x00000000e4800000, 0x00000000e4900000|  0%| F|  |TAMS 0x00000000e4800000, 0x00000000e4800000| Untracked 
|  73|0x00000000e4900000, 0x00000000e4900000, 0x00000000e4a00000|  0%| F|  |TAMS 0x00000000e4900000, 0x00000000e4900000| Untracked 
|  74|0x00000000e4a00000, 0x00000000e4a00000, 0x00000000e4b00000|  0%| F|  |TAMS 0x00000000e4a00000, 0x00000000e4a00000| Untracked 
|  75|0x00000000e4b00000, 0x00000000e4b00000, 0x00000000e4c00000|  0%| F|  |TAMS 0x00000000e4b00000, 0x00000000e4b00000| Untracked 
|  76|0x00000000e4c00000, 0x00000000e4c00000, 0x00000000e4d00000|  0%| F|  |TAMS 0x00000000e4c00000, 0x00000000e4c00000| Untracked 
|  77|0x00000000e4d00000, 0x00000000e4d00000, 0x00000000e4e00000|  0%| F|  |TAMS 0x00000000e4d00000, 0x00000000e4d00000| Untracked 
|  78|0x00000000e4e00000, 0x00000000e4e00000, 0x00000000e4f00000|  0%| F|  |TAMS 0x00000000e4e00000, 0x00000000e4e00000| Untracked 
|  79|0x00000000e4f00000, 0x00000000e4f00000, 0x00000000e5000000|  0%| F|  |TAMS 0x00000000e4f00000, 0x00000000e4f00000| Untracked 
|  80|0x00000000e5000000, 0x00000000e5000000, 0x00000000e5100000|  0%| F|  |TAMS 0x00000000e5000000, 0x00000000e5000000| Untracked 
|  81|0x00000000e5100000, 0x00000000e5100000, 0x00000000e5200000|  0%| F|  |TAMS 0x00000000e5100000, 0x00000000e5100000| Untracked 
|  82|0x00000000e5200000, 0x00000000e5200000, 0x00000000e5300000|  0%| F|  |TAMS 0x00000000e5200000, 0x00000000e5200000| Untracked 
|  83|0x00000000e5300000, 0x00000000e5300000, 0x00000000e5400000|  0%| F|  |TAMS 0x00000000e5300000, 0x00000000e5300000| Untracked 
|  84|0x00000000e5400000, 0x00000000e54fa640, 0x00000000e5500000| 97%| S|CS|TAMS 0x00000000e5400000, 0x00000000e5400000| Complete 
|  85|0x00000000e5500000, 0x00000000e5600000, 0x00000000e5600000|100%| S|CS|TAMS 0x00000000e5500000, 0x00000000e5500000| Complete 
|  86|0x00000000e5600000, 0x00000000e5700000, 0x00000000e5700000|100%| S|CS|TAMS 0x00000000e5600000, 0x00000000e5600000| Complete 
|  87|0x00000000e5700000, 0x00000000e5800000, 0x00000000e5800000|100%| S|CS|TAMS 0x00000000e5700000, 0x00000000e5700000| Complete 
|  88|0x00000000e5800000, 0x00000000e5900000, 0x00000000e5900000|100%| S|CS|TAMS 0x00000000e5800000, 0x00000000e5800000| Complete 
|  89|0x00000000e5900000, 0x00000000e5a00000, 0x00000000e5a00000|100%| S|CS|TAMS 0x00000000e5900000, 0x00000000e5900000| Complete 
|  90|0x00000000e5a00000, 0x00000000e5b00000, 0x00000000e5b00000|100%| S|CS|TAMS 0x00000000e5a00000, 0x00000000e5a00000| Complete 
|  91|0x00000000e5b00000, 0x00000000e5c00000, 0x00000000e5c00000|100%| S|CS|TAMS 0x00000000e5b00000, 0x00000000e5b00000| Complete 
|  92|0x00000000e5c00000, 0x00000000e5d00000, 0x00000000e5d00000|100%| S|CS|TAMS 0x00000000e5c00000, 0x00000000e5c00000| Complete 
|  93|0x00000000e5d00000, 0x00000000e5e00000, 0x00000000e5e00000|100%| S|CS|TAMS 0x00000000e5d00000, 0x00000000e5d00000| Complete 
|  94|0x00000000e5e00000, 0x00000000e5f00000, 0x00000000e5f00000|100%| S|CS|TAMS 0x00000000e5e00000, 0x00000000e5e00000| Complete 
|  95|0x00000000e5f00000, 0x00000000e6000000, 0x00000000e6000000|100%| S|CS|TAMS 0x00000000e5f00000, 0x00000000e5f00000| Complete 
|  96|0x00000000e6000000, 0x00000000e6100000, 0x00000000e6100000|100%| S|CS|TAMS 0x00000000e6000000, 0x00000000e6000000| Complete 
|  97|0x00000000e6100000, 0x00000000e6200000, 0x00000000e6200000|100%| S|CS|TAMS 0x00000000e6100000, 0x00000000e6100000| Complete 
|  98|0x00000000e6200000, 0x00000000e6300000, 0x00000000e6300000|100%| S|CS|TAMS 0x00000000e6200000, 0x00000000e6200000| Complete 
|  99|0x00000000e6300000, 0x00000000e6400000, 0x00000000e6400000|100%| S|CS|TAMS 0x00000000e6300000, 0x00000000e6300000| Complete 
| 100|0x00000000e6400000, 0x00000000e6500000, 0x00000000e6500000|100%| S|CS|TAMS 0x00000000e6400000, 0x00000000e6400000| Complete 
| 101|0x00000000e6500000, 0x00000000e6600000, 0x00000000e6600000|100%| S|CS|TAMS 0x00000000e6500000, 0x00000000e6500000| Complete 
| 102|0x00000000e6600000, 0x00000000e6700000, 0x00000000e6700000|100%| S|CS|TAMS 0x00000000e6600000, 0x00000000e6600000| Complete 
| 103|0x00000000e6700000, 0x00000000e6700000, 0x00000000e6800000|  0%| F|  |TAMS 0x00000000e6700000, 0x00000000e6700000| Untracked 
| 104|0x00000000e6800000, 0x00000000e6800000, 0x00000000e6900000|  0%| F|  |TAMS 0x00000000e6800000, 0x00000000e6800000| Untracked 
| 105|0x00000000e6900000, 0x00000000e6900000, 0x00000000e6a00000|  0%| F|  |TAMS 0x00000000e6900000, 0x00000000e6900000| Untracked 
| 106|0x00000000e6a00000, 0x00000000e6a00000, 0x00000000e6b00000|  0%| F|  |TAMS 0x00000000e6a00000, 0x00000000e6a00000| Untracked 
| 107|0x00000000e6b00000, 0x00000000e6b00000, 0x00000000e6c00000|  0%| F|  |TAMS 0x00000000e6b00000, 0x00000000e6b00000| Untracked 
| 108|0x00000000e6c00000, 0x00000000e6c00000, 0x00000000e6d00000|  0%| F|  |TAMS 0x00000000e6c00000, 0x00000000e6c00000| Untracked 
| 109|0x00000000e6d00000, 0x00000000e6d00000, 0x00000000e6e00000|  0%| F|  |TAMS 0x00000000e6d00000, 0x00000000e6d00000| Untracked 
| 110|0x00000000e6e00000, 0x00000000e6e00000, 0x00000000e6f00000|  0%| F|  |TAMS 0x00000000e6e00000, 0x00000000e6e00000| Untracked 
| 111|0x00000000e6f00000, 0x00000000e6f00000, 0x00000000e7000000|  0%| F|  |TAMS 0x00000000e6f00000, 0x00000000e6f00000| Untracked 
| 112|0x00000000e7000000, 0x00000000e7000000, 0x00000000e7100000|  0%| F|  |TAMS 0x00000000e7000000, 0x00000000e7000000| Untracked 
| 113|0x00000000e7100000, 0x00000000e7100000, 0x00000000e7200000|  0%| F|  |TAMS 0x00000000e7100000, 0x00000000e7100000| Untracked 
| 114|0x00000000e7200000, 0x00000000e7200000, 0x00000000e7300000|  0%| F|  |TAMS 0x00000000e7200000, 0x00000000e7200000| Untracked 
| 115|0x00000000e7300000, 0x00000000e7300000, 0x00000000e7400000|  0%| F|  |TAMS 0x00000000e7300000, 0x00000000e7300000| Untracked 
| 116|0x00000000e7400000, 0x00000000e7400000, 0x00000000e7500000|  0%| F|  |TAMS 0x00000000e7400000, 0x00000000e7400000| Untracked 
| 117|0x00000000e7500000, 0x00000000e7500000, 0x00000000e7600000|  0%| F|  |TAMS 0x00000000e7500000, 0x00000000e7500000| Untracked 
| 118|0x00000000e7600000, 0x00000000e7600000, 0x00000000e7700000|  0%| F|  |TAMS 0x00000000e7600000, 0x00000000e7600000| Untracked 
| 119|0x00000000e7700000, 0x00000000e7700000, 0x00000000e7800000|  0%| F|  |TAMS 0x00000000e7700000, 0x00000000e7700000| Untracked 
| 120|0x00000000e7800000, 0x00000000e7800000, 0x00000000e7900000|  0%| F|  |TAMS 0x00000000e7800000, 0x00000000e7800000| Untracked 
| 121|0x00000000e7900000, 0x00000000e7900000, 0x00000000e7a00000|  0%| F|  |TAMS 0x00000000e7900000, 0x00000000e7900000| Untracked 
| 122|0x00000000e7a00000, 0x00000000e7a00000, 0x00000000e7b00000|  0%| F|  |TAMS 0x00000000e7a00000, 0x00000000e7a00000| Untracked 
| 123|0x00000000e7b00000, 0x00000000e7b00000, 0x00000000e7c00000|  0%| F|  |TAMS 0x00000000e7b00000, 0x00000000e7b00000| Untracked 
| 124|0x00000000e7c00000, 0x00000000e7c00000, 0x00000000e7d00000|  0%| F|  |TAMS 0x00000000e7c00000, 0x00000000e7c00000| Untracked 
| 125|0x00000000e7d00000, 0x00000000e7d00000, 0x00000000e7e00000|  0%| F|  |TAMS 0x00000000e7d00000, 0x00000000e7d00000| Untracked 
| 126|0x00000000e7e00000, 0x00000000e7e00000, 0x00000000e7f00000|  0%| F|  |TAMS 0x00000000e7e00000, 0x00000000e7e00000| Untracked 
| 127|0x00000000e7f00000, 0x00000000e7f00000, 0x00000000e8000000|  0%| F|  |TAMS 0x00000000e7f00000, 0x00000000e7f00000| Untracked 
| 128|0x00000000e8000000, 0x00000000e8000000, 0x00000000e8100000|  0%| F|  |TAMS 0x00000000e8000000, 0x00000000e8000000| Untracked 
| 129|0x00000000e8100000, 0x00000000e8100000, 0x00000000e8200000|  0%| F|  |TAMS 0x00000000e8100000, 0x00000000e8100000| Untracked 
| 130|0x00000000e8200000, 0x00000000e8200000, 0x00000000e8300000|  0%| F|  |TAMS 0x00000000e8200000, 0x00000000e8200000| Untracked 
| 131|0x00000000e8300000, 0x00000000e8300000, 0x00000000e8400000|  0%| F|  |TAMS 0x00000000e8300000, 0x00000000e8300000| Untracked 
| 132|0x00000000e8400000, 0x00000000e8400000, 0x00000000e8500000|  0%| F|  |TAMS 0x00000000e8400000, 0x00000000e8400000| Untracked 
| 133|0x00000000e8500000, 0x00000000e8500000, 0x00000000e8600000|  0%| F|  |TAMS 0x00000000e8500000, 0x00000000e8500000| Untracked 
| 134|0x00000000e8600000, 0x00000000e8600000, 0x00000000e8700000|  0%| F|  |TAMS 0x00000000e8600000, 0x00000000e8600000| Untracked 
| 135|0x00000000e8700000, 0x00000000e8700000, 0x00000000e8800000|  0%| F|  |TAMS 0x00000000e8700000, 0x00000000e8700000| Untracked 
| 136|0x00000000e8800000, 0x00000000e8800000, 0x00000000e8900000|  0%| F|  |TAMS 0x00000000e8800000, 0x00000000e8800000| Untracked 
| 137|0x00000000e8900000, 0x00000000e8900000, 0x00000000e8a00000|  0%| F|  |TAMS 0x00000000e8900000, 0x00000000e8900000| Untracked 
| 138|0x00000000e8a00000, 0x00000000e8a00000, 0x00000000e8b00000|  0%| F|  |TAMS 0x00000000e8a00000, 0x00000000e8a00000| Untracked 
| 139|0x00000000e8b00000, 0x00000000e8b00000, 0x00000000e8c00000|  0%| F|  |TAMS 0x00000000e8b00000, 0x00000000e8b00000| Untracked 
| 140|0x00000000e8c00000, 0x00000000e8c00000, 0x00000000e8d00000|  0%| F|  |TAMS 0x00000000e8c00000, 0x00000000e8c00000| Untracked 
| 141|0x00000000e8d00000, 0x00000000e8d00000, 0x00000000e8e00000|  0%| F|  |TAMS 0x00000000e8d00000, 0x00000000e8d00000| Untracked 
| 142|0x00000000e8e00000, 0x00000000e8e00000, 0x00000000e8f00000|  0%| F|  |TAMS 0x00000000e8e00000, 0x00000000e8e00000| Untracked 
| 143|0x00000000e8f00000, 0x00000000e8f00000, 0x00000000e9000000|  0%| F|  |TAMS 0x00000000e8f00000, 0x00000000e8f00000| Untracked 
| 144|0x00000000e9000000, 0x00000000e9000000, 0x00000000e9100000|  0%| F|  |TAMS 0x00000000e9000000, 0x00000000e9000000| Untracked 
| 145|0x00000000e9100000, 0x00000000e9100000, 0x00000000e9200000|  0%| F|  |TAMS 0x00000000e9100000, 0x00000000e9100000| Untracked 
| 146|0x00000000e9200000, 0x00000000e9200000, 0x00000000e9300000|  0%| F|  |TAMS 0x00000000e9200000, 0x00000000e9200000| Untracked 
| 147|0x00000000e9300000, 0x00000000e9300000, 0x00000000e9400000|  0%| F|  |TAMS 0x00000000e9300000, 0x00000000e9300000| Untracked 
| 148|0x00000000e9400000, 0x00000000e9400000, 0x00000000e9500000|  0%| F|  |TAMS 0x00000000e9400000, 0x00000000e9400000| Untracked 
| 149|0x00000000e9500000, 0x00000000e9500000, 0x00000000e9600000|  0%| F|  |TAMS 0x00000000e9500000, 0x00000000e9500000| Untracked 
| 150|0x00000000e9600000, 0x00000000e9600000, 0x00000000e9700000|  0%| F|  |TAMS 0x00000000e9600000, 0x00000000e9600000| Untracked 
| 151|0x00000000e9700000, 0x00000000e9700000, 0x00000000e9800000|  0%| F|  |TAMS 0x00000000e9700000, 0x00000000e9700000| Untracked 
| 152|0x00000000e9800000, 0x00000000e9800000, 0x00000000e9900000|  0%| F|  |TAMS 0x00000000e9800000, 0x00000000e9800000| Untracked 
| 153|0x00000000e9900000, 0x00000000e9900000, 0x00000000e9a00000|  0%| F|  |TAMS 0x00000000e9900000, 0x00000000e9900000| Untracked 
| 154|0x00000000e9a00000, 0x00000000e9a00000, 0x00000000e9b00000|  0%| F|  |TAMS 0x00000000e9a00000, 0x00000000e9a00000| Untracked 
| 155|0x00000000e9b00000, 0x00000000e9b00000, 0x00000000e9c00000|  0%| F|  |TAMS 0x00000000e9b00000, 0x00000000e9b00000| Untracked 
| 156|0x00000000e9c00000, 0x00000000e9c00000, 0x00000000e9d00000|  0%| F|  |TAMS 0x00000000e9c00000, 0x00000000e9c00000| Untracked 
| 157|0x00000000e9d00000, 0x00000000e9d00000, 0x00000000e9e00000|  0%| F|  |TAMS 0x00000000e9d00000, 0x00000000e9d00000| Untracked 
| 158|0x00000000e9e00000, 0x00000000e9e00000, 0x00000000e9f00000|  0%| F|  |TAMS 0x00000000e9e00000, 0x00000000e9e00000| Untracked 
| 159|0x00000000e9f00000, 0x00000000e9f00000, 0x00000000ea000000|  0%| F|  |TAMS 0x00000000e9f00000, 0x00000000e9f00000| Untracked 
| 160|0x00000000ea000000, 0x00000000ea000000, 0x00000000ea100000|  0%| F|  |TAMS 0x00000000ea000000, 0x00000000ea000000| Untracked 
| 161|0x00000000ea100000, 0x00000000ea100000, 0x00000000ea200000|  0%| F|  |TAMS 0x00000000ea100000, 0x00000000ea100000| Untracked 
| 162|0x00000000ea200000, 0x00000000ea200000, 0x00000000ea300000|  0%| F|  |TAMS 0x00000000ea200000, 0x00000000ea200000| Untracked 
| 163|0x00000000ea300000, 0x00000000ea300000, 0x00000000ea400000|  0%| F|  |TAMS 0x00000000ea300000, 0x00000000ea300000| Untracked 
| 164|0x00000000ea400000, 0x00000000ea400000, 0x00000000ea500000|  0%| F|  |TAMS 0x00000000ea400000, 0x00000000ea400000| Untracked 
| 165|0x00000000ea500000, 0x00000000ea500000, 0x00000000ea600000|  0%| F|  |TAMS 0x00000000ea500000, 0x00000000ea500000| Untracked 
| 166|0x00000000ea600000, 0x00000000ea600000, 0x00000000ea700000|  0%| F|  |TAMS 0x00000000ea600000, 0x00000000ea600000| Untracked 
| 167|0x00000000ea700000, 0x00000000ea700000, 0x00000000ea800000|  0%| F|  |TAMS 0x00000000ea700000, 0x00000000ea700000| Untracked 
| 168|0x00000000ea800000, 0x00000000ea800000, 0x00000000ea900000|  0%| F|  |TAMS 0x00000000ea800000, 0x00000000ea800000| Untracked 
| 169|0x00000000ea900000, 0x00000000ea900000, 0x00000000eaa00000|  0%| F|  |TAMS 0x00000000ea900000, 0x00000000ea900000| Untracked 
| 170|0x00000000eaa00000, 0x00000000eaa00000, 0x00000000eab00000|  0%| F|  |TAMS 0x00000000eaa00000, 0x00000000eaa00000| Untracked 
| 171|0x00000000eab00000, 0x00000000eab00000, 0x00000000eac00000|  0%| F|  |TAMS 0x00000000eab00000, 0x00000000eab00000| Untracked 
| 172|0x00000000eac00000, 0x00000000eac00000, 0x00000000ead00000|  0%| F|  |TAMS 0x00000000eac00000, 0x00000000eac00000| Untracked 
| 173|0x00000000ead00000, 0x00000000ead00000, 0x00000000eae00000|  0%| F|  |TAMS 0x00000000ead00000, 0x00000000ead00000| Untracked 
| 174|0x00000000eae00000, 0x00000000eae00000, 0x00000000eaf00000|  0%| F|  |TAMS 0x00000000eae00000, 0x00000000eae00000| Untracked 
| 175|0x00000000eaf00000, 0x00000000eaf00000, 0x00000000eb000000|  0%| F|  |TAMS 0x00000000eaf00000, 0x00000000eaf00000| Untracked 
| 176|0x00000000eb000000, 0x00000000eb000000, 0x00000000eb100000|  0%| F|  |TAMS 0x00000000eb000000, 0x00000000eb000000| Untracked 
| 177|0x00000000eb100000, 0x00000000eb100000, 0x00000000eb200000|  0%| F|  |TAMS 0x00000000eb100000, 0x00000000eb100000| Untracked 
| 178|0x00000000eb200000, 0x00000000eb200000, 0x00000000eb300000|  0%| F|  |TAMS 0x00000000eb200000, 0x00000000eb200000| Untracked 
| 179|0x00000000eb300000, 0x00000000eb300000, 0x00000000eb400000|  0%| F|  |TAMS 0x00000000eb300000, 0x00000000eb300000| Untracked 
| 180|0x00000000eb400000, 0x00000000eb400000, 0x00000000eb500000|  0%| F|  |TAMS 0x00000000eb400000, 0x00000000eb400000| Untracked 
| 181|0x00000000eb500000, 0x00000000eb500000, 0x00000000eb600000|  0%| F|  |TAMS 0x00000000eb500000, 0x00000000eb500000| Untracked 
| 182|0x00000000eb600000, 0x00000000eb600000, 0x00000000eb700000|  0%| F|  |TAMS 0x00000000eb600000, 0x00000000eb600000| Untracked 
| 183|0x00000000eb700000, 0x00000000eb700000, 0x00000000eb800000|  0%| F|  |TAMS 0x00000000eb700000, 0x00000000eb700000| Untracked 
| 184|0x00000000eb800000, 0x00000000eb800000, 0x00000000eb900000|  0%| F|  |TAMS 0x00000000eb800000, 0x00000000eb800000| Untracked 
| 185|0x00000000eb900000, 0x00000000eb900000, 0x00000000eba00000|  0%| F|  |TAMS 0x00000000eb900000, 0x00000000eb900000| Untracked 
| 186|0x00000000eba00000, 0x00000000eba00000, 0x00000000ebb00000|  0%| F|  |TAMS 0x00000000eba00000, 0x00000000eba00000| Untracked 
| 187|0x00000000ebb00000, 0x00000000ebb00000, 0x00000000ebc00000|  0%| F|  |TAMS 0x00000000ebb00000, 0x00000000ebb00000| Untracked 
| 188|0x00000000ebc00000, 0x00000000ebc00000, 0x00000000ebd00000|  0%| F|  |TAMS 0x00000000ebc00000, 0x00000000ebc00000| Untracked 
| 189|0x00000000ebd00000, 0x00000000ebd00000, 0x00000000ebe00000|  0%| F|  |TAMS 0x00000000ebd00000, 0x00000000ebd00000| Untracked 
| 190|0x00000000ebe00000, 0x00000000ebe00000, 0x00000000ebf00000|  0%| F|  |TAMS 0x00000000ebe00000, 0x00000000ebe00000| Untracked 
| 191|0x00000000ebf00000, 0x00000000ebf00000, 0x00000000ec000000|  0%| F|  |TAMS 0x00000000ebf00000, 0x00000000ebf00000| Untracked 
| 192|0x00000000ec000000, 0x00000000ec000000, 0x00000000ec100000|  0%| F|  |TAMS 0x00000000ec000000, 0x00000000ec000000| Untracked 
| 193|0x00000000ec100000, 0x00000000ec100000, 0x00000000ec200000|  0%| F|  |TAMS 0x00000000ec100000, 0x00000000ec100000| Untracked 
| 194|0x00000000ec200000, 0x00000000ec200000, 0x00000000ec300000|  0%| F|  |TAMS 0x00000000ec200000, 0x00000000ec200000| Untracked 
| 195|0x00000000ec300000, 0x00000000ec300000, 0x00000000ec400000|  0%| F|  |TAMS 0x00000000ec300000, 0x00000000ec300000| Untracked 
| 196|0x00000000ec400000, 0x00000000ec400000, 0x00000000ec500000|  0%| F|  |TAMS 0x00000000ec400000, 0x00000000ec400000| Untracked 
| 197|0x00000000ec500000, 0x00000000ec500000, 0x00000000ec600000|  0%| F|  |TAMS 0x00000000ec500000, 0x00000000ec500000| Untracked 
| 198|0x00000000ec600000, 0x00000000ec600000, 0x00000000ec700000|  0%| F|  |TAMS 0x00000000ec600000, 0x00000000ec600000| Untracked 
| 199|0x00000000ec700000, 0x00000000ec700000, 0x00000000ec800000|  0%| F|  |TAMS 0x00000000ec700000, 0x00000000ec700000| Untracked 
| 200|0x00000000ec800000, 0x00000000ec800000, 0x00000000ec900000|  0%| F|  |TAMS 0x00000000ec800000, 0x00000000ec800000| Untracked 
| 201|0x00000000ec900000, 0x00000000ec900000, 0x00000000eca00000|  0%| F|  |TAMS 0x00000000ec900000, 0x00000000ec900000| Untracked 
| 202|0x00000000eca00000, 0x00000000eca00000, 0x00000000ecb00000|  0%| F|  |TAMS 0x00000000eca00000, 0x00000000eca00000| Untracked 
| 203|0x00000000ecb00000, 0x00000000ecb00000, 0x00000000ecc00000|  0%| F|  |TAMS 0x00000000ecb00000, 0x00000000ecb00000| Untracked 
| 204|0x00000000ecc00000, 0x00000000ecc00000, 0x00000000ecd00000|  0%| F|  |TAMS 0x00000000ecc00000, 0x00000000ecc00000| Untracked 
| 205|0x00000000ecd00000, 0x00000000ecd00000, 0x00000000ece00000|  0%| F|  |TAMS 0x00000000ecd00000, 0x00000000ecd00000| Untracked 
| 206|0x00000000ece00000, 0x00000000ece00000, 0x00000000ecf00000|  0%| F|  |TAMS 0x00000000ece00000, 0x00000000ece00000| Untracked 
| 207|0x00000000ecf00000, 0x00000000ecf00000, 0x00000000ed000000|  0%| F|  |TAMS 0x00000000ecf00000, 0x00000000ecf00000| Untracked 
| 208|0x00000000ed000000, 0x00000000ed000000, 0x00000000ed100000|  0%| F|  |TAMS 0x00000000ed000000, 0x00000000ed000000| Untracked 
| 209|0x00000000ed100000, 0x00000000ed100000, 0x00000000ed200000|  0%| F|  |TAMS 0x00000000ed100000, 0x00000000ed100000| Untracked 
| 210|0x00000000ed200000, 0x00000000ed200000, 0x00000000ed300000|  0%| F|  |TAMS 0x00000000ed200000, 0x00000000ed200000| Untracked 
| 211|0x00000000ed300000, 0x00000000ed300000, 0x00000000ed400000|  0%| F|  |TAMS 0x00000000ed300000, 0x00000000ed300000| Untracked 
| 212|0x00000000ed400000, 0x00000000ed400000, 0x00000000ed500000|  0%| F|  |TAMS 0x00000000ed400000, 0x00000000ed400000| Untracked 
| 213|0x00000000ed500000, 0x00000000ed500000, 0x00000000ed600000|  0%| F|  |TAMS 0x00000000ed500000, 0x00000000ed500000| Untracked 
| 214|0x00000000ed600000, 0x00000000ed600000, 0x00000000ed700000|  0%| F|  |TAMS 0x00000000ed600000, 0x00000000ed600000| Untracked 
| 215|0x00000000ed700000, 0x00000000ed700000, 0x00000000ed800000|  0%| F|  |TAMS 0x00000000ed700000, 0x00000000ed700000| Untracked 
| 216|0x00000000ed800000, 0x00000000ed800000, 0x00000000ed900000|  0%| F|  |TAMS 0x00000000ed800000, 0x00000000ed800000| Untracked 
| 217|0x00000000ed900000, 0x00000000ed900000, 0x00000000eda00000|  0%| F|  |TAMS 0x00000000ed900000, 0x00000000ed900000| Untracked 
| 218|0x00000000eda00000, 0x00000000eda00000, 0x00000000edb00000|  0%| F|  |TAMS 0x00000000eda00000, 0x00000000eda00000| Untracked 
| 219|0x00000000edb00000, 0x00000000edb00000, 0x00000000edc00000|  0%| F|  |TAMS 0x00000000edb00000, 0x00000000edb00000| Untracked 
| 220|0x00000000edc00000, 0x00000000edc00000, 0x00000000edd00000|  0%| F|  |TAMS 0x00000000edc00000, 0x00000000edc00000| Untracked 
| 221|0x00000000edd00000, 0x00000000edd00000, 0x00000000ede00000|  0%| F|  |TAMS 0x00000000edd00000, 0x00000000edd00000| Untracked 
| 222|0x00000000ede00000, 0x00000000ede00000, 0x00000000edf00000|  0%| F|  |TAMS 0x00000000ede00000, 0x00000000ede00000| Untracked 
| 223|0x00000000edf00000, 0x00000000edf00000, 0x00000000ee000000|  0%| F|  |TAMS 0x00000000edf00000, 0x00000000edf00000| Untracked 
| 224|0x00000000ee000000, 0x00000000ee000000, 0x00000000ee100000|  0%| F|  |TAMS 0x00000000ee000000, 0x00000000ee000000| Untracked 
| 225|0x00000000ee100000, 0x00000000ee100000, 0x00000000ee200000|  0%| F|  |TAMS 0x00000000ee100000, 0x00000000ee100000| Untracked 
| 226|0x00000000ee200000, 0x00000000ee200000, 0x00000000ee300000|  0%| F|  |TAMS 0x00000000ee200000, 0x00000000ee200000| Untracked 
| 227|0x00000000ee300000, 0x00000000ee300000, 0x00000000ee400000|  0%| F|  |TAMS 0x00000000ee300000, 0x00000000ee300000| Untracked 
| 228|0x00000000ee400000, 0x00000000ee400000, 0x00000000ee500000|  0%| F|  |TAMS 0x00000000ee400000, 0x00000000ee400000| Untracked 
| 229|0x00000000ee500000, 0x00000000ee500000, 0x00000000ee600000|  0%| F|  |TAMS 0x00000000ee500000, 0x00000000ee500000| Untracked 
| 230|0x00000000ee600000, 0x00000000ee600000, 0x00000000ee700000|  0%| F|  |TAMS 0x00000000ee600000, 0x00000000ee600000| Untracked 
| 231|0x00000000ee700000, 0x00000000ee700000, 0x00000000ee800000|  0%| F|  |TAMS 0x00000000ee700000, 0x00000000ee700000| Untracked 
| 232|0x00000000ee800000, 0x00000000ee800000, 0x00000000ee900000|  0%| F|  |TAMS 0x00000000ee800000, 0x00000000ee800000| Untracked 
| 233|0x00000000ee900000, 0x00000000ee900000, 0x00000000eea00000|  0%| F|  |TAMS 0x00000000ee900000, 0x00000000ee900000| Untracked 
| 234|0x00000000eea00000, 0x00000000eea00000, 0x00000000eeb00000|  0%| F|  |TAMS 0x00000000eea00000, 0x00000000eea00000| Untracked 
| 235|0x00000000eeb00000, 0x00000000eeb00000, 0x00000000eec00000|  0%| F|  |TAMS 0x00000000eeb00000, 0x00000000eeb00000| Untracked 
| 236|0x00000000eec00000, 0x00000000eec00000, 0x00000000eed00000|  0%| F|  |TAMS 0x00000000eec00000, 0x00000000eec00000| Untracked 
| 237|0x00000000eed00000, 0x00000000eed5ea50, 0x00000000eee00000| 36%| E|  |TAMS 0x00000000eed00000, 0x00000000eed00000| Complete 
| 238|0x00000000eee00000, 0x00000000eef00000, 0x00000000eef00000|100%| E|CS|TAMS 0x00000000eee00000, 0x00000000eee00000| Complete 
| 239|0x00000000eef00000, 0x00000000ef000000, 0x00000000ef000000|100%| E|CS|TAMS 0x00000000eef00000, 0x00000000eef00000| Complete 
| 240|0x00000000ef000000, 0x00000000ef100000, 0x00000000ef100000|100%| E|CS|TAMS 0x00000000ef000000, 0x00000000ef000000| Complete 
| 241|0x00000000ef100000, 0x00000000ef200000, 0x00000000ef200000|100%| E|CS|TAMS 0x00000000ef100000, 0x00000000ef100000| Complete 
| 242|0x00000000ef200000, 0x00000000ef300000, 0x00000000ef300000|100%| E|CS|TAMS 0x00000000ef200000, 0x00000000ef200000| Complete 
| 243|0x00000000ef300000, 0x00000000ef400000, 0x00000000ef400000|100%| E|CS|TAMS 0x00000000ef300000, 0x00000000ef300000| Complete 
| 244|0x00000000ef400000, 0x00000000ef500000, 0x00000000ef500000|100%| E|CS|TAMS 0x00000000ef400000, 0x00000000ef400000| Complete 
| 245|0x00000000ef500000, 0x00000000ef600000, 0x00000000ef600000|100%| E|CS|TAMS 0x00000000ef500000, 0x00000000ef500000| Complete 
| 246|0x00000000ef600000, 0x00000000ef700000, 0x00000000ef700000|100%| E|CS|TAMS 0x00000000ef600000, 0x00000000ef600000| Complete 
| 247|0x00000000ef700000, 0x00000000ef800000, 0x00000000ef800000|100%| E|CS|TAMS 0x00000000ef700000, 0x00000000ef700000| Complete 
| 248|0x00000000ef800000, 0x00000000ef900000, 0x00000000ef900000|100%| E|CS|TAMS 0x00000000ef800000, 0x00000000ef800000| Complete 
| 249|0x00000000ef900000, 0x00000000efa00000, 0x00000000efa00000|100%| E|CS|TAMS 0x00000000ef900000, 0x00000000ef900000| Complete 
| 250|0x00000000efa00000, 0x00000000efb00000, 0x00000000efb00000|100%| E|CS|TAMS 0x00000000efa00000, 0x00000000efa00000| Complete 
| 251|0x00000000efb00000, 0x00000000efc00000, 0x00000000efc00000|100%| E|CS|TAMS 0x00000000efb00000, 0x00000000efb00000| Complete 
| 252|0x00000000efc00000, 0x00000000efd00000, 0x00000000efd00000|100%| E|CS|TAMS 0x00000000efc00000, 0x00000000efc00000| Complete 
| 253|0x00000000efd00000, 0x00000000efe00000, 0x00000000efe00000|100%| E|CS|TAMS 0x00000000efd00000, 0x00000000efd00000| Complete 
| 254|0x00000000efe00000, 0x00000000eff00000, 0x00000000eff00000|100%| E|CS|TAMS 0x00000000efe00000, 0x00000000efe00000| Complete 
| 255|0x00000000eff00000, 0x00000000f0000000, 0x00000000f0000000|100%| E|CS|TAMS 0x00000000eff00000, 0x00000000eff00000| Complete 

Card table byte_map: [0x000001f57e380000,0x000001f57e480000] _byte_map_base: 0x000001f57dc80000

Marking Bits (Prev, Next): (CMBitMap*) 0x000001f566d29370, (CMBitMap*) 0x000001f566d293b0
 Prev Bits: [0x000001f57e580000, 0x000001f57ed80000)
 Next Bits: [0x000001f57ed80000, 0x000001f57f580000)

Polling page: 0x000001f565690000

Metaspace:

Usage:
  Non-class:     40.00 MB used.
      Class:      6.69 MB used.
       Both:     46.70 MB used.

Virtual space:
  Non-class space:       48.00 MB reserved,      40.31 MB ( 84%) committed,  6 nodes.
      Class space:      208.00 MB reserved,       7.00 MB (  3%) committed,  1 nodes.
             Both:      256.00 MB reserved,      47.31 MB ( 18%) committed. 

Chunk freelists:
   Non-Class:  3.16 MB
       Class:  935.00 KB
        Both:  4.07 MB

MaxMetaspaceSize: 256.00 MB
CompressedClassSpaceSize: 208.00 MB
Initial GC threshold: 21.00 MB
Current GC threshold: 59.00 MB
CDS: on
MetaspaceReclaimPolicy: balanced
 - commit_granule_bytes: 65536.
 - commit_granule_words: 8192.
 - virtual_space_node_default_size: 1048576.
 - enlarge_chunks_in_place: 1.
 - new_chunks_are_fully_committed: 0.
 - uncommit_free_chunks: 1.
 - use_allocation_guard: 0.
 - handle_deallocations: 1.


Internal statistics:

num_allocs_failed_limit: 6.
num_arena_births: 600.
num_arena_deaths: 0.
num_vsnodes_births: 7.
num_vsnodes_deaths: 0.
num_space_committed: 757.
num_space_uncommitted: 0.
num_chunks_returned_to_freelist: 6.
num_chunks_taken_from_freelist: 2502.
num_chunk_merges: 6.
num_chunk_splits: 1606.
num_chunks_enlarged: 1043.
num_purges: 0.
num_inconsistent_stats: 0.

CodeHeap 'non-profiled nmethods': size=120000Kb used=3041Kb max_used=3098Kb free=116958Kb
 bounds [0x000001f5762e0000, 0x000001f576600000, 0x000001f57d810000]
CodeHeap 'profiled nmethods': size=120000Kb used=10677Kb max_used=10677Kb free=109322Kb
 bounds [0x000001f56edb0000, 0x000001f56f820000, 0x000001f5762e0000]
CodeHeap 'non-nmethods': size=5760Kb used=2330Kb max_used=2410Kb free=3429Kb
 bounds [0x000001f56e810000, 0x000001f56ea90000, 0x000001f56edb0000]
 total_blobs=6198 nmethods=5347 adapters=762
 compilation: enabled
              stopped_count=0, restarted_count=0
 full_count=0

Compilation events (20 events):
Event: 1835.582 Thread 0x000001f50219d4a0 nmethod 6098 0x000001f56f817790 code [0x000001f56f8179a0, 0x000001f56f818158]
Event: 1835.582 Thread 0x000001f50219d4a0 6099       3       java.util.concurrent.ForkJoinPool::unmanagedBlock (31 bytes)
Event: 1835.582 Thread 0x000001f50219d4a0 nmethod 6099 0x000001f56f818390 code [0x000001f56f818560, 0x000001f56f8189c8]
Event: 1835.591 Thread 0x000001f50219d4a0 6100       3       java.nio.file.Paths::get (6 bytes)
Event: 1835.591 Thread 0x000001f50219d4a0 nmethod 6100 0x000001f56f818b10 code [0x000001f56f818ce0, 0x000001f56f819168]
Event: 1835.591 Thread 0x000001f50219d4a0 6101       3       com.google.common.collect.ImmutableList::forEach (35 bytes)
Event: 1835.591 Thread 0x000001f50219d4a0 nmethod 6101 0x000001f56f819310 code [0x000001f56f819500, 0x000001f56f819a98]
Event: 1835.591 Thread 0x000001f50219d4a0 6102       3       org.gradle.internal.watch.vfs.impl.WatchingVirtualFileSystem::updateNotifyingListeners (47 bytes)
Event: 1835.593 Thread 0x000001f50219d4a0 nmethod 6102 0x000001f56f819c90 code [0x000001f56f819fa0, 0x000001f56f81b4c8]
Event: 1841.756 Thread 0x000001f502194ae0 6103       4       java.util.UUID::hashCode (19 bytes)
Event: 1841.757 Thread 0x000001f502194ae0 nmethod 6103 0x000001f5763d1b10 code [0x000001f5763d1c80, 0x000001f5763d1d18]
Event: 1844.002 Thread 0x000001f502194ae0 6104       4       org.gradle.internal.snapshot.VfsRelativePath::isPrefix (110 bytes)
Event: 1844.003 Thread 0x000001f50219d4a0 6105       3       net.rubygrapefruit.platform.file.FileWatchEvent$ChangeType::values (10 bytes)
Event: 1844.003 Thread 0x000001f50219d4a0 nmethod 6105 0x000001f56f81bb10 code [0x000001f56f81bcc0, 0x000001f56f81bf68]
Event: 1844.004 Thread 0x000001f50219d4a0 6106       3       net.rubygrapefruit.platform.internal.jni.AbstractFileEventFunctions$NativeFileWatcherCallback::reportChangeEvent (21 bytes)
Event: 1844.004 Thread 0x000001f50219d4a0 nmethod 6106 0x000001f56f81c010 code [0x000001f56f81c200, 0x000001f56f81c778]
Event: 1844.004 Thread 0x000001f50219d4a0 6107       3       net.rubygrapefruit.platform.internal.jni.AbstractFileEventFunctions$ChangeEvent::<init> (15 bytes)
Event: 1844.005 Thread 0x000001f50219d4a0 nmethod 6107 0x000001f56f81c990 code [0x000001f56f81cb40, 0x000001f56f81cd58]
Event: 1844.005 Thread 0x000001f50219d4a0 6108       3       net.rubygrapefruit.platform.internal.jni.AbstractFileEventFunctions$NativeFileWatcherCallback::queueEvent (39 bytes)
Event: 1844.005 Thread 0x000001f50219d4a0 nmethod 6108 0x000001f56f81ce10 code [0x000001f56f81d000, 0x000001f56f81d558]

GC Heap History (10 events):
Event: 0.578 GC heap before
{Heap before GC invocations=0 (full 0):
 garbage-first heap   total 262144K, used 28672K [0x00000000e0000000, 0x0000000100000000)
  region size 1024K, 23 young (23552K), 0 survivors (0K)
 Metaspace       used 2446K, committed 2624K, reserved 221184K
  class space    used 289K, committed 384K, reserved 212992K
}
Event: 0.581 GC heap after
{Heap after GC invocations=1 (full 0):
 garbage-first heap   total 262144K, used 9642K [0x00000000e0000000, 0x0000000100000000)
  region size 1024K, 3 young (3072K), 3 survivors (3072K)
 Metaspace       used 2446K, committed 2624K, reserved 221184K
  class space    used 289K, committed 384K, reserved 212992K
}
Event: 1.035 GC heap before
{Heap before GC invocations=1 (full 0):
 garbage-first heap   total 262144K, used 39338K [0x00000000e0000000, 0x0000000100000000)
  region size 1024K, 32 young (32768K), 3 survivors (3072K)
 Metaspace       used 3945K, committed 4096K, reserved 221184K
  class space    used 489K, committed 576K, reserved 212992K
}
Event: 1.038 GC heap after
{Heap after GC invocations=2 (full 0):
 garbage-first heap   total 262144K, used 9933K [0x00000000e0000000, 0x0000000100000000)
  region size 1024K, 1 young (1024K), 1 survivors (1024K)
 Metaspace       used 3945K, committed 4096K, reserved 221184K
  class space    used 489K, committed 576K, reserved 212992K
}
Event: 3.362 GC heap before
{Heap before GC invocations=2 (full 0):
 garbage-first heap   total 262144K, used 131789K [0x00000000e0000000, 0x0000000100000000)
  region size 1024K, 121 young (123904K), 1 survivors (1024K)
 Metaspace       used 21259K, committed 21504K, reserved 237568K
  class space    used 3191K, committed 3328K, reserved 212992K
}
Event: 3.371 GC heap after
{Heap after GC invocations=3 (full 0):
 garbage-first heap   total 262144K, used 20977K [0x00000000e0000000, 0x0000000100000000)
  region size 1024K, 12 young (12288K), 12 survivors (12288K)
 Metaspace       used 21259K, committed 21504K, reserved 237568K
  class space    used 3191K, committed 3328K, reserved 212992K
}
Event: 5.052 GC heap before
{Heap before GC invocations=4 (full 0):
 garbage-first heap   total 262144K, used 129521K [0x00000000e0000000, 0x0000000100000000)
  region size 1024K, 116 young (118784K), 12 survivors (12288K)
 Metaspace       used 35765K, committed 36096K, reserved 245760K
  class space    used 4963K, committed 5120K, reserved 212992K
}
Event: 5.065 GC heap after
{Heap after GC invocations=5 (full 0):
 garbage-first heap   total 262144K, used 30414K [0x00000000e0000000, 0x0000000100000000)
  region size 1024K, 10 young (10240K), 10 survivors (10240K)
 Metaspace       used 35765K, committed 36096K, reserved 245760K
  class space    used 4963K, committed 5120K, reserved 212992K
}
Event: 1007.391 GC heap before
{Heap before GC invocations=6 (full 0):
 garbage-first heap   total 262144K, used 176846K [0x00000000e0000000, 0x0000000100000000)
  region size 1024K, 153 young (156672K), 10 survivors (10240K)
 Metaspace       used 47561K, committed 48128K, reserved 262144K
  class space    used 6834K, committed 7104K, reserved 212992K
}
Event: 1007.408 GC heap after
{Heap after GC invocations=7 (full 0):
 garbage-first heap   total 262144K, used 40160K [0x00000000e0000000, 0x0000000100000000)
  region size 1024K, 19 young (19456K), 19 survivors (19456K)
 Metaspace       used 47561K, committed 48128K, reserved 262144K
  class space    used 6834K, committed 7104K, reserved 212992K
}

Deoptimization events (20 events):
Event: 1341.755 Thread 0x000001f50bcf3d30 Uncommon trap: trap_request=0xffffff45 fr.pc=0x000001f576327f7c relative=0x0000000000000c3c
Event: 1341.755 Thread 0x000001f50bcf3d30 Uncommon trap: reason=unstable_if action=reinterpret pc=0x000001f576327f7c method=java.lang.AbstractStringBuilder.append(Ljava/lang/String;)Ljava/lang/AbstractStringBuilder; @ 1 c2
Event: 1341.755 Thread 0x000001f50bcf3d30 DEOPT PACKING pc=0x000001f576327f7c sp=0x00000095f63fe170
Event: 1341.755 Thread 0x000001f50bcf3d30 DEOPT UNPACKING pc=0x000001f56e8623a3 sp=0x00000095f63fe100 mode 2
Event: 1341.755 Thread 0x000001f50bcf3d30 Uncommon trap: trap_request=0xffffff45 fr.pc=0x000001f576340e40 relative=0x0000000000000c00
Event: 1341.755 Thread 0x000001f50bcf3d30 Uncommon trap: reason=unstable_if action=reinterpret pc=0x000001f576340e40 method=java.lang.AbstractStringBuilder.append(Ljava/lang/String;)Ljava/lang/AbstractStringBuilder; @ 1 c2
Event: 1341.755 Thread 0x000001f50bcf3d30 DEOPT PACKING pc=0x000001f576340e40 sp=0x00000095f63fe100
Event: 1341.755 Thread 0x000001f50bcf3d30 DEOPT UNPACKING pc=0x000001f56e8623a3 sp=0x00000095f63fe0f8 mode 2
Event: 1403.277 Thread 0x000001f50c4b5420 DEOPT PACKING pc=0x000001f56f14d4dc sp=0x00000095f6ffebb0
Event: 1403.277 Thread 0x000001f50c4b5420 DEOPT UNPACKING pc=0x000001f56e862b43 sp=0x00000095f6ffe130 mode 0
Event: 1522.631 Thread 0x000001f50e1613d0 Uncommon trap: trap_request=0xffffff45 fr.pc=0x000001f5762fe1cc relative=0x000000000000004c
Event: 1522.631 Thread 0x000001f50e1613d0 Uncommon trap: reason=unstable_if action=reinterpret pc=0x000001f5762fe1cc method=java.lang.Thread.interrupted()Z @ 10 c2
Event: 1522.631 Thread 0x000001f50e1613d0 DEOPT PACKING pc=0x000001f5762fe1cc sp=0x00000095f45fef60
Event: 1522.631 Thread 0x000001f50e1613d0 DEOPT UNPACKING pc=0x000001f56e8623a3 sp=0x00000095f45feef0 mode 2
Event: 1712.270 Thread 0x000001f50c4b3270 DEOPT PACKING pc=0x000001f56eed8ed2 sp=0x00000095f68ff480
Event: 1712.270 Thread 0x000001f50c4b3270 DEOPT UNPACKING pc=0x000001f56e862b43 sp=0x00000095f68fe9a0 mode 0
Event: 1713.390 Thread 0x000001f50c4b4f50 DEOPT PACKING pc=0x000001f56eed7b86 sp=0x00000095f6aff470
Event: 1713.390 Thread 0x000001f50c4b4f50 DEOPT UNPACKING pc=0x000001f56e862b43 sp=0x00000095f6afe980 mode 0
Event: 1786.462 Thread 0x000001f50c4b5420 DEOPT PACKING pc=0x000001f56f14d4dc sp=0x00000095f6ffebb0
Event: 1786.462 Thread 0x000001f50c4b5420 DEOPT UNPACKING pc=0x000001f56e862b43 sp=0x00000095f6ffe130 mode 0

Classes unloaded (0 events):
No events

Classes redefined (0 events):
No events

Internal exceptions (20 events):
Event: 7.029 Thread 0x000001f50c4b4f50 Exception <a 'java/lang/NoSuchMethodError'{0x00000000eff8ff90}: static Lorg/gradle/internal/build/event/types/DefaultTaskStartedProgressEvent;.<clinit>()V> (0x00000000eff8ff90) 
thrown [s\src\hotspot\share\prims\jni.cpp, line 1107]
Event: 7.029 Thread 0x000001f50c4b4f50 Exception <a 'java/lang/NoSuchMethodError'{0x00000000eff915f8}: static Lorg/gradle/internal/build/event/types/AbstractProgressEvent;.<clinit>()V> (0x00000000eff915f8) 
thrown [s\src\hotspot\share\prims\jni.cpp, line 1107]
Event: 7.031 Thread 0x000001f50c4b4f50 Exception <a 'java/lang/NoSuchMethodError'{0x00000000eff9b4c0}: static Lorg/gradle/internal/build/event/types/DefaultTaskDescriptor;.<clinit>()V> (0x00000000eff9b4c0) 
thrown [s\src\hotspot\share\prims\jni.cpp, line 1107]
Event: 7.034 Thread 0x000001f50c4b4f50 Exception <a 'java/lang/NoSuchMethodError'{0x00000000e80ced38}: static Lorg/gradle/internal/operations/OperationIdentifier;.<clinit>()V> (0x00000000e80ced38) 
thrown [s\src\hotspot\share\prims\jni.cpp, line 1107]
Event: 7.034 Thread 0x000001f50cbf04f0 Exception <a 'java/lang/IncompatibleClassChangeError'{0x00000000e80f50c8}: Found class java.lang.Object, but interface was expected> (0x00000000e80f50c8) 
thrown [s\src\hotspot\share\interpreter\linkResolver.cpp, line 826]
Event: 7.034 Thread 0x000001f50c4b4f50 Exception <a 'java/lang/NoSuchMethodError'{0x00000000e80d8050}: static Lorg/gradle/internal/build/event/types/DefaultBinaryPluginIdentifier;.<clinit>()V> (0x00000000e80d8050) 
thrown [s\src\hotspot\share\prims\jni.cpp, line 1107]
Event: 7.127 Thread 0x000001f50cbf04f0 Exception <a 'java/lang/IncompatibleClassChangeError'{0x00000000e7da6298}: Found class java.lang.Object, but interface was expected> (0x00000000e7da6298) 
thrown [s\src\hotspot\share\interpreter\linkResolver.cpp, line 826]
Event: 7.130 Thread 0x000001f50cbf04f0 Exception <a 'java/lang/NoSuchMethodError'{0x00000000e7dbae80}: static Ljava/lang/Object;.<clinit>()V> (0x00000000e7dbae80) 
thrown [s\src\hotspot\share\prims\jni.cpp, line 1107]
Event: 7.160 Thread 0x000001f50cbf04f0 Exception <a 'java/lang/NoSuchMethodError'{0x00000000e7b25cd8}: 'int java.lang.invoke.DirectMethodHandle$Holder.invokeStaticInit(java.lang.Object, java.lang.Object, java.lang.Object, java.lang.Object, java.lang.Object)'> (0x00000000e7b25cd8) 
thrown [s\src\hotspot\share\interpreter\linkResolver.cpp, line 759]
Event: 7.192 Thread 0x000001f50c4b4f50 Exception <a 'java/lang/NoSuchMethodError'{0x00000000e80e09f0}: static Lorg/gradle/internal/build/event/types/DefaultTaskFinishedProgressEvent;.<clinit>()V> (0x00000000e80e09f0) 
thrown [s\src\hotspot\share\prims\jni.cpp, line 1107]
Event: 7.194 Thread 0x000001f50c4b4f50 Exception <a 'java/lang/NoSuchMethodError'{0x00000000e7a92bf0}: static Lorg/gradle/internal/build/event/types/DefaultTaskSuccessResult;.<clinit>()V> (0x00000000e7a92bf0) 
thrown [s\src\hotspot\share\prims\jni.cpp, line 1107]
Event: 7.194 Thread 0x000001f50c4b4f50 Exception <a 'java/lang/NoSuchMethodError'{0x00000000e7a93e60}: static Lorg/gradle/internal/build/event/types/AbstractTaskResult;.<clinit>()V> (0x00000000e7a93e60) 
thrown [s\src\hotspot\share\prims\jni.cpp, line 1107]
Event: 7.194 Thread 0x000001f50c4b4f50 Exception <a 'java/lang/NoSuchMethodError'{0x00000000e7a95388}: static Lorg/gradle/internal/build/event/types/AbstractResult;.<clinit>()V> (0x00000000e7a95388) 
thrown [s\src\hotspot\share\prims\jni.cpp, line 1107]
Event: 7.217 Thread 0x000001f50e160f00 Exception <a 'java/lang/NoSuchMethodError'{0x00000000e7af55c8}: 'void java.lang.invoke.DirectMethodHandle$Holder.invokeInterface(java.lang.Object, java.lang.Object, java.lang.Object, java.lang.Object)'> (0x00000000e7af55c8) 
thrown [s\src\hotspot\share\interpreter\linkResolver.cpp, line 759]
Event: 7.224 Thread 0x000001f50e160f00 Exception <a 'java/lang/NoSuchMethodError'{0x00000000e792f740}: 'void java.lang.invoke.DirectMethodHandle$Holder.invokeVirtual(java.lang.Object, java.lang.Object)'> (0x00000000e792f740) 
thrown [s\src\hotspot\share\interpreter\linkResolver.cpp, line 759]
Event: 1318.340 Thread 0x000001f50f304a50 Exception <a 'java/lang/NoSuchMethodError'{0x00000000ef8844a0}: 'void java.lang.invoke.DirectMethodHandle$Holder.invokeSpecial(java.lang.Object, java.lang.Object, java.lang.Object, int)'> (0x00000000ef8844a0) 
thrown [s\src\hotspot\share\interpreter\linkResolver.cpp, line 759]
Event: 1318.346 Thread 0x000001f50f304a50 Exception <a 'java/lang/NoSuchMethodError'{0x00000000ef89d6c0}: static Lorg/gradle/launcher/daemon/protocol/Command;.<clinit>()V> (0x00000000ef89d6c0) 
thrown [s\src\hotspot\share\prims\jni.cpp, line 1107]
Event: 1318.347 Thread 0x000001f50f304a50 Exception <a 'java/lang/NoSuchMethodError'{0x00000000ef8a77f0}: static Lorg/gradle/launcher/daemon/protocol/InvalidateVirtualFileSystem;.<clinit>()V> (0x00000000ef8a77f0) 
thrown [s\src\hotspot\share\prims\jni.cpp, line 1107]
Event: 1341.755 Thread 0x000001f50bcf3d30 Implicit null exception at 0x000001f576327380 to 0x000001f576327f64
Event: 1341.755 Thread 0x000001f50bcf3d30 Implicit null exception at 0x000001f576340280 to 0x000001f576340e28

VM Operations (20 events):
Event: 1491.791 Executing VM operation: Cleanup
Event: 1491.791 Executing VM operation: Cleanup done
Event: 1524.978 Executing VM operation: Cleanup
Event: 1524.978 Executing VM operation: Cleanup done
Event: 1568.289 Executing VM operation: Cleanup
Event: 1568.289 Executing VM operation: Cleanup done
Event: 1601.598 Executing VM operation: Cleanup
Event: 1601.598 Executing VM operation: Cleanup done
Event: 1779.013 Executing VM operation: Cleanup
Event: 1779.013 Executing VM operation: Cleanup done
Event: 1789.064 Executing VM operation: Cleanup
Event: 1789.064 Executing VM operation: Cleanup done
Event: 1802.198 Executing VM operation: Cleanup
Event: 1802.198 Executing VM operation: Cleanup done
Event: 1812.302 Executing VM operation: Cleanup
Event: 1812.302 Executing VM operation: Cleanup done
Event: 1826.421 Executing VM operation: Cleanup
Event: 1826.423 Executing VM operation: Cleanup done
Event: 1836.476 Executing VM operation: Cleanup
Event: 1836.476 Executing VM operation: Cleanup done

Events (20 events):
Event: 1318.344 loading class jdk/internal/access/JavaObjectInputFilterAccess done
Event: 1318.345 loading class jdk/internal/event/DeserializationEvent
Event: 1318.345 loading class jdk/internal/event/DeserializationEvent done
Event: 1318.347 loading class java/io/ObjectInputStream$FieldValues
Event: 1318.347 loading class java/io/ObjectInputStream$GetField
Event: 1318.347 loading class java/io/ObjectInputStream$GetField done
Event: 1318.347 loading class java/io/ObjectInputStream$FieldValues done
Event: 1318.348 loading class java/io/ObjectStreamClass$ExceptionInfo
Event: 1318.348 loading class java/io/ObjectStreamClass$ExceptionInfo done
Event: 1318.353 Thread 0x000001f50f304a50 Thread exited: 0x000001f50f304a50
Event: 1378.363 Thread 0x000001f50215ba00 Thread exited: 0x000001f50215ba00
Event: 1522.628 Thread 0x000001f50f203130 Thread added: 0x000001f50f203130
Event: 1522.629 Thread 0x000001f50e1613d0 Thread added: 0x000001f50e1613d0
Event: 1522.631 Thread 0x000001f50e1613d0 Thread exited: 0x000001f50e1613d0
Event: 1582.635 Thread 0x000001f50f203130 Thread exited: 0x000001f50f203130
Event: 1778.403 Thread 0x000001f50f203600 Thread added: 0x000001f50f203600
Event: 1778.403 Thread 0x000001f50f304a50 Thread added: 0x000001f50f304a50
Event: 1778.406 Thread 0x000001f50f304a50 Thread exited: 0x000001f50f304a50
Event: 1826.043 Thread 0x000001f50cf45090 Thread added: 0x000001f50cf45090
Event: 1826.046 Thread 0x000001f50cf45090 Thread exited: 0x000001f50cf45090


Dynamic libraries:
0x00007ff7b8890000 - 0x00007ff7b889d000 	C:\Users\\.jdks\corretto-17.0.4.1\bin\java.exe
0x00007ff9e73b0000 - 0x00007ff9e75a8000 	C:\WINDOWS\SYSTEM32\ntdll.dll
0x00007ff9e7030000 - 0x00007ff9e70ed000 	C:\WINDOWS\System32\KERNEL32.DLL
0x00007ff9e5130000 - 0x00007ff9e5402000 	C:\WINDOWS\System32\KERNELBASE.dll
0x00007ff9e4ef0000 - 0x00007ff9e4ff0000 	C:\WINDOWS\System32\ucrtbase.dll
0x00007ff9daab0000 - 0x00007ff9daac5000 	C:\Users\\.jdks\corretto-17.0.4.1\bin\VCRUNTIME140.dll
0x00007ff9da940000 - 0x00007ff9da958000 	C:\Users\\.jdks\corretto-17.0.4.1\bin\jli.dll
0x00007ff9e71d0000 - 0x00007ff9e736d000 	C:\WINDOWS\System32\USER32.dll
0x00007ff9e4e20000 - 0x00007ff9e4e42000 	C:\WINDOWS\System32\win32u.dll
0x00007ff9cdf60000 - 0x00007ff9ce1fa000 	C:\WINDOWS\WinSxS\amd64_microsoft.windows.common-controls_6595b64144ccf1df_6.0.19041.1110_none_60b5254171f9507e\COMCTL32.dll
0x00007ff9e71a0000 - 0x00007ff9e71cb000 	C:\WINDOWS\System32\GDI32.dll
0x00007ff9e7100000 - 0x00007ff9e719e000 	C:\WINDOWS\System32\msvcrt.dll
0x00007ff9e4ca0000 - 0x00007ff9e4daf000 	C:\WINDOWS\System32\gdi32full.dll
0x00007ff9e4e50000 - 0x00007ff9e4eed000 	C:\WINDOWS\System32\msvcp_win.dll
0x00007ff9e5670000 - 0x00007ff9e56a0000 	C:\WINDOWS\System32\IMM32.DLL
0x00007ff9c67a0000 - 0x00007ff9c683b000 	C:\Users\\.jdks\corretto-17.0.4.1\bin\msvcp140.dll
0x00007ff96b740000 - 0x00007ff96c354000 	C:\Users\\.jdks\corretto-17.0.4.1\bin\server\jvm.dll
0x00007ff9e5560000 - 0x00007ff9e560e000 	C:\WINDOWS\System32\ADVAPI32.dll
0x00007ff9e6de0000 - 0x00007ff9e6e7c000 	C:\WINDOWS\System32\sechost.dll
0x00007ff9e5410000 - 0x00007ff9e5535000 	C:\WINDOWS\System32\RPCRT4.dll
0x00007ff9e70f0000 - 0x00007ff9e70f8000 	C:\WINDOWS\System32\PSAPI.DLL
0x00007ff9d5a70000 - 0x00007ff9d5a79000 	C:\WINDOWS\SYSTEM32\WSOCK32.dll
0x00007ff9d8340000 - 0x00007ff9d8367000 	C:\WINDOWS\SYSTEM32\WINMM.dll
0x00007ff9de4d0000 - 0x00007ff9de4da000 	C:\WINDOWS\SYSTEM32\VERSION.dll
0x00007ff9e69f0000 - 0x00007ff9e6a5b000 	C:\WINDOWS\System32\WS2_32.dll
0x00007ff9e3360000 - 0x00007ff9e3372000 	C:\WINDOWS\SYSTEM32\kernel.appcore.dll
0x00007ff9daa60000 - 0x00007ff9daa6a000 	C:\Users\\.jdks\corretto-17.0.4.1\bin\jimage.dll
0x00007ff9e2870000 - 0x00007ff9e2a54000 	C:\WINDOWS\SYSTEM32\DBGHELP.DLL
0x00007ff9dc250000 - 0x00007ff9dc27c000 	C:\WINDOWS\SYSTEM32\dbgcore.DLL
0x00007ff9e4ff0000 - 0x00007ff9e5072000 	C:\WINDOWS\System32\bcryptPrimitives.dll
0x00007ff9d7170000 - 0x00007ff9d7195000 	C:\Users\\.jdks\corretto-17.0.4.1\bin\java.dll
0x00007ff9c66c0000 - 0x00007ff9c6796000 	C:\Users\\.jdks\corretto-17.0.4.1\bin\jsvml.dll
0x00007ff9e56a0000 - 0x00007ff9e5de3000 	C:\WINDOWS\System32\SHELL32.dll
0x00007ff9e2a60000 - 0x00007ff9e31f1000 	C:\WINDOWS\SYSTEM32\windows.storage.dll
0x00007ff9e63b0000 - 0x00007ff9e6704000 	C:\WINDOWS\System32\combase.dll
0x00007ff9e4520000 - 0x00007ff9e4550000 	C:\WINDOWS\SYSTEM32\Wldp.dll
0x00007ff9e5e90000 - 0x00007ff9e5f3d000 	C:\WINDOWS\System32\SHCORE.dll
0x00007ff9e5610000 - 0x00007ff9e5665000 	C:\WINDOWS\System32\shlwapi.dll
0x00007ff9e4a00000 - 0x00007ff9e4a1f000 	C:\WINDOWS\SYSTEM32\profapi.dll
0x00007ff9d7350000 - 0x00007ff9d7369000 	C:\Users\\.jdks\corretto-17.0.4.1\bin\net.dll
0x00007ff9dc470000 - 0x00007ff9dc57d000 	C:\WINDOWS\SYSTEM32\WINHTTP.dll
0x00007ff9e4280000 - 0x00007ff9e42ea000 	C:\WINDOWS\system32\mswsock.dll
0x00007ff9d7150000 - 0x00007ff9d7165000 	C:\Users\\.jdks\corretto-17.0.4.1\bin\nio.dll
0x00007ff9d5420000 - 0x00007ff9d5438000 	C:\Users\\.jdks\corretto-17.0.4.1\bin\zip.dll
0x00007ff9d04e0000 - 0x00007ff9d04f0000 	C:\Users\\.jdks\corretto-17.0.4.1\bin\verify.dll
0x00007ff9cf5f0000 - 0x00007ff9cf617000 	C:\Users\\.gradle\native\e1d6ef7f7dcc3fd88c89a11ec53ec762bb8ba0a96d01ffa2cd45eb1d1d8dd5c5\windows-amd64\native-platform.dll
0x00007ff9c7340000 - 0x00007ff9c7484000 	C:\Users\\.gradle\native\0d407fdbe67a94daf76414ababcb853783967236a71b16ec16e742cd7a986fd3\windows-amd64\native-platform-file-events.dll
0x00007ff9dabe0000 - 0x00007ff9dabe9000 	C:\Users\\.jdks\corretto-17.0.4.1\bin\management.dll
0x00007ff9d04d0000 - 0x00007ff9d04db000 	C:\Users\\.jdks\corretto-17.0.4.1\bin\management_ext.dll
0x00007ff9e4480000 - 0x00007ff9e4498000 	C:\WINDOWS\SYSTEM32\CRYPTSP.dll
0x00007ff9e3b30000 - 0x00007ff9e3b64000 	C:\WINDOWS\system32\rsaenh.dll
0x00007ff9e4ac0000 - 0x00007ff9e4ae7000 	C:\WINDOWS\System32\bcrypt.dll
0x00007ff9e4980000 - 0x00007ff9e49ae000 	C:\WINDOWS\SYSTEM32\USERENV.dll
0x00007ff9e4470000 - 0x00007ff9e447c000 	C:\WINDOWS\SYSTEM32\CRYPTBASE.dll
0x00007ff9e3f20000 - 0x00007ff9e3f5b000 	C:\WINDOWS\SYSTEM32\IPHLPAPI.DLL
0x00007ff9e5df0000 - 0x00007ff9e5df8000 	C:\WINDOWS\System32\NSI.dll
0x00007ff9dc930000 - 0x00007ff9dc947000 	C:\WINDOWS\SYSTEM32\dhcpcsvc6.DLL
0x00007ff9dcf90000 - 0x00007ff9dcfad000 	C:\WINDOWS\SYSTEM32\dhcpcsvc.DLL
0x00007ff9e3f60000 - 0x00007ff9e402a000 	C:\WINDOWS\SYSTEM32\DNSAPI.dll
0x00007ff9cff50000 - 0x00007ff9cff5e000 	C:\Users\\.jdks\corretto-17.0.4.1\bin\sunmscapi.dll
0x00007ff9e4b40000 - 0x00007ff9e4c96000 	C:\WINDOWS\System32\CRYPT32.dll
0x00007ff9e4590000 - 0x00007ff9e45b7000 	C:\WINDOWS\SYSTEM32\ncrypt.dll
0x00007ff9e4550000 - 0x00007ff9e458b000 	C:\WINDOWS\SYSTEM32\NTASN1.dll
0x00007ff9dce10000 - 0x00007ff9dce17000 	C:\WINDOWS\system32\wshunix.dll

dbghelp: loaded successfully - version: 4.0.5 - missing functions: none
symbol engine: initialized successfully - sym options: 0x614 - pdb path: .;C:\Users\\.jdks\corretto-17.0.4.1\bin;C:\WINDOWS\SYSTEM32;C:\WINDOWS\WinSxS\amd64_microsoft.windows.common-controls_6595b64144ccf1df_6.0.19041.1110_none_60b5254171f9507e;C:\Users\\.jdks\corretto-17.0.4.1\bin\server;C:\Users\\.gradle\native\e1d6ef7f7dcc3fd88c89a11ec53ec762bb8ba0a96d01ffa2cd45eb1d1d8dd5c5\windows-amd64;C:\Users\\.gradle\native\0d407fdbe67a94daf76414ababcb853783967236a71b16ec16e742cd7a986fd3\windows-amd64

VM Arguments:
jvm_args: --add-opens=java.base/java.util=ALL-UNNAMED --add-opens=java.base/java.lang=ALL-UNNAMED --add-opens=java.base/java.lang.invoke=ALL-UNNAMED --add-opens=java.base/java.util=ALL-UNNAMED --add-opens=java.prefs/java.util.prefs=ALL-UNNAMED --add-opens=java.prefs/java.util.prefs=ALL-UNNAMED --add-opens=java.base/java.nio.charset=ALL-UNNAMED --add-opens=java.base/java.net=ALL-UNNAMED --add-opens=java.base/java.util.concurrent.atomic=ALL-UNNAMED -XX:MaxMetaspaceSize=256m -XX:+HeapDumpOnOutOfMemoryError -Xms256m -Xmx512m -Dfile.encoding=windows-1251 -Duser.country=RU -Duser.language=ru -Duser.variant 
java_command: org.gradle.launcher.daemon.bootstrap.GradleDaemon 7.5.1
java_class_path (initial): C:\Users\\.gradle\wrapper\dists\gradle-7.5.1-bin\7jzzequgds1hbszbhq3npc5ng\gradle-7.5.1\lib\gradle-launcher-7.5.1.jar
Launcher Type: SUN_STANDARD

[Global flags]
     intx CICompilerCount                          = 4                                         {product} {ergonomic}
   size_t CompressedClassSpaceSize                 = 218103808                                 {product} {ergonomic}
     uint ConcGCThreads                            = 2                                         {product} {ergonomic}
     uint G1ConcRefinementThreads                  = 8                                         {product} {ergonomic}
   size_t G1HeapRegionSize                         = 1048576                                   {product} {ergonomic}
    uintx GCDrainStackTargetSize                   = 64                                        {product} {ergonomic}
     bool HeapDumpOnOutOfMemoryError               = true                                   {manageable} {command line}
   size_t InitialHeapSize                          = 268435456                                 {product} {command line}
   size_t MarkStackSize                            = 4194304                                   {product} {ergonomic}
   size_t MaxHeapSize                              = 536870912                                 {product} {command line}
   size_t MaxMetaspaceSize                         = 268435456                                 {product} {command line}
   size_t MaxNewSize                               = 321912832                                 {product} {ergonomic}
   size_t MinHeapDeltaBytes                        = 1048576                                   {product} {ergonomic}
   size_t MinHeapSize                              = 268435456                                 {product} {command line}
    uintx NonNMethodCodeHeapSize                   = 5839372                                {pd product} {ergonomic}
    uintx NonProfiledCodeHeapSize                  = 122909434                              {pd product} {ergonomic}
    uintx ProfiledCodeHeapSize                     = 122909434                              {pd product} {ergonomic}
    uintx ReservedCodeCacheSize                    = 251658240                              {pd product} {ergonomic}
     bool SegmentedCodeCache                       = true                                      {product} {ergonomic}
   size_t SoftMaxHeapSize                          = 536870912                              {manageable} {ergonomic}
     bool UseCompressedClassPointers               = true                           {product lp64_product} {ergonomic}
     bool UseCompressedOops                        = true                           {product lp64_product} {ergonomic}
     bool UseG1GC                                  = true                                      {product} {ergonomic}
     bool UseLargePagesIndividualAllocation        = false                                  {pd product} {ergonomic}

Logging:
Log output configuration:
 #0: stdout all=warning uptime,level,tags
 #1: stderr all=off uptime,level,tags

Environment Variables:
PATH=C:\Program Files (x86)\Intel\iCLS Client\;C:\Program Files\Intel\iCLS Client\;C:\Windows\system32;C:\Windows;C:\Windows\System32\Wbem;C:\Windows\System32\WindowsPowerShell\v1.0\;C:\Program Files (x86)\Intel\Intel(R) Management Engine Components\DAL;C:\Program Files\Intel\Intel(R) Management Engine Components\DAL;C:\Program Files (x86)\Intel\Intel(R) Management Engine Components\IPT;C:\Program Files\Intel\Intel(R) Management Engine Components\IPT;C:\Program Files (x86)\NVIDIA Corporation\PhysX\Common;C:\Program Files\Intel\WiFi\bin\;C:\Program Files\Common Files\Intel\WirelessCommon\;C:\WINDOWS\system32;C:\WINDOWS;C:\WINDOWS\System32\Wbem;C:\WINDOWS\System32\WindowsPowerShell\v1.0\;C:\WINDOWS\System32\OpenSSH\;C:\Program Files (x86)\Borland\Delphi7\Bin;C:\Program Files (x86)\Borland\Delphi7\Projects\Bpl;C:\Program Files\NVIDIA Corporation\NVIDIA NvDLISR;C:\Program Files\Git\cmd;C:\Users\\AppData\Local\Microsoft\WindowsApps;
USERNAME=
OS=Windows_NT
PROCESSOR_IDENTIFIER=Intel64 Family 6 Model 94 Stepping 3, GenuineIntel
TMP=C:\Users\4CFA~1\AppData\Local\Temp
TEMP=C:\Users\4CFA~1\AppData\Local\Temp



---------------  S Y S T E M  ---------------

OS:
 Windows 10 , 64 bit Build 19041 (10.0.19041.1889)
OS uptime: 9 days 21:31 hours

CPU: total 8 (initial active 8) (4 cores per cpu, 2 threads per core) family 6 model 94 stepping 3 microcode 0xcc, cx8, cmov, fxsr, ht, mmx, 3dnowpref, sse, sse2, sse3, ssse3, sse4.1, sse4.2, popcnt, lzcnt, tsc, tscinvbit, avx, avx2, aes, erms, clmul, bmi1, bmi2, rtm, adx, fma, vzeroupper, clflush, clflushopt

Memory: 4k page, system-wide physical 12186M (2089M free)
TotalPageFile size 17223M (AvailPageFile size 1049M)
current process WorkingSet (physical memory assigned to process): 342M, peak: 356M
current process commit charge ("private bytes"): 444M, peak: 495M

vm_info: OpenJDK 64-Bit Server VM (17.0.4.1+9-LTS) for windows-amd64 JRE (17.0.4.1+9-LTS), built on Aug 12 2022 17:33:36 by "Administrator" with MS VC++ 15.9 (VS2017)

END.
