#
# There is insufficient memory for the Java Runtime Environment to continue.
# Native memory allocation (malloc) failed to allocate 2204416 bytes for Chunk::new
# Possible reasons:
#   The system is out of physical RAM or swap space
#   The process is running with CompressedOops enabled, and the Java Heap may be blocking the growth of the native heap
# Possible solutions:
#   Reduce memory load on the system
#   Increase physical memory or swap space
#   Check if swap backing store is full
#   Decrease Java heap size (-Xmx/-Xms)
#   Decrease number of Java threads
#   Decrease Java thread stack sizes (-Xss)
#   Set larger code cache with -XX:ReservedCodeCacheSize=
#   JVM is running with Unscaled Compressed Oops mode in which the Java heap is
#     placed in the first 4GB address space. The Java Heap base address is the
#     maximum limit for the native heap growth. Please use -XX:HeapBaseMinAddress
#     to set the Java Heap base and to place the Java Heap above 4GB virtual address.
# This output file may be truncated or incomplete.
#
#  Out of Memory Error (arena.cpp:189), pid=9864, tid=7256
#
# JRE version: OpenJDK Runtime Environment Corretto-17.0.4.9.1 (17.0.4.1+9) (build 17.0.4.1+9-LTS)
# Java VM: OpenJDK 64-Bit Server VM Corretto-17.0.4.9.1 (17.0.4.1+9-LTS, mixed mode, sharing, tiered, compressed oops, compressed class ptrs, g1 gc, windows-amd64)
# No core dump will be written. Minidumps are not enabled by default on client versions of Windows
#

---------------  S U M M A R Y ------------

Command Line: -XX:MaxMetaspaceSize=256m -XX:+HeapDumpOnOutOfMemoryError -agentlib:jdwp=transport=dt_socket,server=n,suspend=y,address=127.0.0.1:62311 --add-opens=java.base/java.util=ALL-UNNAMED --add-opens=java.base/java.lang=ALL-UNNAMED --add-opens=java.base/java.lang.invoke=ALL-UNNAMED --add-opens=java.base/java.util=ALL-UNNAMED --add-opens=java.prefs/java.util.prefs=ALL-UNNAMED --add-opens=java.prefs/java.util.prefs=ALL-UNNAMED --add-opens=java.base/java.nio.charset=ALL-UNNAMED --add-opens=java.base/java.net=ALL-UNNAMED --add-opens=java.base/java.util.concurrent.atomic=ALL-UNNAMED -Xms256m -Xmx512m -Dfile.encoding=windows-1251 -Duser.country=RU -Duser.language=ru -Duser.variant org.gradle.launcher.daemon.bootstrap.GradleDaemon 7.5.1

Host: Intel(R) Core(TM) i7-6700HQ CPU @ 2.60GHz, 8 cores, 11G,  Windows 10 , 64 bit Build 19041 (10.0.19041.1889)
Time: Tue Oct 25 23:11:46 2022 RTZ 2 (s 10 , 64 bit Build 19041 (10.0.19041.1889) elapsed time: 3.813583 seconds (0d 0h 0m 3s)

---------------  T H R E A D  ---------------

Current thread (0x0000028b6ebd5650):  JavaThread "C2 CompilerThread1" daemon [_thread_in_native, id=7256, stack(0x0000009f3ce00000,0x0000009f3cf00000)]


Current CompileTask:
C2:   3813 2232       4       jdk.internal.org.objectweb.asm.Frame::execute (2305 bytes)

Stack: [0x0000009f3ce00000,0x0000009f3cf00000]
Native frames: (J=compiled Java code, j=interpreted, Vv=VM code, C=native code)
V  [jvm.dll+0x64724a]
V  [jvm.dll+0x7f87a4]
V  [jvm.dll+0x7f9f5e]
V  [jvm.dll+0x7fa5b3]
V  [jvm.dll+0x234ed8]
V  [jvm.dll+0xbce1b]
V  [jvm.dll+0xbd3ac]
V  [jvm.dll+0x34dc07]
V  [jvm.dll+0x31849f]
V  [jvm.dll+0x3178da]
V  [jvm.dll+0x209585]
V  [jvm.dll+0x208b17]
V  [jvm.dll+0x198ded]
V  [jvm.dll+0x217eb9]
V  [jvm.dll+0x216104]
V  [jvm.dll+0x7b0d5b]
V  [jvm.dll+0x7ab31a]
V  [jvm.dll+0x6460f5]
C  [ucrtbase.dll+0x21bb2]
C  [KERNEL32.DLL+0x17034]
C  [ntdll.dll+0x526a1]


---------------  P R O C E S S  ---------------

Threads class SMR info:
_java_thread_list=0x0000028b77f34b30, length=32, elements={
0x0000028b5295ae50, 0x0000028b6dc5c3c0, 0x0000028b6dc5d140, 0x0000028b6dc79bf0,
0x0000028b6dc7c4c0, 0x0000028b6dc7d520, 0x0000028b6dc815a0, 0x0000028b6dca5ef0,
0x0000028b6dca7450, 0x0000028b6dcb40f0, 0x0000028b6e922290, 0x0000028b6e92ac70,
0x0000028b6e940b50, 0x0000028b6e943860, 0x0000028b6e95b980, 0x0000028b77aa9bb0,
0x0000028b77731ba0, 0x0000028b6e9e5430, 0x0000028b784b53c0, 0x0000028b78b79830,
0x0000028b782149e0, 0x0000028b78accc70, 0x0000028b771602f0, 0x0000028b7715f950,
0x0000028b7715dc70, 0x0000028b7715d2d0, 0x0000028b7715e140, 0x0000028b7715d7a0,
0x0000028b6ebd5650, 0x0000028b6ebd5b60, 0x0000028b7715f480, 0x0000028b7b6fece0
}

Java Threads: ( => current thread )
  0x0000028b5295ae50 JavaThread "main" [_thread_blocked, id=1248, stack(0x0000009f3a400000,0x0000009f3a500000)]
  0x0000028b6dc5c3c0 JavaThread "Reference Handler" daemon [_thread_blocked, id=4356, stack(0x0000009f3ab00000,0x0000009f3ac00000)]
  0x0000028b6dc5d140 JavaThread "Finalizer" daemon [_thread_blocked, id=14060, stack(0x0000009f3ac00000,0x0000009f3ad00000)]
  0x0000028b6dc79bf0 JavaThread "Signal Dispatcher" daemon [_thread_blocked, id=17716, stack(0x0000009f3ad00000,0x0000009f3ae00000)]
  0x0000028b6dc7c4c0 JavaThread "Attach Listener" daemon [_thread_blocked, id=16664, stack(0x0000009f3ae00000,0x0000009f3af00000)]
  0x0000028b6dc7d520 JavaThread "Service Thread" daemon [_thread_blocked, id=18160, stack(0x0000009f3af00000,0x0000009f3b000000)]
  0x0000028b6dc815a0 JavaThread "Monitor Deflation Thread" daemon [_thread_blocked, id=6844, stack(0x0000009f3b000000,0x0000009f3b100000)]
  0x0000028b6dca5ef0 JavaThread "C2 CompilerThread0" daemon [_thread_in_native, id=12772, stack(0x0000009f3b100000,0x0000009f3b200000)]
  0x0000028b6dca7450 JavaThread "C1 CompilerThread0" daemon [_thread_in_vm, id=16592, stack(0x0000009f3b200000,0x0000009f3b300000)]
  0x0000028b6dcb40f0 JavaThread "Sweeper thread" daemon [_thread_blocked, id=1068, stack(0x0000009f3b300000,0x0000009f3b400000)]
  0x0000028b6e922290 JavaThread "Common-Cleaner" daemon [_thread_blocked, id=11908, stack(0x0000009f3b400000,0x0000009f3b500000)]
  0x0000028b6e92ac70 JavaThread "JDWP Transport Listener: dt_socket" daemon [_thread_blocked, id=16600, stack(0x0000009f3b500000,0x0000009f3b600000)]
  0x0000028b6e940b50 JavaThread "JDWP Event Helper Thread" daemon [_thread_blocked, id=7500, stack(0x0000009f3b600000,0x0000009f3b700000)]
  0x0000028b6e943860 JavaThread "JDWP Command Reader" daemon [_thread_in_native, id=10416, stack(0x0000009f3b700000,0x0000009f3b800000)]
  0x0000028b6e95b980 JavaThread "Notification Thread" daemon [_thread_blocked, id=17116, stack(0x0000009f3b800000,0x0000009f3b900000)]
  0x0000028b77aa9bb0 JavaThread "Daemon health stats" [_thread_blocked, id=12540, stack(0x0000009f3c300000,0x0000009f3c400000)]
  0x0000028b77731ba0 JavaThread "Incoming local TCP Connector on port 62315" [_thread_in_native, id=16840, stack(0x0000009f3c400000,0x0000009f3c500000)]
  0x0000028b6e9e5430 JavaThread "Daemon periodic checks" [_thread_blocked, id=12208, stack(0x0000009f3ba00000,0x0000009f3bb00000)]
  0x0000028b784b53c0 JavaThread "Daemon" [_thread_blocked, id=9716, stack(0x0000009f3bb00000,0x0000009f3bc00000)]
  0x0000028b78b79830 JavaThread "Handler for socket connection from /127.0.0.1:62315 to /127.0.0.1:62316" [_thread_in_native, id=2296, stack(0x0000009f3c500000,0x0000009f3c600000)]
  0x0000028b782149e0 JavaThread "Cancel handler" [_thread_blocked, id=9560, stack(0x0000009f3c600000,0x0000009f3c700000)]
  0x0000028b78accc70 JavaThread "Daemon worker" [_thread_in_native, id=9444, stack(0x0000009f3c700000,0x0000009f3c800000)]
  0x0000028b771602f0 JavaThread "Asynchronous log dispatcher for DefaultDaemonConnection: socket connection from /127.0.0.1:62315 to /127.0.0.1:62316" [_thread_blocked, id=13516, stack(0x0000009f3c800000,0x0000009f3c900000)]
  0x0000028b7715f950 JavaThread "Stdin handler" [_thread_blocked, id=17612, stack(0x0000009f3c900000,0x0000009f3ca00000)]
  0x0000028b7715dc70 JavaThread "Daemon client event forwarder" [_thread_blocked, id=15064, stack(0x0000009f3ca00000,0x0000009f3cb00000)]
  0x0000028b7715d2d0 JavaThread "Cache worker for journal cache (C:\Users\Роман\.gradle\caches\journal-1)" [_thread_blocked, id=14204, stack(0x0000009f3cb00000,0x0000009f3cc00000)]
  0x0000028b7715e140 JavaThread "File lock request listener" [_thread_in_native, id=12104, stack(0x0000009f3cc00000,0x0000009f3cd00000)]
  0x0000028b7715d7a0 JavaThread "Cache worker for file hash cache (C:\Users\Роман\.gradle\caches\7.5.1\fileHashes)" [_thread_blocked, id=16668, stack(0x0000009f3cd00000,0x0000009f3ce00000)]
=>0x0000028b6ebd5650 JavaThread "C2 CompilerThread1" daemon [_thread_in_native, id=7256, stack(0x0000009f3ce00000,0x0000009f3cf00000)]
  0x0000028b6ebd5b60 JavaThread "C2 CompilerThread2" daemon [_thread_in_native, id=5712, stack(0x0000009f3cf00000,0x0000009f3d000000)]
  0x0000028b7715f480 JavaThread "File watcher server" daemon [_thread_in_native, id=8752, stack(0x0000009f3d000000,0x0000009f3d100000)]
  0x0000028b7b6fece0 JavaThread "File watcher consumer" daemon [_thread_blocked, id=3380, stack(0x0000009f3d100000,0x0000009f3d200000)]

Other Threads:
  0x0000028b6dc586f0 VMThread "VM Thread" [stack: 0x0000009f3aa00000,0x0000009f3ab00000] [id=11740]
  0x0000028b6e95be50 WatcherThread [stack: 0x0000009f3b900000,0x0000009f3ba00000] [id=7248]
  0x0000028b52989f30 GCTaskThread "GC Thread#0" [stack: 0x0000009f3a500000,0x0000009f3a600000] [id=17580]
  0x0000028b77080c20 GCTaskThread "GC Thread#1" [stack: 0x0000009f3bc00000,0x0000009f3bd00000] [id=2712]
  0x0000028b6f38faf0 GCTaskThread "GC Thread#2" [stack: 0x0000009f3bd00000,0x0000009f3be00000] [id=16344]
  0x0000028b77161290 GCTaskThread "GC Thread#3" [stack: 0x0000009f3be00000,0x0000009f3bf00000] [id=17348]
  0x0000028b76fb3c30 GCTaskThread "GC Thread#4" [stack: 0x0000009f3bf00000,0x0000009f3c000000] [id=17304]
  0x0000028b6f382680 GCTaskThread "GC Thread#5" [stack: 0x0000009f3c000000,0x0000009f3c100000] [id=16824]
  0x0000028b772f8240 GCTaskThread "GC Thread#6" [stack: 0x0000009f3c100000,0x0000009f3c200000] [id=15736]
  0x0000028b77057c10 GCTaskThread "GC Thread#7" [stack: 0x0000009f3c200000,0x0000009f3c300000] [id=14848]
  0x0000028b5298ed80 ConcurrentGCThread "G1 Main Marker" [stack: 0x0000009f3a600000,0x0000009f3a700000] [id=4856]
  0x0000028b5298fee0 ConcurrentGCThread "G1 Conc#0" [stack: 0x0000009f3a700000,0x0000009f3a800000] [id=3516]
  0x0000028b52a3e4d0 ConcurrentGCThread "G1 Refine#0" [stack: 0x0000009f3a800000,0x0000009f3a900000] [id=6564]
  0x0000028b6db000b0 ConcurrentGCThread "G1 Service" [stack: 0x0000009f3a900000,0x0000009f3aa00000] [id=15012]

Threads with active compile tasks:
C2 CompilerThread0     3846 2272       4       java.net.URLClassLoader$1::run (5 bytes)
C2 CompilerThread1     3846 2232       4       jdk.internal.org.objectweb.asm.Frame::execute (2305 bytes)
C2 CompilerThread2     3846 2273   !   4       java.net.URLClassLoader$1::run (81 bytes)

VM state: not at safepoint (normal execution)

VM Mutex/Monitor currently owned by a thread: None

Heap address: 0x00000000e0000000, size: 512 MB, Compressed Oops mode: 32-bit

CDS archive(s) mapped at: [0x0000000800000000-0x0000000800bc0000-0x0000000800bc0000), size 12320768, SharedBaseAddress: 0x0000000800000000, ArchiveRelocationMode: 0.
Compressed class space mapped at: 0x0000000800c00000-0x000000080dc00000, reserved size: 218103808
Narrow klass base: 0x0000000800000000, Narrow klass shift: 0, Narrow klass range: 0x100000000

GC Precious Log:
 CPUs: 8 total, 8 available
 Memory: 12186M
 Large Page Support: Disabled
 NUMA Support: Disabled
 Compressed Oops: Enabled (32-bit)
 Heap Region Size: 1M
 Heap Min Capacity: 256M
 Heap Initial Capacity: 256M
 Heap Max Capacity: 512M
 Pre-touch: Disabled
 Parallel Workers: 8
 Concurrent Workers: 2
 Concurrent Refinement Workers: 8
 Periodic GC: Disabled

Heap:
 garbage-first heap   total 262144K, used 107439K [0x00000000e0000000, 0x0000000100000000)
  region size 1024K, 97 young (99328K), 1 survivors (1024K)
 Metaspace       used 18250K, committed 18496K, reserved 229376K
  class space    used 2701K, committed 2816K, reserved 212992K

Heap Regions: E=young(eden), S=young(survivor), O=old, HS=humongous(starts), HC=humongous(continues), CS=collection set, F=free, OA=open archive, CA=closed archive, TAMS=top-at-mark-start (previous, next)
|   0|0x00000000e0000000, 0x00000000e0100000, 0x00000000e0100000|100%| O|  |TAMS 0x00000000e0000000, 0x00000000e0000000| Untracked 
|   1|0x00000000e0100000, 0x00000000e0200000, 0x00000000e0200000|100%| O|  |TAMS 0x00000000e0100000, 0x00000000e0100000| Untracked 
|   2|0x00000000e0200000, 0x00000000e0300000, 0x00000000e0300000|100%| O|  |TAMS 0x00000000e0200000, 0x00000000e0200000| Untracked 
|   3|0x00000000e0300000, 0x00000000e0400000, 0x00000000e0400000|100%|HS|  |TAMS 0x00000000e0300000, 0x00000000e0300000| Complete 
|   4|0x00000000e0400000, 0x00000000e0500000, 0x00000000e0500000|100%|HC|  |TAMS 0x00000000e0400000, 0x00000000e0400000| Complete 
|   5|0x00000000e0500000, 0x00000000e0600000, 0x00000000e0600000|100%|HC|  |TAMS 0x00000000e0500000, 0x00000000e0500000| Complete 
|   6|0x00000000e0600000, 0x00000000e0700000, 0x00000000e0700000|100%| O|  |TAMS 0x00000000e0600000, 0x00000000e0600000| Untracked 
|   7|0x00000000e0700000, 0x00000000e0800000, 0x00000000e0800000|100%| O|  |TAMS 0x00000000e0700000, 0x00000000e0700000| Untracked 
|   8|0x00000000e0800000, 0x00000000e0900000, 0x00000000e0900000|100%| O|  |TAMS 0x00000000e0800000, 0x00000000e0800000| Untracked 
|   9|0x00000000e0900000, 0x00000000e0909608, 0x00000000e0a00000|  3%| O|  |TAMS 0x00000000e0900000, 0x00000000e0900000| Untracked 
|  10|0x00000000e0a00000, 0x00000000e0b00000, 0x00000000e0b00000|100%|HS|  |TAMS 0x00000000e0a00000, 0x00000000e0a00000| Complete 
|  11|0x00000000e0b00000, 0x00000000e0b00000, 0x00000000e0c00000|  0%| F|  |TAMS 0x00000000e0b00000, 0x00000000e0b00000| Untracked 
|  12|0x00000000e0c00000, 0x00000000e0c00000, 0x00000000e0d00000|  0%| F|  |TAMS 0x00000000e0c00000, 0x00000000e0c00000| Untracked 
|  13|0x00000000e0d00000, 0x00000000e0d00000, 0x00000000e0e00000|  0%| F|  |TAMS 0x00000000e0d00000, 0x00000000e0d00000| Untracked 
|  14|0x00000000e0e00000, 0x00000000e0e00000, 0x00000000e0f00000|  0%| F|  |TAMS 0x00000000e0e00000, 0x00000000e0e00000| Untracked 
|  15|0x00000000e0f00000, 0x00000000e0f00000, 0x00000000e1000000|  0%| F|  |TAMS 0x00000000e0f00000, 0x00000000e0f00000| Untracked 
|  16|0x00000000e1000000, 0x00000000e1000000, 0x00000000e1100000|  0%| F|  |TAMS 0x00000000e1000000, 0x00000000e1000000| Untracked 
|  17|0x00000000e1100000, 0x00000000e1100000, 0x00000000e1200000|  0%| F|  |TAMS 0x00000000e1100000, 0x00000000e1100000| Untracked 
|  18|0x00000000e1200000, 0x00000000e1200000, 0x00000000e1300000|  0%| F|  |TAMS 0x00000000e1200000, 0x00000000e1200000| Untracked 
|  19|0x00000000e1300000, 0x00000000e1300000, 0x00000000e1400000|  0%| F|  |TAMS 0x00000000e1300000, 0x00000000e1300000| Untracked 
|  20|0x00000000e1400000, 0x00000000e1400000, 0x00000000e1500000|  0%| F|  |TAMS 0x00000000e1400000, 0x00000000e1400000| Untracked 
|  21|0x00000000e1500000, 0x00000000e1500000, 0x00000000e1600000|  0%| F|  |TAMS 0x00000000e1500000, 0x00000000e1500000| Untracked 
|  22|0x00000000e1600000, 0x00000000e1600000, 0x00000000e1700000|  0%| F|  |TAMS 0x00000000e1600000, 0x00000000e1600000| Untracked 
|  23|0x00000000e1700000, 0x00000000e1700000, 0x00000000e1800000|  0%| F|  |TAMS 0x00000000e1700000, 0x00000000e1700000| Untracked 
|  24|0x00000000e1800000, 0x00000000e1800000, 0x00000000e1900000|  0%| F|  |TAMS 0x00000000e1800000, 0x00000000e1800000| Untracked 
|  25|0x00000000e1900000, 0x00000000e1900000, 0x00000000e1a00000|  0%| F|  |TAMS 0x00000000e1900000, 0x00000000e1900000| Untracked 
|  26|0x00000000e1a00000, 0x00000000e1a00000, 0x00000000e1b00000|  0%| F|  |TAMS 0x00000000e1a00000, 0x00000000e1a00000| Untracked 
|  27|0x00000000e1b00000, 0x00000000e1b00000, 0x00000000e1c00000|  0%| F|  |TAMS 0x00000000e1b00000, 0x00000000e1b00000| Untracked 
|  28|0x00000000e1c00000, 0x00000000e1c00000, 0x00000000e1d00000|  0%| F|  |TAMS 0x00000000e1c00000, 0x00000000e1c00000| Untracked 
|  29|0x00000000e1d00000, 0x00000000e1d00000, 0x00000000e1e00000|  0%| F|  |TAMS 0x00000000e1d00000, 0x00000000e1d00000| Untracked 
|  30|0x00000000e1e00000, 0x00000000e1e00000, 0x00000000e1f00000|  0%| F|  |TAMS 0x00000000e1e00000, 0x00000000e1e00000| Untracked 
|  31|0x00000000e1f00000, 0x00000000e1f00000, 0x00000000e2000000|  0%| F|  |TAMS 0x00000000e1f00000, 0x00000000e1f00000| Untracked 
|  32|0x00000000e2000000, 0x00000000e2000000, 0x00000000e2100000|  0%| F|  |TAMS 0x00000000e2000000, 0x00000000e2000000| Untracked 
|  33|0x00000000e2100000, 0x00000000e2100000, 0x00000000e2200000|  0%| F|  |TAMS 0x00000000e2100000, 0x00000000e2100000| Untracked 
|  34|0x00000000e2200000, 0x00000000e2200000, 0x00000000e2300000|  0%| F|  |TAMS 0x00000000e2200000, 0x00000000e2200000| Untracked 
|  35|0x00000000e2300000, 0x00000000e2300000, 0x00000000e2400000|  0%| F|  |TAMS 0x00000000e2300000, 0x00000000e2300000| Untracked 
|  36|0x00000000e2400000, 0x00000000e2400000, 0x00000000e2500000|  0%| F|  |TAMS 0x00000000e2400000, 0x00000000e2400000| Untracked 
|  37|0x00000000e2500000, 0x00000000e2500000, 0x00000000e2600000|  0%| F|  |TAMS 0x00000000e2500000, 0x00000000e2500000| Untracked 
|  38|0x00000000e2600000, 0x00000000e2600000, 0x00000000e2700000|  0%| F|  |TAMS 0x00000000e2600000, 0x00000000e2600000| Untracked 
|  39|0x00000000e2700000, 0x00000000e2700000, 0x00000000e2800000|  0%| F|  |TAMS 0x00000000e2700000, 0x00000000e2700000| Untracked 
|  40|0x00000000e2800000, 0x00000000e2800000, 0x00000000e2900000|  0%| F|  |TAMS 0x00000000e2800000, 0x00000000e2800000| Untracked 
|  41|0x00000000e2900000, 0x00000000e2900000, 0x00000000e2a00000|  0%| F|  |TAMS 0x00000000e2900000, 0x00000000e2900000| Untracked 
|  42|0x00000000e2a00000, 0x00000000e2a00000, 0x00000000e2b00000|  0%| F|  |TAMS 0x00000000e2a00000, 0x00000000e2a00000| Untracked 
|  43|0x00000000e2b00000, 0x00000000e2b00000, 0x00000000e2c00000|  0%| F|  |TAMS 0x00000000e2b00000, 0x00000000e2b00000| Untracked 
|  44|0x00000000e2c00000, 0x00000000e2c00000, 0x00000000e2d00000|  0%| F|  |TAMS 0x00000000e2c00000, 0x00000000e2c00000| Untracked 
|  45|0x00000000e2d00000, 0x00000000e2d00000, 0x00000000e2e00000|  0%| F|  |TAMS 0x00000000e2d00000, 0x00000000e2d00000| Untracked 
|  46|0x00000000e2e00000, 0x00000000e2e00000, 0x00000000e2f00000|  0%| F|  |TAMS 0x00000000e2e00000, 0x00000000e2e00000| Untracked 
|  47|0x00000000e2f00000, 0x00000000e2f00000, 0x00000000e3000000|  0%| F|  |TAMS 0x00000000e2f00000, 0x00000000e2f00000| Untracked 
|  48|0x00000000e3000000, 0x00000000e3000000, 0x00000000e3100000|  0%| F|  |TAMS 0x00000000e3000000, 0x00000000e3000000| Untracked 
|  49|0x00000000e3100000, 0x00000000e3100000, 0x00000000e3200000|  0%| F|  |TAMS 0x00000000e3100000, 0x00000000e3100000| Untracked 
|  50|0x00000000e3200000, 0x00000000e3200000, 0x00000000e3300000|  0%| F|  |TAMS 0x00000000e3200000, 0x00000000e3200000| Untracked 
|  51|0x00000000e3300000, 0x00000000e3300000, 0x00000000e3400000|  0%| F|  |TAMS 0x00000000e3300000, 0x00000000e3300000| Untracked 
|  52|0x00000000e3400000, 0x00000000e3400000, 0x00000000e3500000|  0%| F|  |TAMS 0x00000000e3400000, 0x00000000e3400000| Untracked 
|  53|0x00000000e3500000, 0x00000000e3500000, 0x00000000e3600000|  0%| F|  |TAMS 0x00000000e3500000, 0x00000000e3500000| Untracked 
|  54|0x00000000e3600000, 0x00000000e3600000, 0x00000000e3700000|  0%| F|  |TAMS 0x00000000e3600000, 0x00000000e3600000| Untracked 
|  55|0x00000000e3700000, 0x00000000e3700000, 0x00000000e3800000|  0%| F|  |TAMS 0x00000000e3700000, 0x00000000e3700000| Untracked 
|  56|0x00000000e3800000, 0x00000000e3800000, 0x00000000e3900000|  0%| F|  |TAMS 0x00000000e3800000, 0x00000000e3800000| Untracked 
|  57|0x00000000e3900000, 0x00000000e3900000, 0x00000000e3a00000|  0%| F|  |TAMS 0x00000000e3900000, 0x00000000e3900000| Untracked 
|  58|0x00000000e3a00000, 0x00000000e3a00000, 0x00000000e3b00000|  0%| F|  |TAMS 0x00000000e3a00000, 0x00000000e3a00000| Untracked 
|  59|0x00000000e3b00000, 0x00000000e3b00000, 0x00000000e3c00000|  0%| F|  |TAMS 0x00000000e3b00000, 0x00000000e3b00000| Untracked 
|  60|0x00000000e3c00000, 0x00000000e3c00000, 0x00000000e3d00000|  0%| F|  |TAMS 0x00000000e3c00000, 0x00000000e3c00000| Untracked 
|  61|0x00000000e3d00000, 0x00000000e3d00000, 0x00000000e3e00000|  0%| F|  |TAMS 0x00000000e3d00000, 0x00000000e3d00000| Untracked 
|  62|0x00000000e3e00000, 0x00000000e3e00000, 0x00000000e3f00000|  0%| F|  |TAMS 0x00000000e3e00000, 0x00000000e3e00000| Untracked 
|  63|0x00000000e3f00000, 0x00000000e3f00000, 0x00000000e4000000|  0%| F|  |TAMS 0x00000000e3f00000, 0x00000000e3f00000| Untracked 
|  64|0x00000000e4000000, 0x00000000e4000000, 0x00000000e4100000|  0%| F|  |TAMS 0x00000000e4000000, 0x00000000e4000000| Untracked 
|  65|0x00000000e4100000, 0x00000000e4100000, 0x00000000e4200000|  0%| F|  |TAMS 0x00000000e4100000, 0x00000000e4100000| Untracked 
|  66|0x00000000e4200000, 0x00000000e4200000, 0x00000000e4300000|  0%| F|  |TAMS 0x00000000e4200000, 0x00000000e4200000| Untracked 
|  67|0x00000000e4300000, 0x00000000e4300000, 0x00000000e4400000|  0%| F|  |TAMS 0x00000000e4300000, 0x00000000e4300000| Untracked 
|  68|0x00000000e4400000, 0x00000000e4400000, 0x00000000e4500000|  0%| F|  |TAMS 0x00000000e4400000, 0x00000000e4400000| Untracked 
|  69|0x00000000e4500000, 0x00000000e4500000, 0x00000000e4600000|  0%| F|  |TAMS 0x00000000e4500000, 0x00000000e4500000| Untracked 
|  70|0x00000000e4600000, 0x00000000e4600000, 0x00000000e4700000|  0%| F|  |TAMS 0x00000000e4600000, 0x00000000e4600000| Untracked 
|  71|0x00000000e4700000, 0x00000000e4700000, 0x00000000e4800000|  0%| F|  |TAMS 0x00000000e4700000, 0x00000000e4700000| Untracked 
|  72|0x00000000e4800000, 0x00000000e4800000, 0x00000000e4900000|  0%| F|  |TAMS 0x00000000e4800000, 0x00000000e4800000| Untracked 
|  73|0x00000000e4900000, 0x00000000e4900000, 0x00000000e4a00000|  0%| F|  |TAMS 0x00000000e4900000, 0x00000000e4900000| Untracked 
|  74|0x00000000e4a00000, 0x00000000e4a00000, 0x00000000e4b00000|  0%| F|  |TAMS 0x00000000e4a00000, 0x00000000e4a00000| Untracked 
|  75|0x00000000e4b00000, 0x00000000e4b00000, 0x00000000e4c00000|  0%| F|  |TAMS 0x00000000e4b00000, 0x00000000e4b00000| Untracked 
|  76|0x00000000e4c00000, 0x00000000e4c00000, 0x00000000e4d00000|  0%| F|  |TAMS 0x00000000e4c00000, 0x00000000e4c00000| Untracked 
|  77|0x00000000e4d00000, 0x00000000e4d00000, 0x00000000e4e00000|  0%| F|  |TAMS 0x00000000e4d00000, 0x00000000e4d00000| Untracked 
|  78|0x00000000e4e00000, 0x00000000e4e00000, 0x00000000e4f00000|  0%| F|  |TAMS 0x00000000e4e00000, 0x00000000e4e00000| Untracked 
|  79|0x00000000e4f00000, 0x00000000e4f00000, 0x00000000e5000000|  0%| F|  |TAMS 0x00000000e4f00000, 0x00000000e4f00000| Untracked 
|  80|0x00000000e5000000, 0x00000000e5000000, 0x00000000e5100000|  0%| F|  |TAMS 0x00000000e5000000, 0x00000000e5000000| Untracked 
|  81|0x00000000e5100000, 0x00000000e5100000, 0x00000000e5200000|  0%| F|  |TAMS 0x00000000e5100000, 0x00000000e5100000| Untracked 
|  82|0x00000000e5200000, 0x00000000e5200000, 0x00000000e5300000|  0%| F|  |TAMS 0x00000000e5200000, 0x00000000e5200000| Untracked 
|  83|0x00000000e5300000, 0x00000000e5300000, 0x00000000e5400000|  0%| F|  |TAMS 0x00000000e5300000, 0x00000000e5300000| Untracked 
|  84|0x00000000e5400000, 0x00000000e5400000, 0x00000000e5500000|  0%| F|  |TAMS 0x00000000e5400000, 0x00000000e5400000| Untracked 
|  85|0x00000000e5500000, 0x00000000e5500000, 0x00000000e5600000|  0%| F|  |TAMS 0x00000000e5500000, 0x00000000e5500000| Untracked 
|  86|0x00000000e5600000, 0x00000000e5600000, 0x00000000e5700000|  0%| F|  |TAMS 0x00000000e5600000, 0x00000000e5600000| Untracked 
|  87|0x00000000e5700000, 0x00000000e5700000, 0x00000000e5800000|  0%| F|  |TAMS 0x00000000e5700000, 0x00000000e5700000| Untracked 
|  88|0x00000000e5800000, 0x00000000e5800000, 0x00000000e5900000|  0%| F|  |TAMS 0x00000000e5800000, 0x00000000e5800000| Untracked 
|  89|0x00000000e5900000, 0x00000000e5900000, 0x00000000e5a00000|  0%| F|  |TAMS 0x00000000e5900000, 0x00000000e5900000| Untracked 
|  90|0x00000000e5a00000, 0x00000000e5a00000, 0x00000000e5b00000|  0%| F|  |TAMS 0x00000000e5a00000, 0x00000000e5a00000| Untracked 
|  91|0x00000000e5b00000, 0x00000000e5b00000, 0x00000000e5c00000|  0%| F|  |TAMS 0x00000000e5b00000, 0x00000000e5b00000| Untracked 
|  92|0x00000000e5c00000, 0x00000000e5c00000, 0x00000000e5d00000|  0%| F|  |TAMS 0x00000000e5c00000, 0x00000000e5c00000| Untracked 
|  93|0x00000000e5d00000, 0x00000000e5d00000, 0x00000000e5e00000|  0%| F|  |TAMS 0x00000000e5d00000, 0x00000000e5d00000| Untracked 
|  94|0x00000000e5e00000, 0x00000000e5e00000, 0x00000000e5f00000|  0%| F|  |TAMS 0x00000000e5e00000, 0x00000000e5e00000| Untracked 
|  95|0x00000000e5f00000, 0x00000000e5f00000, 0x00000000e6000000|  0%| F|  |TAMS 0x00000000e5f00000, 0x00000000e5f00000| Untracked 
|  96|0x00000000e6000000, 0x00000000e6000000, 0x00000000e6100000|  0%| F|  |TAMS 0x00000000e6000000, 0x00000000e6000000| Untracked 
|  97|0x00000000e6100000, 0x00000000e6100000, 0x00000000e6200000|  0%| F|  |TAMS 0x00000000e6100000, 0x00000000e6100000| Untracked 
|  98|0x00000000e6200000, 0x00000000e6200000, 0x00000000e6300000|  0%| F|  |TAMS 0x00000000e6200000, 0x00000000e6200000| Untracked 
|  99|0x00000000e6300000, 0x00000000e6300000, 0x00000000e6400000|  0%| F|  |TAMS 0x00000000e6300000, 0x00000000e6300000| Untracked 
| 100|0x00000000e6400000, 0x00000000e6400000, 0x00000000e6500000|  0%| F|  |TAMS 0x00000000e6400000, 0x00000000e6400000| Untracked 
| 101|0x00000000e6500000, 0x00000000e6500000, 0x00000000e6600000|  0%| F|  |TAMS 0x00000000e6500000, 0x00000000e6500000| Untracked 
| 102|0x00000000e6600000, 0x00000000e6600000, 0x00000000e6700000|  0%| F|  |TAMS 0x00000000e6600000, 0x00000000e6600000| Untracked 
| 103|0x00000000e6700000, 0x00000000e6700000, 0x00000000e6800000|  0%| F|  |TAMS 0x00000000e6700000, 0x00000000e6700000| Untracked 
| 104|0x00000000e6800000, 0x00000000e6800000, 0x00000000e6900000|  0%| F|  |TAMS 0x00000000e6800000, 0x00000000e6800000| Untracked 
| 105|0x00000000e6900000, 0x00000000e6900000, 0x00000000e6a00000|  0%| F|  |TAMS 0x00000000e6900000, 0x00000000e6900000| Untracked 
| 106|0x00000000e6a00000, 0x00000000e6a00000, 0x00000000e6b00000|  0%| F|  |TAMS 0x00000000e6a00000, 0x00000000e6a00000| Untracked 
| 107|0x00000000e6b00000, 0x00000000e6b00000, 0x00000000e6c00000|  0%| F|  |TAMS 0x00000000e6b00000, 0x00000000e6b00000| Untracked 
| 108|0x00000000e6c00000, 0x00000000e6c00000, 0x00000000e6d00000|  0%| F|  |TAMS 0x00000000e6c00000, 0x00000000e6c00000| Untracked 
| 109|0x00000000e6d00000, 0x00000000e6d00000, 0x00000000e6e00000|  0%| F|  |TAMS 0x00000000e6d00000, 0x00000000e6d00000| Untracked 
| 110|0x00000000e6e00000, 0x00000000e6e00000, 0x00000000e6f00000|  0%| F|  |TAMS 0x00000000e6e00000, 0x00000000e6e00000| Untracked 
| 111|0x00000000e6f00000, 0x00000000e6f00000, 0x00000000e7000000|  0%| F|  |TAMS 0x00000000e6f00000, 0x00000000e6f00000| Untracked 
| 112|0x00000000e7000000, 0x00000000e7000000, 0x00000000e7100000|  0%| F|  |TAMS 0x00000000e7000000, 0x00000000e7000000| Untracked 
| 113|0x00000000e7100000, 0x00000000e7100000, 0x00000000e7200000|  0%| F|  |TAMS 0x00000000e7100000, 0x00000000e7100000| Untracked 
| 114|0x00000000e7200000, 0x00000000e7200000, 0x00000000e7300000|  0%| F|  |TAMS 0x00000000e7200000, 0x00000000e7200000| Untracked 
| 115|0x00000000e7300000, 0x00000000e7300000, 0x00000000e7400000|  0%| F|  |TAMS 0x00000000e7300000, 0x00000000e7300000| Untracked 
| 116|0x00000000e7400000, 0x00000000e7400000, 0x00000000e7500000|  0%| F|  |TAMS 0x00000000e7400000, 0x00000000e7400000| Untracked 
| 117|0x00000000e7500000, 0x00000000e7500000, 0x00000000e7600000|  0%| F|  |TAMS 0x00000000e7500000, 0x00000000e7500000| Untracked 
| 118|0x00000000e7600000, 0x00000000e7600000, 0x00000000e7700000|  0%| F|  |TAMS 0x00000000e7600000, 0x00000000e7600000| Untracked 
| 119|0x00000000e7700000, 0x00000000e7700000, 0x00000000e7800000|  0%| F|  |TAMS 0x00000000e7700000, 0x00000000e7700000| Untracked 
| 120|0x00000000e7800000, 0x00000000e7800000, 0x00000000e7900000|  0%| F|  |TAMS 0x00000000e7800000, 0x00000000e7800000| Untracked 
| 121|0x00000000e7900000, 0x00000000e7900000, 0x00000000e7a00000|  0%| F|  |TAMS 0x00000000e7900000, 0x00000000e7900000| Untracked 
| 122|0x00000000e7a00000, 0x00000000e7a00000, 0x00000000e7b00000|  0%| F|  |TAMS 0x00000000e7a00000, 0x00000000e7a00000| Untracked 
| 123|0x00000000e7b00000, 0x00000000e7b00000, 0x00000000e7c00000|  0%| F|  |TAMS 0x00000000e7b00000, 0x00000000e7b00000| Untracked 
| 124|0x00000000e7c00000, 0x00000000e7c00000, 0x00000000e7d00000|  0%| F|  |TAMS 0x00000000e7c00000, 0x00000000e7c00000| Untracked 
| 125|0x00000000e7d00000, 0x00000000e7d00000, 0x00000000e7e00000|  0%| F|  |TAMS 0x00000000e7d00000, 0x00000000e7d00000| Untracked 
| 126|0x00000000e7e00000, 0x00000000e7e00000, 0x00000000e7f00000|  0%| F|  |TAMS 0x00000000e7e00000, 0x00000000e7e00000| Untracked 
| 127|0x00000000e7f00000, 0x00000000e7f00000, 0x00000000e8000000|  0%| F|  |TAMS 0x00000000e7f00000, 0x00000000e7f00000| Untracked 
| 128|0x00000000e8000000, 0x00000000e8000000, 0x00000000e8100000|  0%| F|  |TAMS 0x00000000e8000000, 0x00000000e8000000| Untracked 
| 129|0x00000000e8100000, 0x00000000e8100000, 0x00000000e8200000|  0%| F|  |TAMS 0x00000000e8100000, 0x00000000e8100000| Untracked 
| 130|0x00000000e8200000, 0x00000000e8200000, 0x00000000e8300000|  0%| F|  |TAMS 0x00000000e8200000, 0x00000000e8200000| Untracked 
| 131|0x00000000e8300000, 0x00000000e8300000, 0x00000000e8400000|  0%| F|  |TAMS 0x00000000e8300000, 0x00000000e8300000| Untracked 
| 132|0x00000000e8400000, 0x00000000e8400000, 0x00000000e8500000|  0%| F|  |TAMS 0x00000000e8400000, 0x00000000e8400000| Untracked 
| 133|0x00000000e8500000, 0x00000000e8500000, 0x00000000e8600000|  0%| F|  |TAMS 0x00000000e8500000, 0x00000000e8500000| Untracked 
| 134|0x00000000e8600000, 0x00000000e8600000, 0x00000000e8700000|  0%| F|  |TAMS 0x00000000e8600000, 0x00000000e8600000| Untracked 
| 135|0x00000000e8700000, 0x00000000e8700000, 0x00000000e8800000|  0%| F|  |TAMS 0x00000000e8700000, 0x00000000e8700000| Untracked 
| 136|0x00000000e8800000, 0x00000000e8800000, 0x00000000e8900000|  0%| F|  |TAMS 0x00000000e8800000, 0x00000000e8800000| Untracked 
| 137|0x00000000e8900000, 0x00000000e8900000, 0x00000000e8a00000|  0%| F|  |TAMS 0x00000000e8900000, 0x00000000e8900000| Untracked 
| 138|0x00000000e8a00000, 0x00000000e8a00000, 0x00000000e8b00000|  0%| F|  |TAMS 0x00000000e8a00000, 0x00000000e8a00000| Untracked 
| 139|0x00000000e8b00000, 0x00000000e8b00000, 0x00000000e8c00000|  0%| F|  |TAMS 0x00000000e8b00000, 0x00000000e8b00000| Untracked 
| 140|0x00000000e8c00000, 0x00000000e8c00000, 0x00000000e8d00000|  0%| F|  |TAMS 0x00000000e8c00000, 0x00000000e8c00000| Untracked 
| 141|0x00000000e8d00000, 0x00000000e8d00000, 0x00000000e8e00000|  0%| F|  |TAMS 0x00000000e8d00000, 0x00000000e8d00000| Untracked 
| 142|0x00000000e8e00000, 0x00000000e8e00000, 0x00000000e8f00000|  0%| F|  |TAMS 0x00000000e8e00000, 0x00000000e8e00000| Untracked 
| 143|0x00000000e8f00000, 0x00000000e8f00000, 0x00000000e9000000|  0%| F|  |TAMS 0x00000000e8f00000, 0x00000000e8f00000| Untracked 
| 144|0x00000000e9000000, 0x00000000e9000000, 0x00000000e9100000|  0%| F|  |TAMS 0x00000000e9000000, 0x00000000e9000000| Untracked 
| 145|0x00000000e9100000, 0x00000000e9100000, 0x00000000e9200000|  0%| F|  |TAMS 0x00000000e9100000, 0x00000000e9100000| Untracked 
| 146|0x00000000e9200000, 0x00000000e9200000, 0x00000000e9300000|  0%| F|  |TAMS 0x00000000e9200000, 0x00000000e9200000| Untracked 
| 147|0x00000000e9300000, 0x00000000e9300000, 0x00000000e9400000|  0%| F|  |TAMS 0x00000000e9300000, 0x00000000e9300000| Untracked 
| 148|0x00000000e9400000, 0x00000000e9400000, 0x00000000e9500000|  0%| F|  |TAMS 0x00000000e9400000, 0x00000000e9400000| Untracked 
| 149|0x00000000e9500000, 0x00000000e9500000, 0x00000000e9600000|  0%| F|  |TAMS 0x00000000e9500000, 0x00000000e9500000| Untracked 
| 150|0x00000000e9600000, 0x00000000e9600000, 0x00000000e9700000|  0%| F|  |TAMS 0x00000000e9600000, 0x00000000e9600000| Untracked 
| 151|0x00000000e9700000, 0x00000000e9700000, 0x00000000e9800000|  0%| F|  |TAMS 0x00000000e9700000, 0x00000000e9700000| Untracked 
| 152|0x00000000e9800000, 0x00000000e9800000, 0x00000000e9900000|  0%| F|  |TAMS 0x00000000e9800000, 0x00000000e9800000| Untracked 
| 153|0x00000000e9900000, 0x00000000e9900000, 0x00000000e9a00000|  0%| F|  |TAMS 0x00000000e9900000, 0x00000000e9900000| Untracked 
| 154|0x00000000e9a00000, 0x00000000e9a00000, 0x00000000e9b00000|  0%| F|  |TAMS 0x00000000e9a00000, 0x00000000e9a00000| Untracked 
| 155|0x00000000e9b00000, 0x00000000e9b00000, 0x00000000e9c00000|  0%| F|  |TAMS 0x00000000e9b00000, 0x00000000e9b00000| Untracked 
| 156|0x00000000e9c00000, 0x00000000e9c00000, 0x00000000e9d00000|  0%| F|  |TAMS 0x00000000e9c00000, 0x00000000e9c00000| Untracked 
| 157|0x00000000e9d00000, 0x00000000e9d00000, 0x00000000e9e00000|  0%| F|  |TAMS 0x00000000e9d00000, 0x00000000e9d00000| Untracked 
| 158|0x00000000e9e00000, 0x00000000e9e00000, 0x00000000e9f00000|  0%| F|  |TAMS 0x00000000e9e00000, 0x00000000e9e00000| Untracked 
| 159|0x00000000e9f00000, 0x00000000ea000000, 0x00000000ea000000|100%| E|  |TAMS 0x00000000e9f00000, 0x00000000e9f00000| Complete 
| 160|0x00000000ea000000, 0x00000000ea100000, 0x00000000ea100000|100%| E|CS|TAMS 0x00000000ea000000, 0x00000000ea000000| Complete 
| 161|0x00000000ea100000, 0x00000000ea200000, 0x00000000ea200000|100%| E|CS|TAMS 0x00000000ea100000, 0x00000000ea100000| Complete 
| 162|0x00000000ea200000, 0x00000000ea300000, 0x00000000ea300000|100%| E|CS|TAMS 0x00000000ea200000, 0x00000000ea200000| Complete 
| 163|0x00000000ea300000, 0x00000000ea400000, 0x00000000ea400000|100%| E|CS|TAMS 0x00000000ea300000, 0x00000000ea300000| Complete 
| 164|0x00000000ea400000, 0x00000000ea500000, 0x00000000ea500000|100%| E|CS|TAMS 0x00000000ea400000, 0x00000000ea400000| Complete 
| 165|0x00000000ea500000, 0x00000000ea600000, 0x00000000ea600000|100%| E|CS|TAMS 0x00000000ea500000, 0x00000000ea500000| Complete 
| 166|0x00000000ea600000, 0x00000000ea700000, 0x00000000ea700000|100%| E|CS|TAMS 0x00000000ea600000, 0x00000000ea600000| Complete 
| 167|0x00000000ea700000, 0x00000000ea800000, 0x00000000ea800000|100%| E|CS|TAMS 0x00000000ea700000, 0x00000000ea700000| Complete 
| 168|0x00000000ea800000, 0x00000000ea900000, 0x00000000ea900000|100%| E|CS|TAMS 0x00000000ea800000, 0x00000000ea800000| Complete 
| 169|0x00000000ea900000, 0x00000000eaa00000, 0x00000000eaa00000|100%| E|CS|TAMS 0x00000000ea900000, 0x00000000ea900000| Complete 
| 170|0x00000000eaa00000, 0x00000000eab00000, 0x00000000eab00000|100%| E|CS|TAMS 0x00000000eaa00000, 0x00000000eaa00000| Complete 
| 171|0x00000000eab00000, 0x00000000eac00000, 0x00000000eac00000|100%| E|CS|TAMS 0x00000000eab00000, 0x00000000eab00000| Complete 
| 172|0x00000000eac00000, 0x00000000ead00000, 0x00000000ead00000|100%| E|CS|TAMS 0x00000000eac00000, 0x00000000eac00000| Complete 
| 173|0x00000000ead00000, 0x00000000eae00000, 0x00000000eae00000|100%| E|CS|TAMS 0x00000000ead00000, 0x00000000ead00000| Complete 
| 174|0x00000000eae00000, 0x00000000eaf00000, 0x00000000eaf00000|100%| E|CS|TAMS 0x00000000eae00000, 0x00000000eae00000| Complete 
| 175|0x00000000eaf00000, 0x00000000eb000000, 0x00000000eb000000|100%| E|CS|TAMS 0x00000000eaf00000, 0x00000000eaf00000| Complete 
| 176|0x00000000eb000000, 0x00000000eb100000, 0x00000000eb100000|100%| E|CS|TAMS 0x00000000eb000000, 0x00000000eb000000| Complete 
| 177|0x00000000eb100000, 0x00000000eb200000, 0x00000000eb200000|100%| E|CS|TAMS 0x00000000eb100000, 0x00000000eb100000| Complete 
| 178|0x00000000eb200000, 0x00000000eb300000, 0x00000000eb300000|100%| E|CS|TAMS 0x00000000eb200000, 0x00000000eb200000| Complete 
| 179|0x00000000eb300000, 0x00000000eb400000, 0x00000000eb400000|100%| E|CS|TAMS 0x00000000eb300000, 0x00000000eb300000| Complete 
| 180|0x00000000eb400000, 0x00000000eb500000, 0x00000000eb500000|100%| E|CS|TAMS 0x00000000eb400000, 0x00000000eb400000| Complete 
| 181|0x00000000eb500000, 0x00000000eb600000, 0x00000000eb600000|100%| E|CS|TAMS 0x00000000eb500000, 0x00000000eb500000| Complete 
| 182|0x00000000eb600000, 0x00000000eb700000, 0x00000000eb700000|100%| E|CS|TAMS 0x00000000eb600000, 0x00000000eb600000| Complete 
| 183|0x00000000eb700000, 0x00000000eb800000, 0x00000000eb800000|100%| E|CS|TAMS 0x00000000eb700000, 0x00000000eb700000| Complete 
| 184|0x00000000eb800000, 0x00000000eb900000, 0x00000000eb900000|100%| E|CS|TAMS 0x00000000eb800000, 0x00000000eb800000| Complete 
| 185|0x00000000eb900000, 0x00000000eba00000, 0x00000000eba00000|100%| E|CS|TAMS 0x00000000eb900000, 0x00000000eb900000| Complete 
| 186|0x00000000eba00000, 0x00000000ebb00000, 0x00000000ebb00000|100%| E|CS|TAMS 0x00000000eba00000, 0x00000000eba00000| Complete 
| 187|0x00000000ebb00000, 0x00000000ebc00000, 0x00000000ebc00000|100%| E|CS|TAMS 0x00000000ebb00000, 0x00000000ebb00000| Complete 
| 188|0x00000000ebc00000, 0x00000000ebd00000, 0x00000000ebd00000|100%| E|CS|TAMS 0x00000000ebc00000, 0x00000000ebc00000| Complete 
| 189|0x00000000ebd00000, 0x00000000ebe00000, 0x00000000ebe00000|100%| E|CS|TAMS 0x00000000ebd00000, 0x00000000ebd00000| Complete 
| 190|0x00000000ebe00000, 0x00000000ebf00000, 0x00000000ebf00000|100%| E|CS|TAMS 0x00000000ebe00000, 0x00000000ebe00000| Complete 
| 191|0x00000000ebf00000, 0x00000000ec000000, 0x00000000ec000000|100%| E|CS|TAMS 0x00000000ebf00000, 0x00000000ebf00000| Complete 
| 192|0x00000000ec000000, 0x00000000ec100000, 0x00000000ec100000|100%| E|CS|TAMS 0x00000000ec000000, 0x00000000ec000000| Complete 
| 193|0x00000000ec100000, 0x00000000ec200000, 0x00000000ec200000|100%| E|CS|TAMS 0x00000000ec100000, 0x00000000ec100000| Complete 
| 194|0x00000000ec200000, 0x00000000ec300000, 0x00000000ec300000|100%| E|CS|TAMS 0x00000000ec200000, 0x00000000ec200000| Complete 
| 195|0x00000000ec300000, 0x00000000ec400000, 0x00000000ec400000|100%| E|CS|TAMS 0x00000000ec300000, 0x00000000ec300000| Complete 
| 196|0x00000000ec400000, 0x00000000ec500000, 0x00000000ec500000|100%| E|CS|TAMS 0x00000000ec400000, 0x00000000ec400000| Complete 
| 197|0x00000000ec500000, 0x00000000ec600000, 0x00000000ec600000|100%| E|CS|TAMS 0x00000000ec500000, 0x00000000ec500000| Complete 
| 198|0x00000000ec600000, 0x00000000ec700000, 0x00000000ec700000|100%| E|CS|TAMS 0x00000000ec600000, 0x00000000ec600000| Complete 
| 199|0x00000000ec700000, 0x00000000ec800000, 0x00000000ec800000|100%| E|CS|TAMS 0x00000000ec700000, 0x00000000ec700000| Complete 
| 200|0x00000000ec800000, 0x00000000ec900000, 0x00000000ec900000|100%| E|CS|TAMS 0x00000000ec800000, 0x00000000ec800000| Complete 
| 201|0x00000000ec900000, 0x00000000eca00000, 0x00000000eca00000|100%| E|CS|TAMS 0x00000000ec900000, 0x00000000ec900000| Complete 
| 202|0x00000000eca00000, 0x00000000ecb00000, 0x00000000ecb00000|100%| E|CS|TAMS 0x00000000eca00000, 0x00000000eca00000| Complete 
| 203|0x00000000ecb00000, 0x00000000ecc00000, 0x00000000ecc00000|100%| E|CS|TAMS 0x00000000ecb00000, 0x00000000ecb00000| Complete 
| 204|0x00000000ecc00000, 0x00000000ecd00000, 0x00000000ecd00000|100%| E|CS|TAMS 0x00000000ecc00000, 0x00000000ecc00000| Complete 
| 205|0x00000000ecd00000, 0x00000000ece00000, 0x00000000ece00000|100%| E|CS|TAMS 0x00000000ecd00000, 0x00000000ecd00000| Complete 
| 206|0x00000000ece00000, 0x00000000ecf00000, 0x00000000ecf00000|100%| E|CS|TAMS 0x00000000ece00000, 0x00000000ece00000| Complete 
| 207|0x00000000ecf00000, 0x00000000ed000000, 0x00000000ed000000|100%| E|CS|TAMS 0x00000000ecf00000, 0x00000000ecf00000| Complete 
| 208|0x00000000ed000000, 0x00000000ed100000, 0x00000000ed100000|100%| E|CS|TAMS 0x00000000ed000000, 0x00000000ed000000| Complete 
| 209|0x00000000ed100000, 0x00000000ed200000, 0x00000000ed200000|100%| E|CS|TAMS 0x00000000ed100000, 0x00000000ed100000| Complete 
| 210|0x00000000ed200000, 0x00000000ed300000, 0x00000000ed300000|100%| E|CS|TAMS 0x00000000ed200000, 0x00000000ed200000| Complete 
| 211|0x00000000ed300000, 0x00000000ed400000, 0x00000000ed400000|100%| E|CS|TAMS 0x00000000ed300000, 0x00000000ed300000| Complete 
| 212|0x00000000ed400000, 0x00000000ed500000, 0x00000000ed500000|100%| E|CS|TAMS 0x00000000ed400000, 0x00000000ed400000| Complete 
| 213|0x00000000ed500000, 0x00000000ed600000, 0x00000000ed600000|100%| E|CS|TAMS 0x00000000ed500000, 0x00000000ed500000| Complete 
| 214|0x00000000ed600000, 0x00000000ed700000, 0x00000000ed700000|100%| E|CS|TAMS 0x00000000ed600000, 0x00000000ed600000| Complete 
| 215|0x00000000ed700000, 0x00000000ed800000, 0x00000000ed800000|100%| E|CS|TAMS 0x00000000ed700000, 0x00000000ed700000| Complete 
| 216|0x00000000ed800000, 0x00000000ed900000, 0x00000000ed900000|100%| E|CS|TAMS 0x00000000ed800000, 0x00000000ed800000| Complete 
| 217|0x00000000ed900000, 0x00000000eda00000, 0x00000000eda00000|100%| E|CS|TAMS 0x00000000ed900000, 0x00000000ed900000| Complete 
| 218|0x00000000eda00000, 0x00000000edb00000, 0x00000000edb00000|100%| E|CS|TAMS 0x00000000eda00000, 0x00000000eda00000| Complete 
| 219|0x00000000edb00000, 0x00000000edc00000, 0x00000000edc00000|100%| E|CS|TAMS 0x00000000edb00000, 0x00000000edb00000| Complete 
| 220|0x00000000edc00000, 0x00000000edd00000, 0x00000000edd00000|100%| E|CS|TAMS 0x00000000edc00000, 0x00000000edc00000| Complete 
| 221|0x00000000edd00000, 0x00000000ede00000, 0x00000000ede00000|100%| E|CS|TAMS 0x00000000edd00000, 0x00000000edd00000| Complete 
| 222|0x00000000ede00000, 0x00000000edf00000, 0x00000000edf00000|100%| E|CS|TAMS 0x00000000ede00000, 0x00000000ede00000| Complete 
| 223|0x00000000edf00000, 0x00000000ee000000, 0x00000000ee000000|100%| E|CS|TAMS 0x00000000edf00000, 0x00000000edf00000| Complete 
| 224|0x00000000ee000000, 0x00000000ee0e2710, 0x00000000ee100000| 88%| S|CS|TAMS 0x00000000ee000000, 0x00000000ee000000| Complete 
| 225|0x00000000ee100000, 0x00000000ee200000, 0x00000000ee200000|100%| E|CS|TAMS 0x00000000ee100000, 0x00000000ee100000| Complete 
| 226|0x00000000ee200000, 0x00000000ee300000, 0x00000000ee300000|100%| E|CS|TAMS 0x00000000ee200000, 0x00000000ee200000| Complete 
| 227|0x00000000ee300000, 0x00000000ee400000, 0x00000000ee400000|100%| E|CS|TAMS 0x00000000ee300000, 0x00000000ee300000| Complete 
| 228|0x00000000ee400000, 0x00000000ee500000, 0x00000000ee500000|100%| E|CS|TAMS 0x00000000ee400000, 0x00000000ee400000| Complete 
| 229|0x00000000ee500000, 0x00000000ee600000, 0x00000000ee600000|100%| E|CS|TAMS 0x00000000ee500000, 0x00000000ee500000| Complete 
| 230|0x00000000ee600000, 0x00000000ee700000, 0x00000000ee700000|100%| E|CS|TAMS 0x00000000ee600000, 0x00000000ee600000| Complete 
| 231|0x00000000ee700000, 0x00000000ee800000, 0x00000000ee800000|100%| E|CS|TAMS 0x00000000ee700000, 0x00000000ee700000| Complete 
| 232|0x00000000ee800000, 0x00000000ee900000, 0x00000000ee900000|100%| E|CS|TAMS 0x00000000ee800000, 0x00000000ee800000| Complete 
| 233|0x00000000ee900000, 0x00000000eea00000, 0x00000000eea00000|100%| E|CS|TAMS 0x00000000ee900000, 0x00000000ee900000| Complete 
| 234|0x00000000eea00000, 0x00000000eeb00000, 0x00000000eeb00000|100%| E|CS|TAMS 0x00000000eea00000, 0x00000000eea00000| Complete 
| 235|0x00000000eeb00000, 0x00000000eec00000, 0x00000000eec00000|100%| E|CS|TAMS 0x00000000eeb00000, 0x00000000eeb00000| Complete 
| 236|0x00000000eec00000, 0x00000000eed00000, 0x00000000eed00000|100%| E|CS|TAMS 0x00000000eec00000, 0x00000000eec00000| Complete 
| 237|0x00000000eed00000, 0x00000000eee00000, 0x00000000eee00000|100%| E|CS|TAMS 0x00000000eed00000, 0x00000000eed00000| Complete 
| 238|0x00000000eee00000, 0x00000000eef00000, 0x00000000eef00000|100%| E|CS|TAMS 0x00000000eee00000, 0x00000000eee00000| Complete 
| 239|0x00000000eef00000, 0x00000000ef000000, 0x00000000ef000000|100%| E|CS|TAMS 0x00000000eef00000, 0x00000000eef00000| Complete 
| 240|0x00000000ef000000, 0x00000000ef100000, 0x00000000ef100000|100%| E|CS|TAMS 0x00000000ef000000, 0x00000000ef000000| Complete 
| 241|0x00000000ef100000, 0x00000000ef200000, 0x00000000ef200000|100%| E|CS|TAMS 0x00000000ef100000, 0x00000000ef100000| Complete 
| 242|0x00000000ef200000, 0x00000000ef300000, 0x00000000ef300000|100%| E|CS|TAMS 0x00000000ef200000, 0x00000000ef200000| Complete 
| 243|0x00000000ef300000, 0x00000000ef400000, 0x00000000ef400000|100%| E|CS|TAMS 0x00000000ef300000, 0x00000000ef300000| Complete 
| 244|0x00000000ef400000, 0x00000000ef500000, 0x00000000ef500000|100%| E|CS|TAMS 0x00000000ef400000, 0x00000000ef400000| Complete 
| 245|0x00000000ef500000, 0x00000000ef600000, 0x00000000ef600000|100%| E|CS|TAMS 0x00000000ef500000, 0x00000000ef500000| Complete 
| 246|0x00000000ef600000, 0x00000000ef700000, 0x00000000ef700000|100%| E|CS|TAMS 0x00000000ef600000, 0x00000000ef600000| Complete 
| 247|0x00000000ef700000, 0x00000000ef800000, 0x00000000ef800000|100%| E|  |TAMS 0x00000000ef700000, 0x00000000ef700000| Complete 
| 248|0x00000000ef800000, 0x00000000ef900000, 0x00000000ef900000|100%| E|CS|TAMS 0x00000000ef800000, 0x00000000ef800000| Complete 
| 249|0x00000000ef900000, 0x00000000efa00000, 0x00000000efa00000|100%| E|CS|TAMS 0x00000000ef900000, 0x00000000ef900000| Complete 
| 250|0x00000000efa00000, 0x00000000efb00000, 0x00000000efb00000|100%| E|CS|TAMS 0x00000000efa00000, 0x00000000efa00000| Complete 
| 251|0x00000000efb00000, 0x00000000efc00000, 0x00000000efc00000|100%| E|CS|TAMS 0x00000000efb00000, 0x00000000efb00000| Complete 
| 252|0x00000000efc00000, 0x00000000efd00000, 0x00000000efd00000|100%| E|CS|TAMS 0x00000000efc00000, 0x00000000efc00000| Complete 
| 253|0x00000000efd00000, 0x00000000efe00000, 0x00000000efe00000|100%| E|CS|TAMS 0x00000000efd00000, 0x00000000efd00000| Complete 
| 254|0x00000000efe00000, 0x00000000eff00000, 0x00000000eff00000|100%| E|CS|TAMS 0x00000000efe00000, 0x00000000efe00000| Complete 
| 255|0x00000000eff00000, 0x00000000f0000000, 0x00000000f0000000|100%| E|CS|TAMS 0x00000000eff00000, 0x00000000eff00000| Complete 

Card table byte_map: [0x0000028b6a010000,0x0000028b6a110000] _byte_map_base: 0x0000028b69910000

Marking Bits (Prev, Next): (CMBitMap*) 0x0000028b5298a450, (CMBitMap*) 0x0000028b5298a490
 Prev Bits: [0x0000028b6a210000, 0x0000028b6aa10000)
 Next Bits: [0x0000028b6aa10000, 0x0000028b6b210000)

Polling page: 0x0000028b5a470000

Metaspace:

Usage:
  Non-class:     15.24 MB used.
      Class:      2.65 MB used.
       Both:     17.89 MB used.

Virtual space:
  Non-class space:       16.00 MB reserved,      15.44 MB ( 96%) committed,  2 nodes.
      Class space:      208.00 MB reserved,       2.75 MB (  1%) committed,  1 nodes.
             Both:      224.00 MB reserved,      18.19 MB (  8%) committed. 

Chunk freelists:
   Non-Class:  544.00 KB
       Class:  1.13 MB
        Both:  1.66 MB

MaxMetaspaceSize: 256.00 MB
CompressedClassSpaceSize: 208.00 MB
Initial GC threshold: 21.00 MB
Current GC threshold: 21.00 MB
CDS: on
MetaspaceReclaimPolicy: balanced
 - commit_granule_bytes: 65536.
 - commit_granule_words: 8192.
 - virtual_space_node_default_size: 1048576.
 - enlarge_chunks_in_place: 1.
 - new_chunks_are_fully_committed: 0.
 - uncommit_free_chunks: 1.
 - use_allocation_guard: 0.
 - handle_deallocations: 1.


Internal statistics:

num_allocs_failed_limit: 0.
num_arena_births: 214.
num_arena_deaths: 0.
num_vsnodes_births: 3.
num_vsnodes_deaths: 0.
num_space_committed: 291.
num_space_uncommitted: 0.
num_chunks_returned_to_freelist: 0.
num_chunks_taken_from_freelist: 829.
num_chunk_merges: 0.
num_chunk_splits: 549.
num_chunks_enlarged: 419.
num_purges: 0.
num_inconsistent_stats: 0.

CodeHeap 'non-profiled nmethods': size=120000Kb used=1333Kb max_used=1333Kb free=118666Kb
 bounds [0x0000028b61f60000, 0x0000028b621d0000, 0x0000028b69490000]
CodeHeap 'profiled nmethods': size=120000Kb used=4966Kb max_used=4966Kb free=115033Kb
 bounds [0x0000028b5aa30000, 0x0000028b5af10000, 0x0000028b61f60000]
CodeHeap 'non-nmethods': size=5760Kb used=1292Kb max_used=1363Kb free=4467Kb
 bounds [0x0000028b5a490000, 0x0000028b5a700000, 0x0000028b5aa30000]
 total_blobs=2933 nmethods=2398 adapters=447
 compilation: enabled
              stopped_count=0, restarted_count=0
 full_count=0

Compilation events (20 events):
Event: 3.751 Thread 0x0000028b6dca7450 2385       3       java.lang.Module::isExported (18 bytes)
Event: 3.752 Thread 0x0000028b6dca7450 nmethod 2385 0x0000028b5aef8d10 code [0x0000028b5aef8f00, 0x0000028b5aef9328]
Event: 3.765 Thread 0x0000028b6dca7450 2386       3       java.lang.reflect.Constructor::getRoot (5 bytes)
Event: 3.765 Thread 0x0000028b6dca7450 nmethod 2386 0x0000028b5aef9510 code [0x0000028b5aef96a0, 0x0000028b5aef97b8]
Event: 3.771 Thread 0x0000028b6dca7450 2387       3       java.util.concurrent.locks.ReentrantLock$NonfairSync::initialTryLock (58 bytes)
Event: 3.771 Thread 0x0000028b6dca7450 nmethod 2387 0x0000028b5aef9890 code [0x0000028b5aef9a80, 0x0000028b5aef9e98]
Event: 3.773 Thread 0x0000028b6dca7450 2389       3       jdk.internal.org.objectweb.asm.FieldWriter::visitEnd (1 bytes)
Event: 3.773 Thread 0x0000028b6dca7450 nmethod 2389 0x0000028b5aefa010 code [0x0000028b5aefa1a0, 0x0000028b5aefa2b8]
Event: 3.802 Thread 0x0000028b6dca7450 2391       3       com.google.common.base.CharMatcher$IsEither::matches (22 bytes)
Event: 3.802 Thread 0x0000028b6dca7450 nmethod 2391 0x0000028b5aefa390 code [0x0000028b5aefa520, 0x0000028b5aefa6d8]
Event: 3.805 Thread 0x0000028b6dca7450 2392       3       java.util.Collections$UnmodifiableCollection::size (10 bytes)
Event: 3.805 Thread 0x0000028b6dca7450 nmethod 2392 0x0000028b5aefa790 code [0x0000028b5aefa940, 0x0000028b5aefab28]
Event: 3.805 Thread 0x0000028b6dca7450 2394       3       java.util.concurrent.locks.ReentrantLock::<init> (16 bytes)
Event: 3.805 Thread 0x0000028b6dca7450 nmethod 2394 0x0000028b5aefac10 code [0x0000028b5aefade0, 0x0000028b5aefb1d8]
Event: 3.805 Thread 0x0000028b6dca7450 2395       3       java.util.concurrent.locks.AbstractQueuedSynchronizer::signalNext (34 bytes)
Event: 3.806 Thread 0x0000028b6dca7450 nmethod 2395 0x0000028b5aefb390 code [0x0000028b5aefb560, 0x0000028b5aefb838]
Event: 3.806 Thread 0x0000028b6dca7450 2396       3       java.util.Collections$UnmodifiableList::get (11 bytes)
Event: 3.806 Thread 0x0000028b6dca7450 nmethod 2396 0x0000028b5aefb990 code [0x0000028b5aefbb40, 0x0000028b5aefbd28]
Event: 3.806 Thread 0x0000028b6dca7450 2397       1       org.gradle.api.internal.file.pattern.EndOfPathMatcher::getMaxSegments (2 bytes)
Event: 3.806 Thread 0x0000028b6dca7450 nmethod 2397 0x0000028b620ac010 code [0x0000028b620ac1a0, 0x0000028b620ac278]

GC Heap History (4 events):
Event: 1.095 GC heap before
{Heap before GC invocations=0 (full 0):
 garbage-first heap   total 262144K, used 28672K [0x00000000e0000000, 0x0000000100000000)
  region size 1024K, 23 young (23552K), 0 survivors (0K)
 Metaspace       used 2383K, committed 2560K, reserved 221184K
  class space    used 274K, committed 384K, reserved 212992K
}
Event: 1.099 GC heap after
{Heap after GC invocations=1 (full 0):
 garbage-first heap   total 262144K, used 9199K [0x00000000e0000000, 0x0000000100000000)
  region size 1024K, 3 young (3072K), 3 survivors (3072K)
 Metaspace       used 2383K, committed 2560K, reserved 221184K
  class space    used 274K, committed 384K, reserved 212992K
}
Event: 1.591 GC heap before
{Heap before GC invocations=1 (full 0):
 garbage-first heap   total 262144K, used 37871K [0x00000000e0000000, 0x0000000100000000)
  region size 1024K, 31 young (31744K), 3 survivors (3072K)
 Metaspace       used 3975K, committed 4160K, reserved 221184K
  class space    used 489K, committed 576K, reserved 212992K
}
Event: 1.594 GC heap after
{Heap after GC invocations=2 (full 0):
 garbage-first heap   total 262144K, used 10159K [0x00000000e0000000, 0x0000000100000000)
  region size 1024K, 1 young (1024K), 1 survivors (1024K)
 Metaspace       used 3975K, committed 4160K, reserved 221184K
  class space    used 489K, committed 576K, reserved 212992K
}

Deoptimization events (20 events):
Event: 3.769 Thread 0x0000028b78accc70 DEOPT PACKING pc=0x0000028b6209cc8c sp=0x0000009f3c7fc890
Event: 3.769 Thread 0x0000028b78accc70 DEOPT UNPACKING pc=0x0000028b5a4e2b43 sp=0x0000009f3c7fbd10 mode 1
Event: 3.773 Thread 0x0000028b78accc70 DEOPT PACKING pc=0x0000028b5ab59821 sp=0x0000009f3c7fc420
Event: 3.773 Thread 0x0000028b78accc70 DEOPT UNPACKING pc=0x0000028b5a4e2b43 sp=0x0000009f3c7fb8f8 mode 1
Event: 3.774 Thread 0x0000028b78accc70 DEOPT PACKING pc=0x0000028b6209d8d4 sp=0x0000009f3c7fc4b0
Event: 3.774 Thread 0x0000028b78accc70 DEOPT UNPACKING pc=0x0000028b5a4e2b43 sp=0x0000009f3c7fb9e8 mode 1
Event: 3.774 Thread 0x0000028b78accc70 DEOPT PACKING pc=0x0000028b6209cc8c sp=0x0000009f3c7fc5e0
Event: 3.774 Thread 0x0000028b78accc70 DEOPT UNPACKING pc=0x0000028b5a4e2b43 sp=0x0000009f3c7fba60 mode 1
Event: 3.798 Thread 0x0000028b78accc70 Uncommon trap: trap_request=0xffffff76 fr.pc=0x0000028b620ab414 relative=0x00000000000002f4
Event: 3.798 Thread 0x0000028b78accc70 Uncommon trap: reason=predicate action=maybe_recompile pc=0x0000028b620ab414 method=com.google.common.base.CharMatcher.indexIn(Ljava/lang/CharSequence;I)I @ 19 c2
Event: 3.798 Thread 0x0000028b78accc70 DEOPT PACKING pc=0x0000028b620ab414 sp=0x0000009f3c7fb780
Event: 3.798 Thread 0x0000028b78accc70 DEOPT UNPACKING pc=0x0000028b5a4e23a3 sp=0x0000009f3c7fb700 mode 2
Event: 3.808 Thread 0x0000028b78accc70 DEOPT PACKING pc=0x0000028b5ab59821 sp=0x0000009f3c7fc8d0
Event: 3.808 Thread 0x0000028b78accc70 DEOPT UNPACKING pc=0x0000028b5a4e2b43 sp=0x0000009f3c7fbda8 mode 1
Event: 3.808 Thread 0x0000028b78accc70 DEOPT PACKING pc=0x0000028b6209d8d4 sp=0x0000009f3c7fc960
Event: 3.808 Thread 0x0000028b78accc70 DEOPT UNPACKING pc=0x0000028b5a4e2b43 sp=0x0000009f3c7fbe98 mode 1
Event: 3.808 Thread 0x0000028b78accc70 DEOPT PACKING pc=0x0000028b6209cc8c sp=0x0000009f3c7fca90
Event: 3.808 Thread 0x0000028b78accc70 DEOPT UNPACKING pc=0x0000028b5a4e2b43 sp=0x0000009f3c7fbf10 mode 1
Event: 3.809 Thread 0x0000028b78accc70 DEOPT PACKING pc=0x0000028b5ab59821 sp=0x0000009f3c7fc9a0
Event: 3.809 Thread 0x0000028b78accc70 DEOPT UNPACKING pc=0x0000028b5a4e2b43 sp=0x0000009f3c7fbe88 mode 1

Classes unloaded (0 events):
No events

Classes redefined (0 events):
No events

Internal exceptions (20 events):
Event: 2.943 Thread 0x0000028b78accc70 Exception <a 'java/lang/NoSuchMethodError'{0x00000000ec8434d0}: 'java.lang.Object java.lang.invoke.DirectMethodHandle$Holder.newInvokeSpecial(java.lang.Object, java.lang.Object, java.lang.Object, java.lang.Object, java.lang.Object, java.lang.Object)'> (0x00000000ec8434d0) 
thrown [s\src\hotspot\share\interpreter\linkResolver.cpp, line 759]
Event: 3.008 Thread 0x0000028b78accc70 Implicit null exception at 0x0000028b61fdb1cf to 0x0000028b61fdb340
Event: 3.107 Thread 0x0000028b78accc70 Exception <a 'java/lang/NoSuchMethodError'{0x00000000ec09cc98}: 'int java.lang.invoke.DirectMethodHandle$Holder.invokeSpecialIFC(java.lang.Object, java.lang.Object, java.lang.Object, java.lang.Object)'> (0x00000000ec09cc98) 
thrown [s\src\hotspot\share\interpreter\linkResolver.cpp, line 759]
Event: 3.108 Thread 0x0000028b78accc70 Exception <a 'java/lang/NoSuchMethodError'{0x00000000ec0abc70}: 'java.lang.Object java.lang.invoke.DirectMethodHandle$Holder.invokeInterface(java.lang.Object, java.lang.Object, java.lang.Object)'> (0x00000000ec0abc70) 
thrown [s\src\hotspot\share\interpreter\linkResolver.cpp, line 759]
Event: 3.109 Thread 0x0000028b78accc70 Exception <a 'java/lang/IncompatibleClassChangeError'{0x00000000ec0afb48}: Found class java.lang.Object, but interface was expected> (0x00000000ec0afb48) 
thrown [s\src\hotspot\share\interpreter\linkResolver.cpp, line 826]
Event: 3.171 Thread 0x0000028b78accc70 Exception <a 'java/lang/NoSuchMethodError'{0x00000000ebd92590}: 'int java.lang.invoke.DirectMethodHandle$Holder.invokeStatic(java.lang.Object, java.lang.Object, java.lang.Object, java.lang.Object)'> (0x00000000ebd92590) 
thrown [s\src\hotspot\share\interpreter\linkResolver.cpp, line 759]
Event: 3.172 Thread 0x0000028b78accc70 Exception <a 'java/lang/NoSuchMethodError'{0x00000000ebd96460}: 'java.lang.Object java.lang.invoke.Invokers$Holder.invokeExact_MT(java.lang.Object, java.lang.Object, java.lang.Object, java.lang.Object, java.lang.Object, java.lang.Object)'> (0x00000000ebd96460) 
thrown [s\src\hotspot\share\interpreter\linkResolver.cpp, line 759]
Event: 3.190 Thread 0x0000028b78accc70 Exception <a 'java/lang/NoSuchMethodError'{0x00000000ebc4b1d0}: 'java.lang.Object java.lang.invoke.DirectMethodHandle$Holder.invokeInterface(java.lang.Object, java.lang.Object)'> (0x00000000ebc4b1d0) 
thrown [s\src\hotspot\share\interpreter\linkResolver.cpp, line 759]
Event: 3.225 Thread 0x0000028b78accc70 Exception <a 'java/lang/NoSuchMethodError'{0x00000000eba267f8}: 'void java.lang.invoke.DirectMethodHandle$Holder.invokeSpecial(java.lang.Object, java.lang.Object, java.lang.Object, java.lang.Object, java.lang.Object)'> (0x00000000eba267f8) 
thrown [s\src\hotspot\share\interpreter\linkResolver.cpp, line 759]
Event: 3.253 Thread 0x0000028b78accc70 Exception <a 'java/lang/NoSuchMethodError'{0x00000000eb9825f8}: 'java.lang.Object java.lang.invoke.DirectMethodHandle$Holder.invokeSpecial(java.lang.Object, java.lang.Object, java.lang.Object, java.lang.Object, java.lang.Object, java.lang.Object, java.lang.Object, java.lang.Object, java.lang.Object)'> (0x00000000eb9825f8) 
thrown [s\src\hotspot\share\interpreter\linkResolver.cpp, line 759]
Event: 3.333 Thread 0x0000028b78accc70 Exception <a 'java/lang/NoSuchMethodError'{0x00000000eb5fd510}: 'void java.lang.invoke.DirectMethodHandle$Holder.invokeStatic(java.lang.Object, java.lang.Object)'> (0x00000000eb5fd510) 
thrown [s\src\hotspot\share\interpreter\linkResolver.cpp, line 759]
Event: 3.340 Thread 0x0000028b78accc70 Exception <a 'java/lang/NoSuchMethodError'{0x00000000eb445310}: 'java.lang.Object java.lang.invoke.DirectMethodHandle$Holder.invokeVirtual(java.lang.Object, java.lang.Object, java.lang.Object, java.lang.Object)'> (0x00000000eb445310) 
thrown [s\src\hotspot\share\interpreter\linkResolver.cpp, line 759]
Event: 3.410 Thread 0x0000028b78accc70 Exception <a 'java/lang/NoSuchMethodError'{0x00000000eb2c24f8}: 'java.lang.Object java.lang.invoke.DirectMethodHandle$Holder.newInvokeSpecial(java.lang.Object, java.lang.Object, java.lang.Object, java.lang.Object, java.lang.Object)'> (0x00000000eb2c24f8) 
thrown [s\src\hotspot\share\interpreter\linkResolver.cpp, line 759]
Event: 3.468 Thread 0x0000028b78accc70 Exception <a 'java/lang/NoSuchMethodError'{0x00000000eb0ed390}: 'void java.lang.invoke.DirectMethodHandle$Holder.invokeSpecial(java.lang.Object, java.lang.Object, java.lang.Object, java.lang.Object, java.lang.Object, java.lang.Object)'> (0x00000000eb0ed390) 
thrown [s\src\hotspot\share\interpreter\linkResolver.cpp, line 759]
Event: 3.473 Thread 0x0000028b78accc70 Exception <a 'java/lang/NoSuchMethodError'{0x00000000eaf29f50}: 'java.lang.Object java.lang.invoke.DirectMethodHandle$Holder.newInvokeSpecial(java.lang.Object, java.lang.Object, java.lang.Object, java.lang.Object, java.lang.Object, java.lang.Object, java.lang.Object)'> (0x00000000eaf29f50) 
thrown [s\src\hotspot\share\interpreter\linkResolver.cpp, line 759]
Event: 3.474 Thread 0x0000028b78accc70 Exception <a 'java/lang/NoSuchMethodError'{0x00000000eaf2ec20}: 'java.lang.Object java.lang.invoke.Invokers$Holder.linkToTargetMethod(java.lang.Object, java.lang.Object, java.lang.Object, java.lang.Object, java.lang.Object, java.lang.Object, java.lang.Object)'> (0x00000000eaf2ec20) 
thrown [s\src\hotspot\share\interpreter\linkResolver.cpp, line 759]
Event: 3.497 Thread 0x0000028b78accc70 Exception <a 'java/lang/NoSuchMethodError'{0x00000000eaff95a0}: 'void java.lang.invoke.DirectMethodHandle$Holder.invokeSpecial(java.lang.Object, java.lang.Object, java.lang.Object, java.lang.Object, java.lang.Object, java.lang.Object, java.lang.Object)'> (0x00000000eaff95a0) 
thrown [s\src\hotspot\share\interpreter\linkResolver.cpp, line 759]
Event: 3.531 Thread 0x0000028b78accc70 Exception <a 'java/lang/NoSuchMethodError'{0x00000000ead9e160}: 'java.lang.Object java.lang.invoke.DirectMethodHandle$Holder.invokeVirtual(java.lang.Object, java.lang.Object, java.lang.Object, java.lang.Object, java.lang.Object, java.lang.Object, java.lang.Object, java.lang.Object, java.lang.Object, java.lang.Object, java.lang.Object, java.lang.Object, java.lang.Object, java.lang.Object, java.lang.Object, java.lang.Object, java.lang.Object, java.lang.Object, java.lang.Object, java.lang.Object, java.lang.Ob
Event: 3.604 Thread 0x0000028b78accc70 Exception <a 'java/lang/NoSuchMethodError'{0x00000000ea9d8b40}: 'int java.lang.invoke.DirectMethodHandle$Holder.invokeStaticInit(java.lang.Object, java.lang.Object, java.lang.Object)'> (0x00000000ea9d8b40) 
thrown [s\src\hotspot\share\interpreter\linkResolver.cpp, line 759]
Event: 3.695 Thread 0x0000028b78accc70 Exception <a 'java/lang/NoSuchMethodError'{0x00000000ea5feeb0}: 'void java.lang.invoke.DirectMethodHandle$Holder.invokeStaticInit(java.lang.Object, java.lang.Object)'> (0x00000000ea5feeb0) 
thrown [s\src\hotspot\share\interpreter\linkResolver.cpp, line 759]

VM Operations (20 events):
Event: 2.007 Executing VM operation: HandshakeAllThreads
Event: 2.007 Executing VM operation: HandshakeAllThreads done
Event: 2.088 Executing VM operation: HandshakeAllThreads
Event: 2.088 Executing VM operation: HandshakeAllThreads done
Event: 2.158 Executing VM operation: HandshakeAllThreads
Event: 2.158 Executing VM operation: HandshakeAllThreads done
Event: 2.235 Executing VM operation: HandshakeAllThreads
Event: 2.235 Executing VM operation: HandshakeAllThreads done
Event: 2.481 Executing VM operation: HandshakeAllThreads
Event: 2.482 Executing VM operation: HandshakeAllThreads done
Event: 2.879 Executing VM operation: ICBufferFull
Event: 2.879 Executing VM operation: ICBufferFull done
Event: 2.919 Executing VM operation: HandshakeAllThreads
Event: 2.919 Executing VM operation: HandshakeAllThreads done
Event: 2.920 Executing VM operation: HandshakeAllThreads
Event: 2.920 Executing VM operation: HandshakeAllThreads done
Event: 2.955 Executing VM operation: HandshakeAllThreads
Event: 2.955 Executing VM operation: HandshakeAllThreads done
Event: 2.955 Executing VM operation: HandshakeAllThreads
Event: 2.955 Executing VM operation: HandshakeAllThreads done

Events (20 events):
Event: 3.490 loading class java/util/ConcurrentModificationException done
Event: 3.599 loading class java/util/concurrent/atomic/AtomicReferenceFieldUpdater
Event: 3.599 loading class java/util/concurrent/atomic/AtomicReferenceFieldUpdater done
Event: 3.599 loading class java/util/concurrent/atomic/AtomicReferenceFieldUpdater$AtomicReferenceFieldUpdaterImpl
Event: 3.599 loading class java/util/concurrent/atomic/AtomicReferenceFieldUpdater$AtomicReferenceFieldUpdaterImpl done
Event: 3.599 loading class java/util/concurrent/atomic/AtomicReferenceFieldUpdater$AtomicReferenceFieldUpdaterImpl$1
Event: 3.599 loading class java/util/concurrent/atomic/AtomicReferenceFieldUpdater$AtomicReferenceFieldUpdaterImpl$1 done
Event: 3.599 loading class sun/reflect/misc/ReflectUtil
Event: 3.599 loading class sun/reflect/misc/ReflectUtil done
Event: 3.647 Thread 0x0000028b6ebd5b60 Thread added: 0x0000028b6ebd5b60
Event: 3.670 loading class java/util/DualPivotQuicksort
Event: 3.670 loading class java/util/DualPivotQuicksort done
Event: 3.772 loading class java/util/function/UnaryOperator
Event: 3.772 loading class java/util/function/UnaryOperator done
Event: 3.787 loading class java/util/concurrent/TimeoutException
Event: 3.787 loading class java/util/concurrent/TimeoutException done
Event: 3.787 loading class java/util/concurrent/CancellationException
Event: 3.787 loading class java/util/concurrent/CancellationException done
Event: 3.792 loading class java/util/ServiceConfigurationError
Event: 3.793 loading class java/util/ServiceConfigurationError done


Dynamic libraries:
0x00007ff7b8890000 - 0x00007ff7b889d000 	C:\Users\\.jdks\corretto-17.0.4.1\bin\java.exe
0x00007ff9e73b0000 - 0x00007ff9e75a8000 	C:\WINDOWS\SYSTEM32\ntdll.dll
0x00007ff9e7030000 - 0x00007ff9e70ed000 	C:\WINDOWS\System32\KERNEL32.DLL
0x00007ff9e5130000 - 0x00007ff9e5402000 	C:\WINDOWS\System32\KERNELBASE.dll
0x00007ff9e4ef0000 - 0x00007ff9e4ff0000 	C:\WINDOWS\System32\ucrtbase.dll
0x00007ff9daab0000 - 0x00007ff9daac5000 	C:\Users\\.jdks\corretto-17.0.4.1\bin\VCRUNTIME140.dll
0x00007ff9da940000 - 0x00007ff9da958000 	C:\Users\\.jdks\corretto-17.0.4.1\bin\jli.dll
0x00007ff9e71d0000 - 0x00007ff9e736d000 	C:\WINDOWS\System32\USER32.dll
0x00007ff9cdf60000 - 0x00007ff9ce1fa000 	C:\WINDOWS\WinSxS\amd64_microsoft.windows.common-controls_6595b64144ccf1df_6.0.19041.1110_none_60b5254171f9507e\COMCTL32.dll
0x00007ff9e4e20000 - 0x00007ff9e4e42000 	C:\WINDOWS\System32\win32u.dll
0x00007ff9e7100000 - 0x00007ff9e719e000 	C:\WINDOWS\System32\msvcrt.dll
0x00007ff9e71a0000 - 0x00007ff9e71cb000 	C:\WINDOWS\System32\GDI32.dll
0x00007ff9e4ca0000 - 0x00007ff9e4daf000 	C:\WINDOWS\System32\gdi32full.dll
0x00007ff9e4e50000 - 0x00007ff9e4eed000 	C:\WINDOWS\System32\msvcp_win.dll
0x00007ff9e5670000 - 0x00007ff9e56a0000 	C:\WINDOWS\System32\IMM32.DLL
0x00007ff9c67a0000 - 0x00007ff9c683b000 	C:\Users\\.jdks\corretto-17.0.4.1\bin\msvcp140.dll
0x00007ff96b740000 - 0x00007ff96c354000 	C:\Users\\.jdks\corretto-17.0.4.1\bin\server\jvm.dll
0x00007ff9e5560000 - 0x00007ff9e560e000 	C:\WINDOWS\System32\ADVAPI32.dll
0x00007ff9e6de0000 - 0x00007ff9e6e7c000 	C:\WINDOWS\System32\sechost.dll
0x00007ff9e5410000 - 0x00007ff9e5535000 	C:\WINDOWS\System32\RPCRT4.dll
0x00007ff9e70f0000 - 0x00007ff9e70f8000 	C:\WINDOWS\System32\PSAPI.DLL
0x00007ff9d5a70000 - 0x00007ff9d5a79000 	C:\WINDOWS\SYSTEM32\WSOCK32.dll
0x00007ff9de4d0000 - 0x00007ff9de4da000 	C:\WINDOWS\SYSTEM32\VERSION.dll
0x00007ff9e69f0000 - 0x00007ff9e6a5b000 	C:\WINDOWS\System32\WS2_32.dll
0x00007ff9d8340000 - 0x00007ff9d8367000 	C:\WINDOWS\SYSTEM32\WINMM.dll
0x00007ff9e3360000 - 0x00007ff9e3372000 	C:\WINDOWS\SYSTEM32\kernel.appcore.dll
0x00007ff9daa60000 - 0x00007ff9daa6a000 	C:\Users\\.jdks\corretto-17.0.4.1\bin\jimage.dll
0x00007ff9e2870000 - 0x00007ff9e2a54000 	C:\WINDOWS\SYSTEM32\DBGHELP.DLL
0x00007ff9dc250000 - 0x00007ff9dc27c000 	C:\WINDOWS\SYSTEM32\dbgcore.DLL
0x00007ff9e4ff0000 - 0x00007ff9e5072000 	C:\WINDOWS\System32\bcryptPrimitives.dll
0x00007ff9c74b0000 - 0x00007ff9c74e9000 	C:\Users\\.jdks\corretto-17.0.4.1\bin\jdwp.dll
0x00007ff9d7170000 - 0x00007ff9d7195000 	C:\Users\\.jdks\corretto-17.0.4.1\bin\java.dll
0x00007ff9c66c0000 - 0x00007ff9c6796000 	C:\Users\\.jdks\corretto-17.0.4.1\bin\jsvml.dll
0x00007ff9e56a0000 - 0x00007ff9e5de3000 	C:\WINDOWS\System32\SHELL32.dll
0x00007ff9e2a60000 - 0x00007ff9e31f1000 	C:\WINDOWS\SYSTEM32\windows.storage.dll
0x00007ff9e63b0000 - 0x00007ff9e6704000 	C:\WINDOWS\System32\combase.dll
0x00007ff9e4520000 - 0x00007ff9e4550000 	C:\WINDOWS\SYSTEM32\Wldp.dll
0x00007ff9e5e90000 - 0x00007ff9e5f3d000 	C:\WINDOWS\System32\SHCORE.dll
0x00007ff9e5610000 - 0x00007ff9e5665000 	C:\WINDOWS\System32\shlwapi.dll
0x00007ff9e4a00000 - 0x00007ff9e4a1f000 	C:\WINDOWS\SYSTEM32\profapi.dll
0x00007ff9c8390000 - 0x00007ff9c839c000 	C:\Users\\.jdks\corretto-17.0.4.1\bin\dt_socket.dll
0x00007ff9e3f20000 - 0x00007ff9e3f5b000 	C:\WINDOWS\SYSTEM32\IPHLPAPI.DLL
0x00007ff9e4280000 - 0x00007ff9e42ea000 	C:\WINDOWS\system32\mswsock.dll
0x00007ff9d7350000 - 0x00007ff9d7369000 	C:\Users\\.jdks\corretto-17.0.4.1\bin\net.dll
0x00007ff9dc470000 - 0x00007ff9dc57d000 	C:\WINDOWS\SYSTEM32\WINHTTP.dll
0x00007ff9d7150000 - 0x00007ff9d7165000 	C:\Users\\.jdks\corretto-17.0.4.1\bin\nio.dll
0x00007ff9d5420000 - 0x00007ff9d5438000 	C:\Users\\.jdks\corretto-17.0.4.1\bin\zip.dll
0x00007ff9d04e0000 - 0x00007ff9d04f0000 	C:\Users\\.jdks\corretto-17.0.4.1\bin\verify.dll
0x00007ff9cf5f0000 - 0x00007ff9cf617000 	C:\Users\\.gradle\native\e1d6ef7f7dcc3fd88c89a11ec53ec762bb8ba0a96d01ffa2cd45eb1d1d8dd5c5\windows-amd64\native-platform.dll
0x00007ff9c7340000 - 0x00007ff9c7484000 	C:\Users\\.gradle\native\0d407fdbe67a94daf76414ababcb853783967236a71b16ec16e742cd7a986fd3\windows-amd64\native-platform-file-events.dll
0x00007ff9dabe0000 - 0x00007ff9dabe9000 	C:\Users\\.jdks\corretto-17.0.4.1\bin\management.dll
0x00007ff9d04d0000 - 0x00007ff9d04db000 	C:\Users\\.jdks\corretto-17.0.4.1\bin\management_ext.dll
0x00007ff9e4480000 - 0x00007ff9e4498000 	C:\WINDOWS\SYSTEM32\CRYPTSP.dll
0x00007ff9e3b30000 - 0x00007ff9e3b64000 	C:\WINDOWS\system32\rsaenh.dll
0x00007ff9e4ac0000 - 0x00007ff9e4ae7000 	C:\WINDOWS\System32\bcrypt.dll
0x00007ff9e4980000 - 0x00007ff9e49ae000 	C:\WINDOWS\SYSTEM32\USERENV.dll
0x00007ff9e4470000 - 0x00007ff9e447c000 	C:\WINDOWS\SYSTEM32\CRYPTBASE.dll
0x00007ff9e5df0000 - 0x00007ff9e5df8000 	C:\WINDOWS\System32\NSI.dll
0x00007ff9dc930000 - 0x00007ff9dc947000 	C:\WINDOWS\SYSTEM32\dhcpcsvc6.DLL
0x00007ff9dcf90000 - 0x00007ff9dcfad000 	C:\WINDOWS\SYSTEM32\dhcpcsvc.DLL
0x00007ff9e3f60000 - 0x00007ff9e402a000 	C:\WINDOWS\SYSTEM32\DNSAPI.dll
0x00007ff9cff50000 - 0x00007ff9cff5e000 	C:\Users\\.jdks\corretto-17.0.4.1\bin\sunmscapi.dll
0x00007ff9e4b40000 - 0x00007ff9e4c96000 	C:\WINDOWS\System32\CRYPT32.dll
0x00007ff9e4590000 - 0x00007ff9e45b7000 	C:\WINDOWS\SYSTEM32\ncrypt.dll
0x00007ff9e4550000 - 0x00007ff9e458b000 	C:\WINDOWS\SYSTEM32\NTASN1.dll
0x00007ff9dce10000 - 0x00007ff9dce17000 	C:\WINDOWS\system32\wshunix.dll

dbghelp: loaded successfully - version: 4.0.5 - missing functions: none
symbol engine: initialized successfully - sym options: 0x614 - pdb path: .;C:\Users\\.jdks\corretto-17.0.4.1\bin;C:\WINDOWS\SYSTEM32;C:\WINDOWS\WinSxS\amd64_microsoft.windows.common-controls_6595b64144ccf1df_6.0.19041.1110_none_60b5254171f9507e;C:\Users\\.jdks\corretto-17.0.4.1\bin\server;C:\Users\\.gradle\native\e1d6ef7f7dcc3fd88c89a11ec53ec762bb8ba0a96d01ffa2cd45eb1d1d8dd5c5\windows-amd64;C:\Users\\.gradle\native\0d407fdbe67a94daf76414ababcb853783967236a71b16ec16e742cd7a986fd3\windows-amd64

VM Arguments:
jvm_args: -XX:MaxMetaspaceSize=256m -XX:+HeapDumpOnOutOfMemoryError -agentlib:jdwp=transport=dt_socket,server=n,suspend=y,address=127.0.0.1:62311 --add-opens=java.base/java.util=ALL-UNNAMED --add-opens=java.base/java.lang=ALL-UNNAMED --add-opens=java.base/java.lang.invoke=ALL-UNNAMED --add-opens=java.base/java.util=ALL-UNNAMED --add-opens=java.prefs/java.util.prefs=ALL-UNNAMED --add-opens=java.prefs/java.util.prefs=ALL-UNNAMED --add-opens=java.base/java.nio.charset=ALL-UNNAMED --add-opens=java.base/java.net=ALL-UNNAMED --add-opens=java.base/java.util.concurrent.atomic=ALL-UNNAMED -Xms256m -Xmx512m -Dfile.encoding=windows-1251 -Duser.country=RU -Duser.language=ru -Duser.variant 
java_command: org.gradle.launcher.daemon.bootstrap.GradleDaemon 7.5.1
java_class_path (initial): C:\Users\\.gradle\wrapper\dists\gradle-7.5.1-bin\7jzzequgds1hbszbhq3npc5ng\gradle-7.5.1\lib\gradle-launcher-7.5.1.jar
Launcher Type: SUN_STANDARD

[Global flags]
     intx CICompilerCount                          = 4                                         {product} {ergonomic}
   size_t CompressedClassSpaceSize                 = 218103808                                 {product} {ergonomic}
     uint ConcGCThreads                            = 2                                         {product} {ergonomic}
     uint G1ConcRefinementThreads                  = 8                                         {product} {ergonomic}
   size_t G1HeapRegionSize                         = 1048576                                   {product} {ergonomic}
    uintx GCDrainStackTargetSize                   = 64                                        {product} {ergonomic}
     bool HeapDumpOnOutOfMemoryError               = true                                   {manageable} {command line}
   size_t InitialHeapSize                          = 268435456                                 {product} {command line}
   size_t MarkStackSize                            = 4194304                                   {product} {ergonomic}
   size_t MaxHeapSize                              = 536870912                                 {product} {command line}
   size_t MaxMetaspaceSize                         = 268435456                                 {product} {command line}
   size_t MaxNewSize                               = 321912832                                 {product} {ergonomic}
   size_t MinHeapDeltaBytes                        = 1048576                                   {product} {ergonomic}
   size_t MinHeapSize                              = 268435456                                 {product} {command line}
    uintx NonNMethodCodeHeapSize                   = 5839372                                {pd product} {ergonomic}
    uintx NonProfiledCodeHeapSize                  = 122909434                              {pd product} {ergonomic}
    uintx ProfiledCodeHeapSize                     = 122909434                              {pd product} {ergonomic}
    uintx ReservedCodeCacheSize                    = 251658240                              {pd product} {ergonomic}
     bool SegmentedCodeCache                       = true                                      {product} {ergonomic}
   size_t SoftMaxHeapSize                          = 536870912                              {manageable} {ergonomic}
     bool UseCompressedClassPointers               = true                           {product lp64_product} {ergonomic}
     bool UseCompressedOops                        = true                           {product lp64_product} {ergonomic}
     bool UseG1GC                                  = true                                      {product} {ergonomic}
     bool UseLargePagesIndividualAllocation        = false                                  {pd product} {ergonomic}

Logging:
Log output configuration:
 #0: stdout all=warning uptime,level,tags
 #1: stderr all=off uptime,level,tags

Environment Variables:
PATH=C:\Program Files (x86)\Intel\iCLS Client\;C:\Program Files\Intel\iCLS Client\;C:\Windows\system32;C:\Windows;C:\Windows\System32\Wbem;C:\Windows\System32\WindowsPowerShell\v1.0\;C:\Program Files (x86)\Intel\Intel(R) Management Engine Components\DAL;C:\Program Files\Intel\Intel(R) Management Engine Components\DAL;C:\Program Files (x86)\Intel\Intel(R) Management Engine Components\IPT;C:\Program Files\Intel\Intel(R) Management Engine Components\IPT;C:\Program Files (x86)\NVIDIA Corporation\PhysX\Common;C:\Program Files\Intel\WiFi\bin\;C:\Program Files\Common Files\Intel\WirelessCommon\;C:\WINDOWS\system32;C:\WINDOWS;C:\WINDOWS\System32\Wbem;C:\WINDOWS\System32\WindowsPowerShell\v1.0\;C:\WINDOWS\System32\OpenSSH\;C:\Program Files (x86)\Borland\Delphi7\Bin;C:\Program Files (x86)\Borland\Delphi7\Projects\Bpl;C:\Program Files\NVIDIA Corporation\NVIDIA NvDLISR;C:\Program Files\Git\cmd;C:\Users\\AppData\Local\Microsoft\WindowsApps;
USERNAME=
OS=Windows_NT
PROCESSOR_IDENTIFIER=Intel64 Family 6 Model 94 Stepping 3, GenuineIntel
TMP=C:\Users\4CFA~1\AppData\Local\Temp
TEMP=C:\Users\4CFA~1\AppData\Local\Temp



---------------  S Y S T E M  ---------------

OS:
 Windows 10 , 64 bit Build 19041 (10.0.19041.1889)
OS uptime: 9 days 21:42 hours

CPU: total 8 (initial active 8) (4 cores per cpu, 2 threads per core) family 6 model 94 stepping 3 microcode 0xcc, cx8, cmov, fxsr, ht, mmx, 3dnowpref, sse, sse2, sse3, ssse3, sse4.1, sse4.2, popcnt, lzcnt, tsc, tscinvbit, avx, avx2, aes, erms, clmul, bmi1, bmi2, rtm, adx, fma, vzeroupper, clflush, clflushopt

Memory: 4k page, system-wide physical 12186M (2181M free)
TotalPageFile size 17223M (AvailPageFile size 5M)
current process WorkingSet (physical memory assigned to process): 234M, peak: 234M
current process commit charge ("private bytes"): 439M, peak: 441M

vm_info: OpenJDK 64-Bit Server VM (17.0.4.1+9-LTS) for windows-amd64 JRE (17.0.4.1+9-LTS), built on Aug 12 2022 17:33:36 by "Administrator" with MS VC++ 15.9 (VS2017)

END.
