#
# There is insufficient memory for the Java Runtime Environment to continue.
# Native memory allocation (malloc) failed to allocate 32744 bytes for ChunkPool::allocate
# Possible reasons:
#   The system is out of physical RAM or swap space
#   The process is running with CompressedOops enabled, and the Java Heap may be blocking the growth of the native heap
# Possible solutions:
#   Reduce memory load on the system
#   Increase physical memory or swap space
#   Check if swap backing store is full
#   Decrease Java heap size (-Xmx/-Xms)
#   Decrease number of Java threads
#   Decrease Java thread stack sizes (-Xss)
#   Set larger code cache with -XX:ReservedCodeCacheSize=
#   JVM is running with Unscaled Compressed Oops mode in which the Java heap is
#     placed in the first 4GB address space. The Java Heap base address is the
#     maximum limit for the native heap growth. Please use -XX:HeapBaseMinAddress
#     to set the Java Heap base and to place the Java Heap above 4GB virtual address.
# This output file may be truncated or incomplete.
#
#  Out of Memory Error (arena.cpp:78), pid=10268, tid=7092
#
# JRE version: OpenJDK Runtime Environment Corretto-17.0.4.9.1 (17.0.4.1+9) (build 17.0.4.1+9-LTS)
# Java VM: OpenJDK 64-Bit Server VM Corretto-17.0.4.9.1 (17.0.4.1+9-LTS, mixed mode, sharing, tiered, compressed oops, compressed class ptrs, g1 gc, windows-amd64)
# No core dump will be written. Minidumps are not enabled by default on client versions of Windows
#

---------------  S U M M A R Y ------------

Command Line: --add-opens=java.base/java.util=ALL-UNNAMED --add-opens=java.base/java.lang=ALL-UNNAMED --add-opens=java.base/java.lang.invoke=ALL-UNNAMED --add-opens=java.base/java.util=ALL-UNNAMED --add-opens=java.prefs/java.util.prefs=ALL-UNNAMED --add-opens=java.prefs/java.util.prefs=ALL-UNNAMED --add-opens=java.base/java.nio.charset=ALL-UNNAMED --add-opens=java.base/java.net=ALL-UNNAMED --add-opens=java.base/java.util.concurrent.atomic=ALL-UNNAMED -XX:MaxMetaspaceSize=256m -XX:+HeapDumpOnOutOfMemoryError -Xms256m -Xmx512m -Dfile.encoding=windows-1251 -Duser.country=RU -Duser.language=ru -Duser.variant org.gradle.launcher.daemon.bootstrap.GradleDaemon 7.5.1

Host: Intel(R) Core(TM) i7-6700HQ CPU @ 2.60GHz, 8 cores, 11G,  Windows 10 , 64 bit Build 19041 (10.0.19041.1889)
Time: Tue Oct 25 23:00:41 2022 RTZ 2 (s 10 , 64 bit Build 19041 (10.0.19041.1889) elapsed time: 17.664097 seconds (0d 0h 0m 17s)

---------------  T H R E A D  ---------------

Current thread (0x000002616d361ad0):  JavaThread "C1 CompilerThread0" daemon [_thread_in_vm, id=7092, stack(0x000000c211c00000,0x000000c211d00000)]


Current CompileTask:
C1:  17664 5685       2       org.gradle.internal.logging.text.AbstractLineChoppingStyledTextOutput$2::execute (77 bytes)

Stack: [0x000000c211c00000,0x000000c211d00000]
Native frames: (J=compiled Java code, j=interpreted, Vv=VM code, C=native code)
V  [jvm.dll+0x64724a]
V  [jvm.dll+0x7f87a4]
V  [jvm.dll+0x7f9f5e]
V  [jvm.dll+0x7fa5b3]
V  [jvm.dll+0x234ed8]
V  [jvm.dll+0xbd05c]
V  [jvm.dll+0xbd3ac]
V  [jvm.dll+0x1c5487]
V  [jvm.dll+0x1c0229]
V  [jvm.dll+0x1c037e]
V  [jvm.dll+0x13ecf1]
V  [jvm.dll+0x13eb35]
V  [jvm.dll+0x136ada]
V  [jvm.dll+0x138e5a]
V  [jvm.dll+0x137384]
V  [jvm.dll+0x1313ec]
V  [jvm.dll+0x1406f4]
V  [jvm.dll+0x12ca6b]
V  [jvm.dll+0x12cdc0]
V  [jvm.dll+0x12d085]
V  [jvm.dll+0x12c475]
V  [jvm.dll+0x12e196]
V  [jvm.dll+0x217eb9]
V  [jvm.dll+0x216104]
V  [jvm.dll+0x7b0d5b]
V  [jvm.dll+0x7ab31a]
V  [jvm.dll+0x6460f5]
C  [ucrtbase.dll+0x21bb2]
C  [KERNEL32.DLL+0x17034]
C  [ntdll.dll+0x526a1]


---------------  P R O C E S S  ---------------

Threads class SMR info:
_java_thread_list=0x0000026177dfebd0, length=79, elements={
0x0000026150869bd0, 0x000002616d313870, 0x000002616d3143f0, 0x000002616d32f8d0,
0x000002616d3307a0, 0x000002616d331060, 0x000002616d331f30, 0x000002616d3370f0,
0x000002616d361ad0, 0x000002616d3667f0, 0x000002616de058d0, 0x000002616de0c3e0,
0x000002617727b7a0, 0x0000026176f799e0, 0x0000026176e9a330, 0x00000261776ed5f0,
0x00000261767a4030, 0x00000261775048e0, 0x0000026177504db0, 0x0000026177505750,
0x0000026177505280, 0x0000026177502730, 0x00000261775030d0, 0x0000026177503a70,
0x00000261775035a0, 0x0000026177503f40, 0x0000026177505c20, 0x0000026177504410,
0x0000026177502260, 0x0000026177502c00, 0x0000026179adfcb0, 0x0000026179ad92d0,
0x0000026179ad9c70, 0x0000026179ada610, 0x0000026179ade970, 0x0000026179adb950,
0x0000026179adc2f0, 0x0000026179ada140, 0x0000026179adafb0, 0x0000026179adb480,
0x0000026179adee40, 0x0000026179add160, 0x0000026179add630, 0x0000026179ad8e00,
0x0000026179adc7c0, 0x0000026179adcc90, 0x0000026179adf310, 0x0000026179ad97a0,
0x0000026179ade4a0, 0x000002617a8d7a00, 0x000002617a8d5850, 0x000002617a8d5380,
0x000002617a8d49e0, 0x000002617a8daef0, 0x000002617a8da080, 0x000002617a8d4510,
0x000002617a8d9210, 0x000002617a8d96e0, 0x000002617a8d4eb0, 0x000002617a8da550,
0x000002617a8daa20, 0x000002617a8db3c0, 0x000002617a8d8d40, 0x000002617a8d4040,
0x000002617a8d5d20, 0x000002617a8d9bb0, 0x000002617a8d61f0, 0x000002617a8db890,
0x000002617a8d83a0, 0x000002617a8d6b90, 0x000002617a8d66c0, 0x000002617a8d7060,
0x000002617a8d7ed0, 0x000002617b81fa00, 0x000002617b8216e0, 0x000002617b821bb0,
0x000002617b8203a0, 0x00000261776d3b50, 0x00000261776d54a0
}

Java Threads: ( => current thread )
  0x0000026150869bd0 JavaThread "main" [_thread_blocked, id=16224, stack(0x000000c210e00000,0x000000c210f00000)]
  0x000002616d313870 JavaThread "Reference Handler" daemon [_thread_blocked, id=14308, stack(0x000000c211500000,0x000000c211600000)]
  0x000002616d3143f0 JavaThread "Finalizer" daemon [_thread_blocked, id=2292, stack(0x000000c211600000,0x000000c211700000)]
  0x000002616d32f8d0 JavaThread "Signal Dispatcher" daemon [_thread_blocked, id=12028, stack(0x000000c211700000,0x000000c211800000)]
  0x000002616d3307a0 JavaThread "Attach Listener" daemon [_thread_blocked, id=11244, stack(0x000000c211800000,0x000000c211900000)]
  0x000002616d331060 JavaThread "Service Thread" daemon [_thread_blocked, id=1152, stack(0x000000c211900000,0x000000c211a00000)]
  0x000002616d331f30 JavaThread "Monitor Deflation Thread" daemon [_thread_blocked, id=1224, stack(0x000000c211a00000,0x000000c211b00000)]
  0x000002616d3370f0 JavaThread "C2 CompilerThread0" daemon [_thread_in_native, id=12992, stack(0x000000c211b00000,0x000000c211c00000)]
=>0x000002616d361ad0 JavaThread "C1 CompilerThread0" daemon [_thread_in_vm, id=7092, stack(0x000000c211c00000,0x000000c211d00000)]
  0x000002616d3667f0 JavaThread "Sweeper thread" daemon [_thread_blocked, id=8572, stack(0x000000c211d00000,0x000000c211e00000)]
  0x000002616de058d0 JavaThread "Common-Cleaner" daemon [_thread_blocked, id=4372, stack(0x000000c211e00000,0x000000c211f00000)]
  0x000002616de0c3e0 JavaThread "Notification Thread" daemon [_thread_blocked, id=8300, stack(0x000000c211f00000,0x000000c212000000)]
  0x000002617727b7a0 JavaThread "Daemon health stats" [_thread_blocked, id=7360, stack(0x000000c212800000,0x000000c212900000)]
  0x0000026176f799e0 JavaThread "Incoming local TCP Connector on port 62212" [_thread_in_native, id=11096, stack(0x000000c212900000,0x000000c212a00000)]
  0x0000026176e9a330 JavaThread "Daemon periodic checks" [_thread_blocked, id=15856, stack(0x000000c212200000,0x000000c212300000)]
  0x00000261776ed5f0 JavaThread "Daemon" [_thread_blocked, id=12208, stack(0x000000c212a00000,0x000000c212b00000)]
  0x00000261767a4030 JavaThread "Handler for socket connection from /127.0.0.1:62212 to /127.0.0.1:62213" [_thread_in_native, id=13676, stack(0x000000c212b00000,0x000000c212c00000)]
  0x00000261775048e0 JavaThread "Cancel handler" [_thread_blocked, id=15012, stack(0x000000c212c00000,0x000000c212d00000)]
  0x0000026177504db0 JavaThread "Daemon worker" [_thread_blocked, id=18392, stack(0x000000c212d00000,0x000000c212e00000)]
  0x0000026177505750 JavaThread "Asynchronous log dispatcher for DefaultDaemonConnection: socket connection from /127.0.0.1:62212 to /127.0.0.1:62213" [_thread_blocked, id=1160, stack(0x000000c212e00000,0x000000c212f00000)]
  0x0000026177505280 JavaThread "Stdin handler" [_thread_blocked, id=4976, stack(0x000000c212f00000,0x000000c213000000)]
  0x0000026177502730 JavaThread "Daemon client event forwarder" [_thread_blocked, id=13912, stack(0x000000c213000000,0x000000c213100000)]
  0x00000261775030d0 JavaThread "Cache worker for journal cache (C:\Users\Роман\.gradle\caches\journal-1)" [_thread_blocked, id=1420, stack(0x000000c213100000,0x000000c213200000)]
  0x0000026177503a70 JavaThread "File lock request listener" [_thread_in_native, id=16776, stack(0x000000c213200000,0x000000c213300000)]
  0x00000261775035a0 JavaThread "Cache worker for file hash cache (C:\Users\Роман\.gradle\caches\7.5.1\fileHashes)" [_thread_blocked, id=18116, stack(0x000000c213300000,0x000000c213400000)]
  0x0000026177503f40 JavaThread "File watcher server" daemon [_thread_in_native, id=8160, stack(0x000000c213500000,0x000000c213600000)]
  0x0000026177505c20 JavaThread "File watcher consumer" daemon [_thread_blocked, id=15988, stack(0x000000c213600000,0x000000c213700000)]
  0x0000026177504410 JavaThread "Cache worker for checksums cache (C:\Users\Роман\IdeaProjects\patterns-RomanShcherbatiuk\.gradle\7.5.1\checksums)" [_thread_blocked, id=17528, stack(0x000000c213700000,0x000000c213800000)]
  0x0000026177502260 JavaThread "Cache worker for cache directory md-rule (C:\Users\Роман\.gradle\caches\7.5.1\md-rule)" [_thread_blocked, id=11592, stack(0x000000c213800000,0x000000c213900000)]
  0x0000026177502c00 JavaThread "Cache worker for file content cache (C:\Users\Роман\.gradle\caches\7.5.1\fileContent)" [_thread_blocked, id=15772, stack(0x000000c213900000,0x000000c213a00000)]
  0x0000026179adfcb0 JavaThread "Cache worker for file hash cache (C:\Users\Роман\IdeaProjects\patterns-RomanShcherbatiuk\.gradle\7.5.1\fileHashes)" [_thread_blocked, id=3168, stack(0x000000c213a00000,0x000000c213b00000)]
  0x0000026179ad92d0 JavaThread "Cache worker for cache directory md-supplier (C:\Users\Роман\.gradle\caches\7.5.1\md-supplier)" [_thread_blocked, id=6844, stack(0x000000c213b00000,0x000000c213c00000)]
  0x0000026179ad9c70 JavaThread "Cache worker for execution history cache (C:\Users\Роман\.gradle\caches\7.5.1\executionHistory)" [_thread_blocked, id=11676, stack(0x000000c213f00000,0x000000c214000000)]
  0x0000026179ada610 JavaThread "jar transforms" [_thread_blocked, id=17188, stack(0x000000c214000000,0x000000c214100000)]
  0x0000026179ade970 JavaThread "jar transforms Thread 2" [_thread_blocked, id=11984, stack(0x000000c214100000,0x000000c214200000)]
  0x0000026179adb950 JavaThread "jar transforms Thread 3" [_thread_blocked, id=12196, stack(0x000000c214200000,0x000000c214300000)]
  0x0000026179adc2f0 JavaThread "jar transforms Thread 4" [_thread_blocked, id=11824, stack(0x000000c214300000,0x000000c214400000)]
  0x0000026179ada140 JavaThread "jar transforms Thread 5" [_thread_blocked, id=13332, stack(0x000000c214400000,0x000000c214500000)]
  0x0000026179adafb0 JavaThread "jar transforms Thread 6" [_thread_blocked, id=11672, stack(0x000000c214500000,0x000000c214600000)]
  0x0000026179adb480 JavaThread "jar transforms Thread 7" [_thread_blocked, id=7972, stack(0x000000c214600000,0x000000c214700000)]
  0x0000026179adee40 JavaThread "jar transforms Thread 8" [_thread_blocked, id=18376, stack(0x000000c214700000,0x000000c214800000)]
  0x0000026179add160 JavaThread "Cache worker for dependencies-accessors (C:\Users\Роман\IdeaProjects\patterns-RomanShcherbatiuk\.gradle\7.5.1\dependencies-accessors)" [_thread_blocked, id=7376, stack(0x000000c214800000,0x000000c214900000)]
  0x0000026179add630 JavaThread "Cache worker for Build Output Cleanup Cache (C:\Users\Роман\IdeaProjects\patterns-RomanShcherbatiuk\.gradle\buildOutputCleanup)" [_thread_blocked, id=10956, stack(0x000000c214900000,0x000000c214a00000)]
  0x0000026179ad8e00 JavaThread "Unconstrained build operations" [_thread_blocked, id=18268, stack(0x000000c214a00000,0x000000c214b00000)]
  0x0000026179adc7c0 JavaThread "Unconstrained build operations Thread 2" [_thread_blocked, id=13512, stack(0x000000c214b00000,0x000000c214c00000)]
  0x0000026179adcc90 JavaThread "Memory manager" [_thread_blocked, id=8768, stack(0x000000c214c00000,0x000000c214d00000)]
  0x0000026179adf310 JavaThread "ForkJoinPool.commonPool-worker-1" daemon [_thread_blocked, id=17064, stack(0x000000c214d00000,0x000000c214e00000)]
  0x0000026179ad97a0 JavaThread "ForkJoinPool.commonPool-worker-2" daemon [_thread_blocked, id=13344, stack(0x000000c214e00000,0x000000c214f00000)]
  0x0000026179ade4a0 JavaThread "ForkJoinPool.commonPool-worker-3" daemon [_thread_blocked, id=15736, stack(0x000000c214f00000,0x000000c215000000)]
  0x000002617a8d7a00 JavaThread "ForkJoinPool.commonPool-worker-4" daemon [_thread_blocked, id=14156, stack(0x000000c215000000,0x000000c215100000)]
  0x000002617a8d5850 JavaThread "ForkJoinPool.commonPool-worker-5" daemon [_thread_blocked, id=5956, stack(0x000000c215100000,0x000000c215200000)]
  0x000002617a8d5380 JavaThread "ForkJoinPool.commonPool-worker-6" daemon [_thread_blocked, id=14500, stack(0x000000c215200000,0x000000c215300000)]
  0x000002617a8d49e0 JavaThread "ForkJoinPool.commonPool-worker-7" daemon [_thread_blocked, id=10732, stack(0x000000c215300000,0x000000c215400000)]
  0x000002617a8daef0 JavaThread "Exec process" [_thread_in_native, id=17880, stack(0x000000c215400000,0x000000c215500000)]
  0x000002617a8da080 JavaThread "Exec process Thread 2" [_thread_in_native, id=17592, stack(0x000000c215500000,0x000000c215600000)]
  0x000002617a8d4510 JavaThread "Exec process Thread 3" [_thread_in_native, id=11688, stack(0x000000c215600000,0x000000c215700000)]
  0x000002617a8d9210 JavaThread "included builds" [_thread_blocked, id=15980, stack(0x000000c215700000,0x000000c215800000)]
  0x000002617a8d96e0 JavaThread "Execution worker" [_thread_blocked, id=14776, stack(0x000000c215800000,0x000000c215900000)]
  0x000002617a8d4eb0 JavaThread "Execution worker Thread 2" [_thread_blocked, id=12328, stack(0x000000c215900000,0x000000c215a00000)]
  0x000002617a8da550 JavaThread "Execution worker Thread 3" [_thread_blocked, id=18200, stack(0x000000c215a00000,0x000000c215b00000)]
  0x000002617a8daa20 JavaThread "Execution worker Thread 4" [_thread_blocked, id=17084, stack(0x000000c215b00000,0x000000c215c00000)]
  0x000002617a8db3c0 JavaThread "Execution worker Thread 5" [_thread_blocked, id=14200, stack(0x000000c215c00000,0x000000c215d00000)]
  0x000002617a8d8d40 JavaThread "Execution worker Thread 6" [_thread_blocked, id=16232, stack(0x000000c215d00000,0x000000c215e00000)]
  0x000002617a8d4040 JavaThread "Execution worker Thread 7" [_thread_blocked, id=14344, stack(0x000000c215e00000,0x000000c215f00000)]
  0x000002617a8d5d20 JavaThread "Cache worker for execution history cache (C:\Users\Роман\IdeaProjects\patterns-RomanShcherbatiuk\.gradle\7.5.1\executionHistory)" [_thread_blocked, id=10828, stack(0x000000c215f00000,0x000000c216000000)]
  0x000002617a8d9bb0 JavaThread "Cache worker for Java compile cache (C:\Users\Роман\.gradle\caches\7.5.1\javaCompile)" [_thread_blocked, id=1560, stack(0x000000c216000000,0x000000c216100000)]
  0x000002617a8d61f0 JavaThread "Incoming local TCP Connector on port 62214" [_thread_blocked, id=8404, stack(0x000000c216100000,0x000000c216200000)]
  0x000002617a8db890 JavaThread "Exec process Thread 4" [_thread_in_native, id=17728, stack(0x000000c216300000,0x000000c216400000)]
  0x000002617a8d83a0 JavaThread "/127.0.0.1:62214 to /127.0.0.1:62215 workers" [_thread_blocked, id=8036, stack(0x000000c212100000,0x000000c212200000)]
  0x000002617a8d6b90 JavaThread "/127.0.0.1:62214 to /127.0.0.1:62215 workers Thread 2" [_thread_blocked, id=9568, stack(0x000000c213400000,0x000000c213500000)]
  0x000002617a8d66c0 JavaThread "/127.0.0.1:62214 to /127.0.0.1:62215 workers Thread 3" [_thread_blocked, id=16908, stack(0x000000c216200000,0x000000c216300000)]
  0x000002617a8d7060 JavaThread "/127.0.0.1:62214 to /127.0.0.1:62215 workers Thread 4" [_thread_blocked, id=10976, stack(0x000000c216400000,0x000000c216500000)]
  0x000002617a8d7ed0 JavaThread "/127.0.0.1:62214 to /127.0.0.1:62215 workers Thread 5" [_thread_in_native, id=11060, stack(0x000000c216500000,0x000000c216600000)]
  0x000002617b81fa00 JavaThread "DisconnectableInputStream source reader" daemon [_thread_blocked, id=17400, stack(0x000000c216700000,0x000000c216800000)]
  0x000002617b8216e0 JavaThread "Exec process Thread 5" [_thread_blocked, id=15472, stack(0x000000c216800000,0x000000c216900000)]
  0x000002617b821bb0 JavaThread "Exec process Thread 6" [_thread_in_native, id=16604, stack(0x000000c216900000,0x000000c216a00000)]
  0x000002617b8203a0 JavaThread "Exec process Thread 7" [_thread_in_native, id=14904, stack(0x000000c216a00000,0x000000c216b00000)]
  0x00000261776d3b50 JavaThread "C2 CompilerThread1" daemon [_thread_in_native, id=8608, stack(0x000000c216600000,0x000000c216700000)]
  0x00000261776d54a0 JavaThread "C2 CompilerThread2" daemon [_thread_in_native, id=16372, stack(0x000000c216b00000,0x000000c216c00000)]

Other Threads:
  0x000002616d30de50 VMThread "VM Thread" [stack: 0x000000c211400000,0x000000c211500000] [id=4920]
  0x000002616de0c8b0 WatcherThread [stack: 0x000000c212000000,0x000000c212100000] [id=2876]
  0x000002615089a6a0 GCTaskThread "GC Thread#0" [stack: 0x000000c210f00000,0x000000c211000000] [id=13768]
  0x000002616e889d10 GCTaskThread "GC Thread#1" [stack: 0x000000c212300000,0x000000c212400000] [id=14536]
  0x00000261765292f0 GCTaskThread "GC Thread#2" [stack: 0x000000c212400000,0x000000c212500000] [id=15756]
  0x000002616e59dba0 GCTaskThread "GC Thread#3" [stack: 0x000000c212500000,0x000000c212600000] [id=13696]
  0x000002616e63e710 GCTaskThread "GC Thread#4" [stack: 0x000000c212600000,0x000000c212700000] [id=9164]
  0x000002616e63e9c0 GCTaskThread "GC Thread#5" [stack: 0x000000c212700000,0x000000c212800000] [id=9804]
  0x00000261795733d0 GCTaskThread "GC Thread#6" [stack: 0x000000c213c00000,0x000000c213d00000] [id=17704]
  0x0000026179573be0 GCTaskThread "GC Thread#7" [stack: 0x000000c213d00000,0x000000c213e00000] [id=5396]
  0x000002615089f3f0 ConcurrentGCThread "G1 Main Marker" [stack: 0x000000c211000000,0x000000c211100000] [id=9220]
  0x00000261508a0450 ConcurrentGCThread "G1 Conc#0" [stack: 0x000000c211100000,0x000000c211200000] [id=10136]
  0x0000026179572660 ConcurrentGCThread "G1 Conc#1" [stack: 0x000000c213e00000,0x000000c213f00000] [id=16060]
  0x000002615094e180 ConcurrentGCThread "G1 Refine#0" [stack: 0x000000c211200000,0x000000c211300000] [id=17116]
  0x000002615094e9b0 ConcurrentGCThread "G1 Service" [stack: 0x000000c211300000,0x000000c211400000] [id=15420]

Threads with active compile tasks:
C2 CompilerThread0    17714 5680       4       org.gradle.internal.logging.text.AbstractLineChoppingStyledTextOutput::doAppend (43 bytes)
C1 CompilerThread0    17714 5685       2       org.gradle.internal.logging.text.AbstractLineChoppingStyledTextOutput$2::execute (77 bytes)
C2 CompilerThread1    17714 5681       4       org.gradle.internal.logging.text.AbstractLineChoppingStyledTextOutput$1::execute (9 bytes)
C2 CompilerThread2    17714 5682       4       org.gradle.internal.logging.text.AbstractLineChoppingStyledTextOutput$1::execute (140 bytes)

VM state: not at safepoint (normal execution)

VM Mutex/Monitor currently owned by a thread: None

Heap address: 0x00000000e0000000, size: 512 MB, Compressed Oops mode: 32-bit

CDS archive(s) mapped at: [0x0000000800000000-0x0000000800bc0000-0x0000000800bc0000), size 12320768, SharedBaseAddress: 0x0000000800000000, ArchiveRelocationMode: 0.
Compressed class space mapped at: 0x0000000800c00000-0x000000080dc00000, reserved size: 218103808
Narrow klass base: 0x0000000800000000, Narrow klass shift: 0, Narrow klass range: 0x100000000

GC Precious Log:
 CPUs: 8 total, 8 available
 Memory: 12186M
 Large Page Support: Disabled
 NUMA Support: Disabled
 Compressed Oops: Enabled (32-bit)
 Heap Region Size: 1M
 Heap Min Capacity: 256M
 Heap Initial Capacity: 256M
 Heap Max Capacity: 512M
 Pre-touch: Disabled
 Parallel Workers: 8
 Concurrent Workers: 2
 Concurrent Refinement Workers: 8
 Periodic GC: Disabled

Heap:
 garbage-first heap   total 262144K, used 44679K [0x00000000e0000000, 0x0000000100000000)
  region size 1024K, 25 young (25600K), 20 survivors (20480K)
 Metaspace       used 49127K, committed 49792K, reserved 262144K
  class space    used 7122K, committed 7424K, reserved 212992K

Heap Regions: E=young(eden), S=young(survivor), O=old, HS=humongous(starts), HC=humongous(continues), CS=collection set, F=free, OA=open archive, CA=closed archive, TAMS=top-at-mark-start (previous, next)
|   0|0x00000000e0000000, 0x00000000e0100000, 0x00000000e0100000|100%| O|  |TAMS 0x00000000e0100000, 0x00000000e0000000| Untracked 
|   1|0x00000000e0100000, 0x00000000e0200000, 0x00000000e0200000|100%| O|  |TAMS 0x00000000e0200000, 0x00000000e0100000| Untracked 
|   2|0x00000000e0200000, 0x00000000e0300000, 0x00000000e0300000|100%| O|  |TAMS 0x00000000e02e0c00, 0x00000000e0200000| Untracked 
|   3|0x00000000e0300000, 0x00000000e0400000, 0x00000000e0400000|100%|HS|  |TAMS 0x00000000e0400000, 0x00000000e0300000| Complete 
|   4|0x00000000e0400000, 0x00000000e0500000, 0x00000000e0500000|100%|HC|  |TAMS 0x00000000e0500000, 0x00000000e0400000| Complete 
|   5|0x00000000e0500000, 0x00000000e0600000, 0x00000000e0600000|100%|HC|  |TAMS 0x00000000e0600000, 0x00000000e0500000| Complete 
|   6|0x00000000e0600000, 0x00000000e0700000, 0x00000000e0700000|100%| O|  |TAMS 0x00000000e0700000, 0x00000000e0600000| Untracked 
|   7|0x00000000e0700000, 0x00000000e0800000, 0x00000000e0800000|100%| O|  |TAMS 0x00000000e0800000, 0x00000000e0700000| Untracked 
|   8|0x00000000e0800000, 0x00000000e0900000, 0x00000000e0900000|100%| O|  |TAMS 0x00000000e0900000, 0x00000000e0800000| Untracked 
|   9|0x00000000e0900000, 0x00000000e0900000, 0x00000000e0a00000|  0%| F|  |TAMS 0x00000000e0900000, 0x00000000e0900000| Untracked 
|  10|0x00000000e0a00000, 0x00000000e0a00000, 0x00000000e0b00000|  0%| F|  |TAMS 0x00000000e0a00000, 0x00000000e0a00000| Untracked 
|  11|0x00000000e0b00000, 0x00000000e0b00000, 0x00000000e0c00000|  0%| F|  |TAMS 0x00000000e0b00000, 0x00000000e0b00000| Untracked 
|  12|0x00000000e0c00000, 0x00000000e0c00000, 0x00000000e0d00000|  0%| F|  |TAMS 0x00000000e0c00000, 0x00000000e0c00000| Untracked 
|  13|0x00000000e0d00000, 0x00000000e0e00000, 0x00000000e0e00000|100%| O|  |TAMS 0x00000000e0d00000, 0x00000000e0d00000| Untracked 
|  14|0x00000000e0e00000, 0x00000000e0f00000, 0x00000000e0f00000|100%| O|  |TAMS 0x00000000e0e00000, 0x00000000e0e00000| Untracked 
|  15|0x00000000e0f00000, 0x00000000e1000000, 0x00000000e1000000|100%| O|  |TAMS 0x00000000e0f00000, 0x00000000e0f00000| Untracked 
|  16|0x00000000e1000000, 0x00000000e1100000, 0x00000000e1100000|100%| O|  |TAMS 0x00000000e1000000, 0x00000000e1000000| Untracked 
|  17|0x00000000e1100000, 0x00000000e1200000, 0x00000000e1200000|100%| O|  |TAMS 0x00000000e1100000, 0x00000000e1100000| Untracked 
|  18|0x00000000e1200000, 0x00000000e1300000, 0x00000000e1300000|100%| O|  |TAMS 0x00000000e1200000, 0x00000000e1200000| Untracked 
|  19|0x00000000e1300000, 0x00000000e1400000, 0x00000000e1400000|100%| O|  |TAMS 0x00000000e1300000, 0x00000000e1300000| Untracked 
|  20|0x00000000e1400000, 0x00000000e1500000, 0x00000000e1500000|100%| O|  |TAMS 0x00000000e1400000, 0x00000000e1400000| Untracked 
|  21|0x00000000e1500000, 0x00000000e1600000, 0x00000000e1600000|100%| O|  |TAMS 0x00000000e1500000, 0x00000000e1500000| Untracked 
|  22|0x00000000e1600000, 0x00000000e1700000, 0x00000000e1700000|100%| O|  |TAMS 0x00000000e1600000, 0x00000000e1600000| Untracked 
|  23|0x00000000e1700000, 0x00000000e1800000, 0x00000000e1800000|100%| O|  |TAMS 0x00000000e1700000, 0x00000000e1700000| Untracked 
|  24|0x00000000e1800000, 0x00000000e180ae00, 0x00000000e1900000|  4%| O|  |TAMS 0x00000000e1800000, 0x00000000e1800000| Untracked 
|  25|0x00000000e1900000, 0x00000000e1900000, 0x00000000e1a00000|  0%| F|  |TAMS 0x00000000e1900000, 0x00000000e1900000| Untracked 
|  26|0x00000000e1a00000, 0x00000000e1a00000, 0x00000000e1b00000|  0%| F|  |TAMS 0x00000000e1a00000, 0x00000000e1a00000| Untracked 
|  27|0x00000000e1b00000, 0x00000000e1b00000, 0x00000000e1c00000|  0%| F|  |TAMS 0x00000000e1b00000, 0x00000000e1b00000| Untracked 
|  28|0x00000000e1c00000, 0x00000000e1c00000, 0x00000000e1d00000|  0%| F|  |TAMS 0x00000000e1c00000, 0x00000000e1c00000| Untracked 
|  29|0x00000000e1d00000, 0x00000000e1d00000, 0x00000000e1e00000|  0%| F|  |TAMS 0x00000000e1d00000, 0x00000000e1d00000| Untracked 
|  30|0x00000000e1e00000, 0x00000000e1e00000, 0x00000000e1f00000|  0%| F|  |TAMS 0x00000000e1e00000, 0x00000000e1e00000| Untracked 
|  31|0x00000000e1f00000, 0x00000000e1f00000, 0x00000000e2000000|  0%| F|  |TAMS 0x00000000e1f00000, 0x00000000e1f00000| Untracked 
|  32|0x00000000e2000000, 0x00000000e2000000, 0x00000000e2100000|  0%| F|  |TAMS 0x00000000e2000000, 0x00000000e2000000| Untracked 
|  33|0x00000000e2100000, 0x00000000e2100000, 0x00000000e2200000|  0%| F|  |TAMS 0x00000000e2100000, 0x00000000e2100000| Untracked 
|  34|0x00000000e2200000, 0x00000000e2200000, 0x00000000e2300000|  0%| F|  |TAMS 0x00000000e2200000, 0x00000000e2200000| Untracked 
|  35|0x00000000e2300000, 0x00000000e2300000, 0x00000000e2400000|  0%| F|  |TAMS 0x00000000e2300000, 0x00000000e2300000| Untracked 
|  36|0x00000000e2400000, 0x00000000e2400000, 0x00000000e2500000|  0%| F|  |TAMS 0x00000000e2400000, 0x00000000e2400000| Untracked 
|  37|0x00000000e2500000, 0x00000000e2500000, 0x00000000e2600000|  0%| F|  |TAMS 0x00000000e2500000, 0x00000000e2500000| Untracked 
|  38|0x00000000e2600000, 0x00000000e2600000, 0x00000000e2700000|  0%| F|  |TAMS 0x00000000e2600000, 0x00000000e2600000| Untracked 
|  39|0x00000000e2700000, 0x00000000e2700000, 0x00000000e2800000|  0%| F|  |TAMS 0x00000000e2700000, 0x00000000e2700000| Untracked 
|  40|0x00000000e2800000, 0x00000000e2800000, 0x00000000e2900000|  0%| F|  |TAMS 0x00000000e2800000, 0x00000000e2800000| Untracked 
|  41|0x00000000e2900000, 0x00000000e2900000, 0x00000000e2a00000|  0%| F|  |TAMS 0x00000000e2900000, 0x00000000e2900000| Untracked 
|  42|0x00000000e2a00000, 0x00000000e2a00000, 0x00000000e2b00000|  0%| F|  |TAMS 0x00000000e2a00000, 0x00000000e2a00000| Untracked 
|  43|0x00000000e2b00000, 0x00000000e2b00000, 0x00000000e2c00000|  0%| F|  |TAMS 0x00000000e2b00000, 0x00000000e2b00000| Untracked 
|  44|0x00000000e2c00000, 0x00000000e2c00000, 0x00000000e2d00000|  0%| F|  |TAMS 0x00000000e2c00000, 0x00000000e2c00000| Untracked 
|  45|0x00000000e2d00000, 0x00000000e2d00000, 0x00000000e2e00000|  0%| F|  |TAMS 0x00000000e2d00000, 0x00000000e2d00000| Untracked 
|  46|0x00000000e2e00000, 0x00000000e2e00000, 0x00000000e2f00000|  0%| F|  |TAMS 0x00000000e2e00000, 0x00000000e2e00000| Untracked 
|  47|0x00000000e2f00000, 0x00000000e2f00000, 0x00000000e3000000|  0%| F|  |TAMS 0x00000000e2f00000, 0x00000000e2f00000| Untracked 
|  48|0x00000000e3000000, 0x00000000e3000000, 0x00000000e3100000|  0%| F|  |TAMS 0x00000000e3000000, 0x00000000e3000000| Untracked 
|  49|0x00000000e3100000, 0x00000000e3100000, 0x00000000e3200000|  0%| F|  |TAMS 0x00000000e3100000, 0x00000000e3100000| Untracked 
|  50|0x00000000e3200000, 0x00000000e3200000, 0x00000000e3300000|  0%| F|  |TAMS 0x00000000e3200000, 0x00000000e3200000| Untracked 
|  51|0x00000000e3300000, 0x00000000e3300000, 0x00000000e3400000|  0%| F|  |TAMS 0x00000000e3300000, 0x00000000e3300000| Untracked 
|  52|0x00000000e3400000, 0x00000000e3400000, 0x00000000e3500000|  0%| F|  |TAMS 0x00000000e3400000, 0x00000000e3400000| Untracked 
|  53|0x00000000e3500000, 0x00000000e3500000, 0x00000000e3600000|  0%| F|  |TAMS 0x00000000e3500000, 0x00000000e3500000| Untracked 
|  54|0x00000000e3600000, 0x00000000e3600000, 0x00000000e3700000|  0%| F|  |TAMS 0x00000000e3600000, 0x00000000e3600000| Untracked 
|  55|0x00000000e3700000, 0x00000000e3700000, 0x00000000e3800000|  0%| F|  |TAMS 0x00000000e3700000, 0x00000000e3700000| Untracked 
|  56|0x00000000e3800000, 0x00000000e3800000, 0x00000000e3900000|  0%| F|  |TAMS 0x00000000e3800000, 0x00000000e3800000| Untracked 
|  57|0x00000000e3900000, 0x00000000e3900000, 0x00000000e3a00000|  0%| F|  |TAMS 0x00000000e3900000, 0x00000000e3900000| Untracked 
|  58|0x00000000e3a00000, 0x00000000e3a00000, 0x00000000e3b00000|  0%| F|  |TAMS 0x00000000e3a00000, 0x00000000e3a00000| Untracked 
|  59|0x00000000e3b00000, 0x00000000e3b00000, 0x00000000e3c00000|  0%| F|  |TAMS 0x00000000e3b00000, 0x00000000e3b00000| Untracked 
|  60|0x00000000e3c00000, 0x00000000e3c00000, 0x00000000e3d00000|  0%| F|  |TAMS 0x00000000e3c00000, 0x00000000e3c00000| Untracked 
|  61|0x00000000e3d00000, 0x00000000e3d00000, 0x00000000e3e00000|  0%| F|  |TAMS 0x00000000e3d00000, 0x00000000e3d00000| Untracked 
|  62|0x00000000e3e00000, 0x00000000e3e00000, 0x00000000e3f00000|  0%| F|  |TAMS 0x00000000e3e00000, 0x00000000e3e00000| Untracked 
|  63|0x00000000e3f00000, 0x00000000e3f00000, 0x00000000e4000000|  0%| F|  |TAMS 0x00000000e3f00000, 0x00000000e3f00000| Untracked 
|  64|0x00000000e4000000, 0x00000000e4000000, 0x00000000e4100000|  0%| F|  |TAMS 0x00000000e4000000, 0x00000000e4000000| Untracked 
|  65|0x00000000e4100000, 0x00000000e4100000, 0x00000000e4200000|  0%| F|  |TAMS 0x00000000e4100000, 0x00000000e4100000| Untracked 
|  66|0x00000000e4200000, 0x00000000e4200000, 0x00000000e4300000|  0%| F|  |TAMS 0x00000000e4200000, 0x00000000e4200000| Untracked 
|  67|0x00000000e4300000, 0x00000000e4300000, 0x00000000e4400000|  0%| F|  |TAMS 0x00000000e4300000, 0x00000000e4300000| Untracked 
|  68|0x00000000e4400000, 0x00000000e4400000, 0x00000000e4500000|  0%| F|  |TAMS 0x00000000e4400000, 0x00000000e4400000| Untracked 
|  69|0x00000000e4500000, 0x00000000e4500000, 0x00000000e4600000|  0%| F|  |TAMS 0x00000000e4500000, 0x00000000e4500000| Untracked 
|  70|0x00000000e4600000, 0x00000000e4600000, 0x00000000e4700000|  0%| F|  |TAMS 0x00000000e4600000, 0x00000000e4600000| Untracked 
|  71|0x00000000e4700000, 0x00000000e4700000, 0x00000000e4800000|  0%| F|  |TAMS 0x00000000e4700000, 0x00000000e4700000| Untracked 
|  72|0x00000000e4800000, 0x00000000e4800000, 0x00000000e4900000|  0%| F|  |TAMS 0x00000000e4800000, 0x00000000e4800000| Untracked 
|  73|0x00000000e4900000, 0x00000000e4900000, 0x00000000e4a00000|  0%| F|  |TAMS 0x00000000e4900000, 0x00000000e4900000| Untracked 
|  74|0x00000000e4a00000, 0x00000000e4a00000, 0x00000000e4b00000|  0%| F|  |TAMS 0x00000000e4a00000, 0x00000000e4a00000| Untracked 
|  75|0x00000000e4b00000, 0x00000000e4b00000, 0x00000000e4c00000|  0%| F|  |TAMS 0x00000000e4b00000, 0x00000000e4b00000| Untracked 
|  76|0x00000000e4c00000, 0x00000000e4c00000, 0x00000000e4d00000|  0%| F|  |TAMS 0x00000000e4c00000, 0x00000000e4c00000| Untracked 
|  77|0x00000000e4d00000, 0x00000000e4d00000, 0x00000000e4e00000|  0%| F|  |TAMS 0x00000000e4d00000, 0x00000000e4d00000| Untracked 
|  78|0x00000000e4e00000, 0x00000000e4e00000, 0x00000000e4f00000|  0%| F|  |TAMS 0x00000000e4e00000, 0x00000000e4e00000| Untracked 
|  79|0x00000000e4f00000, 0x00000000e4f00000, 0x00000000e5000000|  0%| F|  |TAMS 0x00000000e4f00000, 0x00000000e4f00000| Untracked 
|  80|0x00000000e5000000, 0x00000000e5000000, 0x00000000e5100000|  0%| F|  |TAMS 0x00000000e5000000, 0x00000000e5000000| Untracked 
|  81|0x00000000e5100000, 0x00000000e5100000, 0x00000000e5200000|  0%| F|  |TAMS 0x00000000e5100000, 0x00000000e5100000| Untracked 
|  82|0x00000000e5200000, 0x00000000e5200000, 0x00000000e5300000|  0%| F|  |TAMS 0x00000000e5200000, 0x00000000e5200000| Untracked 
|  83|0x00000000e5300000, 0x00000000e5396fa8, 0x00000000e5400000| 58%| S|CS|TAMS 0x00000000e5300000, 0x00000000e5300000| Complete 
|  84|0x00000000e5400000, 0x00000000e5500000, 0x00000000e5500000|100%| S|CS|TAMS 0x00000000e5400000, 0x00000000e5400000| Complete 
|  85|0x00000000e5500000, 0x00000000e5600000, 0x00000000e5600000|100%| S|CS|TAMS 0x00000000e5500000, 0x00000000e5500000| Complete 
|  86|0x00000000e5600000, 0x00000000e5700000, 0x00000000e5700000|100%| S|CS|TAMS 0x00000000e5600000, 0x00000000e5600000| Complete 
|  87|0x00000000e5700000, 0x00000000e5800000, 0x00000000e5800000|100%| S|CS|TAMS 0x00000000e5700000, 0x00000000e5700000| Complete 
|  88|0x00000000e5800000, 0x00000000e5900000, 0x00000000e5900000|100%| S|CS|TAMS 0x00000000e5800000, 0x00000000e5800000| Complete 
|  89|0x00000000e5900000, 0x00000000e5a00000, 0x00000000e5a00000|100%| S|CS|TAMS 0x00000000e5900000, 0x00000000e5900000| Complete 
|  90|0x00000000e5a00000, 0x00000000e5b00000, 0x00000000e5b00000|100%| S|CS|TAMS 0x00000000e5a00000, 0x00000000e5a00000| Complete 
|  91|0x00000000e5b00000, 0x00000000e5c00000, 0x00000000e5c00000|100%| S|CS|TAMS 0x00000000e5b00000, 0x00000000e5b00000| Complete 
|  92|0x00000000e5c00000, 0x00000000e5d00000, 0x00000000e5d00000|100%| S|CS|TAMS 0x00000000e5c00000, 0x00000000e5c00000| Complete 
|  93|0x00000000e5d00000, 0x00000000e5e00000, 0x00000000e5e00000|100%| S|CS|TAMS 0x00000000e5d00000, 0x00000000e5d00000| Complete 
|  94|0x00000000e5e00000, 0x00000000e5f00000, 0x00000000e5f00000|100%| S|CS|TAMS 0x00000000e5e00000, 0x00000000e5e00000| Complete 
|  95|0x00000000e5f00000, 0x00000000e6000000, 0x00000000e6000000|100%| S|CS|TAMS 0x00000000e5f00000, 0x00000000e5f00000| Complete 
|  96|0x00000000e6000000, 0x00000000e6100000, 0x00000000e6100000|100%| S|CS|TAMS 0x00000000e6000000, 0x00000000e6000000| Complete 
|  97|0x00000000e6100000, 0x00000000e6200000, 0x00000000e6200000|100%| S|CS|TAMS 0x00000000e6100000, 0x00000000e6100000| Complete 
|  98|0x00000000e6200000, 0x00000000e6300000, 0x00000000e6300000|100%| S|CS|TAMS 0x00000000e6200000, 0x00000000e6200000| Complete 
|  99|0x00000000e6300000, 0x00000000e6400000, 0x00000000e6400000|100%| S|CS|TAMS 0x00000000e6300000, 0x00000000e6300000| Complete 
| 100|0x00000000e6400000, 0x00000000e6500000, 0x00000000e6500000|100%| S|CS|TAMS 0x00000000e6400000, 0x00000000e6400000| Complete 
| 101|0x00000000e6500000, 0x00000000e6600000, 0x00000000e6600000|100%| S|CS|TAMS 0x00000000e6500000, 0x00000000e6500000| Complete 
| 102|0x00000000e6600000, 0x00000000e6700000, 0x00000000e6700000|100%| S|CS|TAMS 0x00000000e6600000, 0x00000000e6600000| Complete 
| 103|0x00000000e6700000, 0x00000000e6700000, 0x00000000e6800000|  0%| F|  |TAMS 0x00000000e6700000, 0x00000000e6700000| Untracked 
| 104|0x00000000e6800000, 0x00000000e6800000, 0x00000000e6900000|  0%| F|  |TAMS 0x00000000e6800000, 0x00000000e6800000| Untracked 
| 105|0x00000000e6900000, 0x00000000e6900000, 0x00000000e6a00000|  0%| F|  |TAMS 0x00000000e6900000, 0x00000000e6900000| Untracked 
| 106|0x00000000e6a00000, 0x00000000e6a00000, 0x00000000e6b00000|  0%| F|  |TAMS 0x00000000e6a00000, 0x00000000e6a00000| Untracked 
| 107|0x00000000e6b00000, 0x00000000e6b00000, 0x00000000e6c00000|  0%| F|  |TAMS 0x00000000e6b00000, 0x00000000e6b00000| Untracked 
| 108|0x00000000e6c00000, 0x00000000e6c00000, 0x00000000e6d00000|  0%| F|  |TAMS 0x00000000e6c00000, 0x00000000e6c00000| Untracked 
| 109|0x00000000e6d00000, 0x00000000e6d00000, 0x00000000e6e00000|  0%| F|  |TAMS 0x00000000e6d00000, 0x00000000e6d00000| Untracked 
| 110|0x00000000e6e00000, 0x00000000e6e00000, 0x00000000e6f00000|  0%| F|  |TAMS 0x00000000e6e00000, 0x00000000e6e00000| Untracked 
| 111|0x00000000e6f00000, 0x00000000e6f00000, 0x00000000e7000000|  0%| F|  |TAMS 0x00000000e6f00000, 0x00000000e6f00000| Untracked 
| 112|0x00000000e7000000, 0x00000000e7000000, 0x00000000e7100000|  0%| F|  |TAMS 0x00000000e7000000, 0x00000000e7000000| Untracked 
| 113|0x00000000e7100000, 0x00000000e7100000, 0x00000000e7200000|  0%| F|  |TAMS 0x00000000e7100000, 0x00000000e7100000| Untracked 
| 114|0x00000000e7200000, 0x00000000e7200000, 0x00000000e7300000|  0%| F|  |TAMS 0x00000000e7200000, 0x00000000e7200000| Untracked 
| 115|0x00000000e7300000, 0x00000000e7300000, 0x00000000e7400000|  0%| F|  |TAMS 0x00000000e7300000, 0x00000000e7300000| Untracked 
| 116|0x00000000e7400000, 0x00000000e7400000, 0x00000000e7500000|  0%| F|  |TAMS 0x00000000e7400000, 0x00000000e7400000| Untracked 
| 117|0x00000000e7500000, 0x00000000e7500000, 0x00000000e7600000|  0%| F|  |TAMS 0x00000000e7500000, 0x00000000e7500000| Untracked 
| 118|0x00000000e7600000, 0x00000000e7600000, 0x00000000e7700000|  0%| F|  |TAMS 0x00000000e7600000, 0x00000000e7600000| Untracked 
| 119|0x00000000e7700000, 0x00000000e7700000, 0x00000000e7800000|  0%| F|  |TAMS 0x00000000e7700000, 0x00000000e7700000| Untracked 
| 120|0x00000000e7800000, 0x00000000e7800000, 0x00000000e7900000|  0%| F|  |TAMS 0x00000000e7800000, 0x00000000e7800000| Untracked 
| 121|0x00000000e7900000, 0x00000000e7900000, 0x00000000e7a00000|  0%| F|  |TAMS 0x00000000e7900000, 0x00000000e7900000| Untracked 
| 122|0x00000000e7a00000, 0x00000000e7a00000, 0x00000000e7b00000|  0%| F|  |TAMS 0x00000000e7a00000, 0x00000000e7a00000| Untracked 
| 123|0x00000000e7b00000, 0x00000000e7b00000, 0x00000000e7c00000|  0%| F|  |TAMS 0x00000000e7b00000, 0x00000000e7b00000| Untracked 
| 124|0x00000000e7c00000, 0x00000000e7c00000, 0x00000000e7d00000|  0%| F|  |TAMS 0x00000000e7c00000, 0x00000000e7c00000| Untracked 
| 125|0x00000000e7d00000, 0x00000000e7d00000, 0x00000000e7e00000|  0%| F|  |TAMS 0x00000000e7d00000, 0x00000000e7d00000| Untracked 
| 126|0x00000000e7e00000, 0x00000000e7e00000, 0x00000000e7f00000|  0%| F|  |TAMS 0x00000000e7e00000, 0x00000000e7e00000| Untracked 
| 127|0x00000000e7f00000, 0x00000000e7f00000, 0x00000000e8000000|  0%| F|  |TAMS 0x00000000e7f00000, 0x00000000e7f00000| Untracked 
| 128|0x00000000e8000000, 0x00000000e8000000, 0x00000000e8100000|  0%| F|  |TAMS 0x00000000e8000000, 0x00000000e8000000| Untracked 
| 129|0x00000000e8100000, 0x00000000e8100000, 0x00000000e8200000|  0%| F|  |TAMS 0x00000000e8100000, 0x00000000e8100000| Untracked 
| 130|0x00000000e8200000, 0x00000000e8200000, 0x00000000e8300000|  0%| F|  |TAMS 0x00000000e8200000, 0x00000000e8200000| Untracked 
| 131|0x00000000e8300000, 0x00000000e8300000, 0x00000000e8400000|  0%| F|  |TAMS 0x00000000e8300000, 0x00000000e8300000| Untracked 
| 132|0x00000000e8400000, 0x00000000e8400000, 0x00000000e8500000|  0%| F|  |TAMS 0x00000000e8400000, 0x00000000e8400000| Untracked 
| 133|0x00000000e8500000, 0x00000000e8500000, 0x00000000e8600000|  0%| F|  |TAMS 0x00000000e8500000, 0x00000000e8500000| Untracked 
| 134|0x00000000e8600000, 0x00000000e8600000, 0x00000000e8700000|  0%| F|  |TAMS 0x00000000e8600000, 0x00000000e8600000| Untracked 
| 135|0x00000000e8700000, 0x00000000e8700000, 0x00000000e8800000|  0%| F|  |TAMS 0x00000000e8700000, 0x00000000e8700000| Untracked 
| 136|0x00000000e8800000, 0x00000000e8800000, 0x00000000e8900000|  0%| F|  |TAMS 0x00000000e8800000, 0x00000000e8800000| Untracked 
| 137|0x00000000e8900000, 0x00000000e8900000, 0x00000000e8a00000|  0%| F|  |TAMS 0x00000000e8900000, 0x00000000e8900000| Untracked 
| 138|0x00000000e8a00000, 0x00000000e8a00000, 0x00000000e8b00000|  0%| F|  |TAMS 0x00000000e8a00000, 0x00000000e8a00000| Untracked 
| 139|0x00000000e8b00000, 0x00000000e8b00000, 0x00000000e8c00000|  0%| F|  |TAMS 0x00000000e8b00000, 0x00000000e8b00000| Untracked 
| 140|0x00000000e8c00000, 0x00000000e8c00000, 0x00000000e8d00000|  0%| F|  |TAMS 0x00000000e8c00000, 0x00000000e8c00000| Untracked 
| 141|0x00000000e8d00000, 0x00000000e8d00000, 0x00000000e8e00000|  0%| F|  |TAMS 0x00000000e8d00000, 0x00000000e8d00000| Untracked 
| 142|0x00000000e8e00000, 0x00000000e8e00000, 0x00000000e8f00000|  0%| F|  |TAMS 0x00000000e8e00000, 0x00000000e8e00000| Untracked 
| 143|0x00000000e8f00000, 0x00000000e8f00000, 0x00000000e9000000|  0%| F|  |TAMS 0x00000000e8f00000, 0x00000000e8f00000| Untracked 
| 144|0x00000000e9000000, 0x00000000e9000000, 0x00000000e9100000|  0%| F|  |TAMS 0x00000000e9000000, 0x00000000e9000000| Untracked 
| 145|0x00000000e9100000, 0x00000000e9100000, 0x00000000e9200000|  0%| F|  |TAMS 0x00000000e9100000, 0x00000000e9100000| Untracked 
| 146|0x00000000e9200000, 0x00000000e9200000, 0x00000000e9300000|  0%| F|  |TAMS 0x00000000e9200000, 0x00000000e9200000| Untracked 
| 147|0x00000000e9300000, 0x00000000e9300000, 0x00000000e9400000|  0%| F|  |TAMS 0x00000000e9300000, 0x00000000e9300000| Untracked 
| 148|0x00000000e9400000, 0x00000000e9400000, 0x00000000e9500000|  0%| F|  |TAMS 0x00000000e9400000, 0x00000000e9400000| Untracked 
| 149|0x00000000e9500000, 0x00000000e9500000, 0x00000000e9600000|  0%| F|  |TAMS 0x00000000e9500000, 0x00000000e9500000| Untracked 
| 150|0x00000000e9600000, 0x00000000e9600000, 0x00000000e9700000|  0%| F|  |TAMS 0x00000000e9600000, 0x00000000e9600000| Untracked 
| 151|0x00000000e9700000, 0x00000000e9700000, 0x00000000e9800000|  0%| F|  |TAMS 0x00000000e9700000, 0x00000000e9700000| Untracked 
| 152|0x00000000e9800000, 0x00000000e9800000, 0x00000000e9900000|  0%| F|  |TAMS 0x00000000e9800000, 0x00000000e9800000| Untracked 
| 153|0x00000000e9900000, 0x00000000e9900000, 0x00000000e9a00000|  0%| F|  |TAMS 0x00000000e9900000, 0x00000000e9900000| Untracked 
| 154|0x00000000e9a00000, 0x00000000e9a00000, 0x00000000e9b00000|  0%| F|  |TAMS 0x00000000e9a00000, 0x00000000e9a00000| Untracked 
| 155|0x00000000e9b00000, 0x00000000e9b00000, 0x00000000e9c00000|  0%| F|  |TAMS 0x00000000e9b00000, 0x00000000e9b00000| Untracked 
| 156|0x00000000e9c00000, 0x00000000e9c00000, 0x00000000e9d00000|  0%| F|  |TAMS 0x00000000e9c00000, 0x00000000e9c00000| Untracked 
| 157|0x00000000e9d00000, 0x00000000e9d00000, 0x00000000e9e00000|  0%| F|  |TAMS 0x00000000e9d00000, 0x00000000e9d00000| Untracked 
| 158|0x00000000e9e00000, 0x00000000e9e00000, 0x00000000e9f00000|  0%| F|  |TAMS 0x00000000e9e00000, 0x00000000e9e00000| Untracked 
| 159|0x00000000e9f00000, 0x00000000e9f00000, 0x00000000ea000000|  0%| F|  |TAMS 0x00000000e9f00000, 0x00000000e9f00000| Untracked 
| 160|0x00000000ea000000, 0x00000000ea000000, 0x00000000ea100000|  0%| F|  |TAMS 0x00000000ea000000, 0x00000000ea000000| Untracked 
| 161|0x00000000ea100000, 0x00000000ea100000, 0x00000000ea200000|  0%| F|  |TAMS 0x00000000ea100000, 0x00000000ea100000| Untracked 
| 162|0x00000000ea200000, 0x00000000ea200000, 0x00000000ea300000|  0%| F|  |TAMS 0x00000000ea200000, 0x00000000ea200000| Untracked 
| 163|0x00000000ea300000, 0x00000000ea300000, 0x00000000ea400000|  0%| F|  |TAMS 0x00000000ea300000, 0x00000000ea300000| Untracked 
| 164|0x00000000ea400000, 0x00000000ea400000, 0x00000000ea500000|  0%| F|  |TAMS 0x00000000ea400000, 0x00000000ea400000| Untracked 
| 165|0x00000000ea500000, 0x00000000ea500000, 0x00000000ea600000|  0%| F|  |TAMS 0x00000000ea500000, 0x00000000ea500000| Untracked 
| 166|0x00000000ea600000, 0x00000000ea600000, 0x00000000ea700000|  0%| F|  |TAMS 0x00000000ea600000, 0x00000000ea600000| Untracked 
| 167|0x00000000ea700000, 0x00000000ea700000, 0x00000000ea800000|  0%| F|  |TAMS 0x00000000ea700000, 0x00000000ea700000| Untracked 
| 168|0x00000000ea800000, 0x00000000ea800000, 0x00000000ea900000|  0%| F|  |TAMS 0x00000000ea800000, 0x00000000ea800000| Untracked 
| 169|0x00000000ea900000, 0x00000000ea900000, 0x00000000eaa00000|  0%| F|  |TAMS 0x00000000ea900000, 0x00000000ea900000| Untracked 
| 170|0x00000000eaa00000, 0x00000000eaa00000, 0x00000000eab00000|  0%| F|  |TAMS 0x00000000eaa00000, 0x00000000eaa00000| Untracked 
| 171|0x00000000eab00000, 0x00000000eab00000, 0x00000000eac00000|  0%| F|  |TAMS 0x00000000eab00000, 0x00000000eab00000| Untracked 
| 172|0x00000000eac00000, 0x00000000eac00000, 0x00000000ead00000|  0%| F|  |TAMS 0x00000000eac00000, 0x00000000eac00000| Untracked 
| 173|0x00000000ead00000, 0x00000000ead00000, 0x00000000eae00000|  0%| F|  |TAMS 0x00000000ead00000, 0x00000000ead00000| Untracked 
| 174|0x00000000eae00000, 0x00000000eae00000, 0x00000000eaf00000|  0%| F|  |TAMS 0x00000000eae00000, 0x00000000eae00000| Untracked 
| 175|0x00000000eaf00000, 0x00000000eaf00000, 0x00000000eb000000|  0%| F|  |TAMS 0x00000000eaf00000, 0x00000000eaf00000| Untracked 
| 176|0x00000000eb000000, 0x00000000eb000000, 0x00000000eb100000|  0%| F|  |TAMS 0x00000000eb000000, 0x00000000eb000000| Untracked 
| 177|0x00000000eb100000, 0x00000000eb100000, 0x00000000eb200000|  0%| F|  |TAMS 0x00000000eb100000, 0x00000000eb100000| Untracked 
| 178|0x00000000eb200000, 0x00000000eb200000, 0x00000000eb300000|  0%| F|  |TAMS 0x00000000eb200000, 0x00000000eb200000| Untracked 
| 179|0x00000000eb300000, 0x00000000eb300000, 0x00000000eb400000|  0%| F|  |TAMS 0x00000000eb300000, 0x00000000eb300000| Untracked 
| 180|0x00000000eb400000, 0x00000000eb400000, 0x00000000eb500000|  0%| F|  |TAMS 0x00000000eb400000, 0x00000000eb400000| Untracked 
| 181|0x00000000eb500000, 0x00000000eb500000, 0x00000000eb600000|  0%| F|  |TAMS 0x00000000eb500000, 0x00000000eb500000| Untracked 
| 182|0x00000000eb600000, 0x00000000eb600000, 0x00000000eb700000|  0%| F|  |TAMS 0x00000000eb600000, 0x00000000eb600000| Untracked 
| 183|0x00000000eb700000, 0x00000000eb700000, 0x00000000eb800000|  0%| F|  |TAMS 0x00000000eb700000, 0x00000000eb700000| Untracked 
| 184|0x00000000eb800000, 0x00000000eb800000, 0x00000000eb900000|  0%| F|  |TAMS 0x00000000eb800000, 0x00000000eb800000| Untracked 
| 185|0x00000000eb900000, 0x00000000eb900000, 0x00000000eba00000|  0%| F|  |TAMS 0x00000000eb900000, 0x00000000eb900000| Untracked 
| 186|0x00000000eba00000, 0x00000000eba00000, 0x00000000ebb00000|  0%| F|  |TAMS 0x00000000eba00000, 0x00000000eba00000| Untracked 
| 187|0x00000000ebb00000, 0x00000000ebb00000, 0x00000000ebc00000|  0%| F|  |TAMS 0x00000000ebb00000, 0x00000000ebb00000| Untracked 
| 188|0x00000000ebc00000, 0x00000000ebc00000, 0x00000000ebd00000|  0%| F|  |TAMS 0x00000000ebc00000, 0x00000000ebc00000| Untracked 
| 189|0x00000000ebd00000, 0x00000000ebd00000, 0x00000000ebe00000|  0%| F|  |TAMS 0x00000000ebd00000, 0x00000000ebd00000| Untracked 
| 190|0x00000000ebe00000, 0x00000000ebe00000, 0x00000000ebf00000|  0%| F|  |TAMS 0x00000000ebe00000, 0x00000000ebe00000| Untracked 
| 191|0x00000000ebf00000, 0x00000000ebf00000, 0x00000000ec000000|  0%| F|  |TAMS 0x00000000ebf00000, 0x00000000ebf00000| Untracked 
| 192|0x00000000ec000000, 0x00000000ec000000, 0x00000000ec100000|  0%| F|  |TAMS 0x00000000ec000000, 0x00000000ec000000| Untracked 
| 193|0x00000000ec100000, 0x00000000ec100000, 0x00000000ec200000|  0%| F|  |TAMS 0x00000000ec100000, 0x00000000ec100000| Untracked 
| 194|0x00000000ec200000, 0x00000000ec200000, 0x00000000ec300000|  0%| F|  |TAMS 0x00000000ec200000, 0x00000000ec200000| Untracked 
| 195|0x00000000ec300000, 0x00000000ec300000, 0x00000000ec400000|  0%| F|  |TAMS 0x00000000ec300000, 0x00000000ec300000| Untracked 
| 196|0x00000000ec400000, 0x00000000ec400000, 0x00000000ec500000|  0%| F|  |TAMS 0x00000000ec400000, 0x00000000ec400000| Untracked 
| 197|0x00000000ec500000, 0x00000000ec500000, 0x00000000ec600000|  0%| F|  |TAMS 0x00000000ec500000, 0x00000000ec500000| Untracked 
| 198|0x00000000ec600000, 0x00000000ec600000, 0x00000000ec700000|  0%| F|  |TAMS 0x00000000ec600000, 0x00000000ec600000| Untracked 
| 199|0x00000000ec700000, 0x00000000ec700000, 0x00000000ec800000|  0%| F|  |TAMS 0x00000000ec700000, 0x00000000ec700000| Untracked 
| 200|0x00000000ec800000, 0x00000000ec800000, 0x00000000ec900000|  0%| F|  |TAMS 0x00000000ec800000, 0x00000000ec800000| Untracked 
| 201|0x00000000ec900000, 0x00000000ec900000, 0x00000000eca00000|  0%| F|  |TAMS 0x00000000ec900000, 0x00000000ec900000| Untracked 
| 202|0x00000000eca00000, 0x00000000eca00000, 0x00000000ecb00000|  0%| F|  |TAMS 0x00000000eca00000, 0x00000000eca00000| Untracked 
| 203|0x00000000ecb00000, 0x00000000ecb00000, 0x00000000ecc00000|  0%| F|  |TAMS 0x00000000ecb00000, 0x00000000ecb00000| Untracked 
| 204|0x00000000ecc00000, 0x00000000ecc00000, 0x00000000ecd00000|  0%| F|  |TAMS 0x00000000ecc00000, 0x00000000ecc00000| Untracked 
| 205|0x00000000ecd00000, 0x00000000ecd00000, 0x00000000ece00000|  0%| F|  |TAMS 0x00000000ecd00000, 0x00000000ecd00000| Untracked 
| 206|0x00000000ece00000, 0x00000000ece00000, 0x00000000ecf00000|  0%| F|  |TAMS 0x00000000ece00000, 0x00000000ece00000| Untracked 
| 207|0x00000000ecf00000, 0x00000000ecf00000, 0x00000000ed000000|  0%| F|  |TAMS 0x00000000ecf00000, 0x00000000ecf00000| Untracked 
| 208|0x00000000ed000000, 0x00000000ed000000, 0x00000000ed100000|  0%| F|  |TAMS 0x00000000ed000000, 0x00000000ed000000| Untracked 
| 209|0x00000000ed100000, 0x00000000ed100000, 0x00000000ed200000|  0%| F|  |TAMS 0x00000000ed100000, 0x00000000ed100000| Untracked 
| 210|0x00000000ed200000, 0x00000000ed200000, 0x00000000ed300000|  0%| F|  |TAMS 0x00000000ed200000, 0x00000000ed200000| Untracked 
| 211|0x00000000ed300000, 0x00000000ed300000, 0x00000000ed400000|  0%| F|  |TAMS 0x00000000ed300000, 0x00000000ed300000| Untracked 
| 212|0x00000000ed400000, 0x00000000ed400000, 0x00000000ed500000|  0%| F|  |TAMS 0x00000000ed400000, 0x00000000ed400000| Untracked 
| 213|0x00000000ed500000, 0x00000000ed500000, 0x00000000ed600000|  0%| F|  |TAMS 0x00000000ed500000, 0x00000000ed500000| Untracked 
| 214|0x00000000ed600000, 0x00000000ed600000, 0x00000000ed700000|  0%| F|  |TAMS 0x00000000ed600000, 0x00000000ed600000| Untracked 
| 215|0x00000000ed700000, 0x00000000ed700000, 0x00000000ed800000|  0%| F|  |TAMS 0x00000000ed700000, 0x00000000ed700000| Untracked 
| 216|0x00000000ed800000, 0x00000000ed800000, 0x00000000ed900000|  0%| F|  |TAMS 0x00000000ed800000, 0x00000000ed800000| Untracked 
| 217|0x00000000ed900000, 0x00000000ed900000, 0x00000000eda00000|  0%| F|  |TAMS 0x00000000ed900000, 0x00000000ed900000| Untracked 
| 218|0x00000000eda00000, 0x00000000eda00000, 0x00000000edb00000|  0%| F|  |TAMS 0x00000000eda00000, 0x00000000eda00000| Untracked 
| 219|0x00000000edb00000, 0x00000000edb00000, 0x00000000edc00000|  0%| F|  |TAMS 0x00000000edb00000, 0x00000000edb00000| Untracked 
| 220|0x00000000edc00000, 0x00000000edc00000, 0x00000000edd00000|  0%| F|  |TAMS 0x00000000edc00000, 0x00000000edc00000| Untracked 
| 221|0x00000000edd00000, 0x00000000edd00000, 0x00000000ede00000|  0%| F|  |TAMS 0x00000000edd00000, 0x00000000edd00000| Untracked 
| 222|0x00000000ede00000, 0x00000000ede00000, 0x00000000edf00000|  0%| F|  |TAMS 0x00000000ede00000, 0x00000000ede00000| Untracked 
| 223|0x00000000edf00000, 0x00000000edf00000, 0x00000000ee000000|  0%| F|  |TAMS 0x00000000edf00000, 0x00000000edf00000| Untracked 
| 224|0x00000000ee000000, 0x00000000ee000000, 0x00000000ee100000|  0%| F|  |TAMS 0x00000000ee000000, 0x00000000ee000000| Untracked 
| 225|0x00000000ee100000, 0x00000000ee100000, 0x00000000ee200000|  0%| F|  |TAMS 0x00000000ee100000, 0x00000000ee100000| Untracked 
| 226|0x00000000ee200000, 0x00000000ee200000, 0x00000000ee300000|  0%| F|  |TAMS 0x00000000ee200000, 0x00000000ee200000| Untracked 
| 227|0x00000000ee300000, 0x00000000ee300000, 0x00000000ee400000|  0%| F|  |TAMS 0x00000000ee300000, 0x00000000ee300000| Untracked 
| 228|0x00000000ee400000, 0x00000000ee400000, 0x00000000ee500000|  0%| F|  |TAMS 0x00000000ee400000, 0x00000000ee400000| Untracked 
| 229|0x00000000ee500000, 0x00000000ee500000, 0x00000000ee600000|  0%| F|  |TAMS 0x00000000ee500000, 0x00000000ee500000| Untracked 
| 230|0x00000000ee600000, 0x00000000ee600000, 0x00000000ee700000|  0%| F|  |TAMS 0x00000000ee600000, 0x00000000ee600000| Untracked 
| 231|0x00000000ee700000, 0x00000000ee700000, 0x00000000ee800000|  0%| F|  |TAMS 0x00000000ee700000, 0x00000000ee700000| Untracked 
| 232|0x00000000ee800000, 0x00000000ee800000, 0x00000000ee900000|  0%| F|  |TAMS 0x00000000ee800000, 0x00000000ee800000| Untracked 
| 233|0x00000000ee900000, 0x00000000ee900000, 0x00000000eea00000|  0%| F|  |TAMS 0x00000000ee900000, 0x00000000ee900000| Untracked 
| 234|0x00000000eea00000, 0x00000000eea00000, 0x00000000eeb00000|  0%| F|  |TAMS 0x00000000eea00000, 0x00000000eea00000| Untracked 
| 235|0x00000000eeb00000, 0x00000000eeb00000, 0x00000000eec00000|  0%| F|  |TAMS 0x00000000eeb00000, 0x00000000eeb00000| Untracked 
| 236|0x00000000eec00000, 0x00000000eec00000, 0x00000000eed00000|  0%| F|  |TAMS 0x00000000eec00000, 0x00000000eec00000| Untracked 
| 237|0x00000000eed00000, 0x00000000eed00000, 0x00000000eee00000|  0%| F|  |TAMS 0x00000000eed00000, 0x00000000eed00000| Untracked 
| 238|0x00000000eee00000, 0x00000000eee00000, 0x00000000eef00000|  0%| F|  |TAMS 0x00000000eee00000, 0x00000000eee00000| Untracked 
| 239|0x00000000eef00000, 0x00000000eef00000, 0x00000000ef000000|  0%| F|  |TAMS 0x00000000eef00000, 0x00000000eef00000| Untracked 
| 240|0x00000000ef000000, 0x00000000ef000000, 0x00000000ef100000|  0%| F|  |TAMS 0x00000000ef000000, 0x00000000ef000000| Untracked 
| 241|0x00000000ef100000, 0x00000000ef100000, 0x00000000ef200000|  0%| F|  |TAMS 0x00000000ef100000, 0x00000000ef100000| Untracked 
| 242|0x00000000ef200000, 0x00000000ef200000, 0x00000000ef300000|  0%| F|  |TAMS 0x00000000ef200000, 0x00000000ef200000| Untracked 
| 243|0x00000000ef300000, 0x00000000ef300000, 0x00000000ef400000|  0%| F|  |TAMS 0x00000000ef300000, 0x00000000ef300000| Untracked 
| 244|0x00000000ef400000, 0x00000000ef400000, 0x00000000ef500000|  0%| F|  |TAMS 0x00000000ef400000, 0x00000000ef400000| Untracked 
| 245|0x00000000ef500000, 0x00000000ef500000, 0x00000000ef600000|  0%| F|  |TAMS 0x00000000ef500000, 0x00000000ef500000| Untracked 
| 246|0x00000000ef600000, 0x00000000ef600000, 0x00000000ef700000|  0%| F|  |TAMS 0x00000000ef600000, 0x00000000ef600000| Untracked 
| 247|0x00000000ef700000, 0x00000000ef700000, 0x00000000ef800000|  0%| F|  |TAMS 0x00000000ef700000, 0x00000000ef700000| Untracked 
| 248|0x00000000ef800000, 0x00000000ef800000, 0x00000000ef900000|  0%| F|  |TAMS 0x00000000ef800000, 0x00000000ef800000| Untracked 
| 249|0x00000000ef900000, 0x00000000ef900000, 0x00000000efa00000|  0%| F|  |TAMS 0x00000000ef900000, 0x00000000ef900000| Untracked 
| 250|0x00000000efa00000, 0x00000000efa00000, 0x00000000efb00000|  0%| F|  |TAMS 0x00000000efa00000, 0x00000000efa00000| Untracked 
| 251|0x00000000efb00000, 0x00000000efb25618, 0x00000000efc00000| 14%| E|  |TAMS 0x00000000efb00000, 0x00000000efb00000| Complete 
| 252|0x00000000efc00000, 0x00000000efd00000, 0x00000000efd00000|100%| E|CS|TAMS 0x00000000efc00000, 0x00000000efc00000| Complete 
| 253|0x00000000efd00000, 0x00000000efe00000, 0x00000000efe00000|100%| E|CS|TAMS 0x00000000efd00000, 0x00000000efd00000| Complete 
| 254|0x00000000efe00000, 0x00000000eff00000, 0x00000000eff00000|100%| E|CS|TAMS 0x00000000efe00000, 0x00000000efe00000| Complete 
| 255|0x00000000eff00000, 0x00000000f0000000, 0x00000000f0000000|100%| E|CS|TAMS 0x00000000eff00000, 0x00000000eff00000| Complete 

Card table byte_map: [0x00000261696e0000,0x00000261697e0000] _byte_map_base: 0x0000026168fe0000

Marking Bits (Prev, Next): (CMBitMap*) 0x000002615089aac0, (CMBitMap*) 0x000002615089ab00
 Prev Bits: [0x00000261698e0000, 0x000002616a0e0000)
 Next Bits: [0x000002616a0e0000, 0x000002616a8e0000)

Polling page: 0x0000026150950000

Metaspace:

Usage:
  Non-class:     41.02 MB used.
      Class:      6.96 MB used.
       Both:     47.98 MB used.

Virtual space:
  Non-class space:       48.00 MB reserved,      41.38 MB ( 86%) committed,  6 nodes.
      Class space:      208.00 MB reserved,       7.25 MB (  3%) committed,  1 nodes.
             Both:      256.00 MB reserved,      48.63 MB ( 19%) committed. 

Chunk freelists:
   Non-Class:  1.86 MB
       Class:  680.00 KB
        Both:  2.52 MB

MaxMetaspaceSize: 256.00 MB
CompressedClassSpaceSize: 208.00 MB
Initial GC threshold: 21.00 MB
Current GC threshold: 58.69 MB
CDS: on
MetaspaceReclaimPolicy: balanced
 - commit_granule_bytes: 65536.
 - commit_granule_words: 8192.
 - virtual_space_node_default_size: 1048576.
 - enlarge_chunks_in_place: 1.
 - new_chunks_are_fully_committed: 0.
 - uncommit_free_chunks: 1.
 - use_allocation_guard: 0.
 - handle_deallocations: 1.


Internal statistics:

num_allocs_failed_limit: 6.
num_arena_births: 660.
num_arena_deaths: 0.
num_vsnodes_births: 7.
num_vsnodes_deaths: 0.
num_space_committed: 778.
num_space_uncommitted: 0.
num_chunks_returned_to_freelist: 6.
num_chunks_taken_from_freelist: 2652.
num_chunk_merges: 6.
num_chunk_splits: 1689.
num_chunks_enlarged: 1085.
num_purges: 0.
num_inconsistent_stats: 0.

CodeHeap 'non-profiled nmethods': size=120000Kb used=2867Kb max_used=3168Kb free=117132Kb
 bounds [0x0000026161640000, 0x0000026161960000, 0x0000026168b70000]
CodeHeap 'profiled nmethods': size=120000Kb used=9785Kb max_used=10190Kb free=110214Kb
 bounds [0x000002615a110000, 0x000002615ab10000, 0x0000026161640000]
CodeHeap 'non-nmethods': size=5760Kb used=2335Kb max_used=2436Kb free=3424Kb
 bounds [0x0000026159b70000, 0x0000026159de0000, 0x000002615a110000]
 total_blobs=5752 nmethods=4898 adapters=765
 compilation: enabled
              stopped_count=0, restarted_count=0
 full_count=0

Compilation events (20 events):
Event: 16.845 Thread 0x000002616d3370f0 5673       4       java.util.concurrent.locks.AbstractQueuedSynchronizer$Node::setStatusRelaxed (12 bytes)
Event: 16.845 Thread 0x000002616d3370f0 nmethod 5673 0x000002616166f490 code [0x000002616166f600, 0x000002616166f678]
Event: 17.529 Thread 0x000002616d3370f0 5674       4       java.util.concurrent.locks.ReentrantLock::unlock (10 bytes)
Event: 17.530 Thread 0x000002616d361ad0 5675       3       java.util.Spliterators$EmptySpliterator$OfRef::forEachRemaining (6 bytes)
Event: 17.530 Thread 0x000002616d361ad0 nmethod 5675 0x000002615a533d90 code [0x000002615a533f40, 0x000002615a534208]
Event: 17.530 Thread 0x000002616d361ad0 5676       3       java.lang.management.ManagementFactory$$Lambda$59/0x0000000800c706f8::apply (12 bytes)
Event: 17.530 Thread 0x000002616d361ad0 nmethod 5676 0x000002615a533690 code [0x000002615a533860, 0x000002615a533c78]
Event: 17.530 Thread 0x000002616d361ad0 5677       3       sun.management.MemoryPoolImpl::getType (15 bytes)
Event: 17.530 Thread 0x000002616d361ad0 nmethod 5677 0x000002615a533290 code [0x000002615a533420, 0x000002615a5335b8]
Event: 17.532 Thread 0x000002616d3370f0 nmethod 5674 0x000002616166ef90 code [0x000002616166f120, 0x000002616166f2e8]
Event: 17.658 Thread 0x000002616d361ad0 5678       3       org.gradle.internal.io.StreamByteBuffer::prepareRead (102 bytes)
Event: 17.658 Thread 0x000002616d3370f0 5680       4       org.gradle.internal.logging.text.AbstractLineChoppingStyledTextOutput::doAppend (43 bytes)
Event: 17.658 Thread 0x000002616d361ad0 nmethod 5678 0x000002615a532510 code [0x000002615a532720, 0x000002615a532fd8]
Event: 17.659 Thread 0x000002616d361ad0 5686       2       org.gradle.internal.logging.text.AbstractLineChoppingStyledTextOutput$StateContext::setState (10 bytes)
Event: 17.659 Thread 0x000002616d361ad0 nmethod 5686 0x000002615a532110 code [0x000002615a5322a0, 0x000002615a5323f8]
Event: 17.659 Thread 0x000002616d361ad0 5685       2       org.gradle.internal.logging.text.AbstractLineChoppingStyledTextOutput$2::execute (77 bytes)
Event: 17.659 Thread 0x00000261776d3b50 5681       4       org.gradle.internal.logging.text.AbstractLineChoppingStyledTextOutput$1::execute (9 bytes)
Event: 17.659 Thread 0x00000261776d54a0 5688       4       org.gradle.internal.logging.text.AbstractLineChoppingStyledTextOutput$StateContext::hasChar (25 bytes)
Event: 17.660 Thread 0x00000261776d54a0 nmethod 5688 0x000002616166ec90 code [0x000002616166ee00, 0x000002616166eeb8]
Event: 17.660 Thread 0x00000261776d54a0 5682       4       org.gradle.internal.logging.text.AbstractLineChoppingStyledTextOutput$1::execute (140 bytes)

GC Heap History (10 events):
Event: 0.714 GC heap before
{Heap before GC invocations=0 (full 0):
 garbage-first heap   total 262144K, used 28672K [0x00000000e0000000, 0x0000000100000000)
  region size 1024K, 23 young (23552K), 0 survivors (0K)
 Metaspace       used 2457K, committed 2624K, reserved 221184K
  class space    used 289K, committed 384K, reserved 212992K
}
Event: 0.718 GC heap after
{Heap after GC invocations=1 (full 0):
 garbage-first heap   total 262144K, used 9188K [0x00000000e0000000, 0x0000000100000000)
  region size 1024K, 3 young (3072K), 3 survivors (3072K)
 Metaspace       used 2457K, committed 2624K, reserved 221184K
  class space    used 289K, committed 384K, reserved 212992K
}
Event: 1.159 GC heap before
{Heap before GC invocations=1 (full 0):
 garbage-first heap   total 262144K, used 38884K [0x00000000e0000000, 0x0000000100000000)
  region size 1024K, 32 young (32768K), 3 survivors (3072K)
 Metaspace       used 3954K, committed 4160K, reserved 221184K
  class space    used 489K, committed 576K, reserved 212992K
}
Event: 1.162 GC heap after
{Heap after GC invocations=2 (full 0):
 garbage-first heap   total 262144K, used 10024K [0x00000000e0000000, 0x0000000100000000)
  region size 1024K, 1 young (1024K), 1 survivors (1024K)
 Metaspace       used 3954K, committed 4160K, reserved 221184K
  class space    used 489K, committed 576K, reserved 212992K
}
Event: 3.560 GC heap before
{Heap before GC invocations=2 (full 0):
 garbage-first heap   total 262144K, used 131880K [0x00000000e0000000, 0x0000000100000000)
  region size 1024K, 121 young (123904K), 1 survivors (1024K)
 Metaspace       used 21213K, committed 21504K, reserved 237568K
  class space    used 3184K, committed 3328K, reserved 212992K
}
Event: 3.569 GC heap after
{Heap after GC invocations=3 (full 0):
 garbage-first heap   total 262144K, used 20991K [0x00000000e0000000, 0x0000000100000000)
  region size 1024K, 12 young (12288K), 12 survivors (12288K)
 Metaspace       used 21213K, committed 21504K, reserved 237568K
  class space    used 3184K, committed 3328K, reserved 212992K
}
Event: 5.236 GC heap before
{Heap before GC invocations=4 (full 0):
 garbage-first heap   total 262144K, used 127487K [0x00000000e0000000, 0x0000000100000000)
  region size 1024K, 114 young (116736K), 12 survivors (12288K)
 Metaspace       used 35586K, committed 35968K, reserved 245760K
  class space    used 4919K, committed 5120K, reserved 212992K
}
Event: 5.249 GC heap after
{Heap after GC invocations=5 (full 0):
 garbage-first heap   total 262144K, used 30211K [0x00000000e0000000, 0x0000000100000000)
  region size 1024K, 10 young (10240K), 10 survivors (10240K)
 Metaspace       used 35586K, committed 35968K, reserved 245760K
  class space    used 4919K, committed 5120K, reserved 212992K
}
Event: 9.502 GC heap before
{Heap before GC invocations=6 (full 0):
 garbage-first heap   total 262144K, used 176643K [0x00000000e0000000, 0x0000000100000000)
  region size 1024K, 153 young (156672K), 10 survivors (10240K)
 Metaspace       used 48965K, committed 49664K, reserved 262144K
  class space    used 7097K, committed 7424K, reserved 212992K
}
Event: 9.517 GC heap after
{Heap after GC invocations=7 (full 0):
 garbage-first heap   total 262144K, used 40583K [0x00000000e0000000, 0x0000000100000000)
  region size 1024K, 20 young (20480K), 20 survivors (20480K)
 Metaspace       used 48965K, committed 49664K, reserved 262144K
  class space    used 7097K, committed 7424K, reserved 212992K
}

Deoptimization events (20 events):
Event: 9.500 Thread 0x0000026177502730 Uncommon trap: trap_request=0xffffffbe fr.pc=0x00000261616f34b0 relative=0x0000000000000ff0
Event: 9.500 Thread 0x0000026177502730 Uncommon trap: reason=profile_predicate action=maybe_recompile pc=0x00000261616f34b0 method=java.io.DataOutputStream.writeUTF(Ljava/lang/String;Ljava/io/DataOutput;)I @ 190 c2
Event: 9.500 Thread 0x0000026177502730 DEOPT PACKING pc=0x00000261616f34b0 sp=0x000000c2130fe860
Event: 9.500 Thread 0x0000026177502730 DEOPT UNPACKING pc=0x0000026159bc23a3 sp=0x000000c2130fe818 mode 2
Event: 9.500 Thread 0x000002617a8d4eb0 Uncommon trap: trap_request=0xffffffde fr.pc=0x000002616177fb14 relative=0x0000000000000454
Event: 9.500 Thread 0x000002617a8d4eb0 Uncommon trap: reason=class_check action=maybe_recompile pc=0x000002616177fb14 method=java.util.Collections$SetFromMap.remove(Ljava/lang/Object;)Z @ 5 c2
Event: 9.500 Thread 0x000002617a8d4eb0 DEOPT PACKING pc=0x000002616177fb14 sp=0x000000c2159fef90
Event: 9.500 Thread 0x000002617a8d4eb0 DEOPT UNPACKING pc=0x0000026159bc23a3 sp=0x000000c2159fef78 mode 2
Event: 9.500 Thread 0x000002617a8d8d40 Uncommon trap: trap_request=0xffffffde fr.pc=0x00000261618b5628 relative=0x0000000000000288
Event: 9.500 Thread 0x000002617a8d8d40 Uncommon trap: reason=class_check action=maybe_recompile pc=0x00000261618b5628 method=java.util.stream.StreamOpFlag.fromCharacteristics(Ljava/util/Spliterator;)I @ 14 c2
Event: 9.500 Thread 0x000002617a8d8d40 DEOPT PACKING pc=0x00000261618b5628 sp=0x000000c215dfe5e0
Event: 9.500 Thread 0x000002617a8d8d40 DEOPT UNPACKING pc=0x0000026159bc23a3 sp=0x000000c215dfe4c8 mode 2
Event: 9.535 Thread 0x000002617a8d8d40 Uncommon trap: trap_request=0xffffffde fr.pc=0x00000261618b5628 relative=0x0000000000000288
Event: 9.535 Thread 0x000002617a8d8d40 Uncommon trap: reason=class_check action=maybe_recompile pc=0x00000261618b5628 method=java.util.stream.StreamOpFlag.fromCharacteristics(Ljava/util/Spliterator;)I @ 14 c2
Event: 9.535 Thread 0x000002617a8d8d40 DEOPT PACKING pc=0x00000261618b5628 sp=0x000000c215dfe5e0
Event: 9.535 Thread 0x000002617a8d8d40 DEOPT UNPACKING pc=0x0000026159bc23a3 sp=0x000000c215dfe4c8 mode 2
Event: 9.537 Thread 0x000002617a8d8d40 Uncommon trap: trap_request=0xffffffde fr.pc=0x00000261618b5628 relative=0x0000000000000288
Event: 9.537 Thread 0x000002617a8d8d40 Uncommon trap: reason=class_check action=maybe_recompile pc=0x00000261618b5628 method=java.util.stream.StreamOpFlag.fromCharacteristics(Ljava/util/Spliterator;)I @ 14 c2
Event: 9.537 Thread 0x000002617a8d8d40 DEOPT PACKING pc=0x00000261618b5628 sp=0x000000c215dfe5e0
Event: 9.537 Thread 0x000002617a8d8d40 DEOPT UNPACKING pc=0x0000026159bc23a3 sp=0x000000c215dfe4c8 mode 2

Classes unloaded (0 events):
No events

Classes redefined (0 events):
No events

Internal exceptions (20 events):
Event: 7.639 Thread 0x000002617a8d8d40 Exception <a 'java/lang/NoSuchMethodError'{0x00000000e7286ce0}: static Lorg/gradle/api/internal/tasks/compile/DefaultJavaCompileSpecFactory$DefaultForkingJavaCompileSpec;.<clinit>()V> (0x00000000e7286ce0) 
thrown [s\src\hotspot\share\prims\jni.cpp, line 1107]
Event: 7.639 Thread 0x000002617a8d8d40 Exception <a 'java/lang/NoSuchMethodError'{0x00000000e728f8d0}: static Lorg/gradle/api/internal/tasks/compile/DefaultJavaCompileSpec;.<clinit>()V> (0x00000000e728f8d0) 
thrown [s\src\hotspot\share\prims\jni.cpp, line 1107]
Event: 7.640 Thread 0x000002617a8d8d40 Exception <a 'java/lang/NoSuchMethodError'{0x00000000e7294718}: static Lorg/gradle/api/internal/tasks/compile/DefaultJvmLanguageCompileSpec;.<clinit>()V> (0x00000000e7294718) 
thrown [s\src\hotspot\share\prims\jni.cpp, line 1107]
Event: 7.648 Thread 0x000002617a8d8d40 Exception <a 'java/lang/NoSuchMethodError'{0x00000000e713d548}: static Lorg/gradle/api/internal/tasks/compile/MinimalJavaCompileOptions;.<clinit>()V> (0x00000000e713d548) 
thrown [s\src\hotspot\share\prims\jni.cpp, line 1107]
Event: 7.654 Thread 0x000002617a8d8d40 Exception <a 'java/lang/NoSuchMethodError'{0x00000000e71a9ab0}: static Lorg/gradle/api/internal/tasks/compile/MinimalJavaCompilerDaemonForkOptions;.<clinit>()V> (0x00000000e71a9ab0) 
thrown [s\src\hotspot\share\prims\jni.cpp, line 1107]
Event: 7.654 Thread 0x000002617a8d8d40 Exception <a 'java/lang/NoSuchMethodError'{0x00000000e71abfc8}: static Lorg/gradle/api/internal/tasks/compile/MinimalCompilerDaemonForkOptions;.<clinit>()V> (0x00000000e71abfc8) 
thrown [s\src\hotspot\share\prims\jni.cpp, line 1107]
Event: 7.719 Thread 0x000002617a8d8d40 Exception <a 'java/lang/NoSuchMethodError'{0x00000000e6c76210}: static Lorg/gradle/process/internal/worker/request/WorkerAction;.<clinit>()V> (0x00000000e6c76210) 
thrown [s\src\hotspot\share\prims\jni.cpp, line 1107]
Event: 9.396 Thread 0x000002617a8d7ed0 Exception <a 'java/lang/NoSuchMethodError'{0x00000000e6afd098}: 'void java.lang.invoke.DirectMethodHandle$Holder.invokeSpecial(java.lang.Object, java.lang.Object, java.lang.Object, int)'> (0x00000000e6afd098) 
thrown [s\src\hotspot\share\interpreter\linkResolver.cpp, line 759]
Event: 9.400 Thread 0x000002617a8d7ed0 Exception <a 'java/lang/NoSuchMethodError'{0x00000000e691e1a8}: static Ljava/lang/Object;.<clinit>()V> (0x00000000e691e1a8) 
thrown [s\src\hotspot\share\prims\jni.cpp, line 1107]
Event: 9.401 Thread 0x000002617a8d7ed0 Exception <a 'java/lang/NoSuchMethodError'{0x00000000e6935b88}: static Lorg/gradle/api/internal/tasks/compile/ApiCompilerResult;.<clinit>()V> (0x00000000e6935b88) 
thrown [s\src\hotspot\share\prims\jni.cpp, line 1107]
Event: 9.403 Thread 0x000002617a8d7ed0 Exception <a 'java/lang/NoSuchMethodError'{0x00000000e69484f0}: static Lorg/gradle/api/internal/tasks/compile/incremental/processing/AnnotationProcessingResult;.<clinit>()V> (0x00000000e69484f0) 
thrown [s\src\hotspot\share\prims\jni.cpp, line 1107]
Event: 9.407 Thread 0x000002617a8d7ed0 Exception <a 'java/lang/NoSuchMethodError'{0x00000000e697ecb8}: static Lorg/gradle/api/internal/tasks/compile/incremental/compilerapi/constants/ConstantsAnalysisResult;.<clinit>()V> (0x00000000e697ecb8) 
thrown [s\src\hotspot\share\prims\jni.cpp, line 1107]
Event: 9.408 Thread 0x000002617a8d7ed0 Exception <a 'java/lang/NoSuchMethodError'{0x00000000e6989590}: static Lorg/gradle/api/internal/tasks/compile/incremental/compilerapi/constants/ConstantToDependentsMappingBuilder;.<clinit>()V> (0x00000000e6989590) 
thrown [s\src\hotspot\share\prims\jni.cpp, line 1107]
Event: 9.444 Thread 0x000002617a8d8d40 Implicit null exception at 0x0000026161739e60 to 0x0000026161739ee9
Event: 9.500 Thread 0x0000026177502730 Exception <a 'java/lang/NoSuchMethodError'{0x00000000e67f5b90}: static Lorg/gradle/internal/build/event/types/DefaultTaskFinishedProgressEvent;.<clinit>()V> (0x00000000e67f5b90) 
thrown [s\src\hotspot\share\prims\jni.cpp, line 1107]
Event: 9.519 Thread 0x0000026177502730 Exception <a 'java/lang/NoSuchMethodError'{0x00000000eff7d0a0}: static Lorg/gradle/internal/build/event/types/DefaultJavaCompileTaskSuccessResult;.<clinit>()V> (0x00000000eff7d0a0) 
thrown [s\src\hotspot\share\prims\jni.cpp, line 1107]
Event: 9.519 Thread 0x0000026177502730 Exception <a 'java/lang/NoSuchMethodError'{0x00000000eff7ea70}: static Lorg/gradle/internal/build/event/types/DefaultTaskSuccessResult;.<clinit>()V> (0x00000000eff7ea70) 
thrown [s\src\hotspot\share\prims\jni.cpp, line 1107]
Event: 9.519 Thread 0x0000026177502730 Exception <a 'java/lang/NoSuchMethodError'{0x00000000eff7fbe8}: static Lorg/gradle/internal/build/event/types/AbstractTaskResult;.<clinit>()V> (0x00000000eff7fbe8) 
thrown [s\src\hotspot\share\prims\jni.cpp, line 1107]
Event: 9.519 Thread 0x0000026177502730 Exception <a 'java/lang/NoSuchMethodError'{0x00000000eff81110}: static Lorg/gradle/internal/build/event/types/AbstractResult;.<clinit>()V> (0x00000000eff81110) 
thrown [s\src\hotspot\share\prims\jni.cpp, line 1107]
Event: 9.542 Thread 0x000002617a8d8d40 Exception <a 'java/lang/NoSuchMethodError'{0x00000000efe8c228}: 'void java.lang.invoke.DirectMethodHandle$Holder.invokeInterface(java.lang.Object, java.lang.Object, java.lang.Object, java.lang.Object)'> (0x00000000efe8c228) 
thrown [s\src\hotspot\share\interpreter\linkResolver.cpp, line 759]

VM Operations (20 events):
Event: 7.410 Executing VM operation: HandshakeAllThreads
Event: 7.410 Executing VM operation: HandshakeAllThreads done
Event: 7.501 Executing VM operation: HandshakeAllThreads
Event: 7.501 Executing VM operation: HandshakeAllThreads done
Event: 8.506 Executing VM operation: Cleanup
Event: 8.506 Executing VM operation: Cleanup done
Event: 9.496 Executing VM operation: HandshakeAllThreads
Event: 9.496 Executing VM operation: HandshakeAllThreads done
Event: 9.502 Executing VM operation: G1CollectForAllocation
Event: 9.517 Executing VM operation: G1CollectForAllocation done
Event: 10.528 Executing VM operation: Cleanup
Event: 10.528 Executing VM operation: Cleanup done
Event: 11.542 Executing VM operation: Cleanup
Event: 11.542 Executing VM operation: Cleanup done
Event: 11.911 Executing VM operation: HandshakeAllThreads
Event: 11.911 Executing VM operation: HandshakeAllThreads done
Event: 12.920 Executing VM operation: Cleanup
Event: 12.920 Executing VM operation: Cleanup done
Event: 14.938 Executing VM operation: Cleanup
Event: 14.938 Executing VM operation: Cleanup done

Events (20 events):
Event: 9.399 loading class jdk/internal/event/DeserializationEvent
Event: 9.399 loading class jdk/internal/event/DeserializationEvent done
Event: 9.401 loading class java/io/ObjectInputStream$FieldValues
Event: 9.401 loading class java/io/ObjectInputStream$GetField
Event: 9.401 loading class java/io/ObjectInputStream$GetField done
Event: 9.401 loading class java/io/ObjectInputStream$FieldValues done
Event: 9.406 loading class java/util/HashMap$UnsafeHolder
Event: 9.406 loading class java/util/HashMap$UnsafeHolder done
Event: 9.489 Thread 0x00000261776d4a80 Thread added: 0x00000261776d4a80
Event: 9.553 Thread 0x000002617b81fa00 Thread added: 0x000002617b81fa00
Event: 9.553 Thread 0x000002617b8216e0 Thread added: 0x000002617b8216e0
Event: 9.553 Thread 0x000002617b821bb0 Thread added: 0x000002617b821bb0
Event: 9.553 Thread 0x000002617b8203a0 Thread added: 0x000002617b8203a0
Event: 9.686 Thread 0x00000261776d4a80 Thread exited: 0x00000261776d4a80
Event: 11.905 loading class java/util/concurrent/LinkedBlockingDeque$Itr
Event: 11.905 loading class java/util/concurrent/LinkedBlockingDeque$AbstractItr
Event: 11.905 loading class java/util/concurrent/LinkedBlockingDeque$AbstractItr done
Event: 11.905 loading class java/util/concurrent/LinkedBlockingDeque$Itr done
Event: 17.659 Thread 0x00000261776d3b50 Thread added: 0x00000261776d3b50
Event: 17.659 Thread 0x00000261776d54a0 Thread added: 0x00000261776d54a0


Dynamic libraries:
0x00007ff7b8890000 - 0x00007ff7b889d000 	C:\Users\\.jdks\corretto-17.0.4.1\bin\java.exe
0x00007ff9e73b0000 - 0x00007ff9e75a8000 	C:\WINDOWS\SYSTEM32\ntdll.dll
0x00007ff9e7030000 - 0x00007ff9e70ed000 	C:\WINDOWS\System32\KERNEL32.DLL
0x00007ff9e5130000 - 0x00007ff9e5402000 	C:\WINDOWS\System32\KERNELBASE.dll
0x00007ff9e4ef0000 - 0x00007ff9e4ff0000 	C:\WINDOWS\System32\ucrtbase.dll
0x00007ff9da940000 - 0x00007ff9da958000 	C:\Users\\.jdks\corretto-17.0.4.1\bin\jli.dll
0x00007ff9daab0000 - 0x00007ff9daac5000 	C:\Users\\.jdks\corretto-17.0.4.1\bin\VCRUNTIME140.dll
0x00007ff9e71d0000 - 0x00007ff9e736d000 	C:\WINDOWS\System32\USER32.dll
0x00007ff9cdf60000 - 0x00007ff9ce1fa000 	C:\WINDOWS\WinSxS\amd64_microsoft.windows.common-controls_6595b64144ccf1df_6.0.19041.1110_none_60b5254171f9507e\COMCTL32.dll
0x00007ff9e4e20000 - 0x00007ff9e4e42000 	C:\WINDOWS\System32\win32u.dll
0x00007ff9e71a0000 - 0x00007ff9e71cb000 	C:\WINDOWS\System32\GDI32.dll
0x00007ff9e7100000 - 0x00007ff9e719e000 	C:\WINDOWS\System32\msvcrt.dll
0x00007ff9e4ca0000 - 0x00007ff9e4daf000 	C:\WINDOWS\System32\gdi32full.dll
0x00007ff9e4e50000 - 0x00007ff9e4eed000 	C:\WINDOWS\System32\msvcp_win.dll
0x00007ff9e5670000 - 0x00007ff9e56a0000 	C:\WINDOWS\System32\IMM32.DLL
0x00007ff9c67a0000 - 0x00007ff9c683b000 	C:\Users\\.jdks\corretto-17.0.4.1\bin\msvcp140.dll
0x00007ff96b740000 - 0x00007ff96c354000 	C:\Users\\.jdks\corretto-17.0.4.1\bin\server\jvm.dll
0x00007ff9e5560000 - 0x00007ff9e560e000 	C:\WINDOWS\System32\ADVAPI32.dll
0x00007ff9e6de0000 - 0x00007ff9e6e7c000 	C:\WINDOWS\System32\sechost.dll
0x00007ff9e5410000 - 0x00007ff9e5535000 	C:\WINDOWS\System32\RPCRT4.dll
0x00007ff9e70f0000 - 0x00007ff9e70f8000 	C:\WINDOWS\System32\PSAPI.DLL
0x00007ff9d5a70000 - 0x00007ff9d5a79000 	C:\WINDOWS\SYSTEM32\WSOCK32.dll
0x00007ff9d8340000 - 0x00007ff9d8367000 	C:\WINDOWS\SYSTEM32\WINMM.dll
0x00007ff9de4d0000 - 0x00007ff9de4da000 	C:\WINDOWS\SYSTEM32\VERSION.dll
0x00007ff9e69f0000 - 0x00007ff9e6a5b000 	C:\WINDOWS\System32\WS2_32.dll
0x00007ff9e3360000 - 0x00007ff9e3372000 	C:\WINDOWS\SYSTEM32\kernel.appcore.dll
0x00007ff9daa60000 - 0x00007ff9daa6a000 	C:\Users\\.jdks\corretto-17.0.4.1\bin\jimage.dll
0x00007ff9e2870000 - 0x00007ff9e2a54000 	C:\WINDOWS\SYSTEM32\DBGHELP.DLL
0x00007ff9dc250000 - 0x00007ff9dc27c000 	C:\WINDOWS\SYSTEM32\dbgcore.DLL
0x00007ff9e4ff0000 - 0x00007ff9e5072000 	C:\WINDOWS\System32\bcryptPrimitives.dll
0x00007ff9d7170000 - 0x00007ff9d7195000 	C:\Users\\.jdks\corretto-17.0.4.1\bin\java.dll
0x00007ff9c66c0000 - 0x00007ff9c6796000 	C:\Users\\.jdks\corretto-17.0.4.1\bin\jsvml.dll
0x00007ff9e56a0000 - 0x00007ff9e5de3000 	C:\WINDOWS\System32\SHELL32.dll
0x00007ff9e2a60000 - 0x00007ff9e31f1000 	C:\WINDOWS\SYSTEM32\windows.storage.dll
0x00007ff9e63b0000 - 0x00007ff9e6704000 	C:\WINDOWS\System32\combase.dll
0x00007ff9e4520000 - 0x00007ff9e4550000 	C:\WINDOWS\SYSTEM32\Wldp.dll
0x00007ff9e5e90000 - 0x00007ff9e5f3d000 	C:\WINDOWS\System32\SHCORE.dll
0x00007ff9e5610000 - 0x00007ff9e5665000 	C:\WINDOWS\System32\shlwapi.dll
0x00007ff9e4a00000 - 0x00007ff9e4a1f000 	C:\WINDOWS\SYSTEM32\profapi.dll
0x00007ff9d7350000 - 0x00007ff9d7369000 	C:\Users\\.jdks\corretto-17.0.4.1\bin\net.dll
0x00007ff9dc470000 - 0x00007ff9dc57d000 	C:\WINDOWS\SYSTEM32\WINHTTP.dll
0x00007ff9e4280000 - 0x00007ff9e42ea000 	C:\WINDOWS\system32\mswsock.dll
0x00007ff9d7150000 - 0x00007ff9d7165000 	C:\Users\\.jdks\corretto-17.0.4.1\bin\nio.dll
0x00007ff9d5420000 - 0x00007ff9d5438000 	C:\Users\\.jdks\corretto-17.0.4.1\bin\zip.dll
0x00007ff9d04e0000 - 0x00007ff9d04f0000 	C:\Users\\.jdks\corretto-17.0.4.1\bin\verify.dll
0x00007ff9cf5f0000 - 0x00007ff9cf617000 	C:\Users\\.gradle\native\e1d6ef7f7dcc3fd88c89a11ec53ec762bb8ba0a96d01ffa2cd45eb1d1d8dd5c5\windows-amd64\native-platform.dll
0x00007ff9c7340000 - 0x00007ff9c7484000 	C:\Users\\.gradle\native\0d407fdbe67a94daf76414ababcb853783967236a71b16ec16e742cd7a986fd3\windows-amd64\native-platform-file-events.dll
0x00007ff9dabe0000 - 0x00007ff9dabe9000 	C:\Users\\.jdks\corretto-17.0.4.1\bin\management.dll
0x00007ff9d04d0000 - 0x00007ff9d04db000 	C:\Users\\.jdks\corretto-17.0.4.1\bin\management_ext.dll
0x00007ff9e4480000 - 0x00007ff9e4498000 	C:\WINDOWS\SYSTEM32\CRYPTSP.dll
0x00007ff9e3b30000 - 0x00007ff9e3b64000 	C:\WINDOWS\system32\rsaenh.dll
0x00007ff9e4ac0000 - 0x00007ff9e4ae7000 	C:\WINDOWS\System32\bcrypt.dll
0x00007ff9e4980000 - 0x00007ff9e49ae000 	C:\WINDOWS\SYSTEM32\USERENV.dll
0x00007ff9e4470000 - 0x00007ff9e447c000 	C:\WINDOWS\SYSTEM32\CRYPTBASE.dll
0x00007ff9e3f20000 - 0x00007ff9e3f5b000 	C:\WINDOWS\SYSTEM32\IPHLPAPI.DLL
0x00007ff9e5df0000 - 0x00007ff9e5df8000 	C:\WINDOWS\System32\NSI.dll
0x00007ff9dc930000 - 0x00007ff9dc947000 	C:\WINDOWS\SYSTEM32\dhcpcsvc6.DLL
0x00007ff9dcf90000 - 0x00007ff9dcfad000 	C:\WINDOWS\SYSTEM32\dhcpcsvc.DLL
0x00007ff9e3f60000 - 0x00007ff9e402a000 	C:\WINDOWS\SYSTEM32\DNSAPI.dll
0x00007ff9cff50000 - 0x00007ff9cff5e000 	C:\Users\\.jdks\corretto-17.0.4.1\bin\sunmscapi.dll
0x00007ff9e4b40000 - 0x00007ff9e4c96000 	C:\WINDOWS\System32\CRYPT32.dll
0x00007ff9e4590000 - 0x00007ff9e45b7000 	C:\WINDOWS\SYSTEM32\ncrypt.dll
0x00007ff9e4550000 - 0x00007ff9e458b000 	C:\WINDOWS\SYSTEM32\NTASN1.dll
0x00007ff9dce10000 - 0x00007ff9dce17000 	C:\WINDOWS\system32\wshunix.dll

dbghelp: loaded successfully - version: 4.0.5 - missing functions: none
symbol engine: initialized successfully - sym options: 0x614 - pdb path: .;C:\Users\\.jdks\corretto-17.0.4.1\bin;C:\WINDOWS\SYSTEM32;C:\WINDOWS\WinSxS\amd64_microsoft.windows.common-controls_6595b64144ccf1df_6.0.19041.1110_none_60b5254171f9507e;C:\Users\\.jdks\corretto-17.0.4.1\bin\server;C:\Users\\.gradle\native\e1d6ef7f7dcc3fd88c89a11ec53ec762bb8ba0a96d01ffa2cd45eb1d1d8dd5c5\windows-amd64;C:\Users\\.gradle\native\0d407fdbe67a94daf76414ababcb853783967236a71b16ec16e742cd7a986fd3\windows-amd64

VM Arguments:
jvm_args: --add-opens=java.base/java.util=ALL-UNNAMED --add-opens=java.base/java.lang=ALL-UNNAMED --add-opens=java.base/java.lang.invoke=ALL-UNNAMED --add-opens=java.base/java.util=ALL-UNNAMED --add-opens=java.prefs/java.util.prefs=ALL-UNNAMED --add-opens=java.prefs/java.util.prefs=ALL-UNNAMED --add-opens=java.base/java.nio.charset=ALL-UNNAMED --add-opens=java.base/java.net=ALL-UNNAMED --add-opens=java.base/java.util.concurrent.atomic=ALL-UNNAMED -XX:MaxMetaspaceSize=256m -XX:+HeapDumpOnOutOfMemoryError -Xms256m -Xmx512m -Dfile.encoding=windows-1251 -Duser.country=RU -Duser.language=ru -Duser.variant 
java_command: org.gradle.launcher.daemon.bootstrap.GradleDaemon 7.5.1
java_class_path (initial): C:\Users\\.gradle\wrapper\dists\gradle-7.5.1-bin\7jzzequgds1hbszbhq3npc5ng\gradle-7.5.1\lib\gradle-launcher-7.5.1.jar
Launcher Type: SUN_STANDARD

[Global flags]
     intx CICompilerCount                          = 4                                         {product} {ergonomic}
   size_t CompressedClassSpaceSize                 = 218103808                                 {product} {ergonomic}
     uint ConcGCThreads                            = 2                                         {product} {ergonomic}
     uint G1ConcRefinementThreads                  = 8                                         {product} {ergonomic}
   size_t G1HeapRegionSize                         = 1048576                                   {product} {ergonomic}
    uintx GCDrainStackTargetSize                   = 64                                        {product} {ergonomic}
     bool HeapDumpOnOutOfMemoryError               = true                                   {manageable} {command line}
   size_t InitialHeapSize                          = 268435456                                 {product} {command line}
   size_t MarkStackSize                            = 4194304                                   {product} {ergonomic}
   size_t MaxHeapSize                              = 536870912                                 {product} {command line}
   size_t MaxMetaspaceSize                         = 268435456                                 {product} {command line}
   size_t MaxNewSize                               = 321912832                                 {product} {ergonomic}
   size_t MinHeapDeltaBytes                        = 1048576                                   {product} {ergonomic}
   size_t MinHeapSize                              = 268435456                                 {product} {command line}
    uintx NonNMethodCodeHeapSize                   = 5839372                                {pd product} {ergonomic}
    uintx NonProfiledCodeHeapSize                  = 122909434                              {pd product} {ergonomic}
    uintx ProfiledCodeHeapSize                     = 122909434                              {pd product} {ergonomic}
    uintx ReservedCodeCacheSize                    = 251658240                              {pd product} {ergonomic}
     bool SegmentedCodeCache                       = true                                      {product} {ergonomic}
   size_t SoftMaxHeapSize                          = 536870912                              {manageable} {ergonomic}
     bool UseCompressedClassPointers               = true                           {product lp64_product} {ergonomic}
     bool UseCompressedOops                        = true                           {product lp64_product} {ergonomic}
     bool UseG1GC                                  = true                                      {product} {ergonomic}
     bool UseLargePagesIndividualAllocation        = false                                  {pd product} {ergonomic}

Logging:
Log output configuration:
 #0: stdout all=warning uptime,level,tags
 #1: stderr all=off uptime,level,tags

Environment Variables:
PATH=C:\Program Files (x86)\Intel\iCLS Client\;C:\Program Files\Intel\iCLS Client\;C:\Windows\system32;C:\Windows;C:\Windows\System32\Wbem;C:\Windows\System32\WindowsPowerShell\v1.0\;C:\Program Files (x86)\Intel\Intel(R) Management Engine Components\DAL;C:\Program Files\Intel\Intel(R) Management Engine Components\DAL;C:\Program Files (x86)\Intel\Intel(R) Management Engine Components\IPT;C:\Program Files\Intel\Intel(R) Management Engine Components\IPT;C:\Program Files (x86)\NVIDIA Corporation\PhysX\Common;C:\Program Files\Intel\WiFi\bin\;C:\Program Files\Common Files\Intel\WirelessCommon\;C:\WINDOWS\system32;C:\WINDOWS;C:\WINDOWS\System32\Wbem;C:\WINDOWS\System32\WindowsPowerShell\v1.0\;C:\WINDOWS\System32\OpenSSH\;C:\Program Files (x86)\Borland\Delphi7\Bin;C:\Program Files (x86)\Borland\Delphi7\Projects\Bpl;C:\Program Files\NVIDIA Corporation\NVIDIA NvDLISR;C:\Program Files\Git\cmd;C:\Users\\AppData\Local\Microsoft\WindowsApps;
USERNAME=
OS=Windows_NT
PROCESSOR_IDENTIFIER=Intel64 Family 6 Model 94 Stepping 3, GenuineIntel
TMP=C:\Users\4CFA~1\AppData\Local\Temp
TEMP=C:\Users\4CFA~1\AppData\Local\Temp



---------------  S Y S T E M  ---------------

OS:
 Windows 10 , 64 bit Build 19041 (10.0.19041.1889)
OS uptime: 9 days 21:31 hours

CPU: total 8 (initial active 8) (4 cores per cpu, 2 threads per core) family 6 model 94 stepping 3 microcode 0xcc, cx8, cmov, fxsr, ht, mmx, 3dnowpref, sse, sse2, sse3, ssse3, sse4.1, sse4.2, popcnt, lzcnt, tsc, tscinvbit, avx, avx2, aes, erms, clmul, bmi1, bmi2, rtm, adx, fma, vzeroupper, clflush, clflushopt

Memory: 4k page, system-wide physical 12186M (1666M free)
TotalPageFile size 17223M (AvailPageFile size 0M)
current process WorkingSet (physical memory assigned to process): 345M, peak: 378M
current process commit charge ("private bytes"): 455M, peak: 489M

vm_info: OpenJDK 64-Bit Server VM (17.0.4.1+9-LTS) for windows-amd64 JRE (17.0.4.1+9-LTS), built on Aug 12 2022 17:33:36 by "Administrator" with MS VC++ 15.9 (VS2017)

END.
