#
# There is insufficient memory for the Java Runtime Environment to continue.
# Native memory allocation (malloc) failed to allocate 1657936 bytes for Chunk::new
# Possible reasons:
#   The system is out of physical RAM or swap space
#   The process is running with CompressedOops enabled, and the Java Heap may be blocking the growth of the native heap
# Possible solutions:
#   Reduce memory load on the system
#   Increase physical memory or swap space
#   Check if swap backing store is full
#   Decrease Java heap size (-Xmx/-Xms)
#   Decrease number of Java threads
#   Decrease Java thread stack sizes (-Xss)
#   Set larger code cache with -XX:ReservedCodeCacheSize=
#   JVM is running with Unscaled Compressed Oops mode in which the Java heap is
#     placed in the first 4GB address space. The Java Heap base address is the
#     maximum limit for the native heap growth. Please use -XX:HeapBaseMinAddress
#     to set the Java Heap base and to place the Java Heap above 4GB virtual address.
# This output file may be truncated or incomplete.
#
#  Out of Memory Error (arena.cpp:189), pid=1632, tid=17720
#
# JRE version: OpenJDK Runtime Environment Corretto-17.0.4.9.1 (17.0.4.1+9) (build 17.0.4.1+9-LTS)
# Java VM: OpenJDK 64-Bit Server VM Corretto-17.0.4.9.1 (17.0.4.1+9-LTS, mixed mode, sharing, tiered, compressed oops, compressed class ptrs, g1 gc, windows-amd64)
# No core dump will be written. Minidumps are not enabled by default on client versions of Windows
#

---------------  S U M M A R Y ------------

Command Line: --add-opens=java.base/java.util=ALL-UNNAMED --add-opens=java.base/java.lang=ALL-UNNAMED --add-opens=java.base/java.lang.invoke=ALL-UNNAMED --add-opens=java.base/java.util=ALL-UNNAMED --add-opens=java.prefs/java.util.prefs=ALL-UNNAMED --add-opens=java.prefs/java.util.prefs=ALL-UNNAMED --add-opens=java.base/java.nio.charset=ALL-UNNAMED --add-opens=java.base/java.net=ALL-UNNAMED --add-opens=java.base/java.util.concurrent.atomic=ALL-UNNAMED -XX:MaxMetaspaceSize=256m -XX:+HeapDumpOnOutOfMemoryError -Xms256m -Xmx512m -Dfile.encoding=windows-1251 -Duser.country=RU -Duser.language=ru -Duser.variant org.gradle.launcher.daemon.bootstrap.GradleDaemon 7.5.1

Host: Intel(R) Core(TM) i7-6700HQ CPU @ 2.60GHz, 8 cores, 11G,  Windows 10 , 64 bit Build 19041 (10.0.19041.1889)
Time: Tue Oct 25 23:34:53 2022 RTZ 2 (s 10 , 64 bit Build 19041 (10.0.19041.1889) elapsed time: 2.704559 seconds (0d 0h 0m 2s)

---------------  T H R E A D  ---------------

Current thread (0x0000019861d0d6c0):  JavaThread "C2 CompilerThread0" daemon [_thread_in_native, id=17720, stack(0x0000006fb5700000,0x0000006fb5800000)]


Current CompileTask:
C2:   2704 2099       4       java.net.URLClassLoader$1::run (5 bytes)

Stack: [0x0000006fb5700000,0x0000006fb5800000]
Native frames: (J=compiled Java code, j=interpreted, Vv=VM code, C=native code)
V  [jvm.dll+0x64724a]
V  [jvm.dll+0x7f87a4]
V  [jvm.dll+0x7f9f5e]
V  [jvm.dll+0x7fa5b3]
V  [jvm.dll+0x234ed8]
V  [jvm.dll+0xbce1b]
V  [jvm.dll+0xbd3ac]
V  [jvm.dll+0x34dbb2]
V  [jvm.dll+0x31849f]
V  [jvm.dll+0x3178da]
V  [jvm.dll+0x209585]
V  [jvm.dll+0x208b17]
V  [jvm.dll+0x198ded]
V  [jvm.dll+0x217eb9]
V  [jvm.dll+0x216104]
V  [jvm.dll+0x7b0d5b]
V  [jvm.dll+0x7ab31a]
V  [jvm.dll+0x6460f5]
C  [ucrtbase.dll+0x21bb2]
C  [KERNEL32.DLL+0x17034]
C  [ntdll.dll+0x526a1]


---------------  P R O C E S S  ---------------

Threads class SMR info:
_java_thread_list=0x000001986c612f20, length=27, elements={
0x0000019846a37c70, 0x0000019861cdd930, 0x0000019861cde6b0, 0x0000019861cf8230,
0x0000019861cfab00, 0x0000019861cfc3d0, 0x0000019861cfe8b0, 0x0000019861d0d6c0,
0x0000019861d0dc80, 0x0000019861d0f1a0, 0x000001986290d220, 0x0000019862913930,
0x000001986294e5f0, 0x0000019862d10940, 0x000001986c258c60, 0x000001986c127e70,
0x000001986b15d4d0, 0x0000019862d60bc0, 0x000001986af5c510, 0x000001986afca950,
0x000001986afc9fb0, 0x000001986afc8c70, 0x000001986afcb2f0, 0x000001986afc87a0,
0x000001986afcae20, 0x000001986afcbc90, 0x000001986afc9140
}

Java Threads: ( => current thread )
  0x0000019846a37c70 JavaThread "main" [_thread_blocked, id=18996, stack(0x0000006fb4a00000,0x0000006fb4b00000)]
  0x0000019861cdd930 JavaThread "Reference Handler" daemon [_thread_blocked, id=15404, stack(0x0000006fb5100000,0x0000006fb5200000)]
  0x0000019861cde6b0 JavaThread "Finalizer" daemon [_thread_blocked, id=6704, stack(0x0000006fb5200000,0x0000006fb5300000)]
  0x0000019861cf8230 JavaThread "Signal Dispatcher" daemon [_thread_blocked, id=15952, stack(0x0000006fb5300000,0x0000006fb5400000)]
  0x0000019861cfab00 JavaThread "Attach Listener" daemon [_thread_blocked, id=19376, stack(0x0000006fb5400000,0x0000006fb5500000)]
  0x0000019861cfc3d0 JavaThread "Service Thread" daemon [_thread_blocked, id=10272, stack(0x0000006fb5500000,0x0000006fb5600000)]
  0x0000019861cfe8b0 JavaThread "Monitor Deflation Thread" daemon [_thread_blocked, id=9552, stack(0x0000006fb5600000,0x0000006fb5700000)]
=>0x0000019861d0d6c0 JavaThread "C2 CompilerThread0" daemon [_thread_in_native, id=17720, stack(0x0000006fb5700000,0x0000006fb5800000)]
  0x0000019861d0dc80 JavaThread "C1 CompilerThread0" daemon [_thread_blocked, id=18304, stack(0x0000006fb5800000,0x0000006fb5900000)]
  0x0000019861d0f1a0 JavaThread "Sweeper thread" daemon [_thread_blocked, id=9320, stack(0x0000006fb5900000,0x0000006fb5a00000)]
  0x000001986290d220 JavaThread "Common-Cleaner" daemon [_thread_blocked, id=8412, stack(0x0000006fb5a00000,0x0000006fb5b00000)]
  0x0000019862913930 JavaThread "Notification Thread" daemon [_thread_blocked, id=17180, stack(0x0000006fb5b00000,0x0000006fb5c00000)]
  0x000001986294e5f0 JavaThread "C2 CompilerThread1" daemon [_thread_in_native, id=19176, stack(0x0000006fb5d00000,0x0000006fb5e00000)]
  0x0000019862d10940 JavaThread "C2 CompilerThread2" daemon [_thread_in_native, id=19064, stack(0x0000006fb5e00000,0x0000006fb5f00000)]
  0x000001986c258c60 JavaThread "Daemon health stats" [_thread_blocked, id=14768, stack(0x0000006fb6400000,0x0000006fb6500000)]
  0x000001986c127e70 JavaThread "Incoming local TCP Connector on port 62690" [_thread_in_native, id=2216, stack(0x0000006fb6500000,0x0000006fb6600000)]
  0x000001986b15d4d0 JavaThread "Daemon periodic checks" [_thread_blocked, id=15520, stack(0x0000006fb6600000,0x0000006fb6700000)]
  0x0000019862d60bc0 JavaThread "Daemon" [_thread_blocked, id=3460, stack(0x0000006fb6700000,0x0000006fb6800000)]
  0x000001986af5c510 JavaThread "Handler for socket connection from /127.0.0.1:62690 to /127.0.0.1:62691" [_thread_in_native, id=11436, stack(0x0000006fb6800000,0x0000006fb6900000)]
  0x000001986afca950 JavaThread "Cancel handler" [_thread_blocked, id=1432, stack(0x0000006fb6900000,0x0000006fb6a00000)]
  0x000001986afc9fb0 JavaThread "Daemon worker" [_thread_in_Java, id=9920, stack(0x0000006fb6a00000,0x0000006fb6b00000)]
  0x000001986afc8c70 JavaThread "Asynchronous log dispatcher for DefaultDaemonConnection: socket connection from /127.0.0.1:62690 to /127.0.0.1:62691" [_thread_blocked, id=5440, stack(0x0000006fb6b00000,0x0000006fb6c00000)]
  0x000001986afcb2f0 JavaThread "Stdin handler" [_thread_blocked, id=12868, stack(0x0000006fb6c00000,0x0000006fb6d00000)]
  0x000001986afc87a0 JavaThread "Daemon client event forwarder" [_thread_blocked, id=16956, stack(0x0000006fb6d00000,0x0000006fb6e00000)]
  0x000001986afcae20 JavaThread "Cache worker for journal cache (C:\Users\Роман\.gradle\caches\journal-1)" [_thread_blocked, id=15748, stack(0x0000006fb6e00000,0x0000006fb6f00000)]
  0x000001986afcbc90 JavaThread "File lock request listener" [_thread_in_native, id=7652, stack(0x0000006fb6f00000,0x0000006fb7000000)]
  0x000001986afc9140 JavaThread "Cache worker for file hash cache (C:\Users\Роман\.gradle\caches\7.5.1\fileHashes)" [_thread_blocked, id=4000, stack(0x0000006fb7000000,0x0000006fb7100000)]

Other Threads:
  0x0000019861cd9570 VMThread "VM Thread" [stack: 0x0000006fb5000000,0x0000006fb5100000] [id=3268]
  0x0000019862915e10 WatcherThread [stack: 0x0000006fb5c00000,0x0000006fb5d00000] [id=11908]
  0x0000019846a6a0e0 GCTaskThread "GC Thread#0" [stack: 0x0000006fb4b00000,0x0000006fb4c00000] [id=4036]
  0x000001986af5e160 GCTaskThread "GC Thread#1" [stack: 0x0000006fb5f00000,0x0000006fb6000000] [id=12988]
  0x00000198633d20f0 GCTaskThread "GC Thread#2" [stack: 0x0000006fb6000000,0x0000006fb6100000] [id=2668]
  0x00000198633d23a0 GCTaskThread "GC Thread#3" [stack: 0x0000006fb6100000,0x0000006fb6200000] [id=14640]
  0x00000198633d2650 GCTaskThread "GC Thread#4" [stack: 0x0000006fb6200000,0x0000006fb6300000] [id=1176]
  0x000001986b412930 GCTaskThread "GC Thread#5" [stack: 0x0000006fb6300000,0x0000006fb6400000] [id=4792]
  0x0000019846a6ef30 ConcurrentGCThread "G1 Main Marker" [stack: 0x0000006fb4c00000,0x0000006fb4d00000] [id=13572]
  0x0000019846a6f850 ConcurrentGCThread "G1 Conc#0" [stack: 0x0000006fb4d00000,0x0000006fb4e00000] [id=11468]
  0x0000019846b1d4b0 ConcurrentGCThread "G1 Refine#0" [stack: 0x0000006fb4e00000,0x0000006fb4f00000] [id=4592]
  0x0000019846b1dde0 ConcurrentGCThread "G1 Service" [stack: 0x0000006fb4f00000,0x0000006fb5000000] [id=644]

Threads with active compile tasks:
C2 CompilerThread0     2732 2099       4       java.net.URLClassLoader$1::run (5 bytes)
C2 CompilerThread1     2733 2098   !   4       java.net.URLClassLoader::findClass (47 bytes)
C2 CompilerThread2     2733 2046   !   4       java.lang.ClassLoader::loadClass (121 bytes)

VM state: not at safepoint (normal execution)

VM Mutex/Monitor currently owned by a thread: None

Heap address: 0x00000000e0000000, size: 512 MB, Compressed Oops mode: 32-bit

CDS archive(s) mapped at: [0x0000000800000000-0x0000000800bc0000-0x0000000800bc0000), size 12320768, SharedBaseAddress: 0x0000000800000000, ArchiveRelocationMode: 0.
Compressed class space mapped at: 0x0000000800c00000-0x000000080dc00000, reserved size: 218103808
Narrow klass base: 0x0000000800000000, Narrow klass shift: 0, Narrow klass range: 0x100000000

GC Precious Log:
 CPUs: 8 total, 8 available
 Memory: 12186M
 Large Page Support: Disabled
 NUMA Support: Disabled
 Compressed Oops: Enabled (32-bit)
 Heap Region Size: 1M
 Heap Min Capacity: 256M
 Heap Initial Capacity: 256M
 Heap Max Capacity: 512M
 Pre-touch: Disabled
 Parallel Workers: 8
 Concurrent Workers: 2
 Concurrent Refinement Workers: 8
 Periodic GC: Disabled

Heap:
 garbage-first heap   total 262144K, used 91864K [0x00000000e0000000, 0x0000000100000000)
  region size 1024K, 81 young (82944K), 1 survivors (1024K)
 Metaspace       used 15863K, committed 16128K, reserved 229376K
  class space    used 2326K, committed 2432K, reserved 212992K

Heap Regions: E=young(eden), S=young(survivor), O=old, HS=humongous(starts), HC=humongous(continues), CS=collection set, F=free, OA=open archive, CA=closed archive, TAMS=top-at-mark-start (previous, next)
|   0|0x00000000e0000000, 0x00000000e0100000, 0x00000000e0100000|100%| O|  |TAMS 0x00000000e0000000, 0x00000000e0000000| Untracked 
|   1|0x00000000e0100000, 0x00000000e0200000, 0x00000000e0200000|100%| O|  |TAMS 0x00000000e0100000, 0x00000000e0100000| Untracked 
|   2|0x00000000e0200000, 0x00000000e02c4a00, 0x00000000e0300000| 76%| O|  |TAMS 0x00000000e0200000, 0x00000000e0200000| Untracked 
|   3|0x00000000e0300000, 0x00000000e0400000, 0x00000000e0400000|100%|HS|  |TAMS 0x00000000e0300000, 0x00000000e0300000| Complete 
|   4|0x00000000e0400000, 0x00000000e0500000, 0x00000000e0500000|100%|HC|  |TAMS 0x00000000e0400000, 0x00000000e0400000| Complete 
|   5|0x00000000e0500000, 0x00000000e0600000, 0x00000000e0600000|100%|HC|  |TAMS 0x00000000e0500000, 0x00000000e0500000| Complete 
|   6|0x00000000e0600000, 0x00000000e0700000, 0x00000000e0700000|100%| O|  |TAMS 0x00000000e0600000, 0x00000000e0600000| Untracked 
|   7|0x00000000e0700000, 0x00000000e0800000, 0x00000000e0800000|100%| O|  |TAMS 0x00000000e0700000, 0x00000000e0700000| Untracked 
|   8|0x00000000e0800000, 0x00000000e0900000, 0x00000000e0900000|100%| O|  |TAMS 0x00000000e0800000, 0x00000000e0800000| Untracked 
|   9|0x00000000e0900000, 0x00000000e0a00000, 0x00000000e0a00000|100%|HS|  |TAMS 0x00000000e0900000, 0x00000000e0900000| Complete 
|  10|0x00000000e0a00000, 0x00000000e0a00000, 0x00000000e0b00000|  0%| F|  |TAMS 0x00000000e0a00000, 0x00000000e0a00000| Untracked 
|  11|0x00000000e0b00000, 0x00000000e0b00000, 0x00000000e0c00000|  0%| F|  |TAMS 0x00000000e0b00000, 0x00000000e0b00000| Untracked 
|  12|0x00000000e0c00000, 0x00000000e0c00000, 0x00000000e0d00000|  0%| F|  |TAMS 0x00000000e0c00000, 0x00000000e0c00000| Untracked 
|  13|0x00000000e0d00000, 0x00000000e0d00000, 0x00000000e0e00000|  0%| F|  |TAMS 0x00000000e0d00000, 0x00000000e0d00000| Untracked 
|  14|0x00000000e0e00000, 0x00000000e0e00000, 0x00000000e0f00000|  0%| F|  |TAMS 0x00000000e0e00000, 0x00000000e0e00000| Untracked 
|  15|0x00000000e0f00000, 0x00000000e0f00000, 0x00000000e1000000|  0%| F|  |TAMS 0x00000000e0f00000, 0x00000000e0f00000| Untracked 
|  16|0x00000000e1000000, 0x00000000e1000000, 0x00000000e1100000|  0%| F|  |TAMS 0x00000000e1000000, 0x00000000e1000000| Untracked 
|  17|0x00000000e1100000, 0x00000000e1100000, 0x00000000e1200000|  0%| F|  |TAMS 0x00000000e1100000, 0x00000000e1100000| Untracked 
|  18|0x00000000e1200000, 0x00000000e1200000, 0x00000000e1300000|  0%| F|  |TAMS 0x00000000e1200000, 0x00000000e1200000| Untracked 
|  19|0x00000000e1300000, 0x00000000e1300000, 0x00000000e1400000|  0%| F|  |TAMS 0x00000000e1300000, 0x00000000e1300000| Untracked 
|  20|0x00000000e1400000, 0x00000000e1400000, 0x00000000e1500000|  0%| F|  |TAMS 0x00000000e1400000, 0x00000000e1400000| Untracked 
|  21|0x00000000e1500000, 0x00000000e1500000, 0x00000000e1600000|  0%| F|  |TAMS 0x00000000e1500000, 0x00000000e1500000| Untracked 
|  22|0x00000000e1600000, 0x00000000e1600000, 0x00000000e1700000|  0%| F|  |TAMS 0x00000000e1600000, 0x00000000e1600000| Untracked 
|  23|0x00000000e1700000, 0x00000000e1700000, 0x00000000e1800000|  0%| F|  |TAMS 0x00000000e1700000, 0x00000000e1700000| Untracked 
|  24|0x00000000e1800000, 0x00000000e1800000, 0x00000000e1900000|  0%| F|  |TAMS 0x00000000e1800000, 0x00000000e1800000| Untracked 
|  25|0x00000000e1900000, 0x00000000e1900000, 0x00000000e1a00000|  0%| F|  |TAMS 0x00000000e1900000, 0x00000000e1900000| Untracked 
|  26|0x00000000e1a00000, 0x00000000e1a00000, 0x00000000e1b00000|  0%| F|  |TAMS 0x00000000e1a00000, 0x00000000e1a00000| Untracked 
|  27|0x00000000e1b00000, 0x00000000e1b00000, 0x00000000e1c00000|  0%| F|  |TAMS 0x00000000e1b00000, 0x00000000e1b00000| Untracked 
|  28|0x00000000e1c00000, 0x00000000e1c00000, 0x00000000e1d00000|  0%| F|  |TAMS 0x00000000e1c00000, 0x00000000e1c00000| Untracked 
|  29|0x00000000e1d00000, 0x00000000e1d00000, 0x00000000e1e00000|  0%| F|  |TAMS 0x00000000e1d00000, 0x00000000e1d00000| Untracked 
|  30|0x00000000e1e00000, 0x00000000e1e00000, 0x00000000e1f00000|  0%| F|  |TAMS 0x00000000e1e00000, 0x00000000e1e00000| Untracked 
|  31|0x00000000e1f00000, 0x00000000e1f00000, 0x00000000e2000000|  0%| F|  |TAMS 0x00000000e1f00000, 0x00000000e1f00000| Untracked 
|  32|0x00000000e2000000, 0x00000000e2000000, 0x00000000e2100000|  0%| F|  |TAMS 0x00000000e2000000, 0x00000000e2000000| Untracked 
|  33|0x00000000e2100000, 0x00000000e2100000, 0x00000000e2200000|  0%| F|  |TAMS 0x00000000e2100000, 0x00000000e2100000| Untracked 
|  34|0x00000000e2200000, 0x00000000e2200000, 0x00000000e2300000|  0%| F|  |TAMS 0x00000000e2200000, 0x00000000e2200000| Untracked 
|  35|0x00000000e2300000, 0x00000000e2300000, 0x00000000e2400000|  0%| F|  |TAMS 0x00000000e2300000, 0x00000000e2300000| Untracked 
|  36|0x00000000e2400000, 0x00000000e2400000, 0x00000000e2500000|  0%| F|  |TAMS 0x00000000e2400000, 0x00000000e2400000| Untracked 
|  37|0x00000000e2500000, 0x00000000e2500000, 0x00000000e2600000|  0%| F|  |TAMS 0x00000000e2500000, 0x00000000e2500000| Untracked 
|  38|0x00000000e2600000, 0x00000000e2600000, 0x00000000e2700000|  0%| F|  |TAMS 0x00000000e2600000, 0x00000000e2600000| Untracked 
|  39|0x00000000e2700000, 0x00000000e2700000, 0x00000000e2800000|  0%| F|  |TAMS 0x00000000e2700000, 0x00000000e2700000| Untracked 
|  40|0x00000000e2800000, 0x00000000e2800000, 0x00000000e2900000|  0%| F|  |TAMS 0x00000000e2800000, 0x00000000e2800000| Untracked 
|  41|0x00000000e2900000, 0x00000000e2900000, 0x00000000e2a00000|  0%| F|  |TAMS 0x00000000e2900000, 0x00000000e2900000| Untracked 
|  42|0x00000000e2a00000, 0x00000000e2a00000, 0x00000000e2b00000|  0%| F|  |TAMS 0x00000000e2a00000, 0x00000000e2a00000| Untracked 
|  43|0x00000000e2b00000, 0x00000000e2b00000, 0x00000000e2c00000|  0%| F|  |TAMS 0x00000000e2b00000, 0x00000000e2b00000| Untracked 
|  44|0x00000000e2c00000, 0x00000000e2c00000, 0x00000000e2d00000|  0%| F|  |TAMS 0x00000000e2c00000, 0x00000000e2c00000| Untracked 
|  45|0x00000000e2d00000, 0x00000000e2d00000, 0x00000000e2e00000|  0%| F|  |TAMS 0x00000000e2d00000, 0x00000000e2d00000| Untracked 
|  46|0x00000000e2e00000, 0x00000000e2e00000, 0x00000000e2f00000|  0%| F|  |TAMS 0x00000000e2e00000, 0x00000000e2e00000| Untracked 
|  47|0x00000000e2f00000, 0x00000000e2f00000, 0x00000000e3000000|  0%| F|  |TAMS 0x00000000e2f00000, 0x00000000e2f00000| Untracked 
|  48|0x00000000e3000000, 0x00000000e3000000, 0x00000000e3100000|  0%| F|  |TAMS 0x00000000e3000000, 0x00000000e3000000| Untracked 
|  49|0x00000000e3100000, 0x00000000e3100000, 0x00000000e3200000|  0%| F|  |TAMS 0x00000000e3100000, 0x00000000e3100000| Untracked 
|  50|0x00000000e3200000, 0x00000000e3200000, 0x00000000e3300000|  0%| F|  |TAMS 0x00000000e3200000, 0x00000000e3200000| Untracked 
|  51|0x00000000e3300000, 0x00000000e3300000, 0x00000000e3400000|  0%| F|  |TAMS 0x00000000e3300000, 0x00000000e3300000| Untracked 
|  52|0x00000000e3400000, 0x00000000e3400000, 0x00000000e3500000|  0%| F|  |TAMS 0x00000000e3400000, 0x00000000e3400000| Untracked 
|  53|0x00000000e3500000, 0x00000000e3500000, 0x00000000e3600000|  0%| F|  |TAMS 0x00000000e3500000, 0x00000000e3500000| Untracked 
|  54|0x00000000e3600000, 0x00000000e3600000, 0x00000000e3700000|  0%| F|  |TAMS 0x00000000e3600000, 0x00000000e3600000| Untracked 
|  55|0x00000000e3700000, 0x00000000e3700000, 0x00000000e3800000|  0%| F|  |TAMS 0x00000000e3700000, 0x00000000e3700000| Untracked 
|  56|0x00000000e3800000, 0x00000000e3800000, 0x00000000e3900000|  0%| F|  |TAMS 0x00000000e3800000, 0x00000000e3800000| Untracked 
|  57|0x00000000e3900000, 0x00000000e3900000, 0x00000000e3a00000|  0%| F|  |TAMS 0x00000000e3900000, 0x00000000e3900000| Untracked 
|  58|0x00000000e3a00000, 0x00000000e3a00000, 0x00000000e3b00000|  0%| F|  |TAMS 0x00000000e3a00000, 0x00000000e3a00000| Untracked 
|  59|0x00000000e3b00000, 0x00000000e3b00000, 0x00000000e3c00000|  0%| F|  |TAMS 0x00000000e3b00000, 0x00000000e3b00000| Untracked 
|  60|0x00000000e3c00000, 0x00000000e3c00000, 0x00000000e3d00000|  0%| F|  |TAMS 0x00000000e3c00000, 0x00000000e3c00000| Untracked 
|  61|0x00000000e3d00000, 0x00000000e3d00000, 0x00000000e3e00000|  0%| F|  |TAMS 0x00000000e3d00000, 0x00000000e3d00000| Untracked 
|  62|0x00000000e3e00000, 0x00000000e3e00000, 0x00000000e3f00000|  0%| F|  |TAMS 0x00000000e3e00000, 0x00000000e3e00000| Untracked 
|  63|0x00000000e3f00000, 0x00000000e3f00000, 0x00000000e4000000|  0%| F|  |TAMS 0x00000000e3f00000, 0x00000000e3f00000| Untracked 
|  64|0x00000000e4000000, 0x00000000e4000000, 0x00000000e4100000|  0%| F|  |TAMS 0x00000000e4000000, 0x00000000e4000000| Untracked 
|  65|0x00000000e4100000, 0x00000000e4100000, 0x00000000e4200000|  0%| F|  |TAMS 0x00000000e4100000, 0x00000000e4100000| Untracked 
|  66|0x00000000e4200000, 0x00000000e4200000, 0x00000000e4300000|  0%| F|  |TAMS 0x00000000e4200000, 0x00000000e4200000| Untracked 
|  67|0x00000000e4300000, 0x00000000e4300000, 0x00000000e4400000|  0%| F|  |TAMS 0x00000000e4300000, 0x00000000e4300000| Untracked 
|  68|0x00000000e4400000, 0x00000000e4400000, 0x00000000e4500000|  0%| F|  |TAMS 0x00000000e4400000, 0x00000000e4400000| Untracked 
|  69|0x00000000e4500000, 0x00000000e4500000, 0x00000000e4600000|  0%| F|  |TAMS 0x00000000e4500000, 0x00000000e4500000| Untracked 
|  70|0x00000000e4600000, 0x00000000e4600000, 0x00000000e4700000|  0%| F|  |TAMS 0x00000000e4600000, 0x00000000e4600000| Untracked 
|  71|0x00000000e4700000, 0x00000000e4700000, 0x00000000e4800000|  0%| F|  |TAMS 0x00000000e4700000, 0x00000000e4700000| Untracked 
|  72|0x00000000e4800000, 0x00000000e4800000, 0x00000000e4900000|  0%| F|  |TAMS 0x00000000e4800000, 0x00000000e4800000| Untracked 
|  73|0x00000000e4900000, 0x00000000e4900000, 0x00000000e4a00000|  0%| F|  |TAMS 0x00000000e4900000, 0x00000000e4900000| Untracked 
|  74|0x00000000e4a00000, 0x00000000e4a00000, 0x00000000e4b00000|  0%| F|  |TAMS 0x00000000e4a00000, 0x00000000e4a00000| Untracked 
|  75|0x00000000e4b00000, 0x00000000e4b00000, 0x00000000e4c00000|  0%| F|  |TAMS 0x00000000e4b00000, 0x00000000e4b00000| Untracked 
|  76|0x00000000e4c00000, 0x00000000e4c00000, 0x00000000e4d00000|  0%| F|  |TAMS 0x00000000e4c00000, 0x00000000e4c00000| Untracked 
|  77|0x00000000e4d00000, 0x00000000e4d00000, 0x00000000e4e00000|  0%| F|  |TAMS 0x00000000e4d00000, 0x00000000e4d00000| Untracked 
|  78|0x00000000e4e00000, 0x00000000e4e00000, 0x00000000e4f00000|  0%| F|  |TAMS 0x00000000e4e00000, 0x00000000e4e00000| Untracked 
|  79|0x00000000e4f00000, 0x00000000e4f00000, 0x00000000e5000000|  0%| F|  |TAMS 0x00000000e4f00000, 0x00000000e4f00000| Untracked 
|  80|0x00000000e5000000, 0x00000000e5000000, 0x00000000e5100000|  0%| F|  |TAMS 0x00000000e5000000, 0x00000000e5000000| Untracked 
|  81|0x00000000e5100000, 0x00000000e5100000, 0x00000000e5200000|  0%| F|  |TAMS 0x00000000e5100000, 0x00000000e5100000| Untracked 
|  82|0x00000000e5200000, 0x00000000e5200000, 0x00000000e5300000|  0%| F|  |TAMS 0x00000000e5200000, 0x00000000e5200000| Untracked 
|  83|0x00000000e5300000, 0x00000000e5300000, 0x00000000e5400000|  0%| F|  |TAMS 0x00000000e5300000, 0x00000000e5300000| Untracked 
|  84|0x00000000e5400000, 0x00000000e5400000, 0x00000000e5500000|  0%| F|  |TAMS 0x00000000e5400000, 0x00000000e5400000| Untracked 
|  85|0x00000000e5500000, 0x00000000e5500000, 0x00000000e5600000|  0%| F|  |TAMS 0x00000000e5500000, 0x00000000e5500000| Untracked 
|  86|0x00000000e5600000, 0x00000000e5600000, 0x00000000e5700000|  0%| F|  |TAMS 0x00000000e5600000, 0x00000000e5600000| Untracked 
|  87|0x00000000e5700000, 0x00000000e5700000, 0x00000000e5800000|  0%| F|  |TAMS 0x00000000e5700000, 0x00000000e5700000| Untracked 
|  88|0x00000000e5800000, 0x00000000e5800000, 0x00000000e5900000|  0%| F|  |TAMS 0x00000000e5800000, 0x00000000e5800000| Untracked 
|  89|0x00000000e5900000, 0x00000000e5900000, 0x00000000e5a00000|  0%| F|  |TAMS 0x00000000e5900000, 0x00000000e5900000| Untracked 
|  90|0x00000000e5a00000, 0x00000000e5a00000, 0x00000000e5b00000|  0%| F|  |TAMS 0x00000000e5a00000, 0x00000000e5a00000| Untracked 
|  91|0x00000000e5b00000, 0x00000000e5b00000, 0x00000000e5c00000|  0%| F|  |TAMS 0x00000000e5b00000, 0x00000000e5b00000| Untracked 
|  92|0x00000000e5c00000, 0x00000000e5c00000, 0x00000000e5d00000|  0%| F|  |TAMS 0x00000000e5c00000, 0x00000000e5c00000| Untracked 
|  93|0x00000000e5d00000, 0x00000000e5d00000, 0x00000000e5e00000|  0%| F|  |TAMS 0x00000000e5d00000, 0x00000000e5d00000| Untracked 
|  94|0x00000000e5e00000, 0x00000000e5e00000, 0x00000000e5f00000|  0%| F|  |TAMS 0x00000000e5e00000, 0x00000000e5e00000| Untracked 
|  95|0x00000000e5f00000, 0x00000000e5f00000, 0x00000000e6000000|  0%| F|  |TAMS 0x00000000e5f00000, 0x00000000e5f00000| Untracked 
|  96|0x00000000e6000000, 0x00000000e6000000, 0x00000000e6100000|  0%| F|  |TAMS 0x00000000e6000000, 0x00000000e6000000| Untracked 
|  97|0x00000000e6100000, 0x00000000e6100000, 0x00000000e6200000|  0%| F|  |TAMS 0x00000000e6100000, 0x00000000e6100000| Untracked 
|  98|0x00000000e6200000, 0x00000000e6200000, 0x00000000e6300000|  0%| F|  |TAMS 0x00000000e6200000, 0x00000000e6200000| Untracked 
|  99|0x00000000e6300000, 0x00000000e6300000, 0x00000000e6400000|  0%| F|  |TAMS 0x00000000e6300000, 0x00000000e6300000| Untracked 
| 100|0x00000000e6400000, 0x00000000e6400000, 0x00000000e6500000|  0%| F|  |TAMS 0x00000000e6400000, 0x00000000e6400000| Untracked 
| 101|0x00000000e6500000, 0x00000000e6500000, 0x00000000e6600000|  0%| F|  |TAMS 0x00000000e6500000, 0x00000000e6500000| Untracked 
| 102|0x00000000e6600000, 0x00000000e6600000, 0x00000000e6700000|  0%| F|  |TAMS 0x00000000e6600000, 0x00000000e6600000| Untracked 
| 103|0x00000000e6700000, 0x00000000e6700000, 0x00000000e6800000|  0%| F|  |TAMS 0x00000000e6700000, 0x00000000e6700000| Untracked 
| 104|0x00000000e6800000, 0x00000000e6800000, 0x00000000e6900000|  0%| F|  |TAMS 0x00000000e6800000, 0x00000000e6800000| Untracked 
| 105|0x00000000e6900000, 0x00000000e6900000, 0x00000000e6a00000|  0%| F|  |TAMS 0x00000000e6900000, 0x00000000e6900000| Untracked 
| 106|0x00000000e6a00000, 0x00000000e6a00000, 0x00000000e6b00000|  0%| F|  |TAMS 0x00000000e6a00000, 0x00000000e6a00000| Untracked 
| 107|0x00000000e6b00000, 0x00000000e6b00000, 0x00000000e6c00000|  0%| F|  |TAMS 0x00000000e6b00000, 0x00000000e6b00000| Untracked 
| 108|0x00000000e6c00000, 0x00000000e6c00000, 0x00000000e6d00000|  0%| F|  |TAMS 0x00000000e6c00000, 0x00000000e6c00000| Untracked 
| 109|0x00000000e6d00000, 0x00000000e6d00000, 0x00000000e6e00000|  0%| F|  |TAMS 0x00000000e6d00000, 0x00000000e6d00000| Untracked 
| 110|0x00000000e6e00000, 0x00000000e6e00000, 0x00000000e6f00000|  0%| F|  |TAMS 0x00000000e6e00000, 0x00000000e6e00000| Untracked 
| 111|0x00000000e6f00000, 0x00000000e6f00000, 0x00000000e7000000|  0%| F|  |TAMS 0x00000000e6f00000, 0x00000000e6f00000| Untracked 
| 112|0x00000000e7000000, 0x00000000e7000000, 0x00000000e7100000|  0%| F|  |TAMS 0x00000000e7000000, 0x00000000e7000000| Untracked 
| 113|0x00000000e7100000, 0x00000000e7100000, 0x00000000e7200000|  0%| F|  |TAMS 0x00000000e7100000, 0x00000000e7100000| Untracked 
| 114|0x00000000e7200000, 0x00000000e7200000, 0x00000000e7300000|  0%| F|  |TAMS 0x00000000e7200000, 0x00000000e7200000| Untracked 
| 115|0x00000000e7300000, 0x00000000e7300000, 0x00000000e7400000|  0%| F|  |TAMS 0x00000000e7300000, 0x00000000e7300000| Untracked 
| 116|0x00000000e7400000, 0x00000000e7400000, 0x00000000e7500000|  0%| F|  |TAMS 0x00000000e7400000, 0x00000000e7400000| Untracked 
| 117|0x00000000e7500000, 0x00000000e7500000, 0x00000000e7600000|  0%| F|  |TAMS 0x00000000e7500000, 0x00000000e7500000| Untracked 
| 118|0x00000000e7600000, 0x00000000e7600000, 0x00000000e7700000|  0%| F|  |TAMS 0x00000000e7600000, 0x00000000e7600000| Untracked 
| 119|0x00000000e7700000, 0x00000000e7700000, 0x00000000e7800000|  0%| F|  |TAMS 0x00000000e7700000, 0x00000000e7700000| Untracked 
| 120|0x00000000e7800000, 0x00000000e7800000, 0x00000000e7900000|  0%| F|  |TAMS 0x00000000e7800000, 0x00000000e7800000| Untracked 
| 121|0x00000000e7900000, 0x00000000e7900000, 0x00000000e7a00000|  0%| F|  |TAMS 0x00000000e7900000, 0x00000000e7900000| Untracked 
| 122|0x00000000e7a00000, 0x00000000e7a00000, 0x00000000e7b00000|  0%| F|  |TAMS 0x00000000e7a00000, 0x00000000e7a00000| Untracked 
| 123|0x00000000e7b00000, 0x00000000e7b00000, 0x00000000e7c00000|  0%| F|  |TAMS 0x00000000e7b00000, 0x00000000e7b00000| Untracked 
| 124|0x00000000e7c00000, 0x00000000e7c00000, 0x00000000e7d00000|  0%| F|  |TAMS 0x00000000e7c00000, 0x00000000e7c00000| Untracked 
| 125|0x00000000e7d00000, 0x00000000e7d00000, 0x00000000e7e00000|  0%| F|  |TAMS 0x00000000e7d00000, 0x00000000e7d00000| Untracked 
| 126|0x00000000e7e00000, 0x00000000e7e00000, 0x00000000e7f00000|  0%| F|  |TAMS 0x00000000e7e00000, 0x00000000e7e00000| Untracked 
| 127|0x00000000e7f00000, 0x00000000e7f00000, 0x00000000e8000000|  0%| F|  |TAMS 0x00000000e7f00000, 0x00000000e7f00000| Untracked 
| 128|0x00000000e8000000, 0x00000000e8000000, 0x00000000e8100000|  0%| F|  |TAMS 0x00000000e8000000, 0x00000000e8000000| Untracked 
| 129|0x00000000e8100000, 0x00000000e8100000, 0x00000000e8200000|  0%| F|  |TAMS 0x00000000e8100000, 0x00000000e8100000| Untracked 
| 130|0x00000000e8200000, 0x00000000e8200000, 0x00000000e8300000|  0%| F|  |TAMS 0x00000000e8200000, 0x00000000e8200000| Untracked 
| 131|0x00000000e8300000, 0x00000000e8300000, 0x00000000e8400000|  0%| F|  |TAMS 0x00000000e8300000, 0x00000000e8300000| Untracked 
| 132|0x00000000e8400000, 0x00000000e8400000, 0x00000000e8500000|  0%| F|  |TAMS 0x00000000e8400000, 0x00000000e8400000| Untracked 
| 133|0x00000000e8500000, 0x00000000e8500000, 0x00000000e8600000|  0%| F|  |TAMS 0x00000000e8500000, 0x00000000e8500000| Untracked 
| 134|0x00000000e8600000, 0x00000000e8600000, 0x00000000e8700000|  0%| F|  |TAMS 0x00000000e8600000, 0x00000000e8600000| Untracked 
| 135|0x00000000e8700000, 0x00000000e8700000, 0x00000000e8800000|  0%| F|  |TAMS 0x00000000e8700000, 0x00000000e8700000| Untracked 
| 136|0x00000000e8800000, 0x00000000e8800000, 0x00000000e8900000|  0%| F|  |TAMS 0x00000000e8800000, 0x00000000e8800000| Untracked 
| 137|0x00000000e8900000, 0x00000000e8900000, 0x00000000e8a00000|  0%| F|  |TAMS 0x00000000e8900000, 0x00000000e8900000| Untracked 
| 138|0x00000000e8a00000, 0x00000000e8a00000, 0x00000000e8b00000|  0%| F|  |TAMS 0x00000000e8a00000, 0x00000000e8a00000| Untracked 
| 139|0x00000000e8b00000, 0x00000000e8b00000, 0x00000000e8c00000|  0%| F|  |TAMS 0x00000000e8b00000, 0x00000000e8b00000| Untracked 
| 140|0x00000000e8c00000, 0x00000000e8c00000, 0x00000000e8d00000|  0%| F|  |TAMS 0x00000000e8c00000, 0x00000000e8c00000| Untracked 
| 141|0x00000000e8d00000, 0x00000000e8d00000, 0x00000000e8e00000|  0%| F|  |TAMS 0x00000000e8d00000, 0x00000000e8d00000| Untracked 
| 142|0x00000000e8e00000, 0x00000000e8e00000, 0x00000000e8f00000|  0%| F|  |TAMS 0x00000000e8e00000, 0x00000000e8e00000| Untracked 
| 143|0x00000000e8f00000, 0x00000000e8f00000, 0x00000000e9000000|  0%| F|  |TAMS 0x00000000e8f00000, 0x00000000e8f00000| Untracked 
| 144|0x00000000e9000000, 0x00000000e9000000, 0x00000000e9100000|  0%| F|  |TAMS 0x00000000e9000000, 0x00000000e9000000| Untracked 
| 145|0x00000000e9100000, 0x00000000e9100000, 0x00000000e9200000|  0%| F|  |TAMS 0x00000000e9100000, 0x00000000e9100000| Untracked 
| 146|0x00000000e9200000, 0x00000000e9200000, 0x00000000e9300000|  0%| F|  |TAMS 0x00000000e9200000, 0x00000000e9200000| Untracked 
| 147|0x00000000e9300000, 0x00000000e9300000, 0x00000000e9400000|  0%| F|  |TAMS 0x00000000e9300000, 0x00000000e9300000| Untracked 
| 148|0x00000000e9400000, 0x00000000e9400000, 0x00000000e9500000|  0%| F|  |TAMS 0x00000000e9400000, 0x00000000e9400000| Untracked 
| 149|0x00000000e9500000, 0x00000000e9500000, 0x00000000e9600000|  0%| F|  |TAMS 0x00000000e9500000, 0x00000000e9500000| Untracked 
| 150|0x00000000e9600000, 0x00000000e9600000, 0x00000000e9700000|  0%| F|  |TAMS 0x00000000e9600000, 0x00000000e9600000| Untracked 
| 151|0x00000000e9700000, 0x00000000e9700000, 0x00000000e9800000|  0%| F|  |TAMS 0x00000000e9700000, 0x00000000e9700000| Untracked 
| 152|0x00000000e9800000, 0x00000000e9800000, 0x00000000e9900000|  0%| F|  |TAMS 0x00000000e9800000, 0x00000000e9800000| Untracked 
| 153|0x00000000e9900000, 0x00000000e9900000, 0x00000000e9a00000|  0%| F|  |TAMS 0x00000000e9900000, 0x00000000e9900000| Untracked 
| 154|0x00000000e9a00000, 0x00000000e9a00000, 0x00000000e9b00000|  0%| F|  |TAMS 0x00000000e9a00000, 0x00000000e9a00000| Untracked 
| 155|0x00000000e9b00000, 0x00000000e9b00000, 0x00000000e9c00000|  0%| F|  |TAMS 0x00000000e9b00000, 0x00000000e9b00000| Untracked 
| 156|0x00000000e9c00000, 0x00000000e9c00000, 0x00000000e9d00000|  0%| F|  |TAMS 0x00000000e9c00000, 0x00000000e9c00000| Untracked 
| 157|0x00000000e9d00000, 0x00000000e9d00000, 0x00000000e9e00000|  0%| F|  |TAMS 0x00000000e9d00000, 0x00000000e9d00000| Untracked 
| 158|0x00000000e9e00000, 0x00000000e9e00000, 0x00000000e9f00000|  0%| F|  |TAMS 0x00000000e9e00000, 0x00000000e9e00000| Untracked 
| 159|0x00000000e9f00000, 0x00000000e9f00000, 0x00000000ea000000|  0%| F|  |TAMS 0x00000000e9f00000, 0x00000000e9f00000| Untracked 
| 160|0x00000000ea000000, 0x00000000ea000000, 0x00000000ea100000|  0%| F|  |TAMS 0x00000000ea000000, 0x00000000ea000000| Untracked 
| 161|0x00000000ea100000, 0x00000000ea100000, 0x00000000ea200000|  0%| F|  |TAMS 0x00000000ea100000, 0x00000000ea100000| Untracked 
| 162|0x00000000ea200000, 0x00000000ea200000, 0x00000000ea300000|  0%| F|  |TAMS 0x00000000ea200000, 0x00000000ea200000| Untracked 
| 163|0x00000000ea300000, 0x00000000ea300000, 0x00000000ea400000|  0%| F|  |TAMS 0x00000000ea300000, 0x00000000ea300000| Untracked 
| 164|0x00000000ea400000, 0x00000000ea400000, 0x00000000ea500000|  0%| F|  |TAMS 0x00000000ea400000, 0x00000000ea400000| Untracked 
| 165|0x00000000ea500000, 0x00000000ea500000, 0x00000000ea600000|  0%| F|  |TAMS 0x00000000ea500000, 0x00000000ea500000| Untracked 
| 166|0x00000000ea600000, 0x00000000ea600000, 0x00000000ea700000|  0%| F|  |TAMS 0x00000000ea600000, 0x00000000ea600000| Untracked 
| 167|0x00000000ea700000, 0x00000000ea700000, 0x00000000ea800000|  0%| F|  |TAMS 0x00000000ea700000, 0x00000000ea700000| Untracked 
| 168|0x00000000ea800000, 0x00000000ea800000, 0x00000000ea900000|  0%| F|  |TAMS 0x00000000ea800000, 0x00000000ea800000| Untracked 
| 169|0x00000000ea900000, 0x00000000ea900000, 0x00000000eaa00000|  0%| F|  |TAMS 0x00000000ea900000, 0x00000000ea900000| Untracked 
| 170|0x00000000eaa00000, 0x00000000eaa00000, 0x00000000eab00000|  0%| F|  |TAMS 0x00000000eaa00000, 0x00000000eaa00000| Untracked 
| 171|0x00000000eab00000, 0x00000000eab00000, 0x00000000eac00000|  0%| F|  |TAMS 0x00000000eab00000, 0x00000000eab00000| Untracked 
| 172|0x00000000eac00000, 0x00000000eac00000, 0x00000000ead00000|  0%| F|  |TAMS 0x00000000eac00000, 0x00000000eac00000| Untracked 
| 173|0x00000000ead00000, 0x00000000ead00000, 0x00000000eae00000|  0%| F|  |TAMS 0x00000000ead00000, 0x00000000ead00000| Untracked 
| 174|0x00000000eae00000, 0x00000000eae85028, 0x00000000eaf00000| 51%| E|  |TAMS 0x00000000eae00000, 0x00000000eae00000| Complete 
| 175|0x00000000eaf00000, 0x00000000eb000000, 0x00000000eb000000|100%| E|CS|TAMS 0x00000000eaf00000, 0x00000000eaf00000| Complete 
| 176|0x00000000eb000000, 0x00000000eb100000, 0x00000000eb100000|100%| E|CS|TAMS 0x00000000eb000000, 0x00000000eb000000| Complete 
| 177|0x00000000eb100000, 0x00000000eb200000, 0x00000000eb200000|100%| E|CS|TAMS 0x00000000eb100000, 0x00000000eb100000| Complete 
| 178|0x00000000eb200000, 0x00000000eb300000, 0x00000000eb300000|100%| E|CS|TAMS 0x00000000eb200000, 0x00000000eb200000| Complete 
| 179|0x00000000eb300000, 0x00000000eb400000, 0x00000000eb400000|100%| E|CS|TAMS 0x00000000eb300000, 0x00000000eb300000| Complete 
| 180|0x00000000eb400000, 0x00000000eb500000, 0x00000000eb500000|100%| E|CS|TAMS 0x00000000eb400000, 0x00000000eb400000| Complete 
| 181|0x00000000eb500000, 0x00000000eb600000, 0x00000000eb600000|100%| E|CS|TAMS 0x00000000eb500000, 0x00000000eb500000| Complete 
| 182|0x00000000eb600000, 0x00000000eb700000, 0x00000000eb700000|100%| E|CS|TAMS 0x00000000eb600000, 0x00000000eb600000| Complete 
| 183|0x00000000eb700000, 0x00000000eb800000, 0x00000000eb800000|100%| E|CS|TAMS 0x00000000eb700000, 0x00000000eb700000| Complete 
| 184|0x00000000eb800000, 0x00000000eb900000, 0x00000000eb900000|100%| E|CS|TAMS 0x00000000eb800000, 0x00000000eb800000| Complete 
| 185|0x00000000eb900000, 0x00000000eba00000, 0x00000000eba00000|100%| E|CS|TAMS 0x00000000eb900000, 0x00000000eb900000| Complete 
| 186|0x00000000eba00000, 0x00000000ebb00000, 0x00000000ebb00000|100%| E|CS|TAMS 0x00000000eba00000, 0x00000000eba00000| Complete 
| 187|0x00000000ebb00000, 0x00000000ebc00000, 0x00000000ebc00000|100%| E|CS|TAMS 0x00000000ebb00000, 0x00000000ebb00000| Complete 
| 188|0x00000000ebc00000, 0x00000000ebd00000, 0x00000000ebd00000|100%| E|CS|TAMS 0x00000000ebc00000, 0x00000000ebc00000| Complete 
| 189|0x00000000ebd00000, 0x00000000ebe00000, 0x00000000ebe00000|100%| E|CS|TAMS 0x00000000ebd00000, 0x00000000ebd00000| Complete 
| 190|0x00000000ebe00000, 0x00000000ebf00000, 0x00000000ebf00000|100%| E|CS|TAMS 0x00000000ebe00000, 0x00000000ebe00000| Complete 
| 191|0x00000000ebf00000, 0x00000000ec000000, 0x00000000ec000000|100%| E|CS|TAMS 0x00000000ebf00000, 0x00000000ebf00000| Complete 
| 192|0x00000000ec000000, 0x00000000ec100000, 0x00000000ec100000|100%| E|CS|TAMS 0x00000000ec000000, 0x00000000ec000000| Complete 
| 193|0x00000000ec100000, 0x00000000ec200000, 0x00000000ec200000|100%| E|CS|TAMS 0x00000000ec100000, 0x00000000ec100000| Complete 
| 194|0x00000000ec200000, 0x00000000ec300000, 0x00000000ec300000|100%| E|CS|TAMS 0x00000000ec200000, 0x00000000ec200000| Complete 
| 195|0x00000000ec300000, 0x00000000ec400000, 0x00000000ec400000|100%| E|CS|TAMS 0x00000000ec300000, 0x00000000ec300000| Complete 
| 196|0x00000000ec400000, 0x00000000ec500000, 0x00000000ec500000|100%| E|CS|TAMS 0x00000000ec400000, 0x00000000ec400000| Complete 
| 197|0x00000000ec500000, 0x00000000ec600000, 0x00000000ec600000|100%| E|CS|TAMS 0x00000000ec500000, 0x00000000ec500000| Complete 
| 198|0x00000000ec600000, 0x00000000ec700000, 0x00000000ec700000|100%| E|CS|TAMS 0x00000000ec600000, 0x00000000ec600000| Complete 
| 199|0x00000000ec700000, 0x00000000ec800000, 0x00000000ec800000|100%| E|CS|TAMS 0x00000000ec700000, 0x00000000ec700000| Complete 
| 200|0x00000000ec800000, 0x00000000ec900000, 0x00000000ec900000|100%| E|CS|TAMS 0x00000000ec800000, 0x00000000ec800000| Complete 
| 201|0x00000000ec900000, 0x00000000eca00000, 0x00000000eca00000|100%| E|CS|TAMS 0x00000000ec900000, 0x00000000ec900000| Complete 
| 202|0x00000000eca00000, 0x00000000ecb00000, 0x00000000ecb00000|100%| E|CS|TAMS 0x00000000eca00000, 0x00000000eca00000| Complete 
| 203|0x00000000ecb00000, 0x00000000ecc00000, 0x00000000ecc00000|100%| E|CS|TAMS 0x00000000ecb00000, 0x00000000ecb00000| Complete 
| 204|0x00000000ecc00000, 0x00000000ecd00000, 0x00000000ecd00000|100%| E|CS|TAMS 0x00000000ecc00000, 0x00000000ecc00000| Complete 
| 205|0x00000000ecd00000, 0x00000000ece00000, 0x00000000ece00000|100%| E|CS|TAMS 0x00000000ecd00000, 0x00000000ecd00000| Complete 
| 206|0x00000000ece00000, 0x00000000ecf00000, 0x00000000ecf00000|100%| E|CS|TAMS 0x00000000ece00000, 0x00000000ece00000| Complete 
| 207|0x00000000ecf00000, 0x00000000ed000000, 0x00000000ed000000|100%| E|CS|TAMS 0x00000000ecf00000, 0x00000000ecf00000| Complete 
| 208|0x00000000ed000000, 0x00000000ed100000, 0x00000000ed100000|100%| E|CS|TAMS 0x00000000ed000000, 0x00000000ed000000| Complete 
| 209|0x00000000ed100000, 0x00000000ed200000, 0x00000000ed200000|100%| E|CS|TAMS 0x00000000ed100000, 0x00000000ed100000| Complete 
| 210|0x00000000ed200000, 0x00000000ed300000, 0x00000000ed300000|100%| E|CS|TAMS 0x00000000ed200000, 0x00000000ed200000| Complete 
| 211|0x00000000ed300000, 0x00000000ed400000, 0x00000000ed400000|100%| E|CS|TAMS 0x00000000ed300000, 0x00000000ed300000| Complete 
| 212|0x00000000ed400000, 0x00000000ed500000, 0x00000000ed500000|100%| E|CS|TAMS 0x00000000ed400000, 0x00000000ed400000| Complete 
| 213|0x00000000ed500000, 0x00000000ed600000, 0x00000000ed600000|100%| E|CS|TAMS 0x00000000ed500000, 0x00000000ed500000| Complete 
| 214|0x00000000ed600000, 0x00000000ed700000, 0x00000000ed700000|100%| E|CS|TAMS 0x00000000ed600000, 0x00000000ed600000| Complete 
| 215|0x00000000ed700000, 0x00000000ed800000, 0x00000000ed800000|100%| E|CS|TAMS 0x00000000ed700000, 0x00000000ed700000| Complete 
| 216|0x00000000ed800000, 0x00000000ed900000, 0x00000000ed900000|100%| E|CS|TAMS 0x00000000ed800000, 0x00000000ed800000| Complete 
| 217|0x00000000ed900000, 0x00000000eda00000, 0x00000000eda00000|100%| E|CS|TAMS 0x00000000ed900000, 0x00000000ed900000| Complete 
| 218|0x00000000eda00000, 0x00000000edb00000, 0x00000000edb00000|100%| E|CS|TAMS 0x00000000eda00000, 0x00000000eda00000| Complete 
| 219|0x00000000edb00000, 0x00000000edc00000, 0x00000000edc00000|100%| E|CS|TAMS 0x00000000edb00000, 0x00000000edb00000| Complete 
| 220|0x00000000edc00000, 0x00000000edd00000, 0x00000000edd00000|100%| E|CS|TAMS 0x00000000edc00000, 0x00000000edc00000| Complete 
| 221|0x00000000edd00000, 0x00000000ede00000, 0x00000000ede00000|100%| E|CS|TAMS 0x00000000edd00000, 0x00000000edd00000| Complete 
| 222|0x00000000ede00000, 0x00000000edf00000, 0x00000000edf00000|100%| E|CS|TAMS 0x00000000ede00000, 0x00000000ede00000| Complete 
| 223|0x00000000edf00000, 0x00000000edff1840, 0x00000000ee000000| 94%| S|CS|TAMS 0x00000000edf00000, 0x00000000edf00000| Complete 
| 224|0x00000000ee000000, 0x00000000ee100000, 0x00000000ee100000|100%| E|CS|TAMS 0x00000000ee000000, 0x00000000ee000000| Complete 
| 225|0x00000000ee100000, 0x00000000ee200000, 0x00000000ee200000|100%| E|CS|TAMS 0x00000000ee100000, 0x00000000ee100000| Complete 
| 226|0x00000000ee200000, 0x00000000ee300000, 0x00000000ee300000|100%| E|CS|TAMS 0x00000000ee200000, 0x00000000ee200000| Complete 
| 227|0x00000000ee300000, 0x00000000ee400000, 0x00000000ee400000|100%| E|CS|TAMS 0x00000000ee300000, 0x00000000ee300000| Complete 
| 228|0x00000000ee400000, 0x00000000ee500000, 0x00000000ee500000|100%| E|CS|TAMS 0x00000000ee400000, 0x00000000ee400000| Complete 
| 229|0x00000000ee500000, 0x00000000ee600000, 0x00000000ee600000|100%| E|CS|TAMS 0x00000000ee500000, 0x00000000ee500000| Complete 
| 230|0x00000000ee600000, 0x00000000ee700000, 0x00000000ee700000|100%| E|CS|TAMS 0x00000000ee600000, 0x00000000ee600000| Complete 
| 231|0x00000000ee700000, 0x00000000ee800000, 0x00000000ee800000|100%| E|CS|TAMS 0x00000000ee700000, 0x00000000ee700000| Complete 
| 232|0x00000000ee800000, 0x00000000ee900000, 0x00000000ee900000|100%| E|CS|TAMS 0x00000000ee800000, 0x00000000ee800000| Complete 
| 233|0x00000000ee900000, 0x00000000eea00000, 0x00000000eea00000|100%| E|CS|TAMS 0x00000000ee900000, 0x00000000ee900000| Complete 
| 234|0x00000000eea00000, 0x00000000eeb00000, 0x00000000eeb00000|100%| E|CS|TAMS 0x00000000eea00000, 0x00000000eea00000| Complete 
| 235|0x00000000eeb00000, 0x00000000eec00000, 0x00000000eec00000|100%| E|CS|TAMS 0x00000000eeb00000, 0x00000000eeb00000| Complete 
| 236|0x00000000eec00000, 0x00000000eed00000, 0x00000000eed00000|100%| E|CS|TAMS 0x00000000eec00000, 0x00000000eec00000| Complete 
| 237|0x00000000eed00000, 0x00000000eee00000, 0x00000000eee00000|100%| E|CS|TAMS 0x00000000eed00000, 0x00000000eed00000| Complete 
| 238|0x00000000eee00000, 0x00000000eef00000, 0x00000000eef00000|100%| E|CS|TAMS 0x00000000eee00000, 0x00000000eee00000| Complete 
| 239|0x00000000eef00000, 0x00000000ef000000, 0x00000000ef000000|100%| E|CS|TAMS 0x00000000eef00000, 0x00000000eef00000| Complete 
| 240|0x00000000ef000000, 0x00000000ef100000, 0x00000000ef100000|100%| E|CS|TAMS 0x00000000ef000000, 0x00000000ef000000| Complete 
| 241|0x00000000ef100000, 0x00000000ef200000, 0x00000000ef200000|100%| E|CS|TAMS 0x00000000ef100000, 0x00000000ef100000| Complete 
| 242|0x00000000ef200000, 0x00000000ef300000, 0x00000000ef300000|100%| E|CS|TAMS 0x00000000ef200000, 0x00000000ef200000| Complete 
| 243|0x00000000ef300000, 0x00000000ef400000, 0x00000000ef400000|100%| E|CS|TAMS 0x00000000ef300000, 0x00000000ef300000| Complete 
| 244|0x00000000ef400000, 0x00000000ef500000, 0x00000000ef500000|100%| E|CS|TAMS 0x00000000ef400000, 0x00000000ef400000| Complete 
| 245|0x00000000ef500000, 0x00000000ef600000, 0x00000000ef600000|100%| E|CS|TAMS 0x00000000ef500000, 0x00000000ef500000| Complete 
| 246|0x00000000ef600000, 0x00000000ef700000, 0x00000000ef700000|100%| E|CS|TAMS 0x00000000ef600000, 0x00000000ef600000| Complete 
| 247|0x00000000ef700000, 0x00000000ef800000, 0x00000000ef800000|100%| E|CS|TAMS 0x00000000ef700000, 0x00000000ef700000| Complete 
| 248|0x00000000ef800000, 0x00000000ef900000, 0x00000000ef900000|100%| E|CS|TAMS 0x00000000ef800000, 0x00000000ef800000| Complete 
| 249|0x00000000ef900000, 0x00000000efa00000, 0x00000000efa00000|100%| E|CS|TAMS 0x00000000ef900000, 0x00000000ef900000| Complete 
| 250|0x00000000efa00000, 0x00000000efb00000, 0x00000000efb00000|100%| E|CS|TAMS 0x00000000efa00000, 0x00000000efa00000| Complete 
| 251|0x00000000efb00000, 0x00000000efc00000, 0x00000000efc00000|100%| E|CS|TAMS 0x00000000efb00000, 0x00000000efb00000| Complete 
| 252|0x00000000efc00000, 0x00000000efd00000, 0x00000000efd00000|100%| E|CS|TAMS 0x00000000efc00000, 0x00000000efc00000| Complete 
| 253|0x00000000efd00000, 0x00000000efe00000, 0x00000000efe00000|100%| E|CS|TAMS 0x00000000efd00000, 0x00000000efd00000| Complete 
| 254|0x00000000efe00000, 0x00000000eff00000, 0x00000000eff00000|100%| E|CS|TAMS 0x00000000efe00000, 0x00000000efe00000| Complete 
| 255|0x00000000eff00000, 0x00000000f0000000, 0x00000000f0000000|100%| E|CS|TAMS 0x00000000eff00000, 0x00000000eff00000| Complete 

Card table byte_map: [0x000001985e0c0000,0x000001985e1c0000] _byte_map_base: 0x000001985d9c0000

Marking Bits (Prev, Next): (CMBitMap*) 0x0000019846a6a600, (CMBitMap*) 0x0000019846a6a640
 Prev Bits: [0x000001985e2c0000, 0x000001985eac0000)
 Next Bits: [0x000001985eac0000, 0x000001985f2c0000)

Polling page: 0x0000019845210000

Metaspace:

Usage:
  Non-class:     13.32 MB used.
      Class:      2.29 MB used.
       Both:     15.61 MB used.

Virtual space:
  Non-class space:       16.00 MB reserved,      13.44 MB ( 84%) committed,  2 nodes.
      Class space:      208.00 MB reserved,       2.44 MB (  1%) committed,  1 nodes.
             Both:      224.00 MB reserved,      15.88 MB (  7%) committed. 

Chunk freelists:
   Non-Class:  2.31 MB
       Class:  1.55 MB
        Both:  3.86 MB

MaxMetaspaceSize: 256.00 MB
CompressedClassSpaceSize: 208.00 MB
Initial GC threshold: 21.00 MB
Current GC threshold: 21.00 MB
CDS: on
MetaspaceReclaimPolicy: balanced
 - commit_granule_bytes: 65536.
 - commit_granule_words: 8192.
 - virtual_space_node_default_size: 1048576.
 - enlarge_chunks_in_place: 1.
 - new_chunks_are_fully_committed: 0.
 - uncommit_free_chunks: 1.
 - use_allocation_guard: 0.
 - handle_deallocations: 1.


Internal statistics:

num_allocs_failed_limit: 0.
num_arena_births: 196.
num_arena_deaths: 0.
num_vsnodes_births: 3.
num_vsnodes_deaths: 0.
num_space_committed: 254.
num_space_uncommitted: 0.
num_chunks_returned_to_freelist: 0.
num_chunks_taken_from_freelist: 708.
num_chunk_merges: 0.
num_chunk_splits: 477.
num_chunks_enlarged: 356.
num_purges: 0.
num_inconsistent_stats: 0.

CodeHeap 'non-profiled nmethods': size=120000Kb used=1207Kb max_used=1207Kb free=118792Kb
 bounds [0x0000019856020000, 0x0000019856290000, 0x000001985d550000]
CodeHeap 'profiled nmethods': size=120000Kb used=4541Kb max_used=4541Kb free=115458Kb
 bounds [0x000001984eaf0000, 0x000001984ef60000, 0x0000019856020000]
CodeHeap 'non-nmethods': size=5760Kb used=1223Kb max_used=1237Kb free=4536Kb
 bounds [0x000001984e550000, 0x000001984e7c0000, 0x000001984eaf0000]
 total_blobs=2746 nmethods=2216 adapters=442
 compilation: enabled
              stopped_count=0, restarted_count=0
 full_count=0

Compilation events (20 events):
Event: 2.645 Thread 0x0000019861d0dc80 nmethod 2175 0x000001984ef3d910 code [0x000001984ef3db00, 0x000001984ef3e2a8]
Event: 2.672 Thread 0x0000019861d0dc80 2177       3       java.lang.invoke.MethodHandles$Lookup::hasFullPrivilegeAccess (18 bytes)
Event: 2.672 Thread 0x0000019861d0dc80 nmethod 2177 0x000001984ef3e490 code [0x000001984ef3e620, 0x000001984ef3e798]
Event: 2.672 Thread 0x0000019861d0dc80 2178       3       jdk.internal.org.objectweb.asm.ClassReader::readUtf (161 bytes)
Event: 2.673 Thread 0x0000019861d0dc80 nmethod 2178 0x000001984ef3e810 code [0x000001984ef3e9e0, 0x000001984ef3ee48]
Event: 2.682 Thread 0x0000019861d0dc80 2179       3       java.util.concurrent.locks.ReentrantLock$Sync::tryRelease (51 bytes)
Event: 2.683 Thread 0x0000019861d0dc80 nmethod 2179 0x000001984ef3f110 code [0x000001984ef3f2c0, 0x000001984ef3f608]
Event: 2.689 Thread 0x0000019861d0dc80 2180   !   3       java.lang.invoke.MethodHandle::setVarargs (25 bytes)
Event: 2.690 Thread 0x0000019861d0dc80 nmethod 2180 0x000001984ef3f710 code [0x000001984ef3f920, 0x000001984ef3ffd8]
Event: 2.690 Thread 0x0000019861d0dc80 2181       3       java.lang.invoke.MemberName::isVarargs (23 bytes)
Event: 2.691 Thread 0x0000019861d0dc80 nmethod 2181 0x000001984ef40210 code [0x000001984ef403e0, 0x000001984ef40878]
Event: 2.698 Thread 0x0000019861d0dc80 2182       3       java.util.concurrent.locks.AbstractQueuedSynchronizer::compareAndSetState (13 bytes)
Event: 2.698 Thread 0x0000019861d0dc80 nmethod 2182 0x000001984ef40a10 code [0x000001984ef40ba0, 0x000001984ef40cd8]
Event: 2.699 Thread 0x0000019861d0dc80 2183       3       sun.invoke.util.Wrapper::isSubwordOrInt (20 bytes)
Event: 2.700 Thread 0x0000019861d0dc80 nmethod 2183 0x000001984ef40d90 code [0x000001984ef40f40, 0x000001984ef41358]
Event: 2.700 Thread 0x0000019861d0dc80 2184       3       sun.invoke.util.Wrapper::isIntegral (23 bytes)
Event: 2.700 Thread 0x0000019861d0dc80 nmethod 2184 0x000001984ef41490 code [0x000001984ef41640, 0x000001984ef41898]
Event: 2.700 Thread 0x0000019861d0dc80 2189       3       java.lang.invoke.MemberName::<init> (50 bytes)
Event: 2.701 Thread 0x0000019861d0dc80 nmethod 2189 0x000001984ef41990 code [0x000001984ef41b60, 0x000001984ef41e78]
Event: 2.701 Thread 0x0000019861d0dc80 2190       3       java.lang.invoke.LambdaForm::normalize (322 bytes)

GC Heap History (4 events):
Event: 0.608 GC heap before
{Heap before GC invocations=0 (full 0):
 garbage-first heap   total 262144K, used 28672K [0x00000000e0000000, 0x0000000100000000)
  region size 1024K, 23 young (23552K), 0 survivors (0K)
 Metaspace       used 2368K, committed 2560K, reserved 221184K
  class space    used 273K, committed 384K, reserved 212992K
}
Event: 0.612 GC heap after
{Heap after GC invocations=1 (full 0):
 garbage-first heap   total 262144K, used 9047K [0x00000000e0000000, 0x0000000100000000)
  region size 1024K, 3 young (3072K), 3 survivors (3072K)
 Metaspace       used 2368K, committed 2560K, reserved 221184K
  class space    used 273K, committed 384K, reserved 212992K
}
Event: 1.115 GC heap before
{Heap before GC invocations=1 (full 0):
 garbage-first heap   total 262144K, used 38743K [0x00000000e0000000, 0x0000000100000000)
  region size 1024K, 32 young (32768K), 3 survivors (3072K)
 Metaspace       used 3946K, committed 4096K, reserved 221184K
  class space    used 488K, committed 576K, reserved 212992K
}
Event: 1.118 GC heap after
{Heap after GC invocations=2 (full 0):
 garbage-first heap   total 262144K, used 9944K [0x00000000e0000000, 0x0000000100000000)
  region size 1024K, 1 young (1024K), 1 survivors (1024K)
 Metaspace       used 3946K, committed 4096K, reserved 221184K
  class space    used 488K, committed 576K, reserved 212992K
}

Deoptimization events (20 events):
Event: 2.621 Thread 0x000001986afc9fb0 Uncommon trap: trap_request=0xffffffc6 fr.pc=0x000001985613d99c relative=0x0000000000000c1c
Event: 2.621 Thread 0x000001986afc9fb0 Uncommon trap: reason=bimorphic_or_optimized_type_check action=maybe_recompile pc=0x000001985613d99c method=java.util.HashMap.getNode(Ljava/lang/Object;)Ljava/util/HashMap$Node; @ 63 c2
Event: 2.621 Thread 0x000001986afc9fb0 DEOPT PACKING pc=0x000001985613d99c sp=0x0000006fb6afab00
Event: 2.621 Thread 0x000001986afc9fb0 DEOPT UNPACKING pc=0x000001984e5a23a3 sp=0x0000006fb6afaa38 mode 2
Event: 2.622 Thread 0x000001986afc9fb0 Uncommon trap: trap_request=0xffffffc6 fr.pc=0x000001985613d99c relative=0x0000000000000c1c
Event: 2.622 Thread 0x000001986afc9fb0 Uncommon trap: reason=bimorphic_or_optimized_type_check action=maybe_recompile pc=0x000001985613d99c method=java.util.HashMap.getNode(Ljava/lang/Object;)Ljava/util/HashMap$Node; @ 63 c2
Event: 2.622 Thread 0x000001986afc9fb0 DEOPT PACKING pc=0x000001985613d99c sp=0x0000006fb6afab00
Event: 2.622 Thread 0x000001986afc9fb0 DEOPT UNPACKING pc=0x000001984e5a23a3 sp=0x0000006fb6afaa38 mode 2
Event: 2.622 Thread 0x000001986afc9fb0 Uncommon trap: trap_request=0xffffffc6 fr.pc=0x000001985613d99c relative=0x0000000000000c1c
Event: 2.622 Thread 0x000001986afc9fb0 Uncommon trap: reason=bimorphic_or_optimized_type_check action=maybe_recompile pc=0x000001985613d99c method=java.util.HashMap.getNode(Ljava/lang/Object;)Ljava/util/HashMap$Node; @ 63 c2
Event: 2.622 Thread 0x000001986afc9fb0 DEOPT PACKING pc=0x000001985613d99c sp=0x0000006fb6afab00
Event: 2.622 Thread 0x000001986afc9fb0 DEOPT UNPACKING pc=0x000001984e5a23a3 sp=0x0000006fb6afaa38 mode 2
Event: 2.622 Thread 0x000001986afc9fb0 Uncommon trap: trap_request=0xffffff45 fr.pc=0x000001985607ca94 relative=0x0000000000000254
Event: 2.622 Thread 0x000001986afc9fb0 Uncommon trap: reason=unstable_if action=reinterpret pc=0x000001985607ca94 method=java.util.HashMap.getNode(Ljava/lang/Object;)Ljava/util/HashMap$Node; @ 66 c2
Event: 2.622 Thread 0x000001986afc9fb0 DEOPT PACKING pc=0x000001985607ca94 sp=0x0000006fb6afaac0
Event: 2.622 Thread 0x000001986afc9fb0 DEOPT UNPACKING pc=0x000001984e5a23a3 sp=0x0000006fb6afaa40 mode 2
Event: 2.637 Thread 0x000001986afc9fb0 Uncommon trap: trap_request=0xffffff45 fr.pc=0x00000198560f5760 relative=0x0000000000000240
Event: 2.637 Thread 0x000001986afc9fb0 Uncommon trap: reason=unstable_if action=reinterpret pc=0x00000198560f5760 method=java.util.concurrent.ConcurrentHashMap.get(Ljava/lang/Object;)Ljava/lang/Object; @ 76 c2
Event: 2.637 Thread 0x000001986afc9fb0 DEOPT PACKING pc=0x00000198560f5760 sp=0x0000006fb6afa020
Event: 2.637 Thread 0x000001986afc9fb0 DEOPT UNPACKING pc=0x000001984e5a23a3 sp=0x0000006fb6af9f98 mode 2

Classes unloaded (0 events):
No events

Classes redefined (0 events):
No events

Internal exceptions (20 events):
Event: 2.031 Thread 0x000001986afc9fb0 Exception <a 'java/lang/NoSuchMethodError'{0x00000000ed7e62f8}: 'void java.lang.invoke.DelegatingMethodHandle$Holder.reinvoke_L(java.lang.Object, java.lang.Object, java.lang.Object, java.lang.Object, java.lang.Object, java.lang.Object, java.lang.Object)'> (0x00000000ed7e62f8) 
thrown [s\src\hotspot\share\interpreter\linkResolver.cpp, line 759]
Event: 2.106 Thread 0x000001986afc9fb0 Exception <a 'java/lang/NoSuchMethodError'{0x00000000ed281c48}: 'void java.lang.invoke.DirectMethodHandle$Holder.invokeStaticInit(java.lang.Object)'> (0x00000000ed281c48) 
thrown [s\src\hotspot\share\interpreter\linkResolver.cpp, line 759]
Event: 2.107 Thread 0x000001986afc9fb0 Exception <a 'java/lang/NoSuchMethodError'{0x00000000ed297a68}: 'void java.lang.invoke.DirectMethodHandle$Holder.invokeSpecial(java.lang.Object, java.lang.Object, java.lang.Object)'> (0x00000000ed297a68) 
thrown [s\src\hotspot\share\interpreter\linkResolver.cpp, line 759]
Event: 2.119 Thread 0x000001986afc9fb0 Exception <a 'java/lang/NoSuchMethodError'{0x00000000ed13caa0}: 'java.lang.Object java.lang.invoke.DirectMethodHandle$Holder.newInvokeSpecial(java.lang.Object, java.lang.Object, java.lang.Object, int)'> (0x00000000ed13caa0) 
thrown [s\src\hotspot\share\interpreter\linkResolver.cpp, line 759]
Event: 2.119 Thread 0x000001986afc9fb0 Exception <a 'java/lang/NoSuchMethodError'{0x00000000ed1413d0}: 'java.lang.Object java.lang.invoke.DirectMethodHandle$Holder.invokeSpecial(java.lang.Object, java.lang.Object, java.lang.Object, java.lang.Object, int)'> (0x00000000ed1413d0) 
thrown [s\src\hotspot\share\interpreter\linkResolver.cpp, line 759]
Event: 2.120 Thread 0x000001986afc9fb0 Exception <a 'java/lang/NoSuchMethodError'{0x00000000ed1454e8}: 'java.lang.Object java.lang.invoke.Invokers$Holder.linkToTargetMethod(java.lang.Object, java.lang.Object, int, java.lang.Object)'> (0x00000000ed1454e8) 
thrown [s\src\hotspot\share\interpreter\linkResolver.cpp, line 759]
Event: 2.255 Thread 0x000001986afc9fb0 Exception <a 'java/lang/NoSuchMethodError'{0x00000000ec938ab0}: 'java.lang.Object java.lang.invoke.DirectMethodHandle$Holder.newInvokeSpecial(java.lang.Object, java.lang.Object, java.lang.Object, java.lang.Object, java.lang.Object, java.lang.Object)'> (0x00000000ec938ab0) 
thrown [s\src\hotspot\share\interpreter\linkResolver.cpp, line 759]
Event: 2.304 Thread 0x000001986afc9fb0 Implicit null exception at 0x000001985609624c to 0x0000019856096319
Event: 2.391 Thread 0x000001986afc9fb0 Exception <a 'java/lang/NoSuchMethodError'{0x00000000ec18ea28}: 'int java.lang.invoke.DirectMethodHandle$Holder.invokeSpecialIFC(java.lang.Object, java.lang.Object, java.lang.Object, java.lang.Object)'> (0x00000000ec18ea28) 
thrown [s\src\hotspot\share\interpreter\linkResolver.cpp, line 759]
Event: 2.393 Thread 0x000001986afc9fb0 Exception <a 'java/lang/NoSuchMethodError'{0x00000000ec19da00}: 'java.lang.Object java.lang.invoke.DirectMethodHandle$Holder.invokeInterface(java.lang.Object, java.lang.Object, java.lang.Object)'> (0x00000000ec19da00) 
thrown [s\src\hotspot\share\interpreter\linkResolver.cpp, line 759]
Event: 2.393 Thread 0x000001986afc9fb0 Exception <a 'java/lang/IncompatibleClassChangeError'{0x00000000ec1a18d8}: Found class java.lang.Object, but interface was expected> (0x00000000ec1a18d8) 
thrown [s\src\hotspot\share\interpreter\linkResolver.cpp, line 826]
Event: 2.455 Thread 0x000001986afc9fb0 Exception <a 'java/lang/NoSuchMethodError'{0x00000000ebe84208}: 'int java.lang.invoke.DirectMethodHandle$Holder.invokeStatic(java.lang.Object, java.lang.Object, java.lang.Object, java.lang.Object)'> (0x00000000ebe84208) 
thrown [s\src\hotspot\share\interpreter\linkResolver.cpp, line 759]
Event: 2.455 Thread 0x000001986afc9fb0 Exception <a 'java/lang/NoSuchMethodError'{0x00000000ebe880d8}: 'java.lang.Object java.lang.invoke.Invokers$Holder.invokeExact_MT(java.lang.Object, java.lang.Object, java.lang.Object, java.lang.Object, java.lang.Object, java.lang.Object)'> (0x00000000ebe880d8) 
thrown [s\src\hotspot\share\interpreter\linkResolver.cpp, line 759]
Event: 2.468 Thread 0x000001986afc9fb0 Exception <a 'java/lang/NoSuchMethodError'{0x00000000ebd3f0e0}: 'java.lang.Object java.lang.invoke.DirectMethodHandle$Holder.invokeInterface(java.lang.Object, java.lang.Object)'> (0x00000000ebd3f0e0) 
thrown [s\src\hotspot\share\interpreter\linkResolver.cpp, line 759]
Event: 2.492 Thread 0x000001986afc9fb0 Exception <a 'java/lang/NoSuchMethodError'{0x00000000ebb1a590}: 'void java.lang.invoke.DirectMethodHandle$Holder.invokeSpecial(java.lang.Object, java.lang.Object, java.lang.Object, java.lang.Object, java.lang.Object)'> (0x00000000ebb1a590) 
thrown [s\src\hotspot\share\interpreter\linkResolver.cpp, line 759]
Event: 2.513 Thread 0x000001986afc9fb0 Exception <a 'java/lang/NoSuchMethodError'{0x00000000eba77488}: 'java.lang.Object java.lang.invoke.DirectMethodHandle$Holder.invokeSpecial(java.lang.Object, java.lang.Object, java.lang.Object, java.lang.Object, java.lang.Object, java.lang.Object, java.lang.Object, java.lang.Object, java.lang.Object)'> (0x00000000eba77488) 
thrown [s\src\hotspot\share\interpreter\linkResolver.cpp, line 759]
Event: 2.580 Thread 0x000001986afc9fb0 Exception <a 'java/lang/NoSuchMethodError'{0x00000000eb517758}: 'void java.lang.invoke.DirectMethodHandle$Holder.invokeStatic(java.lang.Object, java.lang.Object)'> (0x00000000eb517758) 
thrown [s\src\hotspot\share\interpreter\linkResolver.cpp, line 759]
Event: 2.585 Thread 0x000001986afc9fb0 Exception <a 'java/lang/NoSuchMethodError'{0x00000000eb55f0c8}: 'java.lang.Object java.lang.invoke.DirectMethodHandle$Holder.invokeVirtual(java.lang.Object, java.lang.Object, java.lang.Object, java.lang.Object)'> (0x00000000eb55f0c8) 
thrown [s\src\hotspot\share\interpreter\linkResolver.cpp, line 759]
Event: 2.631 Thread 0x000001986afc9fb0 Exception <a 'java/lang/NoSuchMethodError'{0x00000000eb3db200}: 'java.lang.Object java.lang.invoke.DirectMethodHandle$Holder.newInvokeSpecial(java.lang.Object, java.lang.Object, java.lang.Object, java.lang.Object, java.lang.Object)'> (0x00000000eb3db200) 
thrown [s\src\hotspot\share\interpreter\linkResolver.cpp, line 759]
Event: 2.697 Thread 0x000001986afc9fb0 Exception <a 'java/lang/NoSuchMethodError'{0x00000000eb006710}: 'void java.lang.invoke.DirectMethodHandle$Holder.invokeSpecial(java.lang.Object, java.lang.Object, java.lang.Object, java.lang.Object, java.lang.Object, java.lang.Object)'> (0x00000000eb006710) 
thrown [s\src\hotspot\share\interpreter\linkResolver.cpp, line 759]

VM Operations (20 events):
Event: 1.488 Executing VM operation: HandshakeAllThreads
Event: 1.488 Executing VM operation: HandshakeAllThreads done
Event: 1.550 Executing VM operation: HandshakeAllThreads
Event: 1.550 Executing VM operation: HandshakeAllThreads done
Event: 1.600 Executing VM operation: HandshakeAllThreads
Event: 1.601 Executing VM operation: HandshakeAllThreads done
Event: 1.668 Executing VM operation: HandshakeAllThreads
Event: 1.668 Executing VM operation: HandshakeAllThreads done
Event: 1.910 Executing VM operation: HandshakeAllThreads
Event: 1.910 Executing VM operation: HandshakeAllThreads done
Event: 2.237 Executing VM operation: HandshakeAllThreads
Event: 2.237 Executing VM operation: HandshakeAllThreads done
Event: 2.237 Executing VM operation: Cleanup
Event: 2.237 Executing VM operation: Cleanup done
Event: 2.238 Executing VM operation: HandshakeAllThreads
Event: 2.238 Executing VM operation: HandshakeAllThreads done
Event: 2.264 Executing VM operation: HandshakeAllThreads
Event: 2.264 Executing VM operation: HandshakeAllThreads done
Event: 2.264 Executing VM operation: HandshakeAllThreads
Event: 2.264 Executing VM operation: HandshakeAllThreads done

Events (20 events):
Event: 2.628 loading class sun/reflect/generics/tree/Wildcard
Event: 2.628 loading class sun/reflect/generics/tree/Wildcard done
Event: 2.628 loading class sun/reflect/generics/reflectiveObjects/WildcardTypeImpl
Event: 2.628 loading class sun/reflect/generics/reflectiveObjects/WildcardTypeImpl done
Event: 2.630 loading class java/lang/annotation/ElementType
Event: 2.630 loading class java/lang/annotation/ElementType done
Event: 2.635 loading class java/lang/Deprecated
Event: 2.635 loading class java/lang/Deprecated done
Event: 2.636 loading class jdk/internal/vm/annotation/IntrinsicCandidate
Event: 2.636 loading class jdk/internal/vm/annotation/IntrinsicCandidate done
Event: 2.641 loading class java/util/stream/MatchOps$MatchKind
Event: 2.641 loading class java/util/stream/MatchOps$MatchKind done
Event: 2.641 loading class java/util/stream/MatchOps
Event: 2.641 loading class java/util/stream/MatchOps done
Event: 2.641 loading class java/util/stream/MatchOps$MatchOp
Event: 2.641 loading class java/util/stream/MatchOps$MatchOp done
Event: 2.641 loading class java/util/stream/MatchOps$BooleanTerminalSink
Event: 2.641 loading class java/util/stream/MatchOps$BooleanTerminalSink done
Event: 2.642 loading class java/util/stream/MatchOps$1MatchSink
Event: 2.642 loading class java/util/stream/MatchOps$1MatchSink done


Dynamic libraries:
0x00007ff7b8890000 - 0x00007ff7b889d000 	C:\Users\\.jdks\corretto-17.0.4.1\bin\java.exe
0x00007ff9e73b0000 - 0x00007ff9e75a8000 	C:\WINDOWS\SYSTEM32\ntdll.dll
0x00007ff9e7030000 - 0x00007ff9e70ed000 	C:\WINDOWS\System32\KERNEL32.DLL
0x00007ff9e5130000 - 0x00007ff9e5402000 	C:\WINDOWS\System32\KERNELBASE.dll
0x00007ff9e4ef0000 - 0x00007ff9e4ff0000 	C:\WINDOWS\System32\ucrtbase.dll
0x00007ff9da940000 - 0x00007ff9da958000 	C:\Users\\.jdks\corretto-17.0.4.1\bin\jli.dll
0x00007ff9daab0000 - 0x00007ff9daac5000 	C:\Users\\.jdks\corretto-17.0.4.1\bin\VCRUNTIME140.dll
0x00007ff9e71d0000 - 0x00007ff9e736d000 	C:\WINDOWS\System32\USER32.dll
0x00007ff9e4e20000 - 0x00007ff9e4e42000 	C:\WINDOWS\System32\win32u.dll
0x00007ff9cdf60000 - 0x00007ff9ce1fa000 	C:\WINDOWS\WinSxS\amd64_microsoft.windows.common-controls_6595b64144ccf1df_6.0.19041.1110_none_60b5254171f9507e\COMCTL32.dll
0x00007ff9e71a0000 - 0x00007ff9e71cb000 	C:\WINDOWS\System32\GDI32.dll
0x00007ff9e7100000 - 0x00007ff9e719e000 	C:\WINDOWS\System32\msvcrt.dll
0x00007ff9e4ca0000 - 0x00007ff9e4daf000 	C:\WINDOWS\System32\gdi32full.dll
0x00007ff9e4e50000 - 0x00007ff9e4eed000 	C:\WINDOWS\System32\msvcp_win.dll
0x00007ff9e5670000 - 0x00007ff9e56a0000 	C:\WINDOWS\System32\IMM32.DLL
0x00007ff9c67a0000 - 0x00007ff9c683b000 	C:\Users\\.jdks\corretto-17.0.4.1\bin\msvcp140.dll
0x00007ff96b740000 - 0x00007ff96c354000 	C:\Users\\.jdks\corretto-17.0.4.1\bin\server\jvm.dll
0x00007ff9e5560000 - 0x00007ff9e560e000 	C:\WINDOWS\System32\ADVAPI32.dll
0x00007ff9e6de0000 - 0x00007ff9e6e7c000 	C:\WINDOWS\System32\sechost.dll
0x00007ff9e5410000 - 0x00007ff9e5535000 	C:\WINDOWS\System32\RPCRT4.dll
0x00007ff9e70f0000 - 0x00007ff9e70f8000 	C:\WINDOWS\System32\PSAPI.DLL
0x00007ff9d8340000 - 0x00007ff9d8367000 	C:\WINDOWS\SYSTEM32\WINMM.dll
0x00007ff9d5a70000 - 0x00007ff9d5a79000 	C:\WINDOWS\SYSTEM32\WSOCK32.dll
0x00007ff9de4d0000 - 0x00007ff9de4da000 	C:\WINDOWS\SYSTEM32\VERSION.dll
0x00007ff9e69f0000 - 0x00007ff9e6a5b000 	C:\WINDOWS\System32\WS2_32.dll
0x00007ff9e3360000 - 0x00007ff9e3372000 	C:\WINDOWS\SYSTEM32\kernel.appcore.dll
0x00007ff9daa60000 - 0x00007ff9daa6a000 	C:\Users\\.jdks\corretto-17.0.4.1\bin\jimage.dll
0x00007ff9e2870000 - 0x00007ff9e2a54000 	C:\WINDOWS\SYSTEM32\DBGHELP.DLL
0x00007ff9dc250000 - 0x00007ff9dc27c000 	C:\WINDOWS\SYSTEM32\dbgcore.DLL
0x00007ff9e4ff0000 - 0x00007ff9e5072000 	C:\WINDOWS\System32\bcryptPrimitives.dll
0x00007ff9d7170000 - 0x00007ff9d7195000 	C:\Users\\.jdks\corretto-17.0.4.1\bin\java.dll
0x00007ff9c66c0000 - 0x00007ff9c6796000 	C:\Users\\.jdks\corretto-17.0.4.1\bin\jsvml.dll
0x00007ff9e56a0000 - 0x00007ff9e5de3000 	C:\WINDOWS\System32\SHELL32.dll
0x00007ff9e2a60000 - 0x00007ff9e31f1000 	C:\WINDOWS\SYSTEM32\windows.storage.dll
0x00007ff9e63b0000 - 0x00007ff9e6704000 	C:\WINDOWS\System32\combase.dll
0x00007ff9e4520000 - 0x00007ff9e4550000 	C:\WINDOWS\SYSTEM32\Wldp.dll
0x00007ff9e5e90000 - 0x00007ff9e5f3d000 	C:\WINDOWS\System32\SHCORE.dll
0x00007ff9e5610000 - 0x00007ff9e5665000 	C:\WINDOWS\System32\shlwapi.dll
0x00007ff9e4a00000 - 0x00007ff9e4a1f000 	C:\WINDOWS\SYSTEM32\profapi.dll
0x00007ff9d7350000 - 0x00007ff9d7369000 	C:\Users\\.jdks\corretto-17.0.4.1\bin\net.dll
0x00007ff9dc470000 - 0x00007ff9dc57d000 	C:\WINDOWS\SYSTEM32\WINHTTP.dll
0x00007ff9e4280000 - 0x00007ff9e42ea000 	C:\WINDOWS\system32\mswsock.dll
0x00007ff9d7150000 - 0x00007ff9d7165000 	C:\Users\\.jdks\corretto-17.0.4.1\bin\nio.dll
0x00007ff9d5420000 - 0x00007ff9d5438000 	C:\Users\\.jdks\corretto-17.0.4.1\bin\zip.dll
0x00007ff9d04e0000 - 0x00007ff9d04f0000 	C:\Users\\.jdks\corretto-17.0.4.1\bin\verify.dll
0x00007ff9cf5f0000 - 0x00007ff9cf617000 	C:\Users\\.gradle\native\e1d6ef7f7dcc3fd88c89a11ec53ec762bb8ba0a96d01ffa2cd45eb1d1d8dd5c5\windows-amd64\native-platform.dll
0x00007ff9c7340000 - 0x00007ff9c7484000 	C:\Users\\.gradle\native\0d407fdbe67a94daf76414ababcb853783967236a71b16ec16e742cd7a986fd3\windows-amd64\native-platform-file-events.dll
0x00007ff9dabe0000 - 0x00007ff9dabe9000 	C:\Users\\.jdks\corretto-17.0.4.1\bin\management.dll
0x00007ff9d04d0000 - 0x00007ff9d04db000 	C:\Users\\.jdks\corretto-17.0.4.1\bin\management_ext.dll
0x00007ff9e4480000 - 0x00007ff9e4498000 	C:\WINDOWS\SYSTEM32\CRYPTSP.dll
0x00007ff9e3b30000 - 0x00007ff9e3b64000 	C:\WINDOWS\system32\rsaenh.dll
0x00007ff9e4ac0000 - 0x00007ff9e4ae7000 	C:\WINDOWS\System32\bcrypt.dll
0x00007ff9e4980000 - 0x00007ff9e49ae000 	C:\WINDOWS\SYSTEM32\USERENV.dll
0x00007ff9e4470000 - 0x00007ff9e447c000 	C:\WINDOWS\SYSTEM32\CRYPTBASE.dll
0x00007ff9e3f20000 - 0x00007ff9e3f5b000 	C:\WINDOWS\SYSTEM32\IPHLPAPI.DLL
0x00007ff9e5df0000 - 0x00007ff9e5df8000 	C:\WINDOWS\System32\NSI.dll
0x00007ff9dc930000 - 0x00007ff9dc947000 	C:\WINDOWS\SYSTEM32\dhcpcsvc6.DLL
0x00007ff9dcf90000 - 0x00007ff9dcfad000 	C:\WINDOWS\SYSTEM32\dhcpcsvc.DLL
0x00007ff9e3f60000 - 0x00007ff9e402a000 	C:\WINDOWS\SYSTEM32\DNSAPI.dll
0x00007ff9cff50000 - 0x00007ff9cff5e000 	C:\Users\\.jdks\corretto-17.0.4.1\bin\sunmscapi.dll
0x00007ff9e4b40000 - 0x00007ff9e4c96000 	C:\WINDOWS\System32\CRYPT32.dll
0x00007ff9e4590000 - 0x00007ff9e45b7000 	C:\WINDOWS\SYSTEM32\ncrypt.dll
0x00007ff9e4550000 - 0x00007ff9e458b000 	C:\WINDOWS\SYSTEM32\NTASN1.dll
0x00007ff9dce10000 - 0x00007ff9dce17000 	C:\WINDOWS\system32\wshunix.dll

dbghelp: loaded successfully - version: 4.0.5 - missing functions: none
symbol engine: initialized successfully - sym options: 0x614 - pdb path: .;C:\Users\\.jdks\corretto-17.0.4.1\bin;C:\WINDOWS\SYSTEM32;C:\WINDOWS\WinSxS\amd64_microsoft.windows.common-controls_6595b64144ccf1df_6.0.19041.1110_none_60b5254171f9507e;C:\Users\\.jdks\corretto-17.0.4.1\bin\server;C:\Users\\.gradle\native\e1d6ef7f7dcc3fd88c89a11ec53ec762bb8ba0a96d01ffa2cd45eb1d1d8dd5c5\windows-amd64;C:\Users\\.gradle\native\0d407fdbe67a94daf76414ababcb853783967236a71b16ec16e742cd7a986fd3\windows-amd64

VM Arguments:
jvm_args: --add-opens=java.base/java.util=ALL-UNNAMED --add-opens=java.base/java.lang=ALL-UNNAMED --add-opens=java.base/java.lang.invoke=ALL-UNNAMED --add-opens=java.base/java.util=ALL-UNNAMED --add-opens=java.prefs/java.util.prefs=ALL-UNNAMED --add-opens=java.prefs/java.util.prefs=ALL-UNNAMED --add-opens=java.base/java.nio.charset=ALL-UNNAMED --add-opens=java.base/java.net=ALL-UNNAMED --add-opens=java.base/java.util.concurrent.atomic=ALL-UNNAMED -XX:MaxMetaspaceSize=256m -XX:+HeapDumpOnOutOfMemoryError -Xms256m -Xmx512m -Dfile.encoding=windows-1251 -Duser.country=RU -Duser.language=ru -Duser.variant 
java_command: org.gradle.launcher.daemon.bootstrap.GradleDaemon 7.5.1
java_class_path (initial): C:\Users\\.gradle\wrapper\dists\gradle-7.5.1-bin\7jzzequgds1hbszbhq3npc5ng\gradle-7.5.1\lib\gradle-launcher-7.5.1.jar
Launcher Type: SUN_STANDARD

[Global flags]
     intx CICompilerCount                          = 4                                         {product} {ergonomic}
   size_t CompressedClassSpaceSize                 = 218103808                                 {product} {ergonomic}
     uint ConcGCThreads                            = 2                                         {product} {ergonomic}
     uint G1ConcRefinementThreads                  = 8                                         {product} {ergonomic}
   size_t G1HeapRegionSize                         = 1048576                                   {product} {ergonomic}
    uintx GCDrainStackTargetSize                   = 64                                        {product} {ergonomic}
     bool HeapDumpOnOutOfMemoryError               = true                                   {manageable} {command line}
   size_t InitialHeapSize                          = 268435456                                 {product} {command line}
   size_t MarkStackSize                            = 4194304                                   {product} {ergonomic}
   size_t MaxHeapSize                              = 536870912                                 {product} {command line}
   size_t MaxMetaspaceSize                         = 268435456                                 {product} {command line}
   size_t MaxNewSize                               = 321912832                                 {product} {ergonomic}
   size_t MinHeapDeltaBytes                        = 1048576                                   {product} {ergonomic}
   size_t MinHeapSize                              = 268435456                                 {product} {command line}
    uintx NonNMethodCodeHeapSize                   = 5839372                                {pd product} {ergonomic}
    uintx NonProfiledCodeHeapSize                  = 122909434                              {pd product} {ergonomic}
    uintx ProfiledCodeHeapSize                     = 122909434                              {pd product} {ergonomic}
    uintx ReservedCodeCacheSize                    = 251658240                              {pd product} {ergonomic}
     bool SegmentedCodeCache                       = true                                      {product} {ergonomic}
   size_t SoftMaxHeapSize                          = 536870912                              {manageable} {ergonomic}
     bool UseCompressedClassPointers               = true                           {product lp64_product} {ergonomic}
     bool UseCompressedOops                        = true                           {product lp64_product} {ergonomic}
     bool UseG1GC                                  = true                                      {product} {ergonomic}
     bool UseLargePagesIndividualAllocation        = false                                  {pd product} {ergonomic}

Logging:
Log output configuration:
 #0: stdout all=warning uptime,level,tags
 #1: stderr all=off uptime,level,tags

Environment Variables:
PATH=C:\Program Files (x86)\Intel\iCLS Client\;C:\Program Files\Intel\iCLS Client\;C:\Windows\system32;C:\Windows;C:\Windows\System32\Wbem;C:\Windows\System32\WindowsPowerShell\v1.0\;C:\Program Files (x86)\Intel\Intel(R) Management Engine Components\DAL;C:\Program Files\Intel\Intel(R) Management Engine Components\DAL;C:\Program Files (x86)\Intel\Intel(R) Management Engine Components\IPT;C:\Program Files\Intel\Intel(R) Management Engine Components\IPT;C:\Program Files (x86)\NVIDIA Corporation\PhysX\Common;C:\Program Files\Intel\WiFi\bin\;C:\Program Files\Common Files\Intel\WirelessCommon\;C:\WINDOWS\system32;C:\WINDOWS;C:\WINDOWS\System32\Wbem;C:\WINDOWS\System32\WindowsPowerShell\v1.0\;C:\WINDOWS\System32\OpenSSH\;C:\Program Files (x86)\Borland\Delphi7\Bin;C:\Program Files (x86)\Borland\Delphi7\Projects\Bpl;C:\Program Files\NVIDIA Corporation\NVIDIA NvDLISR;C:\Program Files\Git\cmd;C:\Users\\AppData\Local\Microsoft\WindowsApps;
USERNAME=
OS=Windows_NT
PROCESSOR_IDENTIFIER=Intel64 Family 6 Model 94 Stepping 3, GenuineIntel
TMP=C:\Users\4CFA~1\AppData\Local\Temp
TEMP=C:\Users\4CFA~1\AppData\Local\Temp



---------------  S Y S T E M  ---------------

OS:
 Windows 10 , 64 bit Build 19041 (10.0.19041.1889)
OS uptime: 9 days 22:06 hours

CPU: total 8 (initial active 8) (4 cores per cpu, 2 threads per core) family 6 model 94 stepping 3 microcode 0xcc, cx8, cmov, fxsr, ht, mmx, 3dnowpref, sse, sse2, sse3, ssse3, sse4.1, sse4.2, popcnt, lzcnt, tsc, tscinvbit, avx, avx2, aes, erms, clmul, bmi1, bmi2, rtm, adx, fma, vzeroupper, clflush, clflushopt

Memory: 4k page, system-wide physical 12186M (1773M free)
TotalPageFile size 17965M (AvailPageFile size 5M)
current process WorkingSet (physical memory assigned to process): 216M, peak: 216M
current process commit charge ("private bytes"): 434M, peak: 435M

vm_info: OpenJDK 64-Bit Server VM (17.0.4.1+9-LTS) for windows-amd64 JRE (17.0.4.1+9-LTS), built on Aug 12 2022 17:33:36 by "Administrator" with MS VC++ 15.9 (VS2017)

END.
