#
# There is insufficient memory for the Java Runtime Environment to continue.
# Native memory allocation (malloc) failed to allocate 802400 bytes for Chunk::new
# Possible reasons:
#   The system is out of physical RAM or swap space
#   The process is running with CompressedOops enabled, and the Java Heap may be blocking the growth of the native heap
# Possible solutions:
#   Reduce memory load on the system
#   Increase physical memory or swap space
#   Check if swap backing store is full
#   Decrease Java heap size (-Xmx/-Xms)
#   Decrease number of Java threads
#   Decrease Java thread stack sizes (-Xss)
#   Set larger code cache with -XX:ReservedCodeCacheSize=
#   JVM is running with Unscaled Compressed Oops mode in which the Java heap is
#     placed in the first 4GB address space. The Java Heap base address is the
#     maximum limit for the native heap growth. Please use -XX:HeapBaseMinAddress
#     to set the Java Heap base and to place the Java Heap above 4GB virtual address.
# This output file may be truncated or incomplete.
#
#  Out of Memory Error (arena.cpp:189), pid=4000, tid=19452
#
# JRE version: OpenJDK Runtime Environment Corretto-17.0.4.9.1 (17.0.4.1+9) (build 17.0.4.1+9-LTS)
# Java VM: OpenJDK 64-Bit Server VM Corretto-17.0.4.9.1 (17.0.4.1+9-LTS, mixed mode, sharing, tiered, compressed oops, compressed class ptrs, g1 gc, windows-amd64)
# No core dump will be written. Minidumps are not enabled by default on client versions of Windows
#

---------------  S U M M A R Y ------------

Command Line: --add-opens=java.base/java.util=ALL-UNNAMED --add-opens=java.base/java.lang=ALL-UNNAMED --add-opens=java.base/java.lang.invoke=ALL-UNNAMED --add-opens=java.base/java.util=ALL-UNNAMED --add-opens=java.prefs/java.util.prefs=ALL-UNNAMED --add-opens=java.prefs/java.util.prefs=ALL-UNNAMED --add-opens=java.base/java.nio.charset=ALL-UNNAMED --add-opens=java.base/java.net=ALL-UNNAMED --add-opens=java.base/java.util.concurrent.atomic=ALL-UNNAMED -XX:MaxMetaspaceSize=256m -XX:+HeapDumpOnOutOfMemoryError -Xms256m -Xmx512m -Dfile.encoding=windows-1251 -Duser.country=RU -Duser.language=ru -Duser.variant org.gradle.launcher.daemon.bootstrap.GradleDaemon 7.5.1

Host: Intel(R) Core(TM) i7-6700HQ CPU @ 2.60GHz, 8 cores, 11G,  Windows 10 , 64 bit Build 19041 (10.0.19041.1889)
Time: Tue Oct 25 23:33:16 2022 RTZ 2 (s 10 , 64 bit Build 19041 (10.0.19041.1889) elapsed time: 9.527312 seconds (0d 0h 0m 9s)

---------------  T H R E A D  ---------------

Current thread (0x00000162f5e629c0):  JavaThread "C2 CompilerThread0" daemon [_thread_in_native, id=19452, stack(0x0000002ed8c00000,0x0000002ed8d00000)]


Current CompileTask:
C2:   9527 5673       4       org.gradle.internal.logging.text.AbstractLineChoppingStyledTextOutput::doAppend (43 bytes)

Stack: [0x0000002ed8c00000,0x0000002ed8d00000]
Native frames: (J=compiled Java code, j=interpreted, Vv=VM code, C=native code)
V  [jvm.dll+0x64724a]
V  [jvm.dll+0x7f87a4]
V  [jvm.dll+0x7f9f5e]
V  [jvm.dll+0x7fa5b3]
V  [jvm.dll+0x234ed8]
V  [jvm.dll+0xbce1b]
V  [jvm.dll+0xbd3ac]
V  [jvm.dll+0x34dc07]
V  [jvm.dll+0x31849f]
V  [jvm.dll+0x3178da]
V  [jvm.dll+0x209585]
V  [jvm.dll+0x208b17]
V  [jvm.dll+0x198ded]
V  [jvm.dll+0x217eb9]
V  [jvm.dll+0x216104]
V  [jvm.dll+0x7b0d5b]
V  [jvm.dll+0x7ab31a]
V  [jvm.dll+0x6460f5]
C  [ucrtbase.dll+0x21bb2]
C  [KERNEL32.DLL+0x17034]
C  [ntdll.dll+0x526a1]


---------------  P R O C E S S  ---------------

Threads class SMR info:
_java_thread_list=0x00000162ffc1fc00, length=77, elements={
0x00000162e9ba9410, 0x00000162f5e3e650, 0x00000162f5e3fb70, 0x00000162f5e586e0,
0x00000162f5e5afb0, 0x00000162f5e5c010, 0x00000162f5e5e080, 0x00000162f5e629c0,
0x00000162f5e63b10, 0x00000162f5e727e0, 0x00000162f68d3590, 0x00000162f68d18b0,
0x00000162f68d3a60, 0x00000162f68d2250, 0x00000162f68d5270, 0x00000162f68d4400,
0x00000162f68d2720, 0x00000162f68d4da0, 0x00000162f68d2bf0, 0x00000162f68d48d0,
0x00000162f68d30c0, 0x00000162f68d3f30, 0x000001628f4ab540, 0x000001628f4af3d0,
0x000001628f4acd50, 0x000001628f4b0710, 0x000001628f4afd70, 0x000001628f4adbc0,
0x000001628f4a8ec0, 0x000001628f4aa200, 0x000001628f4ad220, 0x000001628f4ac880,
0x000001628f4af8a0, 0x000001628f4aba10, 0x000001628f4ae560, 0x000001628f4abee0,
0x000001628f4a9860, 0x000001628f4a9d30, 0x000001628f4ac3b0, 0x000001628f4aef00,
0x000001628f4b0240, 0x000001628f4aa6d0, 0x000001628f4a9390, 0x000001628f4aaba0,
0x000001628f4ab070, 0x0000016293d2cd60, 0x0000016293d2ba20, 0x0000016293d2b080,
0x0000016293d2bef0, 0x0000016293d2b550, 0x0000016293d2d230, 0x0000016293d2e0a0,
0x0000016293d2c3c0, 0x0000016293d2c890, 0x0000016293d2e570, 0x0000016293d2d700,
0x00000162f68d1d80, 0x00000162927b6dd0, 0x00000162927b5a90, 0x00000162927b03f0,
0x00000162927b38e0, 0x00000162927b5f60, 0x00000162927aff20, 0x00000162927b6900,
0x00000162927b08c0, 0x00000162927b1260, 0x00000162927b4280, 0x00000162927b1c00,
0x00000162927b4750, 0x00000162927b4c20, 0x00000162927b2a70, 0x00000162927b72a0,
0x00000162927b3410, 0x00000162927b1730, 0x00000162927b7770, 0x00000162927b50f0,
0x00000162927b3db0
}

Java Threads: ( => current thread )
  0x00000162e9ba9410 JavaThread "main" [_thread_blocked, id=7268, stack(0x0000002ed7f00000,0x0000002ed8000000)]
  0x00000162f5e3e650 JavaThread "Reference Handler" daemon [_thread_blocked, id=16056, stack(0x0000002ed8600000,0x0000002ed8700000)]
  0x00000162f5e3fb70 JavaThread "Finalizer" daemon [_thread_blocked, id=8616, stack(0x0000002ed8700000,0x0000002ed8800000)]
  0x00000162f5e586e0 JavaThread "Signal Dispatcher" daemon [_thread_blocked, id=12324, stack(0x0000002ed8800000,0x0000002ed8900000)]
  0x00000162f5e5afb0 JavaThread "Attach Listener" daemon [_thread_blocked, id=540, stack(0x0000002ed8900000,0x0000002ed8a00000)]
  0x00000162f5e5c010 JavaThread "Service Thread" daemon [_thread_blocked, id=15660, stack(0x0000002ed8a00000,0x0000002ed8b00000)]
  0x00000162f5e5e080 JavaThread "Monitor Deflation Thread" daemon [_thread_blocked, id=3988, stack(0x0000002ed8b00000,0x0000002ed8c00000)]
=>0x00000162f5e629c0 JavaThread "C2 CompilerThread0" daemon [_thread_in_native, id=19452, stack(0x0000002ed8c00000,0x0000002ed8d00000)]
  0x00000162f5e63b10 JavaThread "C1 CompilerThread0" daemon [_thread_blocked, id=13984, stack(0x0000002ed8d00000,0x0000002ed8e00000)]
  0x00000162f5e727e0 JavaThread "Sweeper thread" daemon [_thread_blocked, id=7340, stack(0x0000002ed8e00000,0x0000002ed8f00000)]
  0x00000162f68d3590 JavaThread "Common-Cleaner" daemon [_thread_blocked, id=1192, stack(0x0000002ed8f00000,0x0000002ed9000000)]
  0x00000162f68d18b0 JavaThread "Notification Thread" daemon [_thread_blocked, id=15096, stack(0x0000002ed9000000,0x0000002ed9100000)]
  0x00000162f68d3a60 JavaThread "Daemon health stats" [_thread_blocked, id=18680, stack(0x0000002ed9900000,0x0000002ed9a00000)]
  0x00000162f68d2250 JavaThread "Incoming local TCP Connector on port 62669" [_thread_in_native, id=2240, stack(0x0000002ed9a00000,0x0000002ed9b00000)]
  0x00000162f68d5270 JavaThread "Daemon periodic checks" [_thread_blocked, id=9544, stack(0x0000002ed9b00000,0x0000002ed9c00000)]
  0x00000162f68d4400 JavaThread "Daemon" [_thread_blocked, id=12368, stack(0x0000002ed9c00000,0x0000002ed9d00000)]
  0x00000162f68d2720 JavaThread "Handler for socket connection from /127.0.0.1:62669 to /127.0.0.1:62670" [_thread_in_native, id=1176, stack(0x0000002ed9d00000,0x0000002ed9e00000)]
  0x00000162f68d4da0 JavaThread "Cancel handler" [_thread_blocked, id=19340, stack(0x0000002ed9e00000,0x0000002ed9f00000)]
  0x00000162f68d2bf0 JavaThread "Daemon worker" [_thread_in_vm, id=6560, stack(0x0000002ed9f00000,0x0000002eda000000)]
  0x00000162f68d48d0 JavaThread "Asynchronous log dispatcher for DefaultDaemonConnection: socket connection from /127.0.0.1:62669 to /127.0.0.1:62670" [_thread_blocked, id=10684, stack(0x0000002eda000000,0x0000002eda100000)]
  0x00000162f68d30c0 JavaThread "Stdin handler" [_thread_blocked, id=17296, stack(0x0000002eda100000,0x0000002eda200000)]
  0x00000162f68d3f30 JavaThread "Daemon client event forwarder" [_thread_blocked, id=4624, stack(0x0000002eda200000,0x0000002eda300000)]
  0x000001628f4ab540 JavaThread "Cache worker for journal cache (C:\Users\Роман\.gradle\caches\journal-1)" [_thread_blocked, id=8588, stack(0x0000002eda300000,0x0000002eda400000)]
  0x000001628f4af3d0 JavaThread "File lock request listener" [_thread_in_native, id=17624, stack(0x0000002eda400000,0x0000002eda500000)]
  0x000001628f4acd50 JavaThread "Cache worker for file hash cache (C:\Users\Роман\.gradle\caches\7.5.1\fileHashes)" [_thread_blocked, id=18940, stack(0x0000002eda500000,0x0000002eda600000)]
  0x000001628f4b0710 JavaThread "File watcher server" daemon [_thread_in_native, id=7988, stack(0x0000002eda600000,0x0000002eda700000)]
  0x000001628f4afd70 JavaThread "File watcher consumer" daemon [_thread_blocked, id=18804, stack(0x0000002eda700000,0x0000002eda800000)]
  0x000001628f4adbc0 JavaThread "Cache worker for checksums cache (C:\Users\Роман\IdeaProjects\patterns-RomanShcherbatiuk\.gradle\7.5.1\checksums)" [_thread_blocked, id=12040, stack(0x0000002eda800000,0x0000002eda900000)]
  0x000001628f4a8ec0 JavaThread "Cache worker for cache directory md-rule (C:\Users\Роман\.gradle\caches\7.5.1\md-rule)" [_thread_blocked, id=10532, stack(0x0000002eda900000,0x0000002edaa00000)]
  0x000001628f4aa200 JavaThread "Cache worker for file content cache (C:\Users\Роман\.gradle\caches\7.5.1\fileContent)" [_thread_blocked, id=19020, stack(0x0000002edaa00000,0x0000002edab00000)]
  0x000001628f4ad220 JavaThread "Cache worker for file hash cache (C:\Users\Роман\IdeaProjects\patterns-RomanShcherbatiuk\.gradle\7.5.1\fileHashes)" [_thread_blocked, id=6912, stack(0x0000002edab00000,0x0000002edac00000)]
  0x000001628f4ac880 JavaThread "Cache worker for cache directory md-supplier (C:\Users\Роман\.gradle\caches\7.5.1\md-supplier)" [_thread_blocked, id=18676, stack(0x0000002edac00000,0x0000002edad00000)]
  0x000001628f4af8a0 JavaThread "Cache worker for execution history cache (C:\Users\Роман\.gradle\caches\7.5.1\executionHistory)" [_thread_blocked, id=16660, stack(0x0000002edb000000,0x0000002edb100000)]
  0x000001628f4aba10 JavaThread "jar transforms" [_thread_blocked, id=1072, stack(0x0000002edb100000,0x0000002edb200000)]
  0x000001628f4ae560 JavaThread "jar transforms Thread 2" [_thread_blocked, id=11252, stack(0x0000002edb200000,0x0000002edb300000)]
  0x000001628f4abee0 JavaThread "jar transforms Thread 3" [_thread_blocked, id=10180, stack(0x0000002edb300000,0x0000002edb400000)]
  0x000001628f4a9860 JavaThread "jar transforms Thread 4" [_thread_blocked, id=2672, stack(0x0000002edb400000,0x0000002edb500000)]
  0x000001628f4a9d30 JavaThread "jar transforms Thread 5" [_thread_blocked, id=2168, stack(0x0000002edb500000,0x0000002edb600000)]
  0x000001628f4ac3b0 JavaThread "jar transforms Thread 6" [_thread_blocked, id=18656, stack(0x0000002edb600000,0x0000002edb700000)]
  0x000001628f4aef00 JavaThread "jar transforms Thread 7" [_thread_blocked, id=18616, stack(0x0000002edb700000,0x0000002edb800000)]
  0x000001628f4b0240 JavaThread "jar transforms Thread 8" [_thread_blocked, id=17476, stack(0x0000002edb800000,0x0000002edb900000)]
  0x000001628f4aa6d0 JavaThread "Cache worker for dependencies-accessors (C:\Users\Роман\IdeaProjects\patterns-RomanShcherbatiuk\.gradle\7.5.1\dependencies-accessors)" [_thread_blocked, id=16664, stack(0x0000002edb900000,0x0000002edba00000)]
  0x000001628f4a9390 JavaThread "Cache worker for Build Output Cleanup Cache (C:\Users\Роман\IdeaProjects\patterns-RomanShcherbatiuk\.gradle\buildOutputCleanup)" [_thread_blocked, id=10432, stack(0x0000002edba00000,0x0000002edbb00000)]
  0x000001628f4aaba0 JavaThread "Unconstrained build operations" [_thread_blocked, id=18564, stack(0x0000002edbb00000,0x0000002edbc00000)]
  0x000001628f4ab070 JavaThread "Unconstrained build operations Thread 2" [_thread_blocked, id=18720, stack(0x0000002edbc00000,0x0000002edbd00000)]
  0x0000016293d2cd60 JavaThread "Memory manager" [_thread_blocked, id=14640, stack(0x0000002edbd00000,0x0000002edbe00000)]
  0x0000016293d2ba20 JavaThread "ForkJoinPool.commonPool-worker-1" daemon [_thread_blocked, id=7528, stack(0x0000002edbe00000,0x0000002edbf00000)]
  0x0000016293d2b080 JavaThread "ForkJoinPool.commonPool-worker-2" daemon [_thread_blocked, id=1292, stack(0x0000002edbf00000,0x0000002edc000000)]
  0x0000016293d2bef0 JavaThread "ForkJoinPool.commonPool-worker-3" daemon [_thread_blocked, id=19360, stack(0x0000002edc000000,0x0000002edc100000)]
  0x0000016293d2b550 JavaThread "ForkJoinPool.commonPool-worker-4" daemon [_thread_blocked, id=18736, stack(0x0000002edc100000,0x0000002edc200000)]
  0x0000016293d2d230 JavaThread "ForkJoinPool.commonPool-worker-5" daemon [_thread_blocked, id=2292, stack(0x0000002edc200000,0x0000002edc300000)]
  0x0000016293d2e0a0 JavaThread "ForkJoinPool.commonPool-worker-6" daemon [_thread_blocked, id=9176, stack(0x0000002edc300000,0x0000002edc400000)]
  0x0000016293d2c3c0 JavaThread "ForkJoinPool.commonPool-worker-7" daemon [_thread_blocked, id=14792, stack(0x0000002edc400000,0x0000002edc500000)]
  0x0000016293d2c890 JavaThread "Exec process" [_thread_in_native, id=18444, stack(0x0000002edc500000,0x0000002edc600000)]
  0x0000016293d2e570 JavaThread "Exec process Thread 2" [_thread_in_native, id=4584, stack(0x0000002edc600000,0x0000002edc700000)]
  0x0000016293d2d700 JavaThread "Exec process Thread 3" [_thread_blocked, id=4600, stack(0x0000002edc700000,0x0000002edc800000)]
  0x00000162f68d1d80 JavaThread "included builds" [_thread_blocked, id=10788, stack(0x0000002edc800000,0x0000002edc900000)]
  0x00000162927b6dd0 JavaThread "Execution worker" [_thread_blocked, id=16788, stack(0x0000002edc900000,0x0000002edca00000)]
  0x00000162927b5a90 JavaThread "Execution worker Thread 2" [_thread_blocked, id=10308, stack(0x0000002edca00000,0x0000002edcb00000)]
  0x00000162927b03f0 JavaThread "Execution worker Thread 3" [_thread_blocked, id=12772, stack(0x0000002edcb00000,0x0000002edcc00000)]
  0x00000162927b38e0 JavaThread "Execution worker Thread 4" [_thread_blocked, id=17568, stack(0x0000002edcc00000,0x0000002edcd00000)]
  0x00000162927b5f60 JavaThread "Execution worker Thread 5" [_thread_blocked, id=12184, stack(0x0000002edcd00000,0x0000002edce00000)]
  0x00000162927aff20 JavaThread "Execution worker Thread 6" [_thread_blocked, id=17780, stack(0x0000002edce00000,0x0000002edcf00000)]
  0x00000162927b6900 JavaThread "Execution worker Thread 7" [_thread_blocked, id=18584, stack(0x0000002edcf00000,0x0000002edd000000)]
  0x00000162927b08c0 JavaThread "Cache worker for execution history cache (C:\Users\Роман\IdeaProjects\patterns-RomanShcherbatiuk\.gradle\7.5.1\executionHistory)" [_thread_blocked, id=13648, stack(0x0000002edd000000,0x0000002edd100000)]
  0x00000162927b1260 JavaThread "Cache worker for Java compile cache (C:\Users\Роман\.gradle\caches\7.5.1\javaCompile)" [_thread_blocked, id=5396, stack(0x0000002edd100000,0x0000002edd200000)]
  0x00000162927b4280 JavaThread "Incoming local TCP Connector on port 62671" [_thread_blocked, id=18688, stack(0x0000002edd200000,0x0000002edd300000)]
  0x00000162927b1c00 JavaThread "Exec process Thread 4" [_thread_in_native, id=19060, stack(0x0000002edd400000,0x0000002edd500000)]
  0x00000162927b4750 JavaThread "/127.0.0.1:62671 to /127.0.0.1:62672 workers" [_thread_blocked, id=14872, stack(0x0000002edd300000,0x0000002edd400000)]
  0x00000162927b4c20 JavaThread "/127.0.0.1:62671 to /127.0.0.1:62672 workers Thread 2" [_thread_blocked, id=10732, stack(0x0000002edd500000,0x0000002edd600000)]
  0x00000162927b2a70 JavaThread "/127.0.0.1:62671 to /127.0.0.1:62672 workers Thread 3" [_thread_blocked, id=8736, stack(0x0000002edd600000,0x0000002edd700000)]
  0x00000162927b72a0 JavaThread "/127.0.0.1:62671 to /127.0.0.1:62672 workers Thread 4" [_thread_blocked, id=11244, stack(0x0000002ed9300000,0x0000002ed9400000)]
  0x00000162927b3410 JavaThread "/127.0.0.1:62671 to /127.0.0.1:62672 workers Thread 5" [_thread_in_native, id=12588, stack(0x0000002edd700000,0x0000002edd800000)]
  0x00000162927b1730 JavaThread "DisconnectableInputStream source reader" daemon [_thread_blocked, id=6380, stack(0x0000002edd800000,0x0000002edd900000)]
  0x00000162927b7770 JavaThread "Exec process Thread 5" [_thread_blocked, id=16620, stack(0x0000002edd900000,0x0000002edda00000)]
  0x00000162927b50f0 JavaThread "Exec process Thread 6" [_thread_blocked, id=12868, stack(0x0000002edda00000,0x0000002eddb00000)]
  0x00000162927b3db0 JavaThread "Exec process Thread 7" [_thread_blocked, id=8284, stack(0x0000002eddb00000,0x0000002eddc00000)]

Other Threads:
  0x00000162f5e37ad0 VMThread "VM Thread" [stack: 0x0000002ed8500000,0x0000002ed8600000] [id=6356]
  0x00000162f68dd8a0 WatcherThread [stack: 0x0000002ed9100000,0x0000002ed9200000] [id=12948]
  0x00000162e9bdb000 GCTaskThread "GC Thread#0" [stack: 0x0000002ed8000000,0x0000002ed8100000] [id=19348]
  0x00000162ff52b790 GCTaskThread "GC Thread#1" [stack: 0x0000002ed9400000,0x0000002ed9500000] [id=4564]
  0x00000162ff0748c0 GCTaskThread "GC Thread#2" [stack: 0x0000002ed9500000,0x0000002ed9600000] [id=18936]
  0x00000162ff0d73a0 GCTaskThread "GC Thread#3" [stack: 0x0000002ed9600000,0x0000002ed9700000] [id=19048]
  0x00000162f73f8ca0 GCTaskThread "GC Thread#4" [stack: 0x0000002ed9700000,0x0000002ed9800000] [id=16012]
  0x00000162f6aba1c0 GCTaskThread "GC Thread#5" [stack: 0x0000002ed9800000,0x0000002ed9900000] [id=11680]
  0x0000016292c63290 GCTaskThread "GC Thread#6" [stack: 0x0000002edad00000,0x0000002edae00000] [id=11080]
  0x0000016292c63aa0 GCTaskThread "GC Thread#7" [stack: 0x0000002edae00000,0x0000002edaf00000] [id=18960]
  0x00000162e9bdfe50 ConcurrentGCThread "G1 Main Marker" [stack: 0x0000002ed8100000,0x0000002ed8200000] [id=17500]
  0x00000162e9be0fb0 ConcurrentGCThread "G1 Conc#0" [stack: 0x0000002ed8200000,0x0000002ed8300000] [id=1312]
  0x0000016292c62520 ConcurrentGCThread "G1 Conc#1" [stack: 0x0000002edaf00000,0x0000002edb000000] [id=12712]
  0x00000162f5d020c0 ConcurrentGCThread "G1 Refine#0" [stack: 0x0000002ed8300000,0x0000002ed8400000] [id=12984]
  0x00000162f5d029f0 ConcurrentGCThread "G1 Service" [stack: 0x0000002ed8400000,0x0000002ed8500000] [id=15416]

Threads with active compile tasks:
C2 CompilerThread0     9561 5673       4       org.gradle.internal.logging.text.AbstractLineChoppingStyledTextOutput::doAppend (43 bytes)
C1 CompilerThread0     9561 5705   !   3       java.nio.charset.CharsetEncoder::encode (273 bytes)

VM state: not at safepoint (normal execution)

VM Mutex/Monitor currently owned by a thread: None

Heap address: 0x00000000e0000000, size: 512 MB, Compressed Oops mode: 32-bit

CDS archive(s) mapped at: [0x0000000800000000-0x0000000800bc0000-0x0000000800bc0000), size 12320768, SharedBaseAddress: 0x0000000800000000, ArchiveRelocationMode: 0.
Compressed class space mapped at: 0x0000000800c00000-0x000000080dc00000, reserved size: 218103808
Narrow klass base: 0x0000000800000000, Narrow klass shift: 0, Narrow klass range: 0x100000000

GC Precious Log:
 CPUs: 8 total, 8 available
 Memory: 12186M
 Large Page Support: Disabled
 NUMA Support: Disabled
 Compressed Oops: Enabled (32-bit)
 Heap Region Size: 1M
 Heap Min Capacity: 256M
 Heap Initial Capacity: 256M
 Heap Max Capacity: 512M
 Pre-touch: Disabled
 Parallel Workers: 8
 Concurrent Workers: 2
 Concurrent Refinement Workers: 8
 Periodic GC: Disabled

Heap:
 garbage-first heap   total 262144K, used 44340K [0x00000000e0000000, 0x0000000100000000)
  region size 1024K, 24 young (24576K), 20 survivors (20480K)
 Metaspace       used 49210K, committed 49792K, reserved 262144K
  class space    used 7135K, committed 7424K, reserved 212992K

Heap Regions: E=young(eden), S=young(survivor), O=old, HS=humongous(starts), HC=humongous(continues), CS=collection set, F=free, OA=open archive, CA=closed archive, TAMS=top-at-mark-start (previous, next)
|   0|0x00000000e0000000, 0x00000000e0100000, 0x00000000e0100000|100%| O|  |TAMS 0x00000000e0100000, 0x00000000e0000000| Untracked 
|   1|0x00000000e0100000, 0x00000000e0200000, 0x00000000e0200000|100%| O|  |TAMS 0x00000000e0200000, 0x00000000e0100000| Untracked 
|   2|0x00000000e0200000, 0x00000000e0300000, 0x00000000e0300000|100%| O|  |TAMS 0x00000000e0278400, 0x00000000e0200000| Untracked 
|   3|0x00000000e0300000, 0x00000000e0400000, 0x00000000e0400000|100%|HS|  |TAMS 0x00000000e0400000, 0x00000000e0300000| Complete 
|   4|0x00000000e0400000, 0x00000000e0500000, 0x00000000e0500000|100%|HC|  |TAMS 0x00000000e0500000, 0x00000000e0400000| Complete 
|   5|0x00000000e0500000, 0x00000000e0600000, 0x00000000e0600000|100%|HC|  |TAMS 0x00000000e0600000, 0x00000000e0500000| Complete 
|   6|0x00000000e0600000, 0x00000000e0700000, 0x00000000e0700000|100%| O|  |TAMS 0x00000000e0700000, 0x00000000e0600000| Untracked 
|   7|0x00000000e0700000, 0x00000000e0800000, 0x00000000e0800000|100%| O|  |TAMS 0x00000000e0800000, 0x00000000e0700000| Untracked 
|   8|0x00000000e0800000, 0x00000000e0900000, 0x00000000e0900000|100%| O|  |TAMS 0x00000000e0900000, 0x00000000e0800000| Untracked 
|   9|0x00000000e0900000, 0x00000000e0a00000, 0x00000000e0a00000|100%| O|  |TAMS 0x00000000e0a00000, 0x00000000e0900000| Untracked 
|  10|0x00000000e0a00000, 0x00000000e0a00000, 0x00000000e0b00000|  0%| F|  |TAMS 0x00000000e0a00000, 0x00000000e0a00000| Untracked 
|  11|0x00000000e0b00000, 0x00000000e0b00000, 0x00000000e0c00000|  0%| F|  |TAMS 0x00000000e0b00000, 0x00000000e0b00000| Untracked 
|  12|0x00000000e0c00000, 0x00000000e0c00000, 0x00000000e0d00000|  0%| F|  |TAMS 0x00000000e0c00000, 0x00000000e0c00000| Untracked 
|  13|0x00000000e0d00000, 0x00000000e0d00000, 0x00000000e0e00000|  0%| F|  |TAMS 0x00000000e0d00000, 0x00000000e0d00000| Untracked 
|  14|0x00000000e0e00000, 0x00000000e0f00000, 0x00000000e0f00000|100%| O|  |TAMS 0x00000000e0e00000, 0x00000000e0e00000| Untracked 
|  15|0x00000000e0f00000, 0x00000000e1000000, 0x00000000e1000000|100%| O|  |TAMS 0x00000000e0f00000, 0x00000000e0f00000| Untracked 
|  16|0x00000000e1000000, 0x00000000e1100000, 0x00000000e1100000|100%| O|  |TAMS 0x00000000e1000000, 0x00000000e1000000| Untracked 
|  17|0x00000000e1100000, 0x00000000e1200000, 0x00000000e1200000|100%| O|  |TAMS 0x00000000e1100000, 0x00000000e1100000| Untracked 
|  18|0x00000000e1200000, 0x00000000e1300000, 0x00000000e1300000|100%| O|  |TAMS 0x00000000e1200000, 0x00000000e1200000| Untracked 
|  19|0x00000000e1300000, 0x00000000e1400000, 0x00000000e1400000|100%| O|  |TAMS 0x00000000e1300000, 0x00000000e1300000| Untracked 
|  20|0x00000000e1400000, 0x00000000e1500000, 0x00000000e1500000|100%| O|  |TAMS 0x00000000e1400000, 0x00000000e1400000| Untracked 
|  21|0x00000000e1500000, 0x00000000e1600000, 0x00000000e1600000|100%| O|  |TAMS 0x00000000e1500000, 0x00000000e1500000| Untracked 
|  22|0x00000000e1600000, 0x00000000e1700000, 0x00000000e1700000|100%| O|  |TAMS 0x00000000e1600000, 0x00000000e1600000| Untracked 
|  23|0x00000000e1700000, 0x00000000e1800000, 0x00000000e1800000|100%| O|  |TAMS 0x00000000e1700000, 0x00000000e1700000| Untracked 
|  24|0x00000000e1800000, 0x00000000e1885000, 0x00000000e1900000| 51%| O|  |TAMS 0x00000000e1800000, 0x00000000e1800000| Untracked 
|  25|0x00000000e1900000, 0x00000000e1900000, 0x00000000e1a00000|  0%| F|  |TAMS 0x00000000e1900000, 0x00000000e1900000| Untracked 
|  26|0x00000000e1a00000, 0x00000000e1a00000, 0x00000000e1b00000|  0%| F|  |TAMS 0x00000000e1a00000, 0x00000000e1a00000| Untracked 
|  27|0x00000000e1b00000, 0x00000000e1b00000, 0x00000000e1c00000|  0%| F|  |TAMS 0x00000000e1b00000, 0x00000000e1b00000| Untracked 
|  28|0x00000000e1c00000, 0x00000000e1c00000, 0x00000000e1d00000|  0%| F|  |TAMS 0x00000000e1c00000, 0x00000000e1c00000| Untracked 
|  29|0x00000000e1d00000, 0x00000000e1d00000, 0x00000000e1e00000|  0%| F|  |TAMS 0x00000000e1d00000, 0x00000000e1d00000| Untracked 
|  30|0x00000000e1e00000, 0x00000000e1e00000, 0x00000000e1f00000|  0%| F|  |TAMS 0x00000000e1e00000, 0x00000000e1e00000| Untracked 
|  31|0x00000000e1f00000, 0x00000000e1f00000, 0x00000000e2000000|  0%| F|  |TAMS 0x00000000e1f00000, 0x00000000e1f00000| Untracked 
|  32|0x00000000e2000000, 0x00000000e2000000, 0x00000000e2100000|  0%| F|  |TAMS 0x00000000e2000000, 0x00000000e2000000| Untracked 
|  33|0x00000000e2100000, 0x00000000e2100000, 0x00000000e2200000|  0%| F|  |TAMS 0x00000000e2100000, 0x00000000e2100000| Untracked 
|  34|0x00000000e2200000, 0x00000000e2200000, 0x00000000e2300000|  0%| F|  |TAMS 0x00000000e2200000, 0x00000000e2200000| Untracked 
|  35|0x00000000e2300000, 0x00000000e2300000, 0x00000000e2400000|  0%| F|  |TAMS 0x00000000e2300000, 0x00000000e2300000| Untracked 
|  36|0x00000000e2400000, 0x00000000e2400000, 0x00000000e2500000|  0%| F|  |TAMS 0x00000000e2400000, 0x00000000e2400000| Untracked 
|  37|0x00000000e2500000, 0x00000000e2500000, 0x00000000e2600000|  0%| F|  |TAMS 0x00000000e2500000, 0x00000000e2500000| Untracked 
|  38|0x00000000e2600000, 0x00000000e2600000, 0x00000000e2700000|  0%| F|  |TAMS 0x00000000e2600000, 0x00000000e2600000| Untracked 
|  39|0x00000000e2700000, 0x00000000e2700000, 0x00000000e2800000|  0%| F|  |TAMS 0x00000000e2700000, 0x00000000e2700000| Untracked 
|  40|0x00000000e2800000, 0x00000000e2800000, 0x00000000e2900000|  0%| F|  |TAMS 0x00000000e2800000, 0x00000000e2800000| Untracked 
|  41|0x00000000e2900000, 0x00000000e2900000, 0x00000000e2a00000|  0%| F|  |TAMS 0x00000000e2900000, 0x00000000e2900000| Untracked 
|  42|0x00000000e2a00000, 0x00000000e2a00000, 0x00000000e2b00000|  0%| F|  |TAMS 0x00000000e2a00000, 0x00000000e2a00000| Untracked 
|  43|0x00000000e2b00000, 0x00000000e2b00000, 0x00000000e2c00000|  0%| F|  |TAMS 0x00000000e2b00000, 0x00000000e2b00000| Untracked 
|  44|0x00000000e2c00000, 0x00000000e2c00000, 0x00000000e2d00000|  0%| F|  |TAMS 0x00000000e2c00000, 0x00000000e2c00000| Untracked 
|  45|0x00000000e2d00000, 0x00000000e2d00000, 0x00000000e2e00000|  0%| F|  |TAMS 0x00000000e2d00000, 0x00000000e2d00000| Untracked 
|  46|0x00000000e2e00000, 0x00000000e2e00000, 0x00000000e2f00000|  0%| F|  |TAMS 0x00000000e2e00000, 0x00000000e2e00000| Untracked 
|  47|0x00000000e2f00000, 0x00000000e2f00000, 0x00000000e3000000|  0%| F|  |TAMS 0x00000000e2f00000, 0x00000000e2f00000| Untracked 
|  48|0x00000000e3000000, 0x00000000e3000000, 0x00000000e3100000|  0%| F|  |TAMS 0x00000000e3000000, 0x00000000e3000000| Untracked 
|  49|0x00000000e3100000, 0x00000000e3100000, 0x00000000e3200000|  0%| F|  |TAMS 0x00000000e3100000, 0x00000000e3100000| Untracked 
|  50|0x00000000e3200000, 0x00000000e3200000, 0x00000000e3300000|  0%| F|  |TAMS 0x00000000e3200000, 0x00000000e3200000| Untracked 
|  51|0x00000000e3300000, 0x00000000e3300000, 0x00000000e3400000|  0%| F|  |TAMS 0x00000000e3300000, 0x00000000e3300000| Untracked 
|  52|0x00000000e3400000, 0x00000000e3400000, 0x00000000e3500000|  0%| F|  |TAMS 0x00000000e3400000, 0x00000000e3400000| Untracked 
|  53|0x00000000e3500000, 0x00000000e3500000, 0x00000000e3600000|  0%| F|  |TAMS 0x00000000e3500000, 0x00000000e3500000| Untracked 
|  54|0x00000000e3600000, 0x00000000e3600000, 0x00000000e3700000|  0%| F|  |TAMS 0x00000000e3600000, 0x00000000e3600000| Untracked 
|  55|0x00000000e3700000, 0x00000000e3700000, 0x00000000e3800000|  0%| F|  |TAMS 0x00000000e3700000, 0x00000000e3700000| Untracked 
|  56|0x00000000e3800000, 0x00000000e3800000, 0x00000000e3900000|  0%| F|  |TAMS 0x00000000e3800000, 0x00000000e3800000| Untracked 
|  57|0x00000000e3900000, 0x00000000e3900000, 0x00000000e3a00000|  0%| F|  |TAMS 0x00000000e3900000, 0x00000000e3900000| Untracked 
|  58|0x00000000e3a00000, 0x00000000e3a00000, 0x00000000e3b00000|  0%| F|  |TAMS 0x00000000e3a00000, 0x00000000e3a00000| Untracked 
|  59|0x00000000e3b00000, 0x00000000e3b00000, 0x00000000e3c00000|  0%| F|  |TAMS 0x00000000e3b00000, 0x00000000e3b00000| Untracked 
|  60|0x00000000e3c00000, 0x00000000e3c00000, 0x00000000e3d00000|  0%| F|  |TAMS 0x00000000e3c00000, 0x00000000e3c00000| Untracked 
|  61|0x00000000e3d00000, 0x00000000e3d00000, 0x00000000e3e00000|  0%| F|  |TAMS 0x00000000e3d00000, 0x00000000e3d00000| Untracked 
|  62|0x00000000e3e00000, 0x00000000e3e00000, 0x00000000e3f00000|  0%| F|  |TAMS 0x00000000e3e00000, 0x00000000e3e00000| Untracked 
|  63|0x00000000e3f00000, 0x00000000e3f00000, 0x00000000e4000000|  0%| F|  |TAMS 0x00000000e3f00000, 0x00000000e3f00000| Untracked 
|  64|0x00000000e4000000, 0x00000000e4000000, 0x00000000e4100000|  0%| F|  |TAMS 0x00000000e4000000, 0x00000000e4000000| Untracked 
|  65|0x00000000e4100000, 0x00000000e4100000, 0x00000000e4200000|  0%| F|  |TAMS 0x00000000e4100000, 0x00000000e4100000| Untracked 
|  66|0x00000000e4200000, 0x00000000e4200000, 0x00000000e4300000|  0%| F|  |TAMS 0x00000000e4200000, 0x00000000e4200000| Untracked 
|  67|0x00000000e4300000, 0x00000000e4300000, 0x00000000e4400000|  0%| F|  |TAMS 0x00000000e4300000, 0x00000000e4300000| Untracked 
|  68|0x00000000e4400000, 0x00000000e4400000, 0x00000000e4500000|  0%| F|  |TAMS 0x00000000e4400000, 0x00000000e4400000| Untracked 
|  69|0x00000000e4500000, 0x00000000e4500000, 0x00000000e4600000|  0%| F|  |TAMS 0x00000000e4500000, 0x00000000e4500000| Untracked 
|  70|0x00000000e4600000, 0x00000000e4600000, 0x00000000e4700000|  0%| F|  |TAMS 0x00000000e4600000, 0x00000000e4600000| Untracked 
|  71|0x00000000e4700000, 0x00000000e4700000, 0x00000000e4800000|  0%| F|  |TAMS 0x00000000e4700000, 0x00000000e4700000| Untracked 
|  72|0x00000000e4800000, 0x00000000e4800000, 0x00000000e4900000|  0%| F|  |TAMS 0x00000000e4800000, 0x00000000e4800000| Untracked 
|  73|0x00000000e4900000, 0x00000000e4900000, 0x00000000e4a00000|  0%| F|  |TAMS 0x00000000e4900000, 0x00000000e4900000| Untracked 
|  74|0x00000000e4a00000, 0x00000000e4a00000, 0x00000000e4b00000|  0%| F|  |TAMS 0x00000000e4a00000, 0x00000000e4a00000| Untracked 
|  75|0x00000000e4b00000, 0x00000000e4b00000, 0x00000000e4c00000|  0%| F|  |TAMS 0x00000000e4b00000, 0x00000000e4b00000| Untracked 
|  76|0x00000000e4c00000, 0x00000000e4c00000, 0x00000000e4d00000|  0%| F|  |TAMS 0x00000000e4c00000, 0x00000000e4c00000| Untracked 
|  77|0x00000000e4d00000, 0x00000000e4d00000, 0x00000000e4e00000|  0%| F|  |TAMS 0x00000000e4d00000, 0x00000000e4d00000| Untracked 
|  78|0x00000000e4e00000, 0x00000000e4e00000, 0x00000000e4f00000|  0%| F|  |TAMS 0x00000000e4e00000, 0x00000000e4e00000| Untracked 
|  79|0x00000000e4f00000, 0x00000000e4f00000, 0x00000000e5000000|  0%| F|  |TAMS 0x00000000e4f00000, 0x00000000e4f00000| Untracked 
|  80|0x00000000e5000000, 0x00000000e5000000, 0x00000000e5100000|  0%| F|  |TAMS 0x00000000e5000000, 0x00000000e5000000| Untracked 
|  81|0x00000000e5100000, 0x00000000e5100000, 0x00000000e5200000|  0%| F|  |TAMS 0x00000000e5100000, 0x00000000e5100000| Untracked 
|  82|0x00000000e5200000, 0x00000000e5200000, 0x00000000e5300000|  0%| F|  |TAMS 0x00000000e5200000, 0x00000000e5200000| Untracked 
|  83|0x00000000e5300000, 0x00000000e53c8160, 0x00000000e5400000| 78%| S|CS|TAMS 0x00000000e5300000, 0x00000000e5300000| Complete 
|  84|0x00000000e5400000, 0x00000000e5500000, 0x00000000e5500000|100%| S|CS|TAMS 0x00000000e5400000, 0x00000000e5400000| Complete 
|  85|0x00000000e5500000, 0x00000000e5600000, 0x00000000e5600000|100%| S|CS|TAMS 0x00000000e5500000, 0x00000000e5500000| Complete 
|  86|0x00000000e5600000, 0x00000000e5700000, 0x00000000e5700000|100%| S|CS|TAMS 0x00000000e5600000, 0x00000000e5600000| Complete 
|  87|0x00000000e5700000, 0x00000000e5800000, 0x00000000e5800000|100%| S|CS|TAMS 0x00000000e5700000, 0x00000000e5700000| Complete 
|  88|0x00000000e5800000, 0x00000000e5900000, 0x00000000e5900000|100%| S|CS|TAMS 0x00000000e5800000, 0x00000000e5800000| Complete 
|  89|0x00000000e5900000, 0x00000000e5a00000, 0x00000000e5a00000|100%| S|CS|TAMS 0x00000000e5900000, 0x00000000e5900000| Complete 
|  90|0x00000000e5a00000, 0x00000000e5b00000, 0x00000000e5b00000|100%| S|CS|TAMS 0x00000000e5a00000, 0x00000000e5a00000| Complete 
|  91|0x00000000e5b00000, 0x00000000e5c00000, 0x00000000e5c00000|100%| S|CS|TAMS 0x00000000e5b00000, 0x00000000e5b00000| Complete 
|  92|0x00000000e5c00000, 0x00000000e5d00000, 0x00000000e5d00000|100%| S|CS|TAMS 0x00000000e5c00000, 0x00000000e5c00000| Complete 
|  93|0x00000000e5d00000, 0x00000000e5e00000, 0x00000000e5e00000|100%| S|CS|TAMS 0x00000000e5d00000, 0x00000000e5d00000| Complete 
|  94|0x00000000e5e00000, 0x00000000e5f00000, 0x00000000e5f00000|100%| S|CS|TAMS 0x00000000e5e00000, 0x00000000e5e00000| Complete 
|  95|0x00000000e5f00000, 0x00000000e6000000, 0x00000000e6000000|100%| S|CS|TAMS 0x00000000e5f00000, 0x00000000e5f00000| Complete 
|  96|0x00000000e6000000, 0x00000000e6100000, 0x00000000e6100000|100%| S|CS|TAMS 0x00000000e6000000, 0x00000000e6000000| Complete 
|  97|0x00000000e6100000, 0x00000000e6200000, 0x00000000e6200000|100%| S|CS|TAMS 0x00000000e6100000, 0x00000000e6100000| Complete 
|  98|0x00000000e6200000, 0x00000000e6300000, 0x00000000e6300000|100%| S|CS|TAMS 0x00000000e6200000, 0x00000000e6200000| Complete 
|  99|0x00000000e6300000, 0x00000000e6400000, 0x00000000e6400000|100%| S|CS|TAMS 0x00000000e6300000, 0x00000000e6300000| Complete 
| 100|0x00000000e6400000, 0x00000000e6500000, 0x00000000e6500000|100%| S|CS|TAMS 0x00000000e6400000, 0x00000000e6400000| Complete 
| 101|0x00000000e6500000, 0x00000000e6600000, 0x00000000e6600000|100%| S|CS|TAMS 0x00000000e6500000, 0x00000000e6500000| Complete 
| 102|0x00000000e6600000, 0x00000000e6700000, 0x00000000e6700000|100%| S|CS|TAMS 0x00000000e6600000, 0x00000000e6600000| Complete 
| 103|0x00000000e6700000, 0x00000000e6700000, 0x00000000e6800000|  0%| F|  |TAMS 0x00000000e6700000, 0x00000000e6700000| Untracked 
| 104|0x00000000e6800000, 0x00000000e6800000, 0x00000000e6900000|  0%| F|  |TAMS 0x00000000e6800000, 0x00000000e6800000| Untracked 
| 105|0x00000000e6900000, 0x00000000e6900000, 0x00000000e6a00000|  0%| F|  |TAMS 0x00000000e6900000, 0x00000000e6900000| Untracked 
| 106|0x00000000e6a00000, 0x00000000e6a00000, 0x00000000e6b00000|  0%| F|  |TAMS 0x00000000e6a00000, 0x00000000e6a00000| Untracked 
| 107|0x00000000e6b00000, 0x00000000e6b00000, 0x00000000e6c00000|  0%| F|  |TAMS 0x00000000e6b00000, 0x00000000e6b00000| Untracked 
| 108|0x00000000e6c00000, 0x00000000e6c00000, 0x00000000e6d00000|  0%| F|  |TAMS 0x00000000e6c00000, 0x00000000e6c00000| Untracked 
| 109|0x00000000e6d00000, 0x00000000e6d00000, 0x00000000e6e00000|  0%| F|  |TAMS 0x00000000e6d00000, 0x00000000e6d00000| Untracked 
| 110|0x00000000e6e00000, 0x00000000e6e00000, 0x00000000e6f00000|  0%| F|  |TAMS 0x00000000e6e00000, 0x00000000e6e00000| Untracked 
| 111|0x00000000e6f00000, 0x00000000e6f00000, 0x00000000e7000000|  0%| F|  |TAMS 0x00000000e6f00000, 0x00000000e6f00000| Untracked 
| 112|0x00000000e7000000, 0x00000000e7000000, 0x00000000e7100000|  0%| F|  |TAMS 0x00000000e7000000, 0x00000000e7000000| Untracked 
| 113|0x00000000e7100000, 0x00000000e7100000, 0x00000000e7200000|  0%| F|  |TAMS 0x00000000e7100000, 0x00000000e7100000| Untracked 
| 114|0x00000000e7200000, 0x00000000e7200000, 0x00000000e7300000|  0%| F|  |TAMS 0x00000000e7200000, 0x00000000e7200000| Untracked 
| 115|0x00000000e7300000, 0x00000000e7300000, 0x00000000e7400000|  0%| F|  |TAMS 0x00000000e7300000, 0x00000000e7300000| Untracked 
| 116|0x00000000e7400000, 0x00000000e7400000, 0x00000000e7500000|  0%| F|  |TAMS 0x00000000e7400000, 0x00000000e7400000| Untracked 
| 117|0x00000000e7500000, 0x00000000e7500000, 0x00000000e7600000|  0%| F|  |TAMS 0x00000000e7500000, 0x00000000e7500000| Untracked 
| 118|0x00000000e7600000, 0x00000000e7600000, 0x00000000e7700000|  0%| F|  |TAMS 0x00000000e7600000, 0x00000000e7600000| Untracked 
| 119|0x00000000e7700000, 0x00000000e7700000, 0x00000000e7800000|  0%| F|  |TAMS 0x00000000e7700000, 0x00000000e7700000| Untracked 
| 120|0x00000000e7800000, 0x00000000e7800000, 0x00000000e7900000|  0%| F|  |TAMS 0x00000000e7800000, 0x00000000e7800000| Untracked 
| 121|0x00000000e7900000, 0x00000000e7900000, 0x00000000e7a00000|  0%| F|  |TAMS 0x00000000e7900000, 0x00000000e7900000| Untracked 
| 122|0x00000000e7a00000, 0x00000000e7a00000, 0x00000000e7b00000|  0%| F|  |TAMS 0x00000000e7a00000, 0x00000000e7a00000| Untracked 
| 123|0x00000000e7b00000, 0x00000000e7b00000, 0x00000000e7c00000|  0%| F|  |TAMS 0x00000000e7b00000, 0x00000000e7b00000| Untracked 
| 124|0x00000000e7c00000, 0x00000000e7c00000, 0x00000000e7d00000|  0%| F|  |TAMS 0x00000000e7c00000, 0x00000000e7c00000| Untracked 
| 125|0x00000000e7d00000, 0x00000000e7d00000, 0x00000000e7e00000|  0%| F|  |TAMS 0x00000000e7d00000, 0x00000000e7d00000| Untracked 
| 126|0x00000000e7e00000, 0x00000000e7e00000, 0x00000000e7f00000|  0%| F|  |TAMS 0x00000000e7e00000, 0x00000000e7e00000| Untracked 
| 127|0x00000000e7f00000, 0x00000000e7f00000, 0x00000000e8000000|  0%| F|  |TAMS 0x00000000e7f00000, 0x00000000e7f00000| Untracked 
| 128|0x00000000e8000000, 0x00000000e8000000, 0x00000000e8100000|  0%| F|  |TAMS 0x00000000e8000000, 0x00000000e8000000| Untracked 
| 129|0x00000000e8100000, 0x00000000e8100000, 0x00000000e8200000|  0%| F|  |TAMS 0x00000000e8100000, 0x00000000e8100000| Untracked 
| 130|0x00000000e8200000, 0x00000000e8200000, 0x00000000e8300000|  0%| F|  |TAMS 0x00000000e8200000, 0x00000000e8200000| Untracked 
| 131|0x00000000e8300000, 0x00000000e8300000, 0x00000000e8400000|  0%| F|  |TAMS 0x00000000e8300000, 0x00000000e8300000| Untracked 
| 132|0x00000000e8400000, 0x00000000e8400000, 0x00000000e8500000|  0%| F|  |TAMS 0x00000000e8400000, 0x00000000e8400000| Untracked 
| 133|0x00000000e8500000, 0x00000000e8500000, 0x00000000e8600000|  0%| F|  |TAMS 0x00000000e8500000, 0x00000000e8500000| Untracked 
| 134|0x00000000e8600000, 0x00000000e8600000, 0x00000000e8700000|  0%| F|  |TAMS 0x00000000e8600000, 0x00000000e8600000| Untracked 
| 135|0x00000000e8700000, 0x00000000e8700000, 0x00000000e8800000|  0%| F|  |TAMS 0x00000000e8700000, 0x00000000e8700000| Untracked 
| 136|0x00000000e8800000, 0x00000000e8800000, 0x00000000e8900000|  0%| F|  |TAMS 0x00000000e8800000, 0x00000000e8800000| Untracked 
| 137|0x00000000e8900000, 0x00000000e8900000, 0x00000000e8a00000|  0%| F|  |TAMS 0x00000000e8900000, 0x00000000e8900000| Untracked 
| 138|0x00000000e8a00000, 0x00000000e8a00000, 0x00000000e8b00000|  0%| F|  |TAMS 0x00000000e8a00000, 0x00000000e8a00000| Untracked 
| 139|0x00000000e8b00000, 0x00000000e8b00000, 0x00000000e8c00000|  0%| F|  |TAMS 0x00000000e8b00000, 0x00000000e8b00000| Untracked 
| 140|0x00000000e8c00000, 0x00000000e8c00000, 0x00000000e8d00000|  0%| F|  |TAMS 0x00000000e8c00000, 0x00000000e8c00000| Untracked 
| 141|0x00000000e8d00000, 0x00000000e8d00000, 0x00000000e8e00000|  0%| F|  |TAMS 0x00000000e8d00000, 0x00000000e8d00000| Untracked 
| 142|0x00000000e8e00000, 0x00000000e8e00000, 0x00000000e8f00000|  0%| F|  |TAMS 0x00000000e8e00000, 0x00000000e8e00000| Untracked 
| 143|0x00000000e8f00000, 0x00000000e8f00000, 0x00000000e9000000|  0%| F|  |TAMS 0x00000000e8f00000, 0x00000000e8f00000| Untracked 
| 144|0x00000000e9000000, 0x00000000e9000000, 0x00000000e9100000|  0%| F|  |TAMS 0x00000000e9000000, 0x00000000e9000000| Untracked 
| 145|0x00000000e9100000, 0x00000000e9100000, 0x00000000e9200000|  0%| F|  |TAMS 0x00000000e9100000, 0x00000000e9100000| Untracked 
| 146|0x00000000e9200000, 0x00000000e9200000, 0x00000000e9300000|  0%| F|  |TAMS 0x00000000e9200000, 0x00000000e9200000| Untracked 
| 147|0x00000000e9300000, 0x00000000e9300000, 0x00000000e9400000|  0%| F|  |TAMS 0x00000000e9300000, 0x00000000e9300000| Untracked 
| 148|0x00000000e9400000, 0x00000000e9400000, 0x00000000e9500000|  0%| F|  |TAMS 0x00000000e9400000, 0x00000000e9400000| Untracked 
| 149|0x00000000e9500000, 0x00000000e9500000, 0x00000000e9600000|  0%| F|  |TAMS 0x00000000e9500000, 0x00000000e9500000| Untracked 
| 150|0x00000000e9600000, 0x00000000e9600000, 0x00000000e9700000|  0%| F|  |TAMS 0x00000000e9600000, 0x00000000e9600000| Untracked 
| 151|0x00000000e9700000, 0x00000000e9700000, 0x00000000e9800000|  0%| F|  |TAMS 0x00000000e9700000, 0x00000000e9700000| Untracked 
| 152|0x00000000e9800000, 0x00000000e9800000, 0x00000000e9900000|  0%| F|  |TAMS 0x00000000e9800000, 0x00000000e9800000| Untracked 
| 153|0x00000000e9900000, 0x00000000e9900000, 0x00000000e9a00000|  0%| F|  |TAMS 0x00000000e9900000, 0x00000000e9900000| Untracked 
| 154|0x00000000e9a00000, 0x00000000e9a00000, 0x00000000e9b00000|  0%| F|  |TAMS 0x00000000e9a00000, 0x00000000e9a00000| Untracked 
| 155|0x00000000e9b00000, 0x00000000e9b00000, 0x00000000e9c00000|  0%| F|  |TAMS 0x00000000e9b00000, 0x00000000e9b00000| Untracked 
| 156|0x00000000e9c00000, 0x00000000e9c00000, 0x00000000e9d00000|  0%| F|  |TAMS 0x00000000e9c00000, 0x00000000e9c00000| Untracked 
| 157|0x00000000e9d00000, 0x00000000e9d00000, 0x00000000e9e00000|  0%| F|  |TAMS 0x00000000e9d00000, 0x00000000e9d00000| Untracked 
| 158|0x00000000e9e00000, 0x00000000e9e00000, 0x00000000e9f00000|  0%| F|  |TAMS 0x00000000e9e00000, 0x00000000e9e00000| Untracked 
| 159|0x00000000e9f00000, 0x00000000e9f00000, 0x00000000ea000000|  0%| F|  |TAMS 0x00000000e9f00000, 0x00000000e9f00000| Untracked 
| 160|0x00000000ea000000, 0x00000000ea000000, 0x00000000ea100000|  0%| F|  |TAMS 0x00000000ea000000, 0x00000000ea000000| Untracked 
| 161|0x00000000ea100000, 0x00000000ea100000, 0x00000000ea200000|  0%| F|  |TAMS 0x00000000ea100000, 0x00000000ea100000| Untracked 
| 162|0x00000000ea200000, 0x00000000ea200000, 0x00000000ea300000|  0%| F|  |TAMS 0x00000000ea200000, 0x00000000ea200000| Untracked 
| 163|0x00000000ea300000, 0x00000000ea300000, 0x00000000ea400000|  0%| F|  |TAMS 0x00000000ea300000, 0x00000000ea300000| Untracked 
| 164|0x00000000ea400000, 0x00000000ea400000, 0x00000000ea500000|  0%| F|  |TAMS 0x00000000ea400000, 0x00000000ea400000| Untracked 
| 165|0x00000000ea500000, 0x00000000ea500000, 0x00000000ea600000|  0%| F|  |TAMS 0x00000000ea500000, 0x00000000ea500000| Untracked 
| 166|0x00000000ea600000, 0x00000000ea600000, 0x00000000ea700000|  0%| F|  |TAMS 0x00000000ea600000, 0x00000000ea600000| Untracked 
| 167|0x00000000ea700000, 0x00000000ea700000, 0x00000000ea800000|  0%| F|  |TAMS 0x00000000ea700000, 0x00000000ea700000| Untracked 
| 168|0x00000000ea800000, 0x00000000ea800000, 0x00000000ea900000|  0%| F|  |TAMS 0x00000000ea800000, 0x00000000ea800000| Untracked 
| 169|0x00000000ea900000, 0x00000000ea900000, 0x00000000eaa00000|  0%| F|  |TAMS 0x00000000ea900000, 0x00000000ea900000| Untracked 
| 170|0x00000000eaa00000, 0x00000000eaa00000, 0x00000000eab00000|  0%| F|  |TAMS 0x00000000eaa00000, 0x00000000eaa00000| Untracked 
| 171|0x00000000eab00000, 0x00000000eab00000, 0x00000000eac00000|  0%| F|  |TAMS 0x00000000eab00000, 0x00000000eab00000| Untracked 
| 172|0x00000000eac00000, 0x00000000eac00000, 0x00000000ead00000|  0%| F|  |TAMS 0x00000000eac00000, 0x00000000eac00000| Untracked 
| 173|0x00000000ead00000, 0x00000000ead00000, 0x00000000eae00000|  0%| F|  |TAMS 0x00000000ead00000, 0x00000000ead00000| Untracked 
| 174|0x00000000eae00000, 0x00000000eae00000, 0x00000000eaf00000|  0%| F|  |TAMS 0x00000000eae00000, 0x00000000eae00000| Untracked 
| 175|0x00000000eaf00000, 0x00000000eaf00000, 0x00000000eb000000|  0%| F|  |TAMS 0x00000000eaf00000, 0x00000000eaf00000| Untracked 
| 176|0x00000000eb000000, 0x00000000eb000000, 0x00000000eb100000|  0%| F|  |TAMS 0x00000000eb000000, 0x00000000eb000000| Untracked 
| 177|0x00000000eb100000, 0x00000000eb100000, 0x00000000eb200000|  0%| F|  |TAMS 0x00000000eb100000, 0x00000000eb100000| Untracked 
| 178|0x00000000eb200000, 0x00000000eb200000, 0x00000000eb300000|  0%| F|  |TAMS 0x00000000eb200000, 0x00000000eb200000| Untracked 
| 179|0x00000000eb300000, 0x00000000eb300000, 0x00000000eb400000|  0%| F|  |TAMS 0x00000000eb300000, 0x00000000eb300000| Untracked 
| 180|0x00000000eb400000, 0x00000000eb400000, 0x00000000eb500000|  0%| F|  |TAMS 0x00000000eb400000, 0x00000000eb400000| Untracked 
| 181|0x00000000eb500000, 0x00000000eb500000, 0x00000000eb600000|  0%| F|  |TAMS 0x00000000eb500000, 0x00000000eb500000| Untracked 
| 182|0x00000000eb600000, 0x00000000eb600000, 0x00000000eb700000|  0%| F|  |TAMS 0x00000000eb600000, 0x00000000eb600000| Untracked 
| 183|0x00000000eb700000, 0x00000000eb700000, 0x00000000eb800000|  0%| F|  |TAMS 0x00000000eb700000, 0x00000000eb700000| Untracked 
| 184|0x00000000eb800000, 0x00000000eb800000, 0x00000000eb900000|  0%| F|  |TAMS 0x00000000eb800000, 0x00000000eb800000| Untracked 
| 185|0x00000000eb900000, 0x00000000eb900000, 0x00000000eba00000|  0%| F|  |TAMS 0x00000000eb900000, 0x00000000eb900000| Untracked 
| 186|0x00000000eba00000, 0x00000000eba00000, 0x00000000ebb00000|  0%| F|  |TAMS 0x00000000eba00000, 0x00000000eba00000| Untracked 
| 187|0x00000000ebb00000, 0x00000000ebb00000, 0x00000000ebc00000|  0%| F|  |TAMS 0x00000000ebb00000, 0x00000000ebb00000| Untracked 
| 188|0x00000000ebc00000, 0x00000000ebc00000, 0x00000000ebd00000|  0%| F|  |TAMS 0x00000000ebc00000, 0x00000000ebc00000| Untracked 
| 189|0x00000000ebd00000, 0x00000000ebd00000, 0x00000000ebe00000|  0%| F|  |TAMS 0x00000000ebd00000, 0x00000000ebd00000| Untracked 
| 190|0x00000000ebe00000, 0x00000000ebe00000, 0x00000000ebf00000|  0%| F|  |TAMS 0x00000000ebe00000, 0x00000000ebe00000| Untracked 
| 191|0x00000000ebf00000, 0x00000000ebf00000, 0x00000000ec000000|  0%| F|  |TAMS 0x00000000ebf00000, 0x00000000ebf00000| Untracked 
| 192|0x00000000ec000000, 0x00000000ec000000, 0x00000000ec100000|  0%| F|  |TAMS 0x00000000ec000000, 0x00000000ec000000| Untracked 
| 193|0x00000000ec100000, 0x00000000ec100000, 0x00000000ec200000|  0%| F|  |TAMS 0x00000000ec100000, 0x00000000ec100000| Untracked 
| 194|0x00000000ec200000, 0x00000000ec200000, 0x00000000ec300000|  0%| F|  |TAMS 0x00000000ec200000, 0x00000000ec200000| Untracked 
| 195|0x00000000ec300000, 0x00000000ec300000, 0x00000000ec400000|  0%| F|  |TAMS 0x00000000ec300000, 0x00000000ec300000| Untracked 
| 196|0x00000000ec400000, 0x00000000ec400000, 0x00000000ec500000|  0%| F|  |TAMS 0x00000000ec400000, 0x00000000ec400000| Untracked 
| 197|0x00000000ec500000, 0x00000000ec500000, 0x00000000ec600000|  0%| F|  |TAMS 0x00000000ec500000, 0x00000000ec500000| Untracked 
| 198|0x00000000ec600000, 0x00000000ec600000, 0x00000000ec700000|  0%| F|  |TAMS 0x00000000ec600000, 0x00000000ec600000| Untracked 
| 199|0x00000000ec700000, 0x00000000ec700000, 0x00000000ec800000|  0%| F|  |TAMS 0x00000000ec700000, 0x00000000ec700000| Untracked 
| 200|0x00000000ec800000, 0x00000000ec800000, 0x00000000ec900000|  0%| F|  |TAMS 0x00000000ec800000, 0x00000000ec800000| Untracked 
| 201|0x00000000ec900000, 0x00000000ec900000, 0x00000000eca00000|  0%| F|  |TAMS 0x00000000ec900000, 0x00000000ec900000| Untracked 
| 202|0x00000000eca00000, 0x00000000eca00000, 0x00000000ecb00000|  0%| F|  |TAMS 0x00000000eca00000, 0x00000000eca00000| Untracked 
| 203|0x00000000ecb00000, 0x00000000ecb00000, 0x00000000ecc00000|  0%| F|  |TAMS 0x00000000ecb00000, 0x00000000ecb00000| Untracked 
| 204|0x00000000ecc00000, 0x00000000ecc00000, 0x00000000ecd00000|  0%| F|  |TAMS 0x00000000ecc00000, 0x00000000ecc00000| Untracked 
| 205|0x00000000ecd00000, 0x00000000ecd00000, 0x00000000ece00000|  0%| F|  |TAMS 0x00000000ecd00000, 0x00000000ecd00000| Untracked 
| 206|0x00000000ece00000, 0x00000000ece00000, 0x00000000ecf00000|  0%| F|  |TAMS 0x00000000ece00000, 0x00000000ece00000| Untracked 
| 207|0x00000000ecf00000, 0x00000000ecf00000, 0x00000000ed000000|  0%| F|  |TAMS 0x00000000ecf00000, 0x00000000ecf00000| Untracked 
| 208|0x00000000ed000000, 0x00000000ed000000, 0x00000000ed100000|  0%| F|  |TAMS 0x00000000ed000000, 0x00000000ed000000| Untracked 
| 209|0x00000000ed100000, 0x00000000ed100000, 0x00000000ed200000|  0%| F|  |TAMS 0x00000000ed100000, 0x00000000ed100000| Untracked 
| 210|0x00000000ed200000, 0x00000000ed200000, 0x00000000ed300000|  0%| F|  |TAMS 0x00000000ed200000, 0x00000000ed200000| Untracked 
| 211|0x00000000ed300000, 0x00000000ed300000, 0x00000000ed400000|  0%| F|  |TAMS 0x00000000ed300000, 0x00000000ed300000| Untracked 
| 212|0x00000000ed400000, 0x00000000ed400000, 0x00000000ed500000|  0%| F|  |TAMS 0x00000000ed400000, 0x00000000ed400000| Untracked 
| 213|0x00000000ed500000, 0x00000000ed500000, 0x00000000ed600000|  0%| F|  |TAMS 0x00000000ed500000, 0x00000000ed500000| Untracked 
| 214|0x00000000ed600000, 0x00000000ed600000, 0x00000000ed700000|  0%| F|  |TAMS 0x00000000ed600000, 0x00000000ed600000| Untracked 
| 215|0x00000000ed700000, 0x00000000ed700000, 0x00000000ed800000|  0%| F|  |TAMS 0x00000000ed700000, 0x00000000ed700000| Untracked 
| 216|0x00000000ed800000, 0x00000000ed800000, 0x00000000ed900000|  0%| F|  |TAMS 0x00000000ed800000, 0x00000000ed800000| Untracked 
| 217|0x00000000ed900000, 0x00000000ed900000, 0x00000000eda00000|  0%| F|  |TAMS 0x00000000ed900000, 0x00000000ed900000| Untracked 
| 218|0x00000000eda00000, 0x00000000eda00000, 0x00000000edb00000|  0%| F|  |TAMS 0x00000000eda00000, 0x00000000eda00000| Untracked 
| 219|0x00000000edb00000, 0x00000000edb00000, 0x00000000edc00000|  0%| F|  |TAMS 0x00000000edb00000, 0x00000000edb00000| Untracked 
| 220|0x00000000edc00000, 0x00000000edc00000, 0x00000000edd00000|  0%| F|  |TAMS 0x00000000edc00000, 0x00000000edc00000| Untracked 
| 221|0x00000000edd00000, 0x00000000edd00000, 0x00000000ede00000|  0%| F|  |TAMS 0x00000000edd00000, 0x00000000edd00000| Untracked 
| 222|0x00000000ede00000, 0x00000000ede00000, 0x00000000edf00000|  0%| F|  |TAMS 0x00000000ede00000, 0x00000000ede00000| Untracked 
| 223|0x00000000edf00000, 0x00000000edf00000, 0x00000000ee000000|  0%| F|  |TAMS 0x00000000edf00000, 0x00000000edf00000| Untracked 
| 224|0x00000000ee000000, 0x00000000ee000000, 0x00000000ee100000|  0%| F|  |TAMS 0x00000000ee000000, 0x00000000ee000000| Untracked 
| 225|0x00000000ee100000, 0x00000000ee100000, 0x00000000ee200000|  0%| F|  |TAMS 0x00000000ee100000, 0x00000000ee100000| Untracked 
| 226|0x00000000ee200000, 0x00000000ee200000, 0x00000000ee300000|  0%| F|  |TAMS 0x00000000ee200000, 0x00000000ee200000| Untracked 
| 227|0x00000000ee300000, 0x00000000ee300000, 0x00000000ee400000|  0%| F|  |TAMS 0x00000000ee300000, 0x00000000ee300000| Untracked 
| 228|0x00000000ee400000, 0x00000000ee400000, 0x00000000ee500000|  0%| F|  |TAMS 0x00000000ee400000, 0x00000000ee400000| Untracked 
| 229|0x00000000ee500000, 0x00000000ee500000, 0x00000000ee600000|  0%| F|  |TAMS 0x00000000ee500000, 0x00000000ee500000| Untracked 
| 230|0x00000000ee600000, 0x00000000ee600000, 0x00000000ee700000|  0%| F|  |TAMS 0x00000000ee600000, 0x00000000ee600000| Untracked 
| 231|0x00000000ee700000, 0x00000000ee700000, 0x00000000ee800000|  0%| F|  |TAMS 0x00000000ee700000, 0x00000000ee700000| Untracked 
| 232|0x00000000ee800000, 0x00000000ee800000, 0x00000000ee900000|  0%| F|  |TAMS 0x00000000ee800000, 0x00000000ee800000| Untracked 
| 233|0x00000000ee900000, 0x00000000ee900000, 0x00000000eea00000|  0%| F|  |TAMS 0x00000000ee900000, 0x00000000ee900000| Untracked 
| 234|0x00000000eea00000, 0x00000000eea00000, 0x00000000eeb00000|  0%| F|  |TAMS 0x00000000eea00000, 0x00000000eea00000| Untracked 
| 235|0x00000000eeb00000, 0x00000000eeb00000, 0x00000000eec00000|  0%| F|  |TAMS 0x00000000eeb00000, 0x00000000eeb00000| Untracked 
| 236|0x00000000eec00000, 0x00000000eec00000, 0x00000000eed00000|  0%| F|  |TAMS 0x00000000eec00000, 0x00000000eec00000| Untracked 
| 237|0x00000000eed00000, 0x00000000eed00000, 0x00000000eee00000|  0%| F|  |TAMS 0x00000000eed00000, 0x00000000eed00000| Untracked 
| 238|0x00000000eee00000, 0x00000000eee00000, 0x00000000eef00000|  0%| F|  |TAMS 0x00000000eee00000, 0x00000000eee00000| Untracked 
| 239|0x00000000eef00000, 0x00000000eef00000, 0x00000000ef000000|  0%| F|  |TAMS 0x00000000eef00000, 0x00000000eef00000| Untracked 
| 240|0x00000000ef000000, 0x00000000ef000000, 0x00000000ef100000|  0%| F|  |TAMS 0x00000000ef000000, 0x00000000ef000000| Untracked 
| 241|0x00000000ef100000, 0x00000000ef100000, 0x00000000ef200000|  0%| F|  |TAMS 0x00000000ef100000, 0x00000000ef100000| Untracked 
| 242|0x00000000ef200000, 0x00000000ef200000, 0x00000000ef300000|  0%| F|  |TAMS 0x00000000ef200000, 0x00000000ef200000| Untracked 
| 243|0x00000000ef300000, 0x00000000ef300000, 0x00000000ef400000|  0%| F|  |TAMS 0x00000000ef300000, 0x00000000ef300000| Untracked 
| 244|0x00000000ef400000, 0x00000000ef400000, 0x00000000ef500000|  0%| F|  |TAMS 0x00000000ef400000, 0x00000000ef400000| Untracked 
| 245|0x00000000ef500000, 0x00000000ef500000, 0x00000000ef600000|  0%| F|  |TAMS 0x00000000ef500000, 0x00000000ef500000| Untracked 
| 246|0x00000000ef600000, 0x00000000ef600000, 0x00000000ef700000|  0%| F|  |TAMS 0x00000000ef600000, 0x00000000ef600000| Untracked 
| 247|0x00000000ef700000, 0x00000000ef700000, 0x00000000ef800000|  0%| F|  |TAMS 0x00000000ef700000, 0x00000000ef700000| Untracked 
| 248|0x00000000ef800000, 0x00000000ef800000, 0x00000000ef900000|  0%| F|  |TAMS 0x00000000ef800000, 0x00000000ef800000| Untracked 
| 249|0x00000000ef900000, 0x00000000ef900000, 0x00000000efa00000|  0%| F|  |TAMS 0x00000000ef900000, 0x00000000ef900000| Untracked 
| 250|0x00000000efa00000, 0x00000000efa00000, 0x00000000efb00000|  0%| F|  |TAMS 0x00000000efa00000, 0x00000000efa00000| Untracked 
| 251|0x00000000efb00000, 0x00000000efb00000, 0x00000000efc00000|  0%| F|  |TAMS 0x00000000efb00000, 0x00000000efb00000| Untracked 
| 252|0x00000000efc00000, 0x00000000efd00000, 0x00000000efd00000|100%| E|  |TAMS 0x00000000efc00000, 0x00000000efc00000| Complete 
| 253|0x00000000efd00000, 0x00000000efe00000, 0x00000000efe00000|100%| E|CS|TAMS 0x00000000efd00000, 0x00000000efd00000| Complete 
| 254|0x00000000efe00000, 0x00000000eff00000, 0x00000000eff00000|100%| E|CS|TAMS 0x00000000efe00000, 0x00000000efe00000| Complete 
| 255|0x00000000eff00000, 0x00000000f0000000, 0x00000000f0000000|100%| E|CS|TAMS 0x00000000eff00000, 0x00000000eff00000| Complete 

Card table byte_map: [0x00000162f2220000,0x00000162f2320000] _byte_map_base: 0x00000162f1b20000

Marking Bits (Prev, Next): (CMBitMap*) 0x00000162e9bdb520, (CMBitMap*) 0x00000162e9bdb560
 Prev Bits: [0x00000162f2420000, 0x00000162f2c20000)
 Next Bits: [0x00000162f2c20000, 0x00000162f3420000)

Polling page: 0x00000162e8540000

Metaspace:

Usage:
  Non-class:     41.14 MB used.
      Class:      6.98 MB used.
       Both:     48.11 MB used.

Virtual space:
  Non-class space:       48.00 MB reserved,      41.44 MB ( 86%) committed,  6 nodes.
      Class space:      208.00 MB reserved,       7.25 MB (  3%) committed,  1 nodes.
             Both:      256.00 MB reserved,      48.69 MB ( 19%) committed. 

Chunk freelists:
   Non-Class:  1.77 MB
       Class:  656.00 KB
        Both:  2.41 MB

MaxMetaspaceSize: 256.00 MB
CompressedClassSpaceSize: 208.00 MB
Initial GC threshold: 21.00 MB
Current GC threshold: 58.69 MB
CDS: on
MetaspaceReclaimPolicy: balanced
 - commit_granule_bytes: 65536.
 - commit_granule_words: 8192.
 - virtual_space_node_default_size: 1048576.
 - enlarge_chunks_in_place: 1.
 - new_chunks_are_fully_committed: 0.
 - uncommit_free_chunks: 1.
 - use_allocation_guard: 0.
 - handle_deallocations: 1.


Internal statistics:

num_allocs_failed_limit: 6.
num_arena_births: 666.
num_arena_deaths: 0.
num_vsnodes_births: 7.
num_vsnodes_deaths: 0.
num_space_committed: 779.
num_space_uncommitted: 0.
num_chunks_returned_to_freelist: 6.
num_chunks_taken_from_freelist: 2688.
num_chunk_merges: 6.
num_chunk_splits: 1705.
num_chunks_enlarged: 1080.
num_purges: 0.
num_inconsistent_stats: 0.

CodeHeap 'non-profiled nmethods': size=120000Kb used=2894Kb max_used=3100Kb free=117105Kb
 bounds [0x0000016287ad0000, 0x0000016287df0000, 0x000001628f000000]
CodeHeap 'profiled nmethods': size=120000Kb used=9857Kb max_used=9953Kb free=110142Kb
 bounds [0x00000162805a0000, 0x0000016280f60000, 0x0000016287ad0000]
CodeHeap 'non-nmethods': size=5760Kb used=2331Kb max_used=2465Kb free=3428Kb
 bounds [0x0000016280000000, 0x0000016280280000, 0x00000162805a0000]
 total_blobs=5792 nmethods=4939 adapters=764
 compilation: enabled
              stopped_count=0, restarted_count=0
 full_count=0

Compilation events (20 events):
Event: 9.365 Thread 0x00000162f5e629c0 5666       4       org.gradle.internal.logging.text.AbstractLineChoppingStyledTextOutput$1::execute (140 bytes)
Event: 9.366 Thread 0x00000162f5e63b10 5669       1       org.gradle.internal.logging.events.RenderableOutputEvent::getBuildOperationId (5 bytes)
Event: 9.366 Thread 0x00000162f5e63b10 nmethod 5669 0x0000016287b75090 code [0x0000016287b75220, 0x0000016287b752f8]
Event: 9.372 Thread 0x00000162f5e63b10 5670       3       org.gradle.internal.serialize.kryo.KryoBackedEncoder::flush (8 bytes)
Event: 9.372 Thread 0x00000162f5e63b10 nmethod 5670 0x00000162806b6910 code [0x00000162806b6ac0, 0x00000162806b6c28]
Event: 9.373 Thread 0x00000162f5e629c0 nmethod 5666 0x0000016287b74010 code [0x0000016287b74200, 0x0000016287b74a10]
Event: 9.373 Thread 0x00000162f5e629c0 5667       4       org.gradle.internal.logging.text.AbstractLineChoppingStyledTextOutput$2::execute (77 bytes)
Event: 9.374 Thread 0x00000162f6a4ff30 nmethod 5665 0x0000016287b72f10 code [0x0000016287b73100, 0x0000016287b73930]
Event: 9.374 Thread 0x00000162f6a4ff30 5668       4       org.gradle.internal.logging.text.AbstractLineChoppingStyledTextOutput::access$900 (4 bytes)
Event: 9.375 Thread 0x00000162f6a4ff30 nmethod 5668 0x0000016287b72c10 code [0x0000016287b72d80, 0x0000016287b72dd8]
Event: 9.379 Thread 0x00000162f5e629c0 nmethod 5667 0x0000016287b71e90 code [0x0000016287b72080, 0x0000016287b72690]
Event: 9.482 Thread 0x00000162f5e63b10 5671       3       java.util.concurrent.locks.AbstractQueuedSynchronizer::hasQueuedThreads (38 bytes)
Event: 9.482 Thread 0x00000162f5e63b10 nmethod 5671 0x00000162806b6410 code [0x00000162806b65c0, 0x00000162806b6818]
Event: 9.494 Thread 0x00000162f5e63b10 5672       3       org.gradle.internal.logging.text.AbstractStyledTextOutput::style (20 bytes)
Event: 9.494 Thread 0x00000162f5e629c0 5673       4       org.gradle.internal.logging.text.AbstractLineChoppingStyledTextOutput::doAppend (43 bytes)
Event: 9.494 Thread 0x00000162f5e63b10 nmethod 5672 0x00000162806b5f10 code [0x00000162806b60c0, 0x00000162806b6328]
Event: 9.494 Thread 0x00000162f5e63b10 5675       3       org.gradle.internal.io.LineBufferingOutputStream::write (59 bytes)
Event: 9.496 Thread 0x00000162f5e63b10 nmethod 5675 0x00000162806b4790 code [0x00000162806b4a40, 0x00000162806b5878]
Event: 9.496 Thread 0x00000162f5e63b10 5676       3       org.gradle.internal.io.LineBufferingOutputStream::endsWithLineSeparator (27 bytes)
Event: 9.496 Thread 0x00000162f5e63b10 nmethod 5676 0x000001628066c290 code [0x000001628066c420, 0x000001628066c5d8]

GC Heap History (10 events):
Event: 0.727 GC heap before
{Heap before GC invocations=0 (full 0):
 garbage-first heap   total 262144K, used 28672K [0x00000000e0000000, 0x0000000100000000)
  region size 1024K, 23 young (23552K), 0 survivors (0K)
 Metaspace       used 2454K, committed 2624K, reserved 221184K
  class space    used 289K, committed 384K, reserved 212992K
}
Event: 0.732 GC heap after
{Heap after GC invocations=1 (full 0):
 garbage-first heap   total 262144K, used 9397K [0x00000000e0000000, 0x0000000100000000)
  region size 1024K, 3 young (3072K), 3 survivors (3072K)
 Metaspace       used 2454K, committed 2624K, reserved 221184K
  class space    used 289K, committed 384K, reserved 212992K
}
Event: 1.203 GC heap before
{Heap before GC invocations=1 (full 0):
 garbage-first heap   total 262144K, used 39093K [0x00000000e0000000, 0x0000000100000000)
  region size 1024K, 32 young (32768K), 3 survivors (3072K)
 Metaspace       used 3948K, committed 4096K, reserved 221184K
  class space    used 488K, committed 576K, reserved 212992K
}
Event: 1.206 GC heap after
{Heap after GC invocations=2 (full 0):
 garbage-first heap   total 262144K, used 10646K [0x00000000e0000000, 0x0000000100000000)
  region size 1024K, 1 young (1024K), 1 survivors (1024K)
 Metaspace       used 3948K, committed 4096K, reserved 221184K
  class space    used 488K, committed 576K, reserved 212992K
}
Event: 3.526 GC heap before
{Heap before GC invocations=2 (full 0):
 garbage-first heap   total 262144K, used 132502K [0x00000000e0000000, 0x0000000100000000)
  region size 1024K, 121 young (123904K), 1 survivors (1024K)
 Metaspace       used 21208K, committed 21504K, reserved 237568K
  class space    used 3185K, committed 3328K, reserved 212992K
}
Event: 3.534 GC heap after
{Heap after GC invocations=3 (full 0):
 garbage-first heap   total 262144K, used 21520K [0x00000000e0000000, 0x0000000100000000)
  region size 1024K, 12 young (12288K), 12 survivors (12288K)
 Metaspace       used 21208K, committed 21504K, reserved 237568K
  class space    used 3185K, committed 3328K, reserved 212992K
}
Event: 5.191 GC heap before
{Heap before GC invocations=4 (full 0):
 garbage-first heap   total 262144K, used 128016K [0x00000000e0000000, 0x0000000100000000)
  region size 1024K, 114 young (116736K), 12 survivors (12288K)
 Metaspace       used 35564K, committed 35968K, reserved 245760K
  class space    used 4921K, committed 5120K, reserved 212992K
}
Event: 5.203 GC heap after
{Heap after GC invocations=5 (full 0):
 garbage-first heap   total 262144K, used 30699K [0x00000000e0000000, 0x0000000100000000)
  region size 1024K, 10 young (10240K), 10 survivors (10240K)
 Metaspace       used 35564K, committed 35968K, reserved 245760K
  class space    used 4921K, committed 5120K, reserved 212992K
}
Event: 9.286 GC heap before
{Heap before GC invocations=6 (full 0):
 garbage-first heap   total 262144K, used 176107K [0x00000000e0000000, 0x0000000100000000)
  region size 1024K, 153 young (156672K), 10 survivors (10240K)
 Metaspace       used 48986K, committed 49664K, reserved 262144K
  class space    used 7097K, committed 7424K, reserved 212992K
}
Event: 9.301 GC heap after
{Heap after GC invocations=7 (full 0):
 garbage-first heap   total 262144K, used 41268K [0x00000000e0000000, 0x0000000100000000)
  region size 1024K, 20 young (20480K), 20 survivors (20480K)
 Metaspace       used 48986K, committed 49664K, reserved 262144K
  class space    used 7097K, committed 7424K, reserved 212992K
}

Deoptimization events (20 events):
Event: 9.273 Thread 0x00000162927aff20 Uncommon trap: reason=class_check action=maybe_recompile pc=0x0000016287d3ba28 method=java.util.stream.StreamOpFlag.fromCharacteristics(Ljava/util/Spliterator;)I @ 14 c2
Event: 9.273 Thread 0x00000162927aff20 DEOPT PACKING pc=0x0000016287d3ba28 sp=0x0000002edcefe880
Event: 9.273 Thread 0x00000162f68d1d80 DEOPT UNPACKING pc=0x00000162800523a3 sp=0x0000002edc8fda68 mode 2
Event: 9.273 Thread 0x00000162927aff20 DEOPT UNPACKING pc=0x00000162800523a3 sp=0x0000002edcefe768 mode 2
Event: 9.276 Thread 0x00000162927aff20 Uncommon trap: trap_request=0xffffff45 fr.pc=0x0000016287c21bf8 relative=0x00000000000002d8
Event: 9.276 Thread 0x00000162927aff20 Uncommon trap: reason=unstable_if action=reinterpret pc=0x0000016287c21bf8 method=java.lang.String.startsWith(Ljava/lang/String;I)Z @ 55 c2
Event: 9.276 Thread 0x00000162927aff20 DEOPT PACKING pc=0x0000016287c21bf8 sp=0x0000002edcefb770
Event: 9.276 Thread 0x00000162927aff20 DEOPT UNPACKING pc=0x00000162800523a3 sp=0x0000002edcefb670 mode 2
Event: 9.277 Thread 0x00000162927aff20 Uncommon trap: trap_request=0xffffff45 fr.pc=0x0000016287b3d3c0 relative=0x00000000000003a0
Event: 9.277 Thread 0x00000162927aff20 Uncommon trap: reason=unstable_if action=reinterpret pc=0x0000016287b3d3c0 method=java.lang.String.startsWith(Ljava/lang/String;I)Z @ 55 c2
Event: 9.277 Thread 0x00000162927aff20 DEOPT PACKING pc=0x0000016287b3d3c0 sp=0x0000002edcefb730
Event: 9.277 Thread 0x00000162927aff20 DEOPT UNPACKING pc=0x00000162800523a3 sp=0x0000002edcefb688 mode 2
Event: 9.304 Thread 0x00000162927aff20 Uncommon trap: trap_request=0xffffffde fr.pc=0x0000016287d3ba28 relative=0x0000000000000288
Event: 9.304 Thread 0x00000162927aff20 Uncommon trap: reason=class_check action=maybe_recompile pc=0x0000016287d3ba28 method=java.util.stream.StreamOpFlag.fromCharacteristics(Ljava/util/Spliterator;)I @ 14 c2
Event: 9.304 Thread 0x00000162927aff20 DEOPT PACKING pc=0x0000016287d3ba28 sp=0x0000002edcefe880
Event: 9.304 Thread 0x00000162927aff20 DEOPT UNPACKING pc=0x00000162800523a3 sp=0x0000002edcefe768 mode 2
Event: 9.306 Thread 0x00000162927aff20 Uncommon trap: trap_request=0xffffffde fr.pc=0x0000016287d3ba28 relative=0x0000000000000288
Event: 9.306 Thread 0x00000162927aff20 Uncommon trap: reason=class_check action=maybe_recompile pc=0x0000016287d3ba28 method=java.util.stream.StreamOpFlag.fromCharacteristics(Ljava/util/Spliterator;)I @ 14 c2
Event: 9.306 Thread 0x00000162927aff20 DEOPT PACKING pc=0x0000016287d3ba28 sp=0x0000002edcefe880
Event: 9.306 Thread 0x00000162927aff20 DEOPT UNPACKING pc=0x00000162800523a3 sp=0x0000002edcefe768 mode 2

Classes unloaded (0 events):
No events

Classes redefined (0 events):
No events

Internal exceptions (20 events):
Event: 7.527 Thread 0x00000162927aff20 Exception <a 'java/lang/NoSuchMethodError'{0x00000000e72216f0}: static Ljava/util/AbstractList;.<clinit>()V> (0x00000000e72216f0) 
thrown [s\src\hotspot\share\prims\jni.cpp, line 1107]
Event: 7.530 Thread 0x00000162927aff20 Exception <a 'java/lang/NoSuchMethodError'{0x00000000e7264868}: static Lorg/gradle/api/internal/tasks/compile/DefaultJavaCompileSpecFactory$DefaultForkingJavaCompileSpec;.<clinit>()V> (0x00000000e7264868) 
thrown [s\src\hotspot\share\prims\jni.cpp, line 1107]
Event: 7.531 Thread 0x00000162927aff20 Exception <a 'java/lang/NoSuchMethodError'{0x00000000e726d458}: static Lorg/gradle/api/internal/tasks/compile/DefaultJavaCompileSpec;.<clinit>()V> (0x00000000e726d458) 
thrown [s\src\hotspot\share\prims\jni.cpp, line 1107]
Event: 7.531 Thread 0x00000162927aff20 Exception <a 'java/lang/NoSuchMethodError'{0x00000000e72722a0}: static Lorg/gradle/api/internal/tasks/compile/DefaultJvmLanguageCompileSpec;.<clinit>()V> (0x00000000e72722a0) 
thrown [s\src\hotspot\share\prims\jni.cpp, line 1107]
Event: 7.540 Thread 0x00000162927aff20 Exception <a 'java/lang/NoSuchMethodError'{0x00000000e711b048}: static Lorg/gradle/api/internal/tasks/compile/MinimalJavaCompileOptions;.<clinit>()V> (0x00000000e711b048) 
thrown [s\src\hotspot\share\prims\jni.cpp, line 1107]
Event: 7.547 Thread 0x00000162927aff20 Exception <a 'java/lang/NoSuchMethodError'{0x00000000e7187540}: static Lorg/gradle/api/internal/tasks/compile/MinimalJavaCompilerDaemonForkOptions;.<clinit>()V> (0x00000000e7187540) 
thrown [s\src\hotspot\share\prims\jni.cpp, line 1107]
Event: 7.547 Thread 0x00000162927aff20 Exception <a 'java/lang/NoSuchMethodError'{0x00000000e7189a58}: static Lorg/gradle/api/internal/tasks/compile/MinimalCompilerDaemonForkOptions;.<clinit>()V> (0x00000000e7189a58) 
thrown [s\src\hotspot\share\prims\jni.cpp, line 1107]
Event: 7.618 Thread 0x00000162927aff20 Exception <a 'java/lang/NoSuchMethodError'{0x00000000e6c53bc0}: static Lorg/gradle/process/internal/worker/request/WorkerAction;.<clinit>()V> (0x00000000e6c53bc0) 
thrown [s\src\hotspot\share\prims\jni.cpp, line 1107]
Event: 9.192 Thread 0x00000162927b3410 Exception <a 'java/lang/NoSuchMethodError'{0x00000000e6ac0650}: 'void java.lang.invoke.DirectMethodHandle$Holder.invokeSpecial(java.lang.Object, java.lang.Object, java.lang.Object, int)'> (0x00000000e6ac0650) 
thrown [s\src\hotspot\share\interpreter\linkResolver.cpp, line 759]
Event: 9.195 Thread 0x00000162927b3410 Exception <a 'java/lang/NoSuchMethodError'{0x00000000e6ae11b0}: static Ljava/lang/Object;.<clinit>()V> (0x00000000e6ae11b0) 
thrown [s\src\hotspot\share\prims\jni.cpp, line 1107]
Event: 9.197 Thread 0x00000162927b3410 Exception <a 'java/lang/NoSuchMethodError'{0x00000000e6941020}: static Lorg/gradle/api/internal/tasks/compile/ApiCompilerResult;.<clinit>()V> (0x00000000e6941020) 
thrown [s\src\hotspot\share\prims\jni.cpp, line 1107]
Event: 9.198 Thread 0x00000162927b3410 Exception <a 'java/lang/NoSuchMethodError'{0x00000000e69536f0}: static Lorg/gradle/api/internal/tasks/compile/incremental/processing/AnnotationProcessingResult;.<clinit>()V> (0x00000000e69536f0) 
thrown [s\src\hotspot\share\prims\jni.cpp, line 1107]
Event: 9.202 Thread 0x00000162927b3410 Exception <a 'java/lang/NoSuchMethodError'{0x00000000e6989f18}: static Lorg/gradle/api/internal/tasks/compile/incremental/compilerapi/constants/ConstantsAnalysisResult;.<clinit>()V> (0x00000000e6989f18) 
thrown [s\src\hotspot\share\prims\jni.cpp, line 1107]
Event: 9.203 Thread 0x00000162927b3410 Exception <a 'java/lang/NoSuchMethodError'{0x00000000e69947f0}: static Lorg/gradle/api/internal/tasks/compile/incremental/compilerapi/constants/ConstantToDependentsMappingBuilder;.<clinit>()V> (0x00000000e69947f0) 
thrown [s\src\hotspot\share\prims\jni.cpp, line 1107]
Event: 9.272 Thread 0x00000162f68d3f30 Exception <a 'java/lang/NoSuchMethodError'{0x00000000e67b88a0}: static Lorg/gradle/internal/build/event/types/DefaultTaskFinishedProgressEvent;.<clinit>()V> (0x00000000e67b88a0) 
thrown [s\src\hotspot\share\prims\jni.cpp, line 1107]
Event: 9.274 Thread 0x00000162f68d3f30 Exception <a 'java/lang/NoSuchMethodError'{0x00000000e67da198}: static Lorg/gradle/internal/build/event/types/DefaultJavaCompileTaskSuccessResult;.<clinit>()V> (0x00000000e67da198) 
thrown [s\src\hotspot\share\prims\jni.cpp, line 1107]
Event: 9.274 Thread 0x00000162f68d3f30 Exception <a 'java/lang/NoSuchMethodError'{0x00000000e67db908}: static Lorg/gradle/internal/build/event/types/DefaultTaskSuccessResult;.<clinit>()V> (0x00000000e67db908) 
thrown [s\src\hotspot\share\prims\jni.cpp, line 1107]
Event: 9.275 Thread 0x00000162f68d3f30 Exception <a 'java/lang/NoSuchMethodError'{0x00000000e67dca80}: static Lorg/gradle/internal/build/event/types/AbstractTaskResult;.<clinit>()V> (0x00000000e67dca80) 
thrown [s\src\hotspot\share\prims\jni.cpp, line 1107]
Event: 9.275 Thread 0x00000162f68d3f30 Exception <a 'java/lang/NoSuchMethodError'{0x00000000e67ddfa8}: static Lorg/gradle/internal/build/event/types/AbstractResult;.<clinit>()V> (0x00000000e67ddfa8) 
thrown [s\src\hotspot\share\prims\jni.cpp, line 1107]
Event: 9.309 Thread 0x00000162927aff20 Exception <a 'java/lang/NoSuchMethodError'{0x00000000eff3c5c8}: 'void java.lang.invoke.DirectMethodHandle$Holder.invokeInterface(java.lang.Object, java.lang.Object, java.lang.Object, java.lang.Object)'> (0x00000000eff3c5c8) 
thrown [s\src\hotspot\share\interpreter\linkResolver.cpp, line 759]

VM Operations (20 events):
Event: 6.697 Executing VM operation: HandshakeAllThreads
Event: 6.697 Executing VM operation: HandshakeAllThreads done
Event: 6.859 Executing VM operation: HandshakeAllThreads
Event: 6.859 Executing VM operation: HandshakeAllThreads done
Event: 7.131 Executing VM operation: ICBufferFull
Event: 7.132 Executing VM operation: ICBufferFull done
Event: 7.224 Executing VM operation: HandshakeAllThreads
Event: 7.225 Executing VM operation: HandshakeAllThreads done
Event: 7.226 Executing VM operation: HandshakeAllThreads
Event: 7.226 Executing VM operation: HandshakeAllThreads done
Event: 7.311 Executing VM operation: HandshakeAllThreads
Event: 7.311 Executing VM operation: HandshakeAllThreads done
Event: 7.413 Executing VM operation: HandshakeAllThreads
Event: 7.413 Executing VM operation: HandshakeAllThreads done
Event: 8.427 Executing VM operation: Cleanup
Event: 8.427 Executing VM operation: Cleanup done
Event: 9.270 Executing VM operation: HandshakeAllThreads
Event: 9.270 Executing VM operation: HandshakeAllThreads done
Event: 9.286 Executing VM operation: G1CollectForAllocation
Event: 9.301 Executing VM operation: G1CollectForAllocation done

Events (20 events):
Event: 9.193 loading class java/io/ObjectInputFilter
Event: 9.193 loading class java/io/ObjectInputFilter done
Event: 9.194 loading class java/io/ObjectInputFilter$Config$BuiltinFilterFactory
Event: 9.194 loading class java/io/ObjectInputFilter$Config$BuiltinFilterFactory done
Event: 9.194 loading class jdk/internal/access/JavaObjectInputFilterAccess
Event: 9.194 loading class jdk/internal/access/JavaObjectInputFilterAccess done
Event: 9.194 loading class jdk/internal/event/DeserializationEvent
Event: 9.194 loading class jdk/internal/event/DeserializationEvent done
Event: 9.197 loading class java/io/ObjectInputStream$FieldValues
Event: 9.197 loading class java/io/ObjectInputStream$GetField
Event: 9.197 loading class java/io/ObjectInputStream$GetField done
Event: 9.197 loading class java/io/ObjectInputStream$FieldValues done
Event: 9.201 loading class java/util/HashMap$UnsafeHolder
Event: 9.201 loading class java/util/HashMap$UnsafeHolder done
Event: 9.227 Thread 0x00000162f6a4ff30 Thread added: 0x00000162f6a4ff30
Event: 9.318 Thread 0x00000162927b1730 Thread added: 0x00000162927b1730
Event: 9.319 Thread 0x00000162927b7770 Thread added: 0x00000162927b7770
Event: 9.319 Thread 0x00000162927b50f0 Thread added: 0x00000162927b50f0
Event: 9.319 Thread 0x00000162927b3db0 Thread added: 0x00000162927b3db0
Event: 9.482 Thread 0x00000162f6a4ff30 Thread exited: 0x00000162f6a4ff30


Dynamic libraries:
0x00007ff7b8890000 - 0x00007ff7b889d000 	C:\Users\\.jdks\corretto-17.0.4.1\bin\java.exe
0x00007ff9e73b0000 - 0x00007ff9e75a8000 	C:\WINDOWS\SYSTEM32\ntdll.dll
0x00007ff9e7030000 - 0x00007ff9e70ed000 	C:\WINDOWS\System32\KERNEL32.DLL
0x00007ff9e5130000 - 0x00007ff9e5402000 	C:\WINDOWS\System32\KERNELBASE.dll
0x00007ff9e4ef0000 - 0x00007ff9e4ff0000 	C:\WINDOWS\System32\ucrtbase.dll
0x00007ff9da940000 - 0x00007ff9da958000 	C:\Users\\.jdks\corretto-17.0.4.1\bin\jli.dll
0x00007ff9daab0000 - 0x00007ff9daac5000 	C:\Users\\.jdks\corretto-17.0.4.1\bin\VCRUNTIME140.dll
0x00007ff9e71d0000 - 0x00007ff9e736d000 	C:\WINDOWS\System32\USER32.dll
0x00007ff9e4e20000 - 0x00007ff9e4e42000 	C:\WINDOWS\System32\win32u.dll
0x00007ff9cdf60000 - 0x00007ff9ce1fa000 	C:\WINDOWS\WinSxS\amd64_microsoft.windows.common-controls_6595b64144ccf1df_6.0.19041.1110_none_60b5254171f9507e\COMCTL32.dll
0x00007ff9e71a0000 - 0x00007ff9e71cb000 	C:\WINDOWS\System32\GDI32.dll
0x00007ff9e7100000 - 0x00007ff9e719e000 	C:\WINDOWS\System32\msvcrt.dll
0x00007ff9e4ca0000 - 0x00007ff9e4daf000 	C:\WINDOWS\System32\gdi32full.dll
0x00007ff9e4e50000 - 0x00007ff9e4eed000 	C:\WINDOWS\System32\msvcp_win.dll
0x00007ff9e5670000 - 0x00007ff9e56a0000 	C:\WINDOWS\System32\IMM32.DLL
0x00007ff9c67a0000 - 0x00007ff9c683b000 	C:\Users\\.jdks\corretto-17.0.4.1\bin\msvcp140.dll
0x00007ff96b740000 - 0x00007ff96c354000 	C:\Users\\.jdks\corretto-17.0.4.1\bin\server\jvm.dll
0x00007ff9e5560000 - 0x00007ff9e560e000 	C:\WINDOWS\System32\ADVAPI32.dll
0x00007ff9e6de0000 - 0x00007ff9e6e7c000 	C:\WINDOWS\System32\sechost.dll
0x00007ff9e5410000 - 0x00007ff9e5535000 	C:\WINDOWS\System32\RPCRT4.dll
0x00007ff9e70f0000 - 0x00007ff9e70f8000 	C:\WINDOWS\System32\PSAPI.DLL
0x00007ff9d5a70000 - 0x00007ff9d5a79000 	C:\WINDOWS\SYSTEM32\WSOCK32.dll
0x00007ff9d8340000 - 0x00007ff9d8367000 	C:\WINDOWS\SYSTEM32\WINMM.dll
0x00007ff9de4d0000 - 0x00007ff9de4da000 	C:\WINDOWS\SYSTEM32\VERSION.dll
0x00007ff9e69f0000 - 0x00007ff9e6a5b000 	C:\WINDOWS\System32\WS2_32.dll
0x00007ff9e3360000 - 0x00007ff9e3372000 	C:\WINDOWS\SYSTEM32\kernel.appcore.dll
0x00007ff9daa60000 - 0x00007ff9daa6a000 	C:\Users\\.jdks\corretto-17.0.4.1\bin\jimage.dll
0x00007ff9e2870000 - 0x00007ff9e2a54000 	C:\WINDOWS\SYSTEM32\DBGHELP.DLL
0x00007ff9dc250000 - 0x00007ff9dc27c000 	C:\WINDOWS\SYSTEM32\dbgcore.DLL
0x00007ff9e4ff0000 - 0x00007ff9e5072000 	C:\WINDOWS\System32\bcryptPrimitives.dll
0x00007ff9d7170000 - 0x00007ff9d7195000 	C:\Users\\.jdks\corretto-17.0.4.1\bin\java.dll
0x00007ff9c66c0000 - 0x00007ff9c6796000 	C:\Users\\.jdks\corretto-17.0.4.1\bin\jsvml.dll
0x00007ff9e56a0000 - 0x00007ff9e5de3000 	C:\WINDOWS\System32\SHELL32.dll
0x00007ff9e2a60000 - 0x00007ff9e31f1000 	C:\WINDOWS\SYSTEM32\windows.storage.dll
0x00007ff9e63b0000 - 0x00007ff9e6704000 	C:\WINDOWS\System32\combase.dll
0x00007ff9e4520000 - 0x00007ff9e4550000 	C:\WINDOWS\SYSTEM32\Wldp.dll
0x00007ff9e5e90000 - 0x00007ff9e5f3d000 	C:\WINDOWS\System32\SHCORE.dll
0x00007ff9e5610000 - 0x00007ff9e5665000 	C:\WINDOWS\System32\shlwapi.dll
0x00007ff9e4a00000 - 0x00007ff9e4a1f000 	C:\WINDOWS\SYSTEM32\profapi.dll
0x00007ff9d7350000 - 0x00007ff9d7369000 	C:\Users\\.jdks\corretto-17.0.4.1\bin\net.dll
0x00007ff9dc470000 - 0x00007ff9dc57d000 	C:\WINDOWS\SYSTEM32\WINHTTP.dll
0x00007ff9e4280000 - 0x00007ff9e42ea000 	C:\WINDOWS\system32\mswsock.dll
0x00007ff9d7150000 - 0x00007ff9d7165000 	C:\Users\\.jdks\corretto-17.0.4.1\bin\nio.dll
0x00007ff9d5420000 - 0x00007ff9d5438000 	C:\Users\\.jdks\corretto-17.0.4.1\bin\zip.dll
0x00007ff9d04e0000 - 0x00007ff9d04f0000 	C:\Users\\.jdks\corretto-17.0.4.1\bin\verify.dll
0x00007ff9cf5f0000 - 0x00007ff9cf617000 	C:\Users\\.gradle\native\e1d6ef7f7dcc3fd88c89a11ec53ec762bb8ba0a96d01ffa2cd45eb1d1d8dd5c5\windows-amd64\native-platform.dll
0x00007ff9c7340000 - 0x00007ff9c7484000 	C:\Users\\.gradle\native\0d407fdbe67a94daf76414ababcb853783967236a71b16ec16e742cd7a986fd3\windows-amd64\native-platform-file-events.dll
0x00007ff9dabe0000 - 0x00007ff9dabe9000 	C:\Users\\.jdks\corretto-17.0.4.1\bin\management.dll
0x00007ff9d04d0000 - 0x00007ff9d04db000 	C:\Users\\.jdks\corretto-17.0.4.1\bin\management_ext.dll
0x00007ff9e4480000 - 0x00007ff9e4498000 	C:\WINDOWS\SYSTEM32\CRYPTSP.dll
0x00007ff9e3b30000 - 0x00007ff9e3b64000 	C:\WINDOWS\system32\rsaenh.dll
0x00007ff9e4ac0000 - 0x00007ff9e4ae7000 	C:\WINDOWS\System32\bcrypt.dll
0x00007ff9e4980000 - 0x00007ff9e49ae000 	C:\WINDOWS\SYSTEM32\USERENV.dll
0x00007ff9e4470000 - 0x00007ff9e447c000 	C:\WINDOWS\SYSTEM32\CRYPTBASE.dll
0x00007ff9e3f20000 - 0x00007ff9e3f5b000 	C:\WINDOWS\SYSTEM32\IPHLPAPI.DLL
0x00007ff9e5df0000 - 0x00007ff9e5df8000 	C:\WINDOWS\System32\NSI.dll
0x00007ff9dc930000 - 0x00007ff9dc947000 	C:\WINDOWS\SYSTEM32\dhcpcsvc6.DLL
0x00007ff9dcf90000 - 0x00007ff9dcfad000 	C:\WINDOWS\SYSTEM32\dhcpcsvc.DLL
0x00007ff9e3f60000 - 0x00007ff9e402a000 	C:\WINDOWS\SYSTEM32\DNSAPI.dll
0x00007ff9cff50000 - 0x00007ff9cff5e000 	C:\Users\\.jdks\corretto-17.0.4.1\bin\sunmscapi.dll
0x00007ff9e4b40000 - 0x00007ff9e4c96000 	C:\WINDOWS\System32\CRYPT32.dll
0x00007ff9e4590000 - 0x00007ff9e45b7000 	C:\WINDOWS\SYSTEM32\ncrypt.dll
0x00007ff9e4550000 - 0x00007ff9e458b000 	C:\WINDOWS\SYSTEM32\NTASN1.dll
0x00007ff9dce10000 - 0x00007ff9dce17000 	C:\WINDOWS\system32\wshunix.dll

dbghelp: loaded successfully - version: 4.0.5 - missing functions: none
symbol engine: initialized successfully - sym options: 0x614 - pdb path: .;C:\Users\\.jdks\corretto-17.0.4.1\bin;C:\WINDOWS\SYSTEM32;C:\WINDOWS\WinSxS\amd64_microsoft.windows.common-controls_6595b64144ccf1df_6.0.19041.1110_none_60b5254171f9507e;C:\Users\\.jdks\corretto-17.0.4.1\bin\server;C:\Users\\.gradle\native\e1d6ef7f7dcc3fd88c89a11ec53ec762bb8ba0a96d01ffa2cd45eb1d1d8dd5c5\windows-amd64;C:\Users\\.gradle\native\0d407fdbe67a94daf76414ababcb853783967236a71b16ec16e742cd7a986fd3\windows-amd64

VM Arguments:
jvm_args: --add-opens=java.base/java.util=ALL-UNNAMED --add-opens=java.base/java.lang=ALL-UNNAMED --add-opens=java.base/java.lang.invoke=ALL-UNNAMED --add-opens=java.base/java.util=ALL-UNNAMED --add-opens=java.prefs/java.util.prefs=ALL-UNNAMED --add-opens=java.prefs/java.util.prefs=ALL-UNNAMED --add-opens=java.base/java.nio.charset=ALL-UNNAMED --add-opens=java.base/java.net=ALL-UNNAMED --add-opens=java.base/java.util.concurrent.atomic=ALL-UNNAMED -XX:MaxMetaspaceSize=256m -XX:+HeapDumpOnOutOfMemoryError -Xms256m -Xmx512m -Dfile.encoding=windows-1251 -Duser.country=RU -Duser.language=ru -Duser.variant 
java_command: org.gradle.launcher.daemon.bootstrap.GradleDaemon 7.5.1
java_class_path (initial): C:\Users\\.gradle\wrapper\dists\gradle-7.5.1-bin\7jzzequgds1hbszbhq3npc5ng\gradle-7.5.1\lib\gradle-launcher-7.5.1.jar
Launcher Type: SUN_STANDARD

[Global flags]
     intx CICompilerCount                          = 4                                         {product} {ergonomic}
   size_t CompressedClassSpaceSize                 = 218103808                                 {product} {ergonomic}
     uint ConcGCThreads                            = 2                                         {product} {ergonomic}
     uint G1ConcRefinementThreads                  = 8                                         {product} {ergonomic}
   size_t G1HeapRegionSize                         = 1048576                                   {product} {ergonomic}
    uintx GCDrainStackTargetSize                   = 64                                        {product} {ergonomic}
     bool HeapDumpOnOutOfMemoryError               = true                                   {manageable} {command line}
   size_t InitialHeapSize                          = 268435456                                 {product} {command line}
   size_t MarkStackSize                            = 4194304                                   {product} {ergonomic}
   size_t MaxHeapSize                              = 536870912                                 {product} {command line}
   size_t MaxMetaspaceSize                         = 268435456                                 {product} {command line}
   size_t MaxNewSize                               = 321912832                                 {product} {ergonomic}
   size_t MinHeapDeltaBytes                        = 1048576                                   {product} {ergonomic}
   size_t MinHeapSize                              = 268435456                                 {product} {command line}
    uintx NonNMethodCodeHeapSize                   = 5839372                                {pd product} {ergonomic}
    uintx NonProfiledCodeHeapSize                  = 122909434                              {pd product} {ergonomic}
    uintx ProfiledCodeHeapSize                     = 122909434                              {pd product} {ergonomic}
    uintx ReservedCodeCacheSize                    = 251658240                              {pd product} {ergonomic}
     bool SegmentedCodeCache                       = true                                      {product} {ergonomic}
   size_t SoftMaxHeapSize                          = 536870912                              {manageable} {ergonomic}
     bool UseCompressedClassPointers               = true                           {product lp64_product} {ergonomic}
     bool UseCompressedOops                        = true                           {product lp64_product} {ergonomic}
     bool UseG1GC                                  = true                                      {product} {ergonomic}
     bool UseLargePagesIndividualAllocation        = false                                  {pd product} {ergonomic}

Logging:
Log output configuration:
 #0: stdout all=warning uptime,level,tags
 #1: stderr all=off uptime,level,tags

Environment Variables:
PATH=C:\Program Files (x86)\Intel\iCLS Client\;C:\Program Files\Intel\iCLS Client\;C:\Windows\system32;C:\Windows;C:\Windows\System32\Wbem;C:\Windows\System32\WindowsPowerShell\v1.0\;C:\Program Files (x86)\Intel\Intel(R) Management Engine Components\DAL;C:\Program Files\Intel\Intel(R) Management Engine Components\DAL;C:\Program Files (x86)\Intel\Intel(R) Management Engine Components\IPT;C:\Program Files\Intel\Intel(R) Management Engine Components\IPT;C:\Program Files (x86)\NVIDIA Corporation\PhysX\Common;C:\Program Files\Intel\WiFi\bin\;C:\Program Files\Common Files\Intel\WirelessCommon\;C:\WINDOWS\system32;C:\WINDOWS;C:\WINDOWS\System32\Wbem;C:\WINDOWS\System32\WindowsPowerShell\v1.0\;C:\WINDOWS\System32\OpenSSH\;C:\Program Files (x86)\Borland\Delphi7\Bin;C:\Program Files (x86)\Borland\Delphi7\Projects\Bpl;C:\Program Files\NVIDIA Corporation\NVIDIA NvDLISR;C:\Program Files\Git\cmd;C:\Users\\AppData\Local\Microsoft\WindowsApps;
USERNAME=
OS=Windows_NT
PROCESSOR_IDENTIFIER=Intel64 Family 6 Model 94 Stepping 3, GenuineIntel
TMP=C:\Users\4CFA~1\AppData\Local\Temp
TEMP=C:\Users\4CFA~1\AppData\Local\Temp



---------------  S Y S T E M  ---------------

OS:
 Windows 10 , 64 bit Build 19041 (10.0.19041.1889)
OS uptime: 9 days 22:04 hours

CPU: total 8 (initial active 8) (4 cores per cpu, 2 threads per core) family 6 model 94 stepping 3 microcode 0xcc, cx8, cmov, fxsr, ht, mmx, 3dnowpref, sse, sse2, sse3, ssse3, sse4.1, sse4.2, popcnt, lzcnt, tsc, tscinvbit, avx, avx2, aes, erms, clmul, bmi1, bmi2, rtm, adx, fma, vzeroupper, clflush, clflushopt

Memory: 4k page, system-wide physical 12186M (1835M free)
TotalPageFile size 17732M (AvailPageFile size 280M)
current process WorkingSet (physical memory assigned to process): 386M, peak: 386M
current process commit charge ("private bytes"): 488M, peak: 499M

vm_info: OpenJDK 64-Bit Server VM (17.0.4.1+9-LTS) for windows-amd64 JRE (17.0.4.1+9-LTS), built on Aug 12 2022 17:33:36 by "Administrator" with MS VC++ 15.9 (VS2017)

END.
